[INFO] Scanning for projects...
[INFO] 
[INFO] -----------------------< commons-io:commons-io >------------------------
[INFO] Building Apache Commons IO 2.7-SNAPSHOT
[INFO] --------------------------------[ jar ]---------------------------------
[INFO] 
[INFO] --- maven-clean-plugin:3.0.0:clean (default-clean) @ commons-io ---
[INFO] Deleting /tmp/icst-2019/september-2018/dataset/commons-io/target
[INFO] 
[INFO] --- diff-test-selection:0.5-SNAPSHOT:list (default-cli) @ commons-io ---
[INFO] Computing coverage for /tmp/icst-2019/september-2018/dataset/commons-io
[WARN] Maven will be executed in interactive mode, but no input stream has been configured for this MavenInvoker instance.
[INFO] Scanning for projects...
[INFO] 
[INFO] -----------------------< commons-io:commons-io >------------------------
[INFO] Building Apache Commons IO 2.7-SNAPSHOT
[INFO] --------------------------------[ jar ]---------------------------------
[INFO] 
[INFO] --- maven-clean-plugin:3.0.0:clean (default-clean) @ commons-io ---
[INFO] 
[INFO] --- clover-maven-plugin:4.2.0:setup (default-cli) @ commons-io ---
[INFO] No 'maven.clover.licenseLocation' configured. Using default license.
[INFO] OpenClover Version 4.2.0, built on April 30 2017 (build-1000)
[INFO] Loaded from: /home/spirals/danglot/.m2/repository/org/openclover/clover/4.2.0/clover-4.2.0.jar
[INFO] Clover free edition.
[INFO] Creating new database at '/tmp/icst-2019/september-2018/dataset/commons-io/target/clover/clover.db'.
[INFO] Processing files at 1.8 source level.
[INFO] Clover all over. Instrumented 119 files (7 packages).
[INFO] Elapsed time = 4.652 secs. (25.58 files/sec, 6,242.691 srclines/sec)
[INFO] OpenClover Version 4.2.0, built on April 30 2017 (build-1000)
[INFO] Loaded from: /home/spirals/danglot/.m2/repository/org/openclover/clover/4.2.0/clover-4.2.0.jar
[INFO] Clover free edition.
[INFO] Updating existing database at '/tmp/icst-2019/september-2018/dataset/commons-io/target/clover/clover.db'.
[INFO] Processing files at 1.8 source level.
[INFO] Clover all over. Instrumented 117 files (9 packages).
[INFO] 1051 test methods detected.
[INFO] Elapsed time = 4.998 secs. (23.409 files/sec, 5,483.994 srclines/sec)
[INFO] 
[INFO] --- maven-enforcer-plugin:1.4.1:enforce (enforce-maven-3) @ commons-io ---
[INFO] Skipping Rule Enforcement.
[INFO] 
[INFO] --- build-helper-maven-plugin:3.0.0:parse-version (parse-version) @ commons-io ---
[INFO] 
[INFO] --- maven-antrun-plugin:1.8:run (javadoc.resources) @ commons-io ---
[INFO] Executing tasks

main:
     [copy] Copying 2 files to /tmp/icst-2019/september-2018/dataset/commons-io/target/apidocs/META-INF
[INFO] Executed tasks
[INFO] 
[INFO] --- maven-remote-resources-plugin:1.5:process (process-resource-bundles) @ commons-io ---
[INFO] 
[INFO] --- buildnumber-maven-plugin:1.4:create (default) @ commons-io ---
[INFO] Executing: /bin/sh -c cd '/tmp/icst-2019/september-2018/dataset/commons-io' && 'git' 'rev-parse' '--verify' 'HEAD'
[INFO] Working directory: /tmp/icst-2019/september-2018/dataset/commons-io
[INFO] Storing buildNumber: f03149e07dee90b23369d1cdb7f15c142df5e31d at timestamp: 1538155468770
[INFO] Storing buildScmBranch: master
[INFO] 
[INFO] --- maven-resources-plugin:2.7:resources (default-resources) @ commons-io ---
[INFO] Using 'iso-8859-1' encoding to copy filtered resources.
[INFO] skip non existing resourceDirectory /tmp/icst-2019/september-2018/dataset/commons-io/src/main/resources
[INFO] Copying 2 resources to META-INF
[INFO] Copying 1 resource
[INFO] 
[INFO] --- maven-compiler-plugin:3.7.0:compile (default-compile) @ commons-io ---
[INFO] Changes detected - recompiling the module!
[INFO] Compiling 119 source files to /tmp/icst-2019/september-2018/dataset/commons-io/target/classes
[INFO] 
[INFO] --- maven-bundle-plugin:3.4.0:manifest (bundle-manifest) @ commons-io ---
[INFO] 
[INFO] --- animal-sniffer-maven-plugin:1.16:check (checkAPIcompatibility) @ commons-io ---
[INFO] Checking unresolved references to org.codehaus.mojo.signature:java17:1.0
[INFO] 
[INFO] --- maven-resources-plugin:2.7:testResources (default-testResources) @ commons-io ---
[INFO] Using 'iso-8859-1' encoding to copy filtered resources.
[INFO] Copying 20 resources
[INFO] Copying 2 resources to META-INF
[INFO] 
[INFO] --- maven-compiler-plugin:3.7.0:testCompile (default-testCompile) @ commons-io ---
[INFO] Changes detected - recompiling the module!
[INFO] Compiling 117 source files to /tmp/icst-2019/september-2018/dataset/commons-io/target/test-classes
[INFO] /tmp/icst-2019/september-2018/dataset/commons-io/target/clover/src-test-instrumented/org/apache/commons/io/IOUtilsCopyTestCase.java: Some input files use or override a deprecated API.
[INFO] /tmp/icst-2019/september-2018/dataset/commons-io/target/clover/src-test-instrumented/org/apache/commons/io/IOUtilsCopyTestCase.java: Recompile with -Xlint:deprecation for details.
[INFO] 
[INFO] --- maven-surefire-plugin:2.20.1:test (default-test) @ commons-io ---
[INFO] 
[INFO] -------------------------------------------------------
[INFO]  T E S T S
[INFO] -------------------------------------------------------
[INFO] Running org.apache.commons.io.output.FileWriterWithEncodingTest
[INFO] Tests run: 12, Failures: 0, Errors: 0, Skipped: 0, Time elapsed: 0.386 s - in org.apache.commons.io.output.FileWriterWithEncodingTest
[INFO] Running org.apache.commons.io.output.AppendableOutputStreamTest
[INFO] Tests run: 2, Failures: 0, Errors: 0, Skipped: 0, Time elapsed: 0.215 s - in org.apache.commons.io.output.AppendableOutputStreamTest
[INFO] Running org.apache.commons.io.output.ChunkedWriterTest
[INFO] Tests run: 3, Failures: 0, Errors: 0, Skipped: 0, Time elapsed: 0.22 s - in org.apache.commons.io.output.ChunkedWriterTest
[INFO] Running org.apache.commons.io.output.NullOutputStreamTest
[INFO] Tests run: 1, Failures: 0, Errors: 0, Skipped: 0, Time elapsed: 0.198 s - in org.apache.commons.io.output.NullOutputStreamTest
[INFO] Running org.apache.commons.io.output.CloseShieldOutputStreamTest
[INFO] Tests run: 1, Failures: 0, Errors: 0, Skipped: 0, Time elapsed: 0.211 s - in org.apache.commons.io.output.CloseShieldOutputStreamTest
[INFO] Running org.apache.commons.io.output.DeferredFileOutputStreamTest
[INFO] Tests run: 130, Failures: 0, Errors: 0, Skipped: 0, Time elapsed: 0.833 s - in org.apache.commons.io.output.DeferredFileOutputStreamTest
[INFO] Running org.apache.commons.io.output.ThresholdingOutputStreamTest
[INFO] Tests run: 1, Failures: 0, Errors: 0, Skipped: 0, Time elapsed: 0.222 s - in org.apache.commons.io.output.ThresholdingOutputStreamTest
[INFO] Running org.apache.commons.io.output.ChunkedOutputStreamTest
[INFO] Tests run: 3, Failures: 0, Errors: 0, Skipped: 0, Time elapsed: 0.209 s - in org.apache.commons.io.output.ChunkedOutputStreamTest
[INFO] Running org.apache.commons.io.output.StringBuilderWriterTest
[INFO] Tests run: 12, Failures: 0, Errors: 0, Skipped: 0, Time elapsed: 0.224 s - in org.apache.commons.io.output.StringBuilderWriterTest
[INFO] Running org.apache.commons.io.output.ByteArrayOutputStreamTestCase
[INFO] Tests run: 3, Failures: 0, Errors: 0, Skipped: 0, Time elapsed: 0.255 s - in org.apache.commons.io.output.ByteArrayOutputStreamTestCase
[INFO] Running org.apache.commons.io.output.ClosedOutputStreamTest
[INFO] Tests run: 2, Failures: 0, Errors: 0, Skipped: 0, Time elapsed: 0.211 s - in org.apache.commons.io.output.ClosedOutputStreamTest
[INFO] Running org.apache.commons.io.output.XmlStreamWriterTest
[INFO] Tests run: 13, Failures: 0, Errors: 0, Skipped: 0, Time elapsed: 0.287 s - in org.apache.commons.io.output.XmlStreamWriterTest
[INFO] Running org.apache.commons.io.output.NullWriterTest
[INFO] Tests run: 1, Failures: 0, Errors: 0, Skipped: 0, Time elapsed: 0.216 s - in org.apache.commons.io.output.NullWriterTest
[INFO] Running org.apache.commons.io.output.ProxyWriterTest
[INFO] Tests run: 21, Failures: 0, Errors: 0, Skipped: 0, Time elapsed: 0.274 s - in org.apache.commons.io.output.ProxyWriterTest
[INFO] Running org.apache.commons.io.output.CountingOutputStreamTest
[INFO] Tests run: 2, Failures: 0, Errors: 0, Skipped: 0, Time elapsed: 0.819 s - in org.apache.commons.io.output.CountingOutputStreamTest
[INFO] Running org.apache.commons.io.output.WriterOutputStreamTest
[INFO] Tests run: 12, Failures: 0, Errors: 0, Skipped: 0, Time elapsed: 0.275 s - in org.apache.commons.io.output.WriterOutputStreamTest
[INFO] Running org.apache.commons.io.output.BrokenOutputStreamTest
[INFO] Tests run: 3, Failures: 0, Errors: 0, Skipped: 0, Time elapsed: 0.207 s - in org.apache.commons.io.output.BrokenOutputStreamTest
[INFO] Running org.apache.commons.io.output.ProxyOutputStreamTest
[INFO] Tests run: 2, Failures: 0, Errors: 0, Skipped: 0, Time elapsed: 0.209 s - in org.apache.commons.io.output.ProxyOutputStreamTest
[INFO] Running org.apache.commons.io.output.LockableFileWriterTest
[INFO] Tests run: 7, Failures: 0, Errors: 0, Skipped: 0, Time elapsed: 0.328 s - in org.apache.commons.io.output.LockableFileWriterTest
[INFO] Running org.apache.commons.io.output.TeeOutputStreamTest
[INFO] Tests run: 3, Failures: 0, Errors: 0, Skipped: 0, Time elapsed: 0.208 s - in org.apache.commons.io.output.TeeOutputStreamTest
[INFO] Running org.apache.commons.io.output.TaggedOutputStreamTest
[INFO] Tests run: 3, Failures: 0, Errors: 0, Skipped: 0, Time elapsed: 0.228 s - in org.apache.commons.io.output.TaggedOutputStreamTest
[INFO] Running org.apache.commons.io.HexDumpTest
[INFO] Tests run: 1, Failures: 0, Errors: 0, Skipped: 0, Time elapsed: 0.227 s - in org.apache.commons.io.HexDumpTest
[INFO] Running org.apache.commons.io.FileUtilsFileNewerTestCase
[INFO] Tests run: 5, Failures: 0, Errors: 0, Skipped: 0, Time elapsed: 0.334 s - in org.apache.commons.io.FileUtilsFileNewerTestCase
[INFO] Running org.apache.commons.io.IOExceptionWithCauseTestCase
[INFO] Tests run: 2, Failures: 0, Errors: 0, Skipped: 0, Time elapsed: 0.198 s - in org.apache.commons.io.IOExceptionWithCauseTestCase
[INFO] Running org.apache.commons.io.FileSystemUtilsTestCase
[INFO] Tests run: 28, Failures: 0, Errors: 0, Skipped: 0, Time elapsed: 0.351 s - in org.apache.commons.io.FileSystemUtilsTestCase
[INFO] Running org.apache.commons.io.monitor.FileAlterationMonitorTestCase
[INFO] Tests run: 4, Failures: 0, Errors: 0, Skipped: 0, Time elapsed: 0.882 s - in org.apache.commons.io.monitor.FileAlterationMonitorTestCase
[INFO] Running org.apache.commons.io.monitor.FileAlterationObserverTestCase
[INFO] Tests run: 7, Failures: 0, Errors: 0, Skipped: 0, Time elapsed: 14.987 s - in org.apache.commons.io.monitor.FileAlterationObserverTestCase
[INFO] Running org.apache.commons.io.CopyUtilsTest
[INFO] Tests run: 11, Failures: 0, Errors: 0, Skipped: 0, Time elapsed: 0.304 s - in org.apache.commons.io.CopyUtilsTest
[INFO] Running org.apache.commons.io.FileSystemTestCase
[INFO] Tests run: 5, Failures: 0, Errors: 0, Skipped: 0, Time elapsed: 0.213 s - in org.apache.commons.io.FileSystemTestCase
[INFO] Running org.apache.commons.io.filefilter.AndFileFilterTestCase
[INFO] Tests run: 5, Failures: 0, Errors: 0, Skipped: 0, Time elapsed: 0.235 s - in org.apache.commons.io.filefilter.AndFileFilterTestCase
[INFO] Running org.apache.commons.io.filefilter.OrFileFilterTestCase
[INFO] Tests run: 5, Failures: 0, Errors: 0, Skipped: 0, Time elapsed: 0.237 s - in org.apache.commons.io.filefilter.OrFileFilterTestCase
[INFO] Running org.apache.commons.io.filefilter.FileFilterTestCase
[INFO] Tests run: 47, Failures: 0, Errors: 0, Skipped: 0, Time elapsed: 2.565 s - in org.apache.commons.io.filefilter.FileFilterTestCase
[INFO] Running org.apache.commons.io.filefilter.RegexFileFilterTestCase
[INFO] Tests run: 1, Failures: 0, Errors: 0, Skipped: 0, Time elapsed: 0.249 s - in org.apache.commons.io.filefilter.RegexFileFilterTestCase
[INFO] Running org.apache.commons.io.DemuxTestCase
[INFO] Tests run: 2, Failures: 0, Errors: 0, Skipped: 0, Time elapsed: 0.482 s - in org.apache.commons.io.DemuxTestCase
[INFO] Running org.apache.commons.io.FileUtilsTestCase
[WARNING] Tests run: 142, Failures: 0, Errors: 0, Skipped: 1, Time elapsed: 3.278 s - in org.apache.commons.io.FileUtilsTestCase
[INFO] Running org.apache.commons.io.LineIteratorTestCase
[INFO] Tests run: 16, Failures: 0, Errors: 0, Skipped: 0, Time elapsed: 0.41 s - in org.apache.commons.io.LineIteratorTestCase
[INFO] Running org.apache.commons.io.DirectoryWalkerTestCaseJava4
[INFO] Tests run: 14, Failures: 0, Errors: 0, Skipped: 0, Time elapsed: 0.326 s - in org.apache.commons.io.DirectoryWalkerTestCaseJava4
[INFO] Running org.apache.commons.io.FileCleaningTrackerTestCase
[INFO] Tests run: 9, Failures: 0, Errors: 0, Skipped: 0, Time elapsed: 4.603 s - in org.apache.commons.io.FileCleaningTrackerTestCase
[INFO] Running org.apache.commons.io.EndianUtilsTest
[INFO] Tests run: 22, Failures: 0, Errors: 0, Skipped: 0, Time elapsed: 0.245 s - in org.apache.commons.io.EndianUtilsTest
[INFO] Running org.apache.commons.io.IOUtilsCopyTestCase
[INFO] Tests run: 23, Failures: 0, Errors: 0, Skipped: 0, Time elapsed: 1.095 s - in org.apache.commons.io.IOUtilsCopyTestCase
[INFO] Running org.apache.commons.io.FileUtilsDirectoryContainsTestCase
[INFO] Tests run: 11, Failures: 0, Errors: 0, Skipped: 0, Time elapsed: 0.328 s - in org.apache.commons.io.FileUtilsDirectoryContainsTestCase
[INFO] Running org.apache.commons.io.FilenameUtilsWildcardTestCase
[INFO] Tests run: 7, Failures: 0, Errors: 0, Skipped: 0, Time elapsed: 0.306 s - in org.apache.commons.io.FilenameUtilsWildcardTestCase
[INFO] Running org.apache.commons.io.FileDeleteStrategyTestCase
[INFO] Tests run: 5, Failures: 0, Errors: 0, Skipped: 0, Time elapsed: 0.305 s - in org.apache.commons.io.FileDeleteStrategyTestCase
[INFO] Running org.apache.commons.io.ByteOrderParserTest
[INFO] Tests run: 3, Failures: 0, Errors: 0, Skipped: 0, Time elapsed: 0.194 s - in org.apache.commons.io.ByteOrderParserTest
[INFO] Running org.apache.commons.io.FilenameUtilsTestCase
[INFO] Tests run: 37, Failures: 0, Errors: 0, Skipped: 0, Time elapsed: 0.415 s - in org.apache.commons.io.FilenameUtilsTestCase
[INFO] Running org.apache.commons.io.serialization.ValidatingObjectInputStreamTest
[INFO] Tests run: 18, Failures: 0, Errors: 0, Skipped: 0, Time elapsed: 0.347 s - in org.apache.commons.io.serialization.ValidatingObjectInputStreamTest
[INFO] Running org.apache.commons.io.serialization.WildcardClassNameMatcherTest
[INFO] Tests run: 3, Failures: 0, Errors: 0, Skipped: 0, Time elapsed: 0.23 s - in org.apache.commons.io.serialization.WildcardClassNameMatcherTest
[INFO] Running org.apache.commons.io.serialization.FullClassNameMatcherTest
[INFO] Tests run: 2, Failures: 0, Errors: 0, Skipped: 0, Time elapsed: 0.22 s - in org.apache.commons.io.serialization.FullClassNameMatcherTest
[INFO] Running org.apache.commons.io.serialization.RegexpClassNameMatcherTest
[INFO] Tests run: 5, Failures: 0, Errors: 0, Skipped: 0, Time elapsed: 0.232 s - in org.apache.commons.io.serialization.RegexpClassNameMatcherTest
[INFO] Running org.apache.commons.io.serialization.MoreComplexObjectTest
[INFO] Tests run: 3, Failures: 0, Errors: 0, Skipped: 0, Time elapsed: 0.29 s - in org.apache.commons.io.serialization.MoreComplexObjectTest
[INFO] Running org.apache.commons.io.ByteOrderMarkTestCase
[INFO] Tests run: 9, Failures: 0, Errors: 0, Skipped: 0, Time elapsed: 0.216 s - in org.apache.commons.io.ByteOrderMarkTestCase
[INFO] Running org.apache.commons.io.DirectoryWalkerTestCase
[INFO] Tests run: 15, Failures: 0, Errors: 0, Skipped: 0, Time elapsed: 0.342 s - in org.apache.commons.io.DirectoryWalkerTestCase
[INFO] Running org.apache.commons.io.FileUtilsCleanSymlinksTestCase
[INFO] Tests run: 8, Failures: 0, Errors: 0, Skipped: 0, Time elapsed: 0.322 s - in org.apache.commons.io.FileUtilsCleanSymlinksTestCase
[INFO] Running org.apache.commons.io.ThreadMonitorTestCase
[INFO] Tests run: 3, Failures: 0, Errors: 0, Skipped: 0, Time elapsed: 0.6 s - in org.apache.commons.io.ThreadMonitorTestCase
[INFO] Running org.apache.commons.io.FileUtilsWaitForTestCase
[INFO] Tests run: 2, Failures: 0, Errors: 0, Skipped: 0, Time elapsed: 4.241 s - in org.apache.commons.io.FileUtilsWaitForTestCase
[INFO] Running org.apache.commons.io.comparator.NameFileComparatorTest
[INFO] Tests run: 8, Failures: 0, Errors: 0, Skipped: 0, Time elapsed: 0.269 s - in org.apache.commons.io.comparator.NameFileComparatorTest
[INFO] Running org.apache.commons.io.comparator.SizeFileComparatorTest
[INFO] Tests run: 9, Failures: 0, Errors: 0, Skipped: 0, Time elapsed: 0.328 s - in org.apache.commons.io.comparator.SizeFileComparatorTest
[INFO] Running org.apache.commons.io.comparator.ExtensionFileComparatorTest
[INFO] Tests run: 8, Failures: 0, Errors: 0, Skipped: 0, Time elapsed: 0.271 s - in org.apache.commons.io.comparator.ExtensionFileComparatorTest
[INFO] Running org.apache.commons.io.comparator.DefaultFileComparatorTest
[INFO] Tests run: 7, Failures: 0, Errors: 0, Skipped: 0, Time elapsed: 0.267 s - in org.apache.commons.io.comparator.DefaultFileComparatorTest
[INFO] Running org.apache.commons.io.comparator.CompositeFileComparatorTest
[INFO] Tests run: 10, Failures: 0, Errors: 0, Skipped: 0, Time elapsed: 0.308 s - in org.apache.commons.io.comparator.CompositeFileComparatorTest
[INFO] Running org.apache.commons.io.comparator.PathFileComparatorTest
[INFO] Tests run: 8, Failures: 0, Errors: 0, Skipped: 0, Time elapsed: 0.264 s - in org.apache.commons.io.comparator.PathFileComparatorTest
[INFO] Running org.apache.commons.io.comparator.LastModifiedFileComparatorTest
[INFO] Tests run: 7, Failures: 0, Errors: 0, Skipped: 0, Time elapsed: 14.096 s - in org.apache.commons.io.comparator.LastModifiedFileComparatorTest
[INFO] Running org.apache.commons.io.comparator.DirectoryFileComparatorTest
[INFO] Tests run: 7, Failures: 0, Errors: 0, Skipped: 0, Time elapsed: 0.253 s - in org.apache.commons.io.comparator.DirectoryFileComparatorTest
[INFO] Running org.apache.commons.io.FileCleanerTestCase
[INFO] Tests run: 9, Failures: 0, Errors: 0, Skipped: 0, Time elapsed: 4.573 s - in org.apache.commons.io.FileCleanerTestCase
[INFO] Running org.apache.commons.io.CharsetsTestCase
[INFO] Tests run: 8, Failures: 0, Errors: 0, Skipped: 0, Time elapsed: 0.205 s - in org.apache.commons.io.CharsetsTestCase
[INFO] Running org.apache.commons.io.IOCaseTestCase
[INFO] Tests run: 17, Failures: 0, Errors: 0, Skipped: 0, Time elapsed: 0.262 s - in org.apache.commons.io.IOCaseTestCase
[INFO] Running org.apache.commons.io.IOUtilsTestCase
[INFO] Tests run: 107, Failures: 0, Errors: 0, Skipped: 0, Time elapsed: 0.819 s - in org.apache.commons.io.IOUtilsTestCase
[INFO] Running org.apache.commons.io.FileUtilsCleanDirectoryTestCase
[INFO] Tests run: 5, Failures: 0, Errors: 0, Skipped: 0, Time elapsed: 0.304 s - in org.apache.commons.io.FileUtilsCleanDirectoryTestCase
[INFO] Running org.apache.commons.io.TaggedIOExceptionTest
[INFO] Tests run: 1, Failures: 0, Errors: 0, Skipped: 0, Time elapsed: 0.227 s - in org.apache.commons.io.TaggedIOExceptionTest
[INFO] Running org.apache.commons.io.input.compatibility.XmlStreamReaderUtilitiesCompatibilityTest
[INFO] Tests run: 11, Failures: 0, Errors: 0, Skipped: 0, Time elapsed: 0.286 s - in org.apache.commons.io.input.compatibility.XmlStreamReaderUtilitiesCompatibilityTest
[INFO] Running org.apache.commons.io.input.SwappedDataInputStreamTest
[INFO] Tests run: 14, Failures: 0, Errors: 0, Skipped: 0, Time elapsed: 0.245 s - in org.apache.commons.io.input.SwappedDataInputStreamTest
[INFO] Running org.apache.commons.io.input.CharSequenceReaderTest
[INFO] Tests run: 7, Failures: 0, Errors: 0, Skipped: 0, Time elapsed: 0.249 s - in org.apache.commons.io.input.CharSequenceReaderTest
[INFO] Running org.apache.commons.io.input.NullInputStreamTest
[INFO] Tests run: 6, Failures: 0, Errors: 0, Skipped: 0, Time elapsed: 0.223 s - in org.apache.commons.io.input.NullInputStreamTest
[INFO] Running org.apache.commons.io.input.UnixLineEndingInputStreamTest
[INFO] Tests run: 8, Failures: 0, Errors: 0, Skipped: 0, Time elapsed: 0.238 s - in org.apache.commons.io.input.UnixLineEndingInputStreamTest
[INFO] Running org.apache.commons.io.input.CountingInputStreamTest
[INFO] Tests run: 10, Failures: 0, Errors: 0, Skipped: 0, Time elapsed: 0.722 s - in org.apache.commons.io.input.CountingInputStreamTest
[INFO] Running org.apache.commons.io.input.WindowsLineEndingInputStreamTest
[INFO] Tests run: 7, Failures: 0, Errors: 0, Skipped: 0, Time elapsed: 0.228 s - in org.apache.commons.io.input.WindowsLineEndingInputStreamTest
[INFO] Running org.apache.commons.io.input.ClassLoaderObjectInputStreamTest
[INFO] Tests run: 7, Failures: 0, Errors: 0, Skipped: 0, Time elapsed: 0.23 s - in org.apache.commons.io.input.ClassLoaderObjectInputStreamTest
[INFO] Running org.apache.commons.io.input.BOMInputStreamTest
[WARNING] Tests run: 44, Failures: 0, Errors: 0, Skipped: 1, Time elapsed: 0.491 s - in org.apache.commons.io.input.BOMInputStreamTest
[INFO] Running org.apache.commons.io.input.XmlStreamReaderTest
[INFO] Tests run: 16, Failures: 0, Errors: 0, Skipped: 0, Time elapsed: 1.236 s - in org.apache.commons.io.input.XmlStreamReaderTest
[INFO] Running org.apache.commons.io.input.ReversedLinesFileReaderTestParamFile
[INFO] Tests run: 17, Failures: 0, Errors: 0, Skipped: 0, Time elapsed: 0.547 s - in org.apache.commons.io.input.ReversedLinesFileReaderTestParamFile
[INFO] Running org.apache.commons.io.input.ReversedLinesFileReaderTestParamBlockSize
[INFO] Tests run: 85, Failures: 0, Errors: 0, Skipped: 0, Time elapsed: 1.112 s - in org.apache.commons.io.input.ReversedLinesFileReaderTestParamBlockSize
[INFO] Running org.apache.commons.io.input.ClosedInputStreamTest
[INFO] Tests run: 1, Failures: 0, Errors: 0, Skipped: 0, Time elapsed: 0.198 s - in org.apache.commons.io.input.ClosedInputStreamTest
[INFO] Running org.apache.commons.io.input.ObservableInputStreamTest
[INFO] Tests run: 2, Failures: 0, Errors: 0, Skipped: 0, Time elapsed: 0.248 s - in org.apache.commons.io.input.ObservableInputStreamTest
[INFO] Running org.apache.commons.io.input.CloseShieldInputStreamTest
[INFO] Tests run: 1, Failures: 0, Errors: 0, Skipped: 0, Time elapsed: 0.209 s - in org.apache.commons.io.input.CloseShieldInputStreamTest
[INFO] Running org.apache.commons.io.input.TeeInputStreamTest
[INFO] Tests run: 7, Failures: 0, Errors: 0, Skipped: 0, Time elapsed: 0.244 s - in org.apache.commons.io.input.TeeInputStreamTest
[INFO] Running org.apache.commons.io.input.AutoCloseInputStreamTest
[INFO] Tests run: 4, Failures: 0, Errors: 0, Skipped: 0, Time elapsed: 0.21 s - in org.apache.commons.io.input.AutoCloseInputStreamTest
[INFO] Running org.apache.commons.io.input.ProxyReaderTest
[INFO] Tests run: 2, Failures: 0, Errors: 0, Skipped: 0, Time elapsed: 0.208 s - in org.apache.commons.io.input.ProxyReaderTest
[INFO] Running org.apache.commons.io.input.MessageDigestCalculatingInputStreamTest
[INFO] Tests run: 1, Failures: 0, Errors: 0, Skipped: 0, Time elapsed: 0.234 s - in org.apache.commons.io.input.MessageDigestCalculatingInputStreamTest
[INFO] Running org.apache.commons.io.input.XmlStreamReaderUtilitiesTest
[INFO] Tests run: 11, Failures: 0, Errors: 0, Skipped: 0, Time elapsed: 0.277 s - in org.apache.commons.io.input.XmlStreamReaderUtilitiesTest
[INFO] Running org.apache.commons.io.input.CharSequenceInputStreamTest
[WARNING] Tests run: 30, Failures: 0, Errors: 0, Skipped: 2, Time elapsed: 0.918 s - in org.apache.commons.io.input.CharSequenceInputStreamTest
[INFO] Running org.apache.commons.io.input.BoundedInputStreamTest
[INFO] Tests run: 2, Failures: 0, Errors: 0, Skipped: 0, Time elapsed: 0.267 s - in org.apache.commons.io.input.BoundedInputStreamTest
[INFO] Running org.apache.commons.io.input.NullReaderTest
[INFO] Tests run: 6, Failures: 0, Errors: 0, Skipped: 0, Time elapsed: 0.213 s - in org.apache.commons.io.input.NullReaderTest
[INFO] Running org.apache.commons.io.input.BrokenInputStreamTest
[INFO] Tests run: 5, Failures: 0, Errors: 0, Skipped: 0, Time elapsed: 0.218 s - in org.apache.commons.io.input.BrokenInputStreamTest
[INFO] Running org.apache.commons.io.input.ReversedLinesFileReaderTestSimple
[INFO] Tests run: 3, Failures: 0, Errors: 0, Skipped: 0, Time elapsed: 0.257 s - in org.apache.commons.io.input.ReversedLinesFileReaderTestSimple
[INFO] Running org.apache.commons.io.input.TaggedInputStreamTest
[INFO] Tests run: 4, Failures: 0, Errors: 0, Skipped: 0, Time elapsed: 0.253 s - in org.apache.commons.io.input.TaggedInputStreamTest
[INFO] Running org.apache.commons.io.input.BoundedReaderTest
[INFO] Tests run: 12, Failures: 0, Errors: 0, Skipped: 0, Time elapsed: 0.238 s - in org.apache.commons.io.input.BoundedReaderTest
[INFO] Running org.apache.commons.io.input.ReaderInputStreamTest
[INFO] Tests run: 8, Failures: 0, Errors: 0, Skipped: 0, Time elapsed: 0.237 s - in org.apache.commons.io.input.ReaderInputStreamTest
[INFO] Running org.apache.commons.io.input.TailerTest
Elapsed: 1045
testMultiByteBreak() Default charset: US-ASCII
[INFO] Tests run: 10, Failures: 0, Errors: 0, Skipped: 0, Time elapsed: 11.383 s - in org.apache.commons.io.input.TailerTest
[INFO] Running org.apache.commons.io.input.InfiniteCircularInputStreamTest
[INFO] Tests run: 2, Failures: 0, Errors: 0, Skipped: 0, Time elapsed: 0.219 s - in org.apache.commons.io.input.InfiniteCircularInputStreamTest
[INFO] Running org.apache.commons.io.FileUtilsListFilesTestCase
[INFO] Tests run: 3, Failures: 0, Errors: 0, Skipped: 0, Time elapsed: 0.341 s - in org.apache.commons.io.FileUtilsListFilesTestCase
[INFO] Running org.apache.commons.io.IOUtilsWriteTestCase
[INFO] Tests run: 53, Failures: 0, Errors: 0, Skipped: 0, Time elapsed: 0.457 s - in org.apache.commons.io.IOUtilsWriteTestCase
[INFO] 
[INFO] Results:
[INFO] 
[WARNING] Tests run: 1327, Failures: 0, Errors: 0, Skipped: 4
[INFO] 
[INFO] ------------------------------------------------------------------------
[INFO] BUILD SUCCESS
[INFO] ------------------------------------------------------------------------
[INFO] Total time: 03:38 min
[INFO] Finished at: 2018-09-28T19:27:51+02:00
[INFO] ------------------------------------------------------------------------
Writing HTML report to '/tmp/icst-2019/september-2018/dataset/commons-io/target/clover/report'
Done. Processed 9 packages in 14131ms (1570ms per package).
[INFO] /tmp/icst-2019/september-2018/dataset/commons-io/src/main/java/org/apache/commons/io/FilenameUtils.java
[INFO] /tmp/icst-2019/september-2018/dataset/commons-io_parent/src/main/java/org/apache/commons/io/FilenameUtils.java
[INFO] Saving result in /tmp/icst-2019/september-2018/result/commons-io/commit_3_f03149e/commit_coverage_testsThatExecuteTheChanges.csv ...
[INFO] 
[INFO] Writing Coverage in /tmp/icst-2019/september-2018/result/commons-io/commit_3_f03149e/commit_coverage_testsThatExecuteTheChanges_coverage.csv
[INFO] total;0;0

[INFO] ------------------------------------------------------------------------
[INFO] BUILD SUCCESS
[INFO] ------------------------------------------------------------------------
[INFO] Total time: 04:05 min
[INFO] Finished at: 2018-09-28T19:28:11+02:00
[INFO] ------------------------------------------------------------------------
[INFO] 2018-09-28 19:28:12 RepositoriesSetter - {/tmp/icst-2019/september-2018/dataset/commons-io} Cleaning local repository...
[INFO] 2018-09-28 19:28:12 RepositoriesSetter - Checkout f00d97a6cea0a08c8112ffb8bd0b6847373899ae revision...
[INFO] 2018-09-28 19:28:13 RepositoriesSetter - {/tmp/icst-2019/september-2018/dataset/commons-io_parent} Cleaning local repository...
[INFO] 2018-09-28 19:28:13 RepositoriesSetter - Checkout c295a589777a35730c90b26f28f7cc938d4053e3 revision...
