[[1;34mINFO[m] Scanning for projects...
[[1;33mWARNING[m] 
[[1;33mWARNING[m] Some problems were encountered while building the effective model for org.xwiki.commons:xwiki-commons-extension-api:jar:8.4-SNAPSHOT
[[1;33mWARNING[m] Reporting configuration should be done in <reporting> section, not in maven-site-plugin <configuration> as reportPlugins parameter.
[[1;33mWARNING[m] 
[[1;33mWARNING[m] It is highly recommended to fix these problems because they threaten the stability of your build.
[[1;33mWARNING[m] 
[[1;33mWARNING[m] For this reason, future Maven versions might no longer support building such malformed projects.
[[1;33mWARNING[m] 
[[1;34mINFO[m] 
[[1;34mINFO[m] [1m-----------< [0;36morg.xwiki.commons:xwiki-commons-extension-api[0;1m >------------[m
[[1;34mINFO[m] [1mBuilding XWiki Commons - Extension - API 8.4-SNAPSHOT[m
[[1;34mINFO[m] [1m--------------------------------[ jar ]---------------------------------[m
[[1;34mINFO[m] 
[[1;34mINFO[m] [1m--- [0;32mmaven-clean-plugin:3.0.0:clean[m [1m(default-clean)[m @ [36mxwiki-commons-extension-api[0;1m ---[m
[[1;34mINFO[m] Deleting /home/bdanglot/workspace/icst-2019/september-2018/dataset/xwiki-commons/xwiki-commons-core/xwiki-commons-extension/xwiki-commons-extension-api/target
[[1;34mINFO[m] 
[[1;34mINFO[m] [1m--- [0;32mdiff-test-selection:0.5-SNAPSHOT:list[m [1m(default-cli)[m @ [36mxwiki-commons-extension-api[0;1m ---[m
[[1;34mINFO[m] Computing coverage for /home/bdanglot/workspace/icst-2019/september-2018/dataset/xwiki-commons/xwiki-commons-core/xwiki-commons-extension/xwiki-commons-extension-api
[WARN] Maven will be executed in interactive mode, but no input stream has been configured for this MavenInvoker instance.
[[1;34mINFO[m] Scanning for projects...
[[1;33mWARNING[m] 
[[1;33mWARNING[m] Some problems were encountered while building the effective model for org.xwiki.commons:xwiki-commons-extension-api:jar:8.4-SNAPSHOT
[[1;33mWARNING[m] Reporting configuration should be done in <reporting> section, not in maven-site-plugin <configuration> as reportPlugins parameter.
[[1;33mWARNING[m] 
[[1;33mWARNING[m] It is highly recommended to fix these problems because they threaten the stability of your build.
[[1;33mWARNING[m] 
[[1;33mWARNING[m] For this reason, future Maven versions might no longer support building such malformed projects.
[[1;33mWARNING[m] 
[[1;34mINFO[m] 
[[1;34mINFO[m] [1m-----------< [0;36morg.xwiki.commons:xwiki-commons-extension-api[0;1m >------------[m
[[1;34mINFO[m] [1mBuilding XWiki Commons - Extension - API 8.4-SNAPSHOT[m
[[1;34mINFO[m] [1m--------------------------------[ jar ]---------------------------------[m
[[1;34mINFO[m] 
[[1;34mINFO[m] [1m--- [0;32mmaven-clean-plugin:3.0.0:clean[m [1m(default-clean)[m @ [36mxwiki-commons-extension-api[0;1m ---[m
[[1;34mINFO[m] 
[[1;34mINFO[m] [1m--- [0;32mclover-maven-plugin:4.2.0:setup[m [1m(default-cli)[m @ [36mxwiki-commons-extension-api[0;1m ---[m
[[1;34mINFO[m] No 'maven.clover.licenseLocation' configured. Using default license.
[[1;34mINFO[m] OpenClover Version 4.2.0, built on April 30 2017 (build-1000)
[[1;34mINFO[m] Loaded from: /home/bdanglot/.m2/repository/org/openclover/clover/4.2.0/clover-4.2.0.jar
[[1;34mINFO[m] Clover free edition.
[[1;34mINFO[m] Creating new database at '/home/bdanglot/workspace/icst-2019/september-2018/dataset/xwiki-commons/xwiki-commons-core/xwiki-commons-extension/xwiki-commons-extension-api/target/clover/clover.db'.
[[1;34mINFO[m] Processing files at 1.8 source level.
[[1;34mINFO[m] Clover all over. Instrumented 185 files (26 packages).
[[1;34mINFO[m] Elapsed time = 1.789 secs. (103.41 files/sec, 13,671.325 srclines/sec)
[[1;34mINFO[m] OpenClover Version 4.2.0, built on April 30 2017 (build-1000)
[[1;34mINFO[m] Loaded from: /home/bdanglot/.m2/repository/org/openclover/clover/4.2.0/clover-4.2.0.jar
[[1;34mINFO[m] Clover free edition.
[[1;34mINFO[m] Updating existing database at '/home/bdanglot/workspace/icst-2019/september-2018/dataset/xwiki-commons/xwiki-commons-core/xwiki-commons-extension/xwiki-commons-extension-api/target/clover/clover.db'.
[[1;34mINFO[m] Processing files at 1.8 source level.
[[1;34mINFO[m] Clover all over. Instrumented 40 files (12 packages).
[[1;34mINFO[m] 140 test methods detected.
[[1;34mINFO[m] Elapsed time = 0.404 secs. (99.01 files/sec, 15,433.168 srclines/sec)
[[1;34mINFO[m] 
[[1;34mINFO[m] [1m--- [0;32mmaven-enforcer-plugin:1.3.1:enforce[m [1m(enforce-plugins)[m @ [36mxwiki-commons-extension-api[0;1m ---[m
[[1;34mINFO[m] Skipping Rule Enforcement.
[[1;34mINFO[m] 
[[1;34mINFO[m] [1m--- [0;32mmaven-enforcer-plugin:1.3.1:enforce[m [1m(enforce-jcl-log4j-isolation)[m @ [36mxwiki-commons-extension-api[0;1m ---[m
[[1;34mINFO[m] Skipping Rule Enforcement.
[[1;34mINFO[m] 
[[1;34mINFO[m] [1m--- [0;32mmaven-enforcer-plugin:1.3.1:enforce[m [1m(enforce-commons-lang3)[m @ [36mxwiki-commons-extension-api[0;1m ---[m
[[1;34mINFO[m] Skipping Rule Enforcement.
[[1;34mINFO[m] 
[[1;34mINFO[m] [1m--- [0;32mmaven-enforcer-plugin:1.3.1:enforce[m [1m(enforce-upper-bounds)[m @ [36mxwiki-commons-extension-api[0;1m ---[m
[[1;34mINFO[m] Skipping Rule Enforcement.
[[1;34mINFO[m] 
[[1;34mINFO[m] [1m--- [0;32mmaven-enforcer-plugin:1.3.1:enforce[m [1m(enforce-no-legacy-dependencies)[m @ [36mxwiki-commons-extension-api[0;1m ---[m
[[1;34mINFO[m] Skipping Rule Enforcement.
[[1;34mINFO[m] 
[[1;34mINFO[m] [1m--- [0;32mmaven-enforcer-plugin:1.3.1:enforce[m [1m(enforce-valid-poms)[m @ [36mxwiki-commons-extension-api[0;1m ---[m
[[1;34mINFO[m] Skipping Rule Enforcement.
[[1;34mINFO[m] 
[[1;34mINFO[m] [1m--- [0;32mmaven-enforcer-plugin:1.3.1:enforce[m [1m(enforce-platform-rendering-isolation)[m @ [36mxwiki-commons-extension-api[0;1m ---[m
[[1;34mINFO[m] Skipping Rule Enforcement.
[[1;34mINFO[m] 
[[1;34mINFO[m] [1m--- [0;32mmaven-enforcer-plugin:1.3.1:enforce[m [1m(check-dependency-version)[m @ [36mxwiki-commons-extension-api[0;1m ---[m
[[1;34mINFO[m] Skipping Rule Enforcement.
[[1;34mINFO[m] 
[[1;34mINFO[m] [1m--- [0;32mmaven-remote-resources-plugin:1.5:process[m [1m(xwiki-license-resources)[m @ [36mxwiki-commons-extension-api[0;1m ---[m
[[1;34mINFO[m] 
[[1;34mINFO[m] [1m--- [0;32mmaven-resources-plugin:3.0.1:resources[m [1m(default-resources)[m @ [36mxwiki-commons-extension-api[0;1m ---[m
[[1;34mINFO[m] Using 'UTF-8' encoding to copy filtered resources.
[[1;34mINFO[m] Copying 36 resources
[[1;34mINFO[m] Copying 1 resource
[[1;34mINFO[m] Copying 2 resources
[[1;34mINFO[m] 
[[1;34mINFO[m] [1m--- [0;32mmaven-compiler-plugin:3.5.1:compile[m [1m(default-compile)[m @ [36mxwiki-commons-extension-api[0;1m ---[m
[[1;34mINFO[m] Changes detected - recompiling the module!
[[1;34mINFO[m] Compiling 185 source files to /home/bdanglot/workspace/icst-2019/september-2018/dataset/xwiki-commons/xwiki-commons-core/xwiki-commons-extension/xwiki-commons-extension-api/target/classes
[[1;33mWARNING[m] /home/bdanglot/workspace/icst-2019/september-2018/dataset/xwiki-commons/xwiki-commons-core/xwiki-commons-extension/xwiki-commons-extension-api/target/clover/src-instrumented/org/xwiki/extension/ExtensionManagerConfiguration.java:[27,38] org.xwiki.extension.repository.ExtensionRepositoryId in org.xwiki.extension.repository has been deprecated
[[1;33mWARNING[m] /home/bdanglot/workspace/icst-2019/september-2018/dataset/xwiki-commons/xwiki-commons-core/xwiki-commons-extension/xwiki-commons-extension-api/target/clover/src-instrumented/org/xwiki/extension/wrap/WrappingExtensionRepository.java:[28,38] org.xwiki.extension.repository.ExtensionRepositoryId in org.xwiki.extension.repository has been deprecated
[[1;33mWARNING[m] /home/bdanglot/workspace/icst-2019/september-2018/dataset/xwiki-commons/xwiki-commons-core/xwiki-commons-extension/xwiki-commons-extension-api/target/clover/src-instrumented/org/xwiki/extension/repository/internal/core/MavenCoreExtension.java:[25,47] org.xwiki.extension.repository.internal.MavenExtension in org.xwiki.extension.repository.internal has been deprecated
[[1;33mWARNING[m] /home/bdanglot/workspace/icst-2019/september-2018/dataset/xwiki-commons/xwiki-commons-core/xwiki-commons-extension/xwiki-commons-extension-api/target/clover/src-instrumented/org/xwiki/extension/internal/DefaultExtensionManagerConfiguration.java:[47,38] org.xwiki.extension.repository.ExtensionRepositoryId in org.xwiki.extension.repository has been deprecated
[[1;33mWARNING[m] /home/bdanglot/workspace/icst-2019/september-2018/dataset/xwiki-commons/xwiki-commons-core/xwiki-commons-extension/xwiki-commons-extension-api/target/clover/src-instrumented/org/xwiki/extension/job/history/internal/ExtensionJobHistoryRecorder.java:[49,30] org.xwiki.job.internal.AbstractJobStatus in org.xwiki.job.internal has been deprecated
[[1;33mWARNING[m] /home/bdanglot/workspace/icst-2019/september-2018/dataset/xwiki-commons/xwiki-commons-core/xwiki-commons-extension/xwiki-commons-extension-api/target/clover/src-instrumented/org/xwiki/extension/repository/internal/DefaultExtensionRepositoryManager.java:[57,38] org.xwiki.extension.repository.ExtensionRepositoryId in org.xwiki.extension.repository has been deprecated
[[1;33mWARNING[m] /home/bdanglot/workspace/icst-2019/september-2018/dataset/xwiki-commons/xwiki-commons-core/xwiki-commons-extension/xwiki-commons-extension-api/target/clover/src-instrumented/org/xwiki/extension/repository/internal/core/CoreExtensionCache.java:[100,148] auto-closeable resource __CLR$ACI0 is never referenced in body of corresponding try statement
[[1;33mWARNING[m] /home/bdanglot/workspace/icst-2019/september-2018/dataset/xwiki-commons/xwiki-commons-core/xwiki-commons-extension/xwiki-commons-extension-api/target/clover/src-instrumented/org/xwiki/extension/repository/internal/core/CoreExtensionCache.java:[124,151] auto-closeable resource __CLR$ACI1 is never referenced in body of corresponding try statement
[[1;33mWARNING[m] /home/bdanglot/workspace/icst-2019/september-2018/dataset/xwiki-commons/xwiki-commons-core/xwiki-commons-extension/xwiki-commons-extension-api/target/clover/src-instrumented/org/xwiki/extension/AbstractExtension.java:[216,72] unchecked cast
  required: T
  found:    org.xwiki.extension.repository.ExtensionRepository
[[1;33mWARNING[m] /home/bdanglot/workspace/icst-2019/september-2018/dataset/xwiki-commons/xwiki-commons-core/xwiki-commons-extension/xwiki-commons-extension-api/target/clover/src-instrumented/org/xwiki/extension/AbstractExtension.java:[218,72] unchecked cast
  required: T
  found:    java.lang.String
[[1;33mWARNING[m] /home/bdanglot/workspace/icst-2019/september-2018/dataset/xwiki-commons/xwiki-commons-core/xwiki-commons-extension/xwiki-commons-extension-api/target/clover/src-instrumented/org/xwiki/extension/AbstractExtension.java:[220,77] unchecked cast
  required: T
  found:    org.xwiki.extension.version.Version
[[1;33mWARNING[m] /home/bdanglot/workspace/icst-2019/september-2018/dataset/xwiki-commons/xwiki-commons-core/xwiki-commons-extension/xwiki-commons-extension-api/target/clover/src-instrumented/org/xwiki/extension/AbstractExtension.java:[223,92] unchecked cast
  required: T
  found:    java.util.List<java.lang.String>
[[1;33mWARNING[m] /home/bdanglot/workspace/icst-2019/september-2018/dataset/xwiki-commons/xwiki-commons-core/xwiki-commons-extension/xwiki-commons-extension-api/target/clover/src-instrumented/org/xwiki/extension/AbstractExtension.java:[225,69] unchecked cast
  required: T
  found:    java.lang.String
[[1;33mWARNING[m] /home/bdanglot/workspace/icst-2019/september-2018/dataset/xwiki-commons/xwiki-commons-core/xwiki-commons-extension/xwiki-commons-extension-api/target/clover/src-instrumented/org/xwiki/extension/AbstractExtension.java:[227,73] unchecked cast
  required: T
  found:    java.lang.String
[[1;33mWARNING[m] /home/bdanglot/workspace/icst-2019/september-2018/dataset/xwiki-commons/xwiki-commons-core/xwiki-commons-extension/xwiki-commons-extension-api/target/clover/src-instrumented/org/xwiki/extension/AbstractExtension.java:[230,69] unchecked cast
  required: T
  found:    java.util.List<org.xwiki.extension.ExtensionAuthor>
[[1;33mWARNING[m] /home/bdanglot/workspace/icst-2019/september-2018/dataset/xwiki-commons/xwiki-commons-core/xwiki-commons-extension/xwiki-commons-extension-api/target/clover/src-instrumented/org/xwiki/extension/AbstractExtension.java:[232,70] unchecked cast
  required: T
  found:    java.lang.String
[[1;33mWARNING[m] /home/bdanglot/workspace/icst-2019/september-2018/dataset/xwiki-commons/xwiki-commons-core/xwiki-commons-extension/xwiki-commons-extension-api/target/clover/src-instrumented/org/xwiki/extension/AbstractExtension.java:[235,70] unchecked cast
  required: T
  found:    java.util.Collection<org.xwiki.extension.ExtensionLicense>
[[1;33mWARNING[m] /home/bdanglot/workspace/icst-2019/september-2018/dataset/xwiki-commons/xwiki-commons-core/xwiki-commons-extension/xwiki-commons-extension-api/target/clover/src-instrumented/org/xwiki/extension/AbstractExtension.java:[237,66] unchecked cast
  required: T
  found:    java.lang.String
[[1;33mWARNING[m] /home/bdanglot/workspace/icst-2019/september-2018/dataset/xwiki-commons/xwiki-commons-core/xwiki-commons-extension/xwiki-commons-extension-api/target/clover/src-instrumented/org/xwiki/extension/AbstractExtension.java:[239,66] unchecked cast
  required: T
  found:    java.lang.String
[[1;33mWARNING[m] /home/bdanglot/workspace/icst-2019/september-2018/dataset/xwiki-commons/xwiki-commons-core/xwiki-commons-extension/xwiki-commons-extension-api/target/clover/src-instrumented/org/xwiki/extension/AbstractExtension.java:[241,69] unchecked cast
  required: T
  found:    java.lang.String
[[1;33mWARNING[m] /home/bdanglot/workspace/icst-2019/september-2018/dataset/xwiki-commons/xwiki-commons-core/xwiki-commons-extension/xwiki-commons-extension-api/target/clover/src-instrumented/org/xwiki/extension/AbstractExtension.java:[245,79] unchecked cast
  required: T
  found:    java.util.Collection<java.lang.String>
[[1;33mWARNING[m] /home/bdanglot/workspace/icst-2019/september-2018/dataset/xwiki-commons/xwiki-commons-core/xwiki-commons-extension/xwiki-commons-extension-api/target/clover/src-instrumented/org/xwiki/extension/AbstractExtension.java:[247,65] unchecked cast
  required: T
  found:    org.xwiki.extension.ExtensionScm
[[1;33mWARNING[m] /home/bdanglot/workspace/icst-2019/september-2018/dataset/xwiki-commons/xwiki-commons-core/xwiki-commons-extension/xwiki-commons-extension-api/target/clover/src-instrumented/org/xwiki/extension/AbstractExtension.java:[249,74] unchecked cast
  required: T
  found:    java.util.Collection<org.xwiki.extension.repository.ExtensionRepositoryDescriptor>
[[1;33mWARNING[m] /home/bdanglot/workspace/icst-2019/september-2018/dataset/xwiki-commons/xwiki-commons-core/xwiki-commons-extension/xwiki-commons-extension-api/target/clover/src-instrumented/org/xwiki/extension/AbstractExtension.java:[251,72] unchecked cast
  required: T
  found:    java.util.Map<java.lang.String,java.lang.Object>
[[1;33mWARNING[m] /home/bdanglot/workspace/icst-2019/september-2018/dataset/xwiki-commons/xwiki-commons-core/xwiki-commons-extension/xwiki-commons-extension-api/target/clover/src-instrumented/org/xwiki/extension/AbstractExtension.java:[703,71] unchecked cast
  required: T
  found:    java.lang.Object
[[1;33mWARNING[m] /home/bdanglot/workspace/icst-2019/september-2018/dataset/xwiki-commons/xwiki-commons-core/xwiki-commons-extension/xwiki-commons-extension-api/target/clover/src-instrumented/org/xwiki/extension/AbstractExtension.java:[709,201] unchecked cast
  required: T
  found:    java.lang.Object
[[1;33mWARNING[m] /home/bdanglot/workspace/icst-2019/september-2018/dataset/xwiki-commons/xwiki-commons-core/xwiki-commons-extension/xwiki-commons-extension-api/target/clover/src-instrumented/org/xwiki/extension/AbstractExtension.java:[754,80] unchecked cast
  required: T
  found:    java.lang.Object
[[1;33mWARNING[m] /home/bdanglot/workspace/icst-2019/september-2018/dataset/xwiki-commons/xwiki-commons-core/xwiki-commons-extension/xwiki-commons-extension-api/target/clover/src-instrumented/org/xwiki/extension/repository/AbstractExtensionRepository.java:[94,34] getId() in org.xwiki.extension.repository.ExtensionRepository has been deprecated
[[1;33mWARNING[m] /home/bdanglot/workspace/icst-2019/september-2018/dataset/xwiki-commons/xwiki-commons-core/xwiki-commons-extension/xwiki-commons-extension-api/target/clover/src-instrumented/org/xwiki/extension/repository/AbstractExtensionRepository.java:[94,12] org.xwiki.extension.repository.ExtensionRepositoryId in org.xwiki.extension.repository has been deprecated
[[1;33mWARNING[m] /home/bdanglot/workspace/icst-2019/september-2018/dataset/xwiki-commons/xwiki-commons-core/xwiki-commons-extension/xwiki-commons-extension-api/target/clover/src-instrumented/org/xwiki/extension/repository/AbstractExtensionRepository.java:[96,57] org.xwiki.extension.repository.ExtensionRepositoryId in org.xwiki.extension.repository has been deprecated
[[1;33mWARNING[m] /home/bdanglot/workspace/icst-2019/september-2018/dataset/xwiki-commons/xwiki-commons-core/xwiki-commons-extension/xwiki-commons-extension-api/target/clover/src-instrumented/org/xwiki/extension/repository/internal/core/DefaultCoreExtensionRepository.java:[255,53] unchecked conversion
  required: org.xwiki.extension.repository.result.IterableResult<org.xwiki.extension.Extension>
  found:    org.xwiki.extension.repository.result.IterableResult
[[1;33mWARNING[m] /home/bdanglot/workspace/icst-2019/september-2018/dataset/xwiki-commons/xwiki-commons-core/xwiki-commons-extension/xwiki-commons-extension-api/target/clover/src-instrumented/org/xwiki/extension/repository/internal/core/DefaultCoreExtensionRepository.java:[261,53] unchecked conversion
  required: org.xwiki.extension.repository.result.IterableResult<org.xwiki.extension.Extension>
  found:    org.xwiki.extension.repository.result.IterableResult
[[1;33mWARNING[m] /home/bdanglot/workspace/icst-2019/september-2018/dataset/xwiki-commons/xwiki-commons-core/xwiki-commons-extension/xwiki-commons-extension-api/target/clover/src-instrumented/org/xwiki/extension/repository/internal/AbstractCachedExtensionRepository.java:[108,85] getFeatures() in org.xwiki.extension.Extension has been deprecated
[[1;33mWARNING[m] /home/bdanglot/workspace/icst-2019/september-2018/dataset/xwiki-commons/xwiki-commons-core/xwiki-commons-extension/xwiki-commons-extension-api/target/clover/src-instrumented/org/xwiki/extension/repository/internal/AbstractCachedExtensionRepository.java:[155,81] getFeatures() in org.xwiki.extension.Extension has been deprecated
[[1;33mWARNING[m] /home/bdanglot/workspace/icst-2019/september-2018/dataset/xwiki-commons/xwiki-commons-core/xwiki-commons-extension/xwiki-commons-extension-api/target/clover/src-instrumented/org/xwiki/extension/internal/DefaultExtensionLicenseManager.java:[101,85] readLines(java.io.InputStream) in org.apache.commons.io.IOUtils has been deprecated
[[1;33mWARNING[m] /home/bdanglot/workspace/icst-2019/september-2018/dataset/xwiki-commons/xwiki-commons-core/xwiki-commons-extension/xwiki-commons-extension-api/target/clover/src-instrumented/org/xwiki/extension/repository/internal/installed/DefaultInstalledExtension.java:[124,57] unchecked cast
  required: java.util.Map<java.lang.String,java.util.Map<java.lang.String,java.lang.Object>>
  found:    java.lang.Object
[[1;33mWARNING[m] /home/bdanglot/workspace/icst-2019/september-2018/dataset/xwiki-commons/xwiki-commons-core/xwiki-commons-extension/xwiki-commons-extension-api/target/clover/src-instrumented/org/xwiki/extension/repository/internal/installed/DefaultInstalledExtension.java:[151,84] unchecked cast
  required: java.util.Collection<java.lang.String>
  found:    java.lang.Object
[[1;33mWARNING[m] /home/bdanglot/workspace/icst-2019/september-2018/dataset/xwiki-commons/xwiki-commons-core/xwiki-commons-extension/xwiki-commons-extension-api/target/clover/src-instrumented/org/xwiki/extension/repository/internal/installed/DefaultInstalledExtension.java:[153,99] unchecked cast
  required: java.util.Map<java.lang.String,java.util.Map<java.lang.String,java.lang.Object>>
  found:    java.lang.Object
[[1;33mWARNING[m] /home/bdanglot/workspace/icst-2019/september-2018/dataset/xwiki-commons/xwiki-commons-core/xwiki-commons-extension/xwiki-commons-extension-api/target/clover/src-instrumented/org/xwiki/extension/repository/internal/installed/DefaultInstalledExtension.java:[341,103] unchecked cast
  required: java.util.Collection<java.lang.String>
  found:    java.lang.Object
[[1;33mWARNING[m] /home/bdanglot/workspace/icst-2019/september-2018/dataset/xwiki-commons/xwiki-commons-core/xwiki-commons-extension/xwiki-commons-extension-api/target/clover/src-instrumented/org/xwiki/extension/repository/internal/installed/DefaultInstalledExtension.java:[344,107] unchecked cast
  required: java.util.Map<java.lang.String,java.util.Map<java.lang.String,java.lang.Object>>
  found:    java.lang.Object
[[1;33mWARNING[m] /home/bdanglot/workspace/icst-2019/september-2018/dataset/xwiki-commons/xwiki-commons-core/xwiki-commons-extension/xwiki-commons-extension-api/target/clover/src-instrumented/org/xwiki/extension/repository/internal/SortClauseComparator.java:[68,76] unchecked method invocation: method compare in class org.apache.commons.lang3.ObjectUtils is applied to given types
  required: T,T
  found: java.lang.Comparable,java.lang.Comparable
[[1;33mWARNING[m] /home/bdanglot/workspace/icst-2019/september-2018/dataset/xwiki-commons/xwiki-commons-core/xwiki-commons-extension/xwiki-commons-extension-api/target/clover/src-instrumented/org/xwiki/extension/repository/AbstractAdvancedSearchableExtensionRepository.java:[35,17] getId() in org.xwiki.extension.repository.ExtensionRepository has been deprecated
[[1;33mWARNING[m] /home/bdanglot/workspace/icst-2019/september-2018/dataset/xwiki-commons/xwiki-commons-core/xwiki-commons-extension/xwiki-commons-extension-api/target/clover/src-instrumented/org/xwiki/extension/job/ExtensionRequest.java:[35,8] serializable class org.xwiki.extension.job.ExtensionRequest has no definition of serialVersionUID
[[1;33mWARNING[m] /home/bdanglot/workspace/icst-2019/september-2018/dataset/xwiki-commons/xwiki-commons-core/xwiki-commons-extension/xwiki-commons-extension-api/target/clover/src-instrumented/org/xwiki/extension/internal/converter/ExtensionConverter.java:[81,77] unchecked cast
  required: G
  found:    org.xwiki.extension.internal.maven.MavenExtension
[[1;33mWARNING[m] /home/bdanglot/workspace/icst-2019/september-2018/dataset/xwiki-commons/xwiki-commons-core/xwiki-commons-extension/xwiki-commons-extension-api/target/clover/src-instrumented/org/xwiki/extension/AbstractRemoteExtension.java:[81,62] unchecked cast
  required: T
  found:    java.lang.Boolean
[[1;33mWARNING[m] /home/bdanglot/workspace/icst-2019/september-2018/dataset/xwiki-commons/xwiki-commons-core/xwiki-commons-extension/xwiki-commons-extension-api/target/clover/src-instrumented/org/xwiki/extension/wrap/WrappingExtensionRepository.java:[39,81] org.xwiki.extension.wrap.AbstractWrappingObject in org.xwiki.extension.wrap has been deprecated
[[1;33mWARNING[m] /home/bdanglot/workspace/icst-2019/september-2018/dataset/xwiki-commons/xwiki-commons-core/xwiki-commons-extension/xwiki-commons-extension-api/target/clover/src-instrumented/org/xwiki/extension/wrap/WrappingExtensionRepository.java:[59,34] getId() in org.xwiki.extension.repository.ExtensionRepository has been deprecated
[[1;33mWARNING[m] /home/bdanglot/workspace/icst-2019/september-2018/dataset/xwiki-commons/xwiki-commons-core/xwiki-commons-extension/xwiki-commons-extension-api/target/clover/src-instrumented/org/xwiki/extension/wrap/WrappingExtensionRepository.java:[59,12] org.xwiki.extension.repository.ExtensionRepositoryId in org.xwiki.extension.repository has been deprecated
[[1;33mWARNING[m] /home/bdanglot/workspace/icst-2019/september-2018/dataset/xwiki-commons/xwiki-commons-core/xwiki-commons-extension/xwiki-commons-extension-api/target/clover/src-instrumented/org/xwiki/extension/wrap/WrappingExtensionRepository.java:[61,65] getId() in org.xwiki.extension.repository.ExtensionRepository has been deprecated
[[1;33mWARNING[m] /home/bdanglot/workspace/icst-2019/september-2018/dataset/xwiki-commons/xwiki-commons-core/xwiki-commons-extension/xwiki-commons-extension-api/target/clover/src-instrumented/org/xwiki/extension/repository/internal/CollectionExtensionPropertySerializer.java:[37,62] found raw type: java.util.Collection
  missing type arguments for generic class java.util.Collection<E>
[[1;33mWARNING[m] /home/bdanglot/workspace/icst-2019/september-2018/dataset/xwiki-commons/xwiki-commons-core/xwiki-commons-extension/xwiki-commons-extension-api/target/clover/src-instrumented/org/xwiki/extension/repository/internal/CollectionExtensionPropertySerializer.java:[42,27] found raw type: org.xwiki.extension.repository.internal.ExtensionPropertySerializer
  missing type arguments for generic class org.xwiki.extension.repository.internal.ExtensionPropertySerializer<T>
[[1;33mWARNING[m] /home/bdanglot/workspace/icst-2019/september-2018/dataset/xwiki-commons/xwiki-commons-core/xwiki-commons-extension/xwiki-commons-extension-api/target/clover/src-instrumented/org/xwiki/extension/repository/internal/CollectionExtensionPropertySerializer.java:[47,29] found raw type: org.xwiki.extension.repository.internal.ExtensionPropertySerializer
  missing type arguments for generic class org.xwiki.extension.repository.internal.ExtensionPropertySerializer<T>
[[1;33mWARNING[m] /home/bdanglot/workspace/icst-2019/september-2018/dataset/xwiki-commons/xwiki-commons-core/xwiki-commons-extension/xwiki-commons-extension-api/target/clover/src-instrumented/org/xwiki/extension/repository/internal/CollectionExtensionPropertySerializer.java:[55,21] found raw type: org.xwiki.extension.repository.internal.ExtensionPropertySerializer
  missing type arguments for generic class org.xwiki.extension.repository.internal.ExtensionPropertySerializer<T>
[[1;33mWARNING[m] /home/bdanglot/workspace/icst-2019/september-2018/dataset/xwiki-commons/xwiki-commons-core/xwiki-commons-extension/xwiki-commons-extension-api/target/clover/src-instrumented/org/xwiki/extension/repository/internal/CollectionExtensionPropertySerializer.java:[56,23] found raw type: org.xwiki.extension.repository.internal.ExtensionPropertySerializer
  missing type arguments for generic class org.xwiki.extension.repository.internal.ExtensionPropertySerializer<T>
[[1;33mWARNING[m] /home/bdanglot/workspace/icst-2019/september-2018/dataset/xwiki-commons/xwiki-commons-core/xwiki-commons-extension/xwiki-commons-extension-api/target/clover/src-instrumented/org/xwiki/extension/repository/internal/CollectionExtensionPropertySerializer.java:[68,62] found raw type: org.xwiki.extension.repository.internal.ExtensionPropertySerializer
  missing type arguments for generic class org.xwiki.extension.repository.internal.ExtensionPropertySerializer<T>
[[1;33mWARNING[m] /home/bdanglot/workspace/icst-2019/september-2018/dataset/xwiki-commons/xwiki-commons-core/xwiki-commons-extension/xwiki-commons-extension-api/target/clover/src-instrumented/org/xwiki/extension/repository/internal/CollectionExtensionPropertySerializer.java:[69,23] found raw type: org.xwiki.extension.repository.internal.ExtensionPropertySerializer
  missing type arguments for generic class org.xwiki.extension.repository.internal.ExtensionPropertySerializer<T>
[[1;33mWARNING[m] /home/bdanglot/workspace/icst-2019/september-2018/dataset/xwiki-commons/xwiki-commons-core/xwiki-commons-extension/xwiki-commons-extension-api/target/clover/src-instrumented/org/xwiki/extension/repository/internal/CollectionExtensionPropertySerializer.java:[79,61] found raw type: java.util.ArrayList
  missing type arguments for generic class java.util.ArrayList<E>
[[1;33mWARNING[m] /home/bdanglot/workspace/icst-2019/september-2018/dataset/xwiki-commons/xwiki-commons-core/xwiki-commons-extension/xwiki-commons-extension-api/target/clover/src-instrumented/org/xwiki/extension/repository/internal/CollectionExtensionPropertySerializer.java:[79,57] unchecked cast
  required: C
  found:    java.util.ArrayList
[[1;33mWARNING[m] /home/bdanglot/workspace/icst-2019/september-2018/dataset/xwiki-commons/xwiki-commons-core/xwiki-commons-extension/xwiki-commons-extension-api/target/clover/src-instrumented/org/xwiki/extension/repository/internal/CollectionExtensionPropertySerializer.java:[88,62] found raw type: org.xwiki.extension.repository.internal.ExtensionPropertySerializer
  missing type arguments for generic class org.xwiki.extension.repository.internal.ExtensionPropertySerializer<T>
[[1;33mWARNING[m] /home/bdanglot/workspace/icst-2019/september-2018/dataset/xwiki-commons/xwiki-commons-core/xwiki-commons-extension/xwiki-commons-extension-api/target/clover/src-instrumented/org/xwiki/extension/repository/internal/CollectionExtensionPropertySerializer.java:[96,83] unchecked cast
  required: T
  found:    capture#1 of ?
[[1;33mWARNING[m] /home/bdanglot/workspace/icst-2019/september-2018/dataset/xwiki-commons/xwiki-commons-core/xwiki-commons-extension/xwiki-commons-extension-api/target/clover/src-instrumented/org/xwiki/extension/repository/internal/CollectionExtensionPropertySerializer.java:[109,23] found raw type: org.xwiki.extension.repository.internal.ExtensionPropertySerializer
  missing type arguments for generic class org.xwiki.extension.repository.internal.ExtensionPropertySerializer<T>
[[1;33mWARNING[m] /home/bdanglot/workspace/icst-2019/september-2018/dataset/xwiki-commons/xwiki-commons-core/xwiki-commons-extension/xwiki-commons-extension-api/target/clover/src-instrumented/org/xwiki/extension/repository/internal/CollectionExtensionPropertySerializer.java:[108,19] found raw type: org.xwiki.extension.repository.internal.ExtensionPropertySerializer
  missing type arguments for generic class org.xwiki.extension.repository.internal.ExtensionPropertySerializer<T>
[[1;33mWARNING[m] /home/bdanglot/workspace/icst-2019/september-2018/dataset/xwiki-commons/xwiki-commons-core/xwiki-commons-extension/xwiki-commons-extension-api/target/clover/src-instrumented/org/xwiki/extension/repository/internal/CollectionExtensionPropertySerializer.java:[111,71] found raw type: org.xwiki.extension.repository.internal.ExtensionPropertySerializer
  missing type arguments for generic class org.xwiki.extension.repository.internal.ExtensionPropertySerializer<T>
[[1;33mWARNING[m] /home/bdanglot/workspace/icst-2019/september-2018/dataset/xwiki-commons/xwiki-commons-core/xwiki-commons-extension/xwiki-commons-extension-api/target/clover/src-instrumented/org/xwiki/extension/repository/internal/CollectionExtensionPropertySerializer.java:[128,23] found raw type: org.xwiki.extension.repository.internal.ExtensionPropertySerializer
  missing type arguments for generic class org.xwiki.extension.repository.internal.ExtensionPropertySerializer<T>
[[1;33mWARNING[m] /home/bdanglot/workspace/icst-2019/september-2018/dataset/xwiki-commons/xwiki-commons-core/xwiki-commons-extension/xwiki-commons-extension-api/target/clover/src-instrumented/org/xwiki/extension/repository/internal/CollectionExtensionPropertySerializer.java:[131,50] found raw type: org.xwiki.extension.repository.internal.ExtensionPropertySerializer
  missing type arguments for generic class org.xwiki.extension.repository.internal.ExtensionPropertySerializer<T>
[[1;33mWARNING[m] /home/bdanglot/workspace/icst-2019/september-2018/dataset/xwiki-commons/xwiki-commons-core/xwiki-commons-extension/xwiki-commons-extension-api/target/clover/src-instrumented/org/xwiki/extension/repository/internal/CollectionExtensionPropertySerializer.java:[134,81] unchecked call to toElement(org.w3c.dom.Document,java.lang.String,T) as a member of the raw type org.xwiki.extension.repository.internal.ExtensionPropertySerializer
[[1;33mWARNING[m] /home/bdanglot/workspace/icst-2019/september-2018/dataset/xwiki-commons/xwiki-commons-core/xwiki-commons-extension/xwiki-commons-extension-api/target/clover/src-instrumented/org/xwiki/extension/repository/internal/CollectionExtensionPropertySerializer.java:[157,72] unchecked call to add(E) as a member of the raw type java.util.Collection
[[1;33mWARNING[m] /home/bdanglot/workspace/icst-2019/september-2018/dataset/xwiki-commons/xwiki-commons-core/xwiki-commons-extension/xwiki-commons-extension-api/target/clover/src-instrumented/org/xwiki/extension/job/internal/AbstractInstallPlanJob.java:[120,66] unchecked conversion
  required: java.util.Collection<org.xwiki.extension.job.plan.ExtensionPlanNode>
  found:    java.util.Collection
[[1;33mWARNING[m] /home/bdanglot/workspace/icst-2019/september-2018/dataset/xwiki-commons/xwiki-commons-core/xwiki-commons-extension/xwiki-commons-extension-api/target/clover/src-instrumented/org/xwiki/extension/repository/internal/core/MavenCoreExtension.java:[33,73] org.xwiki.extension.repository.internal.MavenExtension in org.xwiki.extension.repository.internal has been deprecated
[[1;33mWARNING[m] /home/bdanglot/workspace/icst-2019/september-2018/dataset/xwiki-commons/xwiki-commons-core/xwiki-commons-extension/xwiki-commons-extension-api/target/clover/src-instrumented/org/xwiki/extension/AbstractRatingExtension.java:[79,62] unchecked cast
  required: T
  found:    java.lang.Float
[[1;33mWARNING[m] /home/bdanglot/workspace/icst-2019/september-2018/dataset/xwiki-commons/xwiki-commons-core/xwiki-commons-extension/xwiki-commons-extension-api/target/clover/src-instrumented/org/xwiki/extension/AbstractRatingExtension.java:[81,62] unchecked cast
  required: T
  found:    java.lang.Integer
[[1;33mWARNING[m] /home/bdanglot/workspace/icst-2019/september-2018/dataset/xwiki-commons/xwiki-commons-core/xwiki-commons-extension/xwiki-commons-extension-api/target/clover/src-instrumented/org/xwiki/extension/internal/DefaultExtensionManagerConfiguration.java:[197,46] getRepositories() in org.xwiki.extension.ExtensionManagerConfiguration has been deprecated
[[1;33mWARNING[m] /home/bdanglot/workspace/icst-2019/september-2018/dataset/xwiki-commons/xwiki-commons-core/xwiki-commons-extension/xwiki-commons-extension-api/target/clover/src-instrumented/org/xwiki/extension/internal/DefaultExtensionManagerConfiguration.java:[197,23] org.xwiki.extension.repository.ExtensionRepositoryId in org.xwiki.extension.repository has been deprecated
[[1;33mWARNING[m] /home/bdanglot/workspace/icst-2019/september-2018/dataset/xwiki-commons/xwiki-commons-core/xwiki-commons-extension/xwiki-commons-extension-api/target/clover/src-instrumented/org/xwiki/extension/internal/DefaultExtensionManagerConfiguration.java:[199,54] org.xwiki.extension.repository.ExtensionRepositoryId in org.xwiki.extension.repository has been deprecated
[[1;33mWARNING[m] /home/bdanglot/workspace/icst-2019/september-2018/dataset/xwiki-commons/xwiki-commons-core/xwiki-commons-extension/xwiki-commons-extension-api/target/clover/src-instrumented/org/xwiki/extension/internal/DefaultExtensionManagerConfiguration.java:[199,106] org.xwiki.extension.repository.ExtensionRepositoryId in org.xwiki.extension.repository has been deprecated
[[1;33mWARNING[m] /home/bdanglot/workspace/icst-2019/september-2018/dataset/xwiki-commons/xwiki-commons-core/xwiki-commons-extension/xwiki-commons-extension-api/target/clover/src-instrumented/org/xwiki/extension/internal/DefaultExtensionManagerConfiguration.java:[202,68] org.xwiki.extension.repository.ExtensionRepositoryId in org.xwiki.extension.repository has been deprecated
[[1;33mWARNING[m] /home/bdanglot/workspace/icst-2019/september-2018/dataset/xwiki-commons/xwiki-commons-core/xwiki-commons-extension/xwiki-commons-extension-api/target/clover/src-instrumented/org/xwiki/extension/wrap/WrappingExtension.java:[43,61] org.xwiki.extension.wrap.AbstractWrappingObject in org.xwiki.extension.wrap has been deprecated
[[1;33mWARNING[m] /home/bdanglot/workspace/icst-2019/september-2018/dataset/xwiki-commons/xwiki-commons-core/xwiki-commons-extension/xwiki-commons-extension-api/target/clover/src-instrumented/org/xwiki/extension/wrap/WrappingInstalledExtension.java:[77,20] isDependency() in org.xwiki.extension.InstalledExtension has been deprecated
[[1;33mWARNING[m] /home/bdanglot/workspace/icst-2019/september-2018/dataset/xwiki-commons/xwiki-commons-core/xwiki-commons-extension/xwiki-commons-extension-api/target/clover/src-instrumented/org/xwiki/extension/wrap/WrappingInstalledExtension.java:[79,65] isDependency() in org.xwiki.extension.InstalledExtension has been deprecated
[[1;33mWARNING[m] /home/bdanglot/workspace/icst-2019/september-2018/dataset/xwiki-commons/xwiki-commons-core/xwiki-commons-extension/xwiki-commons-extension-api/target/clover/src-instrumented/org/xwiki/extension/job/history/internal/ExtensionJobHistoryRecorder.java:[108,81] org.xwiki.job.internal.AbstractJobStatus in org.xwiki.job.internal has been deprecated
[[1;33mWARNING[m] /home/bdanglot/workspace/icst-2019/september-2018/dataset/xwiki-commons/xwiki-commons-core/xwiki-commons-extension/xwiki-commons-extension-api/target/clover/src-instrumented/org/xwiki/extension/job/history/internal/ExtensionJobHistoryRecorder.java:[108,112] org.xwiki.job.internal.AbstractJobStatus in org.xwiki.job.internal has been deprecated
[[1;33mWARNING[m] /home/bdanglot/workspace/icst-2019/september-2018/dataset/xwiki-commons/xwiki-commons-core/xwiki-commons-extension/xwiki-commons-extension-api/target/clover/src-instrumented/org/xwiki/extension/job/history/internal/ExtensionJobHistoryRecorder.java:[119,24] org.xwiki.job.internal.AbstractJobStatus in org.xwiki.job.internal has been deprecated
[[1;33mWARNING[m] /home/bdanglot/workspace/icst-2019/september-2018/dataset/xwiki-commons/xwiki-commons-core/xwiki-commons-extension/xwiki-commons-extension-api/target/clover/src-instrumented/org/xwiki/extension/repository/AbstractExtensionRepositorySource.java:[40,46] getExtensionRepositories() in org.xwiki.extension.repository.ExtensionRepositorySource has been deprecated
[[1;33mWARNING[m] /home/bdanglot/workspace/icst-2019/september-2018/dataset/xwiki-commons/xwiki-commons-core/xwiki-commons-extension/xwiki-commons-extension-api/target/clover/src-instrumented/org/xwiki/extension/repository/AbstractExtensionRepositorySource.java:[40,23] org.xwiki.extension.repository.ExtensionRepositoryId in org.xwiki.extension.repository has been deprecated
[[1;33mWARNING[m] /home/bdanglot/workspace/icst-2019/september-2018/dataset/xwiki-commons/xwiki-commons-core/xwiki-commons-extension/xwiki-commons-extension-api/target/clover/src-instrumented/org/xwiki/extension/repository/AbstractExtensionRepositorySource.java:[42,57] org.xwiki.extension.repository.ExtensionRepositoryId in org.xwiki.extension.repository has been deprecated
[[1;33mWARNING[m] /home/bdanglot/workspace/icst-2019/september-2018/dataset/xwiki-commons/xwiki-commons-core/xwiki-commons-extension/xwiki-commons-extension-api/target/clover/src-instrumented/org/xwiki/extension/repository/AbstractExtensionRepositorySource.java:[42,109] org.xwiki.extension.repository.ExtensionRepositoryId in org.xwiki.extension.repository has been deprecated
[[1;33mWARNING[m] /home/bdanglot/workspace/icst-2019/september-2018/dataset/xwiki-commons/xwiki-commons-core/xwiki-commons-extension/xwiki-commons-extension-api/target/clover/src-instrumented/org/xwiki/extension/repository/AbstractExtensionRepositorySource.java:[45,71] org.xwiki.extension.repository.ExtensionRepositoryId in org.xwiki.extension.repository has been deprecated
[[1;33mWARNING[m] /home/bdanglot/workspace/icst-2019/september-2018/dataset/xwiki-commons/xwiki-commons-core/xwiki-commons-extension/xwiki-commons-extension-api/target/clover/src-instrumented/org/xwiki/extension/internal/ExtensionUtils.java:[137,54] unchecked conversion
  required: java.util.Collection<java.lang.String>
  found:    java.util.Collection
[[1;33mWARNING[m] /home/bdanglot/workspace/icst-2019/september-2018/dataset/xwiki-commons/xwiki-commons-core/xwiki-commons-extension/xwiki-commons-extension-api/target/clover/src-instrumented/org/xwiki/extension/internal/converter/ExtensionIdConverter.java:[157,27] convertToType(java.lang.reflect.Type,java.lang.Object) in org.xwiki.extension.internal.converter.ExtensionIdConverter overrides <G>convertToType(java.lang.reflect.Type,java.lang.Object) in org.xwiki.properties.converter.AbstractConverter
  return type requires unchecked conversion from org.xwiki.extension.ExtensionId to G
[[1;33mWARNING[m] /home/bdanglot/workspace/icst-2019/september-2018/dataset/xwiki-commons/xwiki-commons-core/xwiki-commons-extension/xwiki-commons-extension-api/target/clover/src-instrumented/org/xwiki/extension/repository/internal/DefaultExtensionSerializer.java:[185,27] found raw type: org.xwiki.extension.repository.internal.ExtensionPropertySerializer
  missing type arguments for generic class org.xwiki.extension.repository.internal.ExtensionPropertySerializer<T>
[[1;33mWARNING[m] /home/bdanglot/workspace/icst-2019/september-2018/dataset/xwiki-commons/xwiki-commons-core/xwiki-commons-extension/xwiki-commons-extension-api/target/clover/src-instrumented/org/xwiki/extension/repository/internal/DefaultExtensionSerializer.java:[187,29] found raw type: org.xwiki.extension.repository.internal.ExtensionPropertySerializer
  missing type arguments for generic class org.xwiki.extension.repository.internal.ExtensionPropertySerializer<T>
[[1;33mWARNING[m] /home/bdanglot/workspace/icst-2019/september-2018/dataset/xwiki-commons/xwiki-commons-core/xwiki-commons-extension/xwiki-commons-extension-api/target/clover/src-instrumented/org/xwiki/extension/repository/internal/DefaultExtensionSerializer.java:[191,92] found raw type: org.xwiki.extension.repository.internal.ExtensionPropertySerializer
  missing type arguments for generic class org.xwiki.extension.repository.internal.ExtensionPropertySerializer<T>
[[1;33mWARNING[m] /home/bdanglot/workspace/icst-2019/september-2018/dataset/xwiki-commons/xwiki-commons-core/xwiki-commons-extension/xwiki-commons-extension-api/target/clover/src-instrumented/org/xwiki/extension/repository/internal/DefaultExtensionSerializer.java:[192,103] found raw type: org.xwiki.extension.repository.internal.ExtensionPropertySerializer
  missing type arguments for generic class org.xwiki.extension.repository.internal.ExtensionPropertySerializer<T>
[[1;33mWARNING[m] /home/bdanglot/workspace/icst-2019/september-2018/dataset/xwiki-commons/xwiki-commons-core/xwiki-commons-extension/xwiki-commons-extension-api/target/clover/src-instrumented/org/xwiki/extension/repository/internal/DefaultExtensionSerializer.java:[199,50] found raw type: org.xwiki.extension.repository.internal.CollectionExtensionPropertySerializer
  missing type arguments for generic class org.xwiki.extension.repository.internal.CollectionExtensionPropertySerializer<C>
[[1;33mWARNING[m] /home/bdanglot/workspace/icst-2019/september-2018/dataset/xwiki-commons/xwiki-commons-core/xwiki-commons-extension/xwiki-commons-extension-api/target/clover/src-instrumented/org/xwiki/extension/repository/internal/DefaultExtensionSerializer.java:[200,21] found raw type: org.xwiki.extension.repository.internal.CollectionExtensionPropertySerializer
  missing type arguments for generic class org.xwiki.extension.repository.internal.CollectionExtensionPropertySerializer<C>
[[1;33mWARNING[m] /home/bdanglot/workspace/icst-2019/september-2018/dataset/xwiki-commons/xwiki-commons-core/xwiki-commons-extension/xwiki-commons-extension-api/target/clover/src-instrumented/org/xwiki/extension/repository/internal/DefaultExtensionSerializer.java:[200,17] unchecked call to CollectionExtensionPropertySerializer(java.util.Map<java.lang.String,org.xwiki.extension.repository.internal.ExtensionPropertySerializer>,java.util.Map<java.lang.Class<?>,org.xwiki.extension.repository.internal.ExtensionPropertySerializer>) as a member of the raw type org.xwiki.extension.repository.internal.CollectionExtensionPropertySerializer
[[1;33mWARNING[m] /home/bdanglot/workspace/icst-2019/september-2018/dataset/xwiki-commons/xwiki-commons-core/xwiki-commons-extension/xwiki-commons-extension-api/target/clover/src-instrumented/org/xwiki/extension/repository/internal/DefaultExtensionSerializer.java:[203,50] found raw type: org.xwiki.extension.repository.internal.StringKeyMapExtensionPropertySerializer
  missing type arguments for generic class org.xwiki.extension.repository.internal.StringKeyMapExtensionPropertySerializer<M>
[[1;33mWARNING[m] /home/bdanglot/workspace/icst-2019/september-2018/dataset/xwiki-commons/xwiki-commons-core/xwiki-commons-extension/xwiki-commons-extension-api/target/clover/src-instrumented/org/xwiki/extension/repository/internal/DefaultExtensionSerializer.java:[204,21] found raw type: org.xwiki.extension.repository.internal.StringKeyMapExtensionPropertySerializer
  missing type arguments for generic class org.xwiki.extension.repository.internal.StringKeyMapExtensionPropertySerializer<M>
[[1;33mWARNING[m] /home/bdanglot/workspace/icst-2019/september-2018/dataset/xwiki-commons/xwiki-commons-core/xwiki-commons-extension/xwiki-commons-extension-api/target/clover/src-instrumented/org/xwiki/extension/repository/internal/DefaultExtensionSerializer.java:[204,17] unchecked call to StringKeyMapExtensionPropertySerializer(java.util.Map<java.lang.String,org.xwiki.extension.repository.internal.ExtensionPropertySerializer>,java.util.Map<java.lang.Class<?>,org.xwiki.extension.repository.internal.ExtensionPropertySerializer>) as a member of the raw type org.xwiki.extension.repository.internal.StringKeyMapExtensionPropertySerializer
[[1;33mWARNING[m] /home/bdanglot/workspace/icst-2019/september-2018/dataset/xwiki-commons/xwiki-commons-core/xwiki-commons-extension/xwiki-commons-extension-api/target/clover/src-instrumented/org/xwiki/extension/repository/internal/DefaultExtensionSerializer.java:[397,63] setFeatures(java.util.Collection<java.lang.String>) in org.xwiki.extension.AbstractExtension has been deprecated
[[1;34mINFO[m] /home/bdanglot/workspace/icst-2019/september-2018/dataset/xwiki-commons/xwiki-commons-core/xwiki-commons-extension/xwiki-commons-extension-api/target/clover/src-instrumented/org/xwiki/extension/repository/AbstractExtensionRepositoryFactory.java: /home/bdanglot/workspace/icst-2019/september-2018/dataset/xwiki-commons/xwiki-commons-core/xwiki-commons-extension/xwiki-commons-extension-api/target/clover/src-instrumented/org/xwiki/extension/repository/AbstractExtensionRepositoryFactory.java uses or overrides a deprecated API.
[[1;34mINFO[m] /home/bdanglot/workspace/icst-2019/september-2018/dataset/xwiki-commons/xwiki-commons-core/xwiki-commons-extension/xwiki-commons-extension-api/target/clover/src-instrumented/org/xwiki/extension/repository/internal/DefaultExtensionRepositoryManager.java: Some input files additionally use unchecked or unsafe operations.
[[1;34mINFO[m] 
[[1;34mINFO[m] [1m--- [0;32mmaven-bundle-plugin:2.5.3:manifest[m [1m(bundle-manifest)[m @ [36mxwiki-commons-extension-api[0;1m ---[m
[[1;34mINFO[m] 
[[1;34mINFO[m] [1m--- [0;32mmaven-resources-plugin:3.0.1:testResources[m [1m(default-testResources)[m @ [36mxwiki-commons-extension-api[0;1m ---[m
[[1;34mINFO[m] Using 'UTF-8' encoding to copy filtered resources.
[[1;34mINFO[m] Copying 83 resources
[[1;34mINFO[m] Copying 2 resources
[[1;34mINFO[m] 
[[1;34mINFO[m] [1m--- [0;32mmaven-compiler-plugin:3.5.1:testCompile[m [1m(default-testCompile)[m @ [36mxwiki-commons-extension-api[0;1m ---[m
[[1;34mINFO[m] Changes detected - recompiling the module!
[[1;34mINFO[m] Compiling 40 source files to /home/bdanglot/workspace/icst-2019/september-2018/dataset/xwiki-commons/xwiki-commons-core/xwiki-commons-extension/xwiki-commons-extension-api/target/test-classes
[[1;33mWARNING[m] /home/bdanglot/workspace/icst-2019/september-2018/dataset/xwiki-commons/xwiki-commons-core/xwiki-commons-extension/xwiki-commons-extension-api/target/clover/src-test-instrumented/org/xwiki/extension/internal/DefaultExtensionManagerConfigurationTest.java:[37,22] org.xwiki.test.LogRule in org.xwiki.test has been deprecated
[[1;33mWARNING[m] /home/bdanglot/workspace/icst-2019/september-2018/dataset/xwiki-commons/xwiki-commons-core/xwiki-commons-extension/xwiki-commons-extension-api/target/clover/src-test-instrumented/org/xwiki/extension/internal/DefaultExtensionManagerConfigurationTest.java:[54,18] org.xwiki.test.LogRule in org.xwiki.test has been deprecated
[[1;33mWARNING[m] /home/bdanglot/workspace/icst-2019/september-2018/dataset/xwiki-commons/xwiki-commons-core/xwiki-commons-extension/xwiki-commons-extension-api/target/clover/src-test-instrumented/org/xwiki/extension/internal/DefaultExtensionManagerConfigurationTest.java:[54,43] org.xwiki.test.LogRule in org.xwiki.test has been deprecated
[[1;33mWARNING[m] /home/bdanglot/workspace/icst-2019/september-2018/dataset/xwiki-commons/xwiki-commons-core/xwiki-commons-extension/xwiki-commons-extension-api/target/clover/src-test-instrumented/org/xwiki/extension/test/AbstractExtensionHandlerTest.java:[247,116] unchecked cast
  required: org.xwiki.extension.job.plan.internal.DefaultExtensionPlan<org.xwiki.extension.job.UninstallRequest>
  found:    org.xwiki.job.event.status.JobStatus
[[1;33mWARNING[m] /home/bdanglot/workspace/icst-2019/september-2018/dataset/xwiki-commons/xwiki-commons-core/xwiki-commons-extension/xwiki-commons-extension-api/target/clover/src-test-instrumented/org/xwiki/extension/job/internal/InstallPlanJobTest.java:[71,70] getPreviousExtension() in org.xwiki.extension.job.plan.ExtensionPlanAction has been deprecated
[[1;33mWARNING[m] /home/bdanglot/workspace/icst-2019/september-2018/dataset/xwiki-commons/xwiki-commons-core/xwiki-commons-extension/xwiki-commons-extension-api/target/clover/src-test-instrumented/org/xwiki/extension/job/internal/InstallPlanJobTest.java:[93,80] getPreviousExtension() in org.xwiki.extension.job.plan.ExtensionPlanAction has been deprecated
[[1;33mWARNING[m] /home/bdanglot/workspace/icst-2019/september-2018/dataset/xwiki-commons/xwiki-commons-core/xwiki-commons-extension/xwiki-commons-extension-api/target/clover/src-test-instrumented/org/xwiki/extension/job/internal/InstallPlanJobTest.java:[101,80] getPreviousExtension() in org.xwiki.extension.job.plan.ExtensionPlanAction has been deprecated
[[1;33mWARNING[m] /home/bdanglot/workspace/icst-2019/september-2018/dataset/xwiki-commons/xwiki-commons-core/xwiki-commons-extension/xwiki-commons-extension-api/target/clover/src-test-instrumented/org/xwiki/extension/job/internal/InstallPlanJobTest.java:[117,80] getPreviousExtension() in org.xwiki.extension.job.plan.ExtensionPlanAction has been deprecated
[[1;33mWARNING[m] /home/bdanglot/workspace/icst-2019/september-2018/dataset/xwiki-commons/xwiki-commons-core/xwiki-commons-extension/xwiki-commons-extension-api/target/clover/src-test-instrumented/org/xwiki/extension/job/internal/InstallPlanJobTest.java:[126,80] getPreviousExtension() in org.xwiki.extension.job.plan.ExtensionPlanAction has been deprecated
[[1;33mWARNING[m] /home/bdanglot/workspace/icst-2019/september-2018/dataset/xwiki-commons/xwiki-commons-core/xwiki-commons-extension/xwiki-commons-extension-api/target/clover/src-test-instrumented/org/xwiki/extension/job/internal/InstallPlanJobTest.java:[141,80] getPreviousExtension() in org.xwiki.extension.job.plan.ExtensionPlanAction has been deprecated
[[1;33mWARNING[m] /home/bdanglot/workspace/icst-2019/september-2018/dataset/xwiki-commons/xwiki-commons-core/xwiki-commons-extension/xwiki-commons-extension-api/target/clover/src-test-instrumented/org/xwiki/extension/job/internal/InstallPlanJobTest.java:[150,80] getPreviousExtension() in org.xwiki.extension.job.plan.ExtensionPlanAction has been deprecated
[[1;33mWARNING[m] /home/bdanglot/workspace/icst-2019/september-2018/dataset/xwiki-commons/xwiki-commons-core/xwiki-commons-extension/xwiki-commons-extension-api/target/clover/src-test-instrumented/org/xwiki/extension/job/internal/InstallPlanJobTest.java:[172,107] getPreviousExtension() in org.xwiki.extension.job.plan.ExtensionPlanAction has been deprecated
[[1;33mWARNING[m] /home/bdanglot/workspace/icst-2019/september-2018/dataset/xwiki-commons/xwiki-commons-core/xwiki-commons-extension/xwiki-commons-extension-api/target/clover/src-test-instrumented/org/xwiki/extension/job/internal/InstallPlanJobTest.java:[202,100] getPreviousExtension() in org.xwiki.extension.job.plan.ExtensionPlanAction has been deprecated
[[1;33mWARNING[m] /home/bdanglot/workspace/icst-2019/september-2018/dataset/xwiki-commons/xwiki-commons-core/xwiki-commons-extension/xwiki-commons-extension-api/target/clover/src-test-instrumented/org/xwiki/extension/job/internal/InstallPlanJobTest.java:[210,111] getPreviousExtension() in org.xwiki.extension.job.plan.ExtensionPlanAction has been deprecated
[[1;33mWARNING[m] /home/bdanglot/workspace/icst-2019/september-2018/dataset/xwiki-commons/xwiki-commons-core/xwiki-commons-extension/xwiki-commons-extension-api/target/clover/src-test-instrumented/org/xwiki/extension/job/internal/InstallPlanJobTest.java:[237,115] getPreviousExtension() in org.xwiki.extension.job.plan.ExtensionPlanAction has been deprecated
[[1;33mWARNING[m] /home/bdanglot/workspace/icst-2019/september-2018/dataset/xwiki-commons/xwiki-commons-core/xwiki-commons-extension/xwiki-commons-extension-api/target/clover/src-test-instrumented/org/xwiki/extension/job/internal/InstallPlanJobTest.java:[249,115] getPreviousExtension() in org.xwiki.extension.job.plan.ExtensionPlanAction has been deprecated
[[1;33mWARNING[m] /home/bdanglot/workspace/icst-2019/september-2018/dataset/xwiki-commons/xwiki-commons-core/xwiki-commons-extension/xwiki-commons-extension-api/target/clover/src-test-instrumented/org/xwiki/extension/job/internal/InstallPlanJobTest.java:[272,107] getPreviousExtension() in org.xwiki.extension.job.plan.ExtensionPlanAction has been deprecated
[[1;33mWARNING[m] /home/bdanglot/workspace/icst-2019/september-2018/dataset/xwiki-commons/xwiki-commons-core/xwiki-commons-extension/xwiki-commons-extension-api/target/clover/src-test-instrumented/org/xwiki/extension/job/internal/InstallPlanJobTest.java:[295,107] getPreviousExtension() in org.xwiki.extension.job.plan.ExtensionPlanAction has been deprecated
[[1;33mWARNING[m] /home/bdanglot/workspace/icst-2019/september-2018/dataset/xwiki-commons/xwiki-commons-core/xwiki-commons-extension/xwiki-commons-extension-api/target/clover/src-test-instrumented/org/xwiki/extension/job/internal/InstallPlanJobTest.java:[326,107] getPreviousExtension() in org.xwiki.extension.job.plan.ExtensionPlanAction has been deprecated
[[1;33mWARNING[m] /home/bdanglot/workspace/icst-2019/september-2018/dataset/xwiki-commons/xwiki-commons-core/xwiki-commons-extension/xwiki-commons-extension-api/target/clover/src-test-instrumented/org/xwiki/extension/job/internal/InstallPlanJobTest.java:[415,80] getPreviousExtension() in org.xwiki.extension.job.plan.ExtensionPlanAction has been deprecated
[[1;33mWARNING[m] /home/bdanglot/workspace/icst-2019/september-2018/dataset/xwiki-commons/xwiki-commons-core/xwiki-commons-extension/xwiki-commons-extension-api/target/clover/src-test-instrumented/org/xwiki/extension/job/internal/InstallPlanJobTest.java:[496,107] getPreviousExtension() in org.xwiki.extension.job.plan.ExtensionPlanAction has been deprecated
[[1;33mWARNING[m] /home/bdanglot/workspace/icst-2019/september-2018/dataset/xwiki-commons/xwiki-commons-core/xwiki-commons-extension/xwiki-commons-extension-api/target/clover/src-test-instrumented/org/xwiki/extension/job/internal/InstallPlanJobTest.java:[544,119] getPreviousExtension() in org.xwiki.extension.job.plan.ExtensionPlanAction has been deprecated
[[1;33mWARNING[m] /home/bdanglot/workspace/icst-2019/september-2018/dataset/xwiki-commons/xwiki-commons-core/xwiki-commons-extension/xwiki-commons-extension-api/target/clover/src-test-instrumented/org/xwiki/extension/job/internal/InstallPlanJobTest.java:[553,113] getPreviousExtension() in org.xwiki.extension.job.plan.ExtensionPlanAction has been deprecated
[[1;33mWARNING[m] /home/bdanglot/workspace/icst-2019/september-2018/dataset/xwiki-commons/xwiki-commons-core/xwiki-commons-extension/xwiki-commons-extension-api/target/clover/src-test-instrumented/org/xwiki/extension/test/MockitoRepositoryUtils.java:[119,51] found raw type: org.xwiki.component.descriptor.ComponentDescriptor
  missing type arguments for generic class org.xwiki.component.descriptor.ComponentDescriptor<T>
[[1;33mWARNING[m] /home/bdanglot/workspace/icst-2019/september-2018/dataset/xwiki-commons/xwiki-commons-core/xwiki-commons-extension/xwiki-commons-extension-api/target/clover/src-test-instrumented/org/xwiki/extension/test/FileExtensionRepository.java:[50,8] getId() in org.xwiki.extension.repository.ExtensionRepository has been deprecated
[[1;33mWARNING[m] /home/bdanglot/workspace/icst-2019/september-2018/dataset/xwiki-commons/xwiki-commons-core/xwiki-commons-extension/xwiki-commons-extension-api/target/clover/src-test-instrumented/org/xwiki/extension/job/history/internal/AnswerReplayerTest.java:[48,94] unchecked conversion
  required: org.xwiki.extension.job.history.QuestionRecorder<java.lang.Object>
  found:    org.xwiki.extension.job.history.QuestionRecorder
[[1;33mWARNING[m] /home/bdanglot/workspace/icst-2019/september-2018/dataset/xwiki-commons/xwiki-commons-core/xwiki-commons-extension/xwiki-commons-extension-api/target/clover/src-test-instrumented/org/xwiki/extension/test/ResourceExtensionRepository.java:[45,8] getId() in org.xwiki.extension.repository.ExtensionRepository has been deprecated
[[1;33mWARNING[m] /home/bdanglot/workspace/icst-2019/september-2018/dataset/xwiki-commons/xwiki-commons-core/xwiki-commons-extension/xwiki-commons-extension-api/target/clover/src-test-instrumented/org/xwiki/extension/repository/local/DefaultExtensionSerializerTest.java:[79,97] getFeatures() in org.xwiki.extension.AbstractExtension has been deprecated
[[1;33mWARNING[m] /home/bdanglot/workspace/icst-2019/september-2018/dataset/xwiki-commons/xwiki-commons-core/xwiki-commons-extension/xwiki-commons-extension-api/target/clover/src-test-instrumented/org/xwiki/extension/repository/local/DefaultExtensionSerializerTest.java:[80,56] getFeatures() in org.xwiki.extension.AbstractExtension has been deprecated
[[1;33mWARNING[m] /home/bdanglot/workspace/icst-2019/september-2018/dataset/xwiki-commons/xwiki-commons-core/xwiki-commons-extension/xwiki-commons-extension-api/target/clover/src-test-instrumented/org/xwiki/extension/repository/local/DefaultExtensionSerializerTest.java:[141,55] addFeature(java.lang.String) in org.xwiki.extension.AbstractExtension has been deprecated
[[1;33mWARNING[m] /home/bdanglot/workspace/icst-2019/september-2018/dataset/xwiki-commons/xwiki-commons-core/xwiki-commons-extension/xwiki-commons-extension-api/target/clover/src-test-instrumented/org/xwiki/extension/job/history/internal/ExtensionJobHistoryRecorderTest.java:[82,94] unchecked conversion
  required: org.xwiki.job.DefaultJobStatus<org.xwiki.extension.job.ExtensionRequest>
  found:    org.xwiki.job.DefaultJobStatus
[[1;33mWARNING[m] /home/bdanglot/workspace/icst-2019/september-2018/dataset/xwiki-commons/xwiki-commons-core/xwiki-commons-extension/xwiki-commons-extension-api/target/clover/src-test-instrumented/org/xwiki/extension/repository/installed/DefaultInstalledExtensionTest.java:[83,88] isDependency() in org.xwiki.extension.repository.internal.installed.DefaultInstalledExtension has been deprecated
[[1;33mWARNING[m] /home/bdanglot/workspace/icst-2019/september-2018/dataset/xwiki-commons/xwiki-commons-core/xwiki-commons-extension/xwiki-commons-extension-api/target/clover/src-test-instrumented/org/xwiki/extension/repository/installed/DefaultInstalledExtensionTest.java:[88,88] isDependency() in org.xwiki.extension.repository.internal.installed.DefaultInstalledExtension has been deprecated
[[1;33mWARNING[m] /home/bdanglot/workspace/icst-2019/september-2018/dataset/xwiki-commons/xwiki-commons-core/xwiki-commons-extension/xwiki-commons-extension-api/target/clover/src-test-instrumented/org/xwiki/extension/repository/installed/DefaultInstalledExtensionTest.java:[93,87] isDependency() in org.xwiki.extension.repository.internal.installed.DefaultInstalledExtension has been deprecated
[[1;33mWARNING[m] /home/bdanglot/workspace/icst-2019/september-2018/dataset/xwiki-commons/xwiki-commons-core/xwiki-commons-extension/xwiki-commons-extension-api/target/clover/src-test-instrumented/org/xwiki/extension/repository/installed/DefaultInstalledExtensionRepositoryTest.java:[262,44] getFeatures() in org.xwiki.extension.Extension has been deprecated
[[1;33mWARNING[m] /home/bdanglot/workspace/icst-2019/september-2018/dataset/xwiki-commons/xwiki-commons-core/xwiki-commons-extension/xwiki-commons-extension-api/target/clover/src-test-instrumented/org/xwiki/extension/repository/installed/DefaultInstalledExtensionRepositoryTest.java:[418,9] serializable class <anonymous org.xwiki.extension.repository.installed.DefaultInstalledExtensionRepositoryTest$1> has no definition of serialVersionUID
[[1;34mINFO[m] 
[[1;34mINFO[m] [1m--- [0;32mmaven-surefire-plugin:2.19.1:test[m [1m(default-test)[m @ [36mxwiki-commons-extension-api[0;1m ---[m

-------------------------------------------------------
 T E S T S
-------------------------------------------------------
Running org.xwiki.extension.job.history.internal.DefaultExtensionJobHistoryTest
Tests run: 1, Failures: 0, Errors: 0, Skipped: 0, Time elapsed: 0.507 sec - in org.xwiki.extension.job.history.internal.DefaultExtensionJobHistoryTest
Running org.xwiki.extension.job.history.internal.CompositeReaderTest
Tests run: 2, Failures: 0, Errors: 0, Skipped: 0, Time elapsed: 0.011 sec - in org.xwiki.extension.job.history.internal.CompositeReaderTest
Running org.xwiki.extension.job.history.internal.AnswerReplayerTest
Tests run: 1, Failures: 0, Errors: 0, Skipped: 0, Time elapsed: 0.027 sec - in org.xwiki.extension.job.history.internal.AnswerReplayerTest
Running org.xwiki.extension.job.history.internal.ExtensionJobHistoryRecorderTest
Tests run: 1, Failures: 0, Errors: 0, Skipped: 0, Time elapsed: 0.036 sec - in org.xwiki.extension.job.history.internal.ExtensionJobHistoryRecorderTest
Running org.xwiki.extension.job.history.internal.ReplayJobTest
Tests run: 2, Failures: 0, Errors: 0, Skipped: 0, Time elapsed: 0.049 sec - in org.xwiki.extension.job.history.internal.ReplayJobTest
Running org.xwiki.extension.job.internal.InstallPlanJobTest
12:21:24.105 [main] WARN  o.x.e.r.i.i.DefaultInstalledExtensionRepository - Invalid extension [installedextensioninvalid-version] (InvalidExtensionException: No compatible extension is installed for dependency [invaliddependency-version])
12:21:24.111 [main] WARN  o.x.e.r.i.i.DefaultInstalledExtensionRepository - Invalid extension [installedwithmissingdependency-version] (InvalidExtensionException: No compatible extension is installed for dependency [missingdependency-version])
12:21:24.449 [main] WARN  o.x.e.r.i.i.DefaultInstalledExtensionRepository - Invalid extension [installedextensioninvalid-version] (InvalidExtensionException: No compatible extension is installed for dependency [invaliddependency-version])
12:21:24.450 [main] WARN  o.x.e.r.i.i.DefaultInstalledExtensionRepository - Invalid extension [installedwithmissingdependency-version] (InvalidExtensionException: No compatible extension is installed for dependency [missingdependency-version])
12:21:24.599 [main] WARN  o.x.e.r.i.i.DefaultInstalledExtensionRepository - Invalid extension [installedextensioninvalid-version] (InvalidExtensionException: No compatible extension is installed for dependency [invaliddependency-version])
12:21:24.600 [main] WARN  o.x.e.r.i.i.DefaultInstalledExtensionRepository - Invalid extension [installedwithmissingdependency-version] (InvalidExtensionException: No compatible extension is installed for dependency [missingdependency-version])
12:21:24.765 [main] WARN  o.x.e.r.i.i.DefaultInstalledExtensionRepository - Invalid extension [installedextensioninvalid-version] (InvalidExtensionException: No compatible extension is installed for dependency [invaliddependency-version])
12:21:24.767 [main] WARN  o.x.e.r.i.i.DefaultInstalledExtensionRepository - Invalid extension [installedwithmissingdependency-version] (InvalidExtensionException: No compatible extension is installed for dependency [missingdependency-version])
12:21:24.923 [main] WARN  o.x.e.r.i.i.DefaultInstalledExtensionRepository - Invalid extension [installedextensioninvalid-version] (InvalidExtensionException: No compatible extension is installed for dependency [invaliddependency-version])
12:21:24.924 [main] WARN  o.x.e.r.i.i.DefaultInstalledExtensionRepository - Invalid extension [installedwithmissingdependency-version] (InvalidExtensionException: No compatible extension is installed for dependency [missingdependency-version])
12:21:25.084 [main] WARN  o.x.e.r.i.i.DefaultInstalledExtensionRepository - Invalid extension [installedextensioninvalid-version] (InvalidExtensionException: No compatible extension is installed for dependency [invaliddependency-version])
12:21:25.085 [main] WARN  o.x.e.r.i.i.DefaultInstalledExtensionRepository - Invalid extension [installedwithmissingdependency-version] (InvalidExtensionException: No compatible extension is installed for dependency [missingdependency-version])
12:21:25.237 [main] WARN  o.x.e.r.i.i.DefaultInstalledExtensionRepository - Invalid extension [installedextensioninvalid-version] (InvalidExtensionException: No compatible extension is installed for dependency [invaliddependency-version])
12:21:25.238 [main] WARN  o.x.e.r.i.i.DefaultInstalledExtensionRepository - Invalid extension [installedwithmissingdependency-version] (InvalidExtensionException: No compatible extension is installed for dependency [missingdependency-version])
12:21:25.385 [main] WARN  o.x.e.r.i.i.DefaultInstalledExtensionRepository - Invalid extension [installedextensioninvalid-version] (InvalidExtensionException: No compatible extension is installed for dependency [invaliddependency-version])
12:21:25.386 [main] WARN  o.x.e.r.i.i.DefaultInstalledExtensionRepository - Invalid extension [installedwithmissingdependency-version] (InvalidExtensionException: No compatible extension is installed for dependency [missingdependency-version])
12:21:25.517 [main] WARN  o.x.e.r.i.i.DefaultInstalledExtensionRepository - Invalid extension [installedextensioninvalid-version] (InvalidExtensionException: No compatible extension is installed for dependency [invaliddependency-version])
12:21:25.518 [main] WARN  o.x.e.r.i.i.DefaultInstalledExtensionRepository - Invalid extension [installedwithmissingdependency-version] (InvalidExtensionException: No compatible extension is installed for dependency [missingdependency-version])
12:21:25.653 [main] WARN  o.x.e.r.i.i.DefaultInstalledExtensionRepository - Invalid extension [installedextensioninvalid-version] (InvalidExtensionException: No compatible extension is installed for dependency [invaliddependency-version])
12:21:25.654 [main] WARN  o.x.e.r.i.i.DefaultInstalledExtensionRepository - Invalid extension [installedwithmissingdependency-version] (InvalidExtensionException: No compatible extension is installed for dependency [missingdependency-version])
12:21:25.778 [main] WARN  o.x.e.r.i.i.DefaultInstalledExtensionRepository - Invalid extension [installedextensioninvalid-version] (InvalidExtensionException: No compatible extension is installed for dependency [invaliddependency-version])
12:21:25.779 [main] WARN  o.x.e.r.i.i.DefaultInstalledExtensionRepository - Invalid extension [installedwithmissingdependency-version] (InvalidExtensionException: No compatible extension is installed for dependency [missingdependency-version])
12:21:25.921 [main] WARN  o.x.e.r.i.i.DefaultInstalledExtensionRepository - Invalid extension [installedextensioninvalid-version] (InvalidExtensionException: No compatible extension is installed for dependency [invaliddependency-version])
12:21:25.922 [main] WARN  o.x.e.r.i.i.DefaultInstalledExtensionRepository - Invalid extension [installedwithmissingdependency-version] (InvalidExtensionException: No compatible extension is installed for dependency [missingdependency-version])
12:21:26.064 [main] WARN  o.x.e.r.i.i.DefaultInstalledExtensionRepository - Invalid extension [installedextensioninvalid-version] (InvalidExtensionException: No compatible extension is installed for dependency [invaliddependency-version])
12:21:26.064 [main] WARN  o.x.e.r.i.i.DefaultInstalledExtensionRepository - Invalid extension [installedwithmissingdependency-version] (InvalidExtensionException: No compatible extension is installed for dependency [missingdependency-version])
12:21:26.182 [main] WARN  o.x.e.r.i.i.DefaultInstalledExtensionRepository - Invalid extension [installedextensioninvalid-version] (InvalidExtensionException: No compatible extension is installed for dependency [invaliddependency-version])
12:21:26.183 [main] WARN  o.x.e.r.i.i.DefaultInstalledExtensionRepository - Invalid extension [installedwithmissingdependency-version] (InvalidExtensionException: No compatible extension is installed for dependency [missingdependency-version])
12:21:26.367 [main] WARN  o.x.e.r.i.i.DefaultInstalledExtensionRepository - Invalid extension [installedextensioninvalid-version] (InvalidExtensionException: No compatible extension is installed for dependency [invaliddependency-version])
12:21:26.369 [main] WARN  o.x.e.r.i.i.DefaultInstalledExtensionRepository - Invalid extension [installedwithmissingdependency-version] (InvalidExtensionException: No compatible extension is installed for dependency [missingdependency-version])
12:21:26.599 [main] WARN  o.x.e.r.i.i.DefaultInstalledExtensionRepository - Invalid extension [installedextensioninvalid-version] (InvalidExtensionException: No compatible extension is installed for dependency [invaliddependency-version])
12:21:26.603 [main] WARN  o.x.e.r.i.i.DefaultInstalledExtensionRepository - Invalid extension [installedwithmissingdependency-version] (InvalidExtensionException: No compatible extension is installed for dependency [missingdependency-version])
12:21:26.733 [main] WARN  o.x.e.r.i.i.DefaultInstalledExtensionRepository - Invalid extension [installedextensioninvalid-version] (InvalidExtensionException: No compatible extension is installed for dependency [invaliddependency-version])
12:21:26.734 [main] WARN  o.x.e.r.i.i.DefaultInstalledExtensionRepository - Invalid extension [installedwithmissingdependency-version] (InvalidExtensionException: No compatible extension is installed for dependency [missingdependency-version])
12:21:26.946 [main] WARN  o.x.e.r.i.i.DefaultInstalledExtensionRepository - Invalid extension [installedextensioninvalid-version] (InvalidExtensionException: No compatible extension is installed for dependency [invaliddependency-version])
12:21:26.947 [main] WARN  o.x.e.r.i.i.DefaultInstalledExtensionRepository - Invalid extension [installedwithmissingdependency-version] (InvalidExtensionException: No compatible extension is installed for dependency [missingdependency-version])
12:21:27.055 [main] WARN  o.x.e.r.i.i.DefaultInstalledExtensionRepository - Invalid extension [installedextensioninvalid-version] (InvalidExtensionException: No compatible extension is installed for dependency [invaliddependency-version])
12:21:27.055 [main] WARN  o.x.e.r.i.i.DefaultInstalledExtensionRepository - Invalid extension [installedwithmissingdependency-version] (InvalidExtensionException: No compatible extension is installed for dependency [missingdependency-version])
12:21:27.216 [main] WARN  o.x.e.r.i.i.DefaultInstalledExtensionRepository - Invalid extension [installedextensioninvalid-version] (InvalidExtensionException: No compatible extension is installed for dependency [invaliddependency-version])
12:21:27.217 [main] WARN  o.x.e.r.i.i.DefaultInstalledExtensionRepository - Invalid extension [installedwithmissingdependency-version] (InvalidExtensionException: No compatible extension is installed for dependency [missingdependency-version])
12:21:27.314 [main] WARN  o.x.e.r.i.i.DefaultInstalledExtensionRepository - Invalid extension [installedextensioninvalid-version] (InvalidExtensionException: No compatible extension is installed for dependency [invaliddependency-version])
12:21:27.315 [main] WARN  o.x.e.r.i.i.DefaultInstalledExtensionRepository - Invalid extension [installedwithmissingdependency-version] (InvalidExtensionException: No compatible extension is installed for dependency [missingdependency-version])
12:21:27.427 [main] WARN  o.x.e.r.i.i.DefaultInstalledExtensionRepository - Invalid extension [installedextensioninvalid-version] (InvalidExtensionException: No compatible extension is installed for dependency [invaliddependency-version])
12:21:27.428 [main] WARN  o.x.e.r.i.i.DefaultInstalledExtensionRepository - Invalid extension [installedwithmissingdependency-version] (InvalidExtensionException: No compatible extension is installed for dependency [missingdependency-version])
12:21:27.549 [main] WARN  o.x.e.r.i.i.DefaultInstalledExtensionRepository - Invalid extension [installedextensioninvalid-version] (InvalidExtensionException: No compatible extension is installed for dependency [invaliddependency-version])
12:21:27.550 [main] WARN  o.x.e.r.i.i.DefaultInstalledExtensionRepository - Invalid extension [installedwithmissingdependency-version] (InvalidExtensionException: No compatible extension is installed for dependency [missingdependency-version])
12:21:27.701 [main] WARN  o.x.e.r.i.i.DefaultInstalledExtensionRepository - Invalid extension [installedextensioninvalid-version] (InvalidExtensionException: No compatible extension is installed for dependency [invaliddependency-version])
12:21:27.701 [main] WARN  o.x.e.r.i.i.DefaultInstalledExtensionRepository - Invalid extension [installedwithmissingdependency-version] (InvalidExtensionException: No compatible extension is installed for dependency [missingdependency-version])
12:21:27.845 [main] WARN  o.x.e.r.i.i.DefaultInstalledExtensionRepository - Invalid extension [installedextensioninvalid-version] (InvalidExtensionException: No compatible extension is installed for dependency [invaliddependency-version])
12:21:27.845 [main] WARN  o.x.e.r.i.i.DefaultInstalledExtensionRepository - Invalid extension [installedwithmissingdependency-version] (InvalidExtensionException: No compatible extension is installed for dependency [missingdependency-version])
12:21:28.096 [main] WARN  o.x.e.r.i.i.DefaultInstalledExtensionRepository - Invalid extension [installedextensioninvalid-version] (InvalidExtensionException: No compatible extension is installed for dependency [invaliddependency-version])
12:21:28.097 [main] WARN  o.x.e.r.i.i.DefaultInstalledExtensionRepository - Invalid extension [installedwithmissingdependency-version] (InvalidExtensionException: No compatible extension is installed for dependency [missingdependency-version])
12:21:28.315 [main] WARN  o.x.e.r.i.i.DefaultInstalledExtensionRepository - Invalid extension [installedextensioninvalid-version] (InvalidExtensionException: No compatible extension is installed for dependency [invaliddependency-version])
12:21:28.315 [main] WARN  o.x.e.r.i.i.DefaultInstalledExtensionRepository - Invalid extension [installedwithmissingdependency-version] (InvalidExtensionException: No compatible extension is installed for dependency [missingdependency-version])
12:21:28.425 [main] WARN  o.x.e.r.i.i.DefaultInstalledExtensionRepository - Invalid extension [installedextensioninvalid-version] (InvalidExtensionException: No compatible extension is installed for dependency [invaliddependency-version])
12:21:28.428 [main] WARN  o.x.e.r.i.i.DefaultInstalledExtensionRepository - Invalid extension [installedwithmissingdependency-version] (InvalidExtensionException: No compatible extension is installed for dependency [missingdependency-version])
12:21:28.535 [main] WARN  o.x.e.r.i.i.DefaultInstalledExtensionRepository - Invalid extension [installedextensioninvalid-version] (InvalidExtensionException: No compatible extension is installed for dependency [invaliddependency-version])
12:21:28.536 [main] WARN  o.x.e.r.i.i.DefaultInstalledExtensionRepository - Invalid extension [installedwithmissingdependency-version] (InvalidExtensionException: No compatible extension is installed for dependency [missingdependency-version])
Tests run: 29, Failures: 0, Errors: 0, Skipped: 0, Time elapsed: 5.126 sec - in org.xwiki.extension.job.internal.InstallPlanJobTest
Running org.xwiki.extension.job.internal.InstallJobTest
12:21:28.669 [main] WARN  o.x.e.r.i.i.DefaultInstalledExtensionRepository - Invalid extension [installedextensioninvalid-version] (InvalidExtensionException: No compatible extension is installed for dependency [invaliddependency-version])
12:21:28.670 [main] WARN  o.x.e.r.i.i.DefaultInstalledExtensionRepository - Invalid extension [installedwithmissingdependency-version] (InvalidExtensionException: No compatible extension is installed for dependency [missingdependency-version])
12:21:28.775 [main] WARN  o.x.e.r.i.i.DefaultInstalledExtensionRepository - Invalid extension [installedextensioninvalid-version] (InvalidExtensionException: No compatible extension is installed for dependency [invaliddependency-version])
12:21:28.776 [main] WARN  o.x.e.r.i.i.DefaultInstalledExtensionRepository - Invalid extension [installedwithmissingdependency-version] (InvalidExtensionException: No compatible extension is installed for dependency [missingdependency-version])
12:21:28.897 [main] WARN  o.x.e.r.i.i.DefaultInstalledExtensionRepository - Invalid extension [installedextensioninvalid-version] (InvalidExtensionException: No compatible extension is installed for dependency [invaliddependency-version])
12:21:28.898 [main] WARN  o.x.e.r.i.i.DefaultInstalledExtensionRepository - Invalid extension [installedwithmissingdependency-version] (InvalidExtensionException: No compatible extension is installed for dependency [missingdependency-version])
12:21:29.019 [main] WARN  o.x.e.r.i.i.DefaultInstalledExtensionRepository - Invalid extension [installedextensioninvalid-version] (InvalidExtensionException: No compatible extension is installed for dependency [invaliddependency-version])
12:21:29.021 [main] WARN  o.x.e.r.i.i.DefaultInstalledExtensionRepository - Invalid extension [installedwithmissingdependency-version] (InvalidExtensionException: No compatible extension is installed for dependency [missingdependency-version])
12:21:29.123 [main] WARN  o.x.e.r.i.i.DefaultInstalledExtensionRepository - Invalid extension [installedextensioninvalid-version] (InvalidExtensionException: No compatible extension is installed for dependency [invaliddependency-version])
12:21:29.124 [main] WARN  o.x.e.r.i.i.DefaultInstalledExtensionRepository - Invalid extension [installedwithmissingdependency-version] (InvalidExtensionException: No compatible extension is installed for dependency [missingdependency-version])
12:21:29.242 [main] WARN  o.x.e.r.i.i.DefaultInstalledExtensionRepository - Invalid extension [installedextensioninvalid-version] (InvalidExtensionException: No compatible extension is installed for dependency [invaliddependency-version])
12:21:29.243 [main] WARN  o.x.e.r.i.i.DefaultInstalledExtensionRepository - Invalid extension [installedwithmissingdependency-version] (InvalidExtensionException: No compatible extension is installed for dependency [missingdependency-version])
12:21:29.363 [main] WARN  o.x.e.r.i.i.DefaultInstalledExtensionRepository - Invalid extension [installedextensioninvalid-version] (InvalidExtensionException: No compatible extension is installed for dependency [invaliddependency-version])
12:21:29.364 [main] WARN  o.x.e.r.i.i.DefaultInstalledExtensionRepository - Invalid extension [installedwithmissingdependency-version] (InvalidExtensionException: No compatible extension is installed for dependency [missingdependency-version])
12:21:29.464 [main] WARN  o.x.e.r.i.i.DefaultInstalledExtensionRepository - Invalid extension [installedextensioninvalid-version] (InvalidExtensionException: No compatible extension is installed for dependency [invaliddependency-version])
12:21:29.465 [main] WARN  o.x.e.r.i.i.DefaultInstalledExtensionRepository - Invalid extension [installedwithmissingdependency-version] (InvalidExtensionException: No compatible extension is installed for dependency [missingdependency-version])
12:21:29.567 [main] WARN  o.x.e.r.i.i.DefaultInstalledExtensionRepository - Invalid extension [installedextensioninvalid-version] (InvalidExtensionException: No compatible extension is installed for dependency [invaliddependency-version])
12:21:29.567 [main] WARN  o.x.e.r.i.i.DefaultInstalledExtensionRepository - Invalid extension [installedwithmissingdependency-version] (InvalidExtensionException: No compatible extension is installed for dependency [missingdependency-version])
12:21:29.665 [main] WARN  o.x.e.r.i.i.DefaultInstalledExtensionRepository - Invalid extension [installedextensioninvalid-version] (InvalidExtensionException: No compatible extension is installed for dependency [invaliddependency-version])
12:21:29.666 [main] WARN  o.x.e.r.i.i.DefaultInstalledExtensionRepository - Invalid extension [installedwithmissingdependency-version] (InvalidExtensionException: No compatible extension is installed for dependency [missingdependency-version])
12:21:29.765 [main] WARN  o.x.e.r.i.i.DefaultInstalledExtensionRepository - Invalid extension [installedextensioninvalid-version] (InvalidExtensionException: No compatible extension is installed for dependency [invaliddependency-version])
12:21:29.765 [main] WARN  o.x.e.r.i.i.DefaultInstalledExtensionRepository - Invalid extension [installedwithmissingdependency-version] (InvalidExtensionException: No compatible extension is installed for dependency [missingdependency-version])
Tests run: 11, Failures: 0, Errors: 0, Skipped: 0, Time elapsed: 1.227 sec - in org.xwiki.extension.job.internal.InstallJobTest
Running org.xwiki.extension.job.internal.UpgradePlanJobTest
12:21:29.882 [main] WARN  o.x.e.r.i.i.DefaultInstalledExtensionRepository - Invalid extension [installedextensioninvalid-version] (InvalidExtensionException: No compatible extension is installed for dependency [invaliddependency-version])
12:21:29.883 [main] WARN  o.x.e.r.i.i.DefaultInstalledExtensionRepository - Invalid extension [installedwithmissingdependency-version] (InvalidExtensionException: No compatible extension is installed for dependency [missingdependency-version])
12:21:29.990 [main] WARN  o.x.e.r.i.i.DefaultInstalledExtensionRepository - Invalid extension [installedextensioninvalid-version] (InvalidExtensionException: No compatible extension is installed for dependency [invaliddependency-version])
12:21:29.991 [main] WARN  o.x.e.r.i.i.DefaultInstalledExtensionRepository - Invalid extension [installedwithmissingdependency-version] (InvalidExtensionException: No compatible extension is installed for dependency [missingdependency-version])
12:21:30.093 [main] WARN  o.x.e.r.i.i.DefaultInstalledExtensionRepository - Invalid extension [installedextensioninvalid-version] (InvalidExtensionException: No compatible extension is installed for dependency [invaliddependency-version])
12:21:30.094 [main] WARN  o.x.e.r.i.i.DefaultInstalledExtensionRepository - Invalid extension [installedwithmissingdependency-version] (InvalidExtensionException: No compatible extension is installed for dependency [missingdependency-version])
12:21:30.223 [main] WARN  o.x.e.r.i.i.DefaultInstalledExtensionRepository - Invalid extension [installedextensioninvalid-version] (InvalidExtensionException: No compatible extension is installed for dependency [invaliddependency-version])
12:21:30.223 [main] WARN  o.x.e.r.i.i.DefaultInstalledExtensionRepository - Invalid extension [installedwithmissingdependency-version] (InvalidExtensionException: No compatible extension is installed for dependency [missingdependency-version])
12:21:30.356 [main] WARN  o.x.e.r.i.i.DefaultInstalledExtensionRepository - Invalid extension [installedextensioninvalid-version] (InvalidExtensionException: No compatible extension is installed for dependency [invaliddependency-version])
12:21:30.357 [main] WARN  o.x.e.r.i.i.DefaultInstalledExtensionRepository - Invalid extension [installedwithmissingdependency-version] (InvalidExtensionException: No compatible extension is installed for dependency [missingdependency-version])
Tests run: 5, Failures: 0, Errors: 0, Skipped: 0, Time elapsed: 0.611 sec - in org.xwiki.extension.job.internal.UpgradePlanJobTest
Running org.xwiki.extension.job.internal.UninstallJobTest
12:21:30.529 [main] WARN  o.x.e.r.i.i.DefaultInstalledExtensionRepository - Invalid extension [installedextensioninvalid-version] (InvalidExtensionException: No compatible extension is installed for dependency [invaliddependency-version])
12:21:30.530 [main] WARN  o.x.e.r.i.i.DefaultInstalledExtensionRepository - Invalid extension [installedwithmissingdependency-version] (InvalidExtensionException: No compatible extension is installed for dependency [missingdependency-version])
12:21:30.722 [main] WARN  o.x.e.r.i.i.DefaultInstalledExtensionRepository - Invalid extension [installedextensioninvalid-version] (InvalidExtensionException: No compatible extension is installed for dependency [invaliddependency-version])
12:21:30.723 [main] WARN  o.x.e.r.i.i.DefaultInstalledExtensionRepository - Invalid extension [installedwithmissingdependency-version] (InvalidExtensionException: No compatible extension is installed for dependency [missingdependency-version])
12:21:30.880 [main] WARN  o.x.e.r.i.i.DefaultInstalledExtensionRepository - Invalid extension [installedextensioninvalid-version] (InvalidExtensionException: No compatible extension is installed for dependency [invaliddependency-version])
12:21:30.881 [main] WARN  o.x.e.r.i.i.DefaultInstalledExtensionRepository - Invalid extension [installedwithmissingdependency-version] (InvalidExtensionException: No compatible extension is installed for dependency [missingdependency-version])
12:21:31.028 [main] WARN  o.x.e.r.i.i.DefaultInstalledExtensionRepository - Invalid extension [installedextensioninvalid-version] (InvalidExtensionException: No compatible extension is installed for dependency [invaliddependency-version])
12:21:31.028 [main] WARN  o.x.e.r.i.i.DefaultInstalledExtensionRepository - Invalid extension [installedwithmissingdependency-version] (InvalidExtensionException: No compatible extension is installed for dependency [missingdependency-version])
12:21:31.156 [main] WARN  o.x.e.r.i.i.DefaultInstalledExtensionRepository - Invalid extension [installedextensioninvalid-version] (InvalidExtensionException: No compatible extension is installed for dependency [invaliddependency-version])
12:21:31.157 [main] WARN  o.x.e.r.i.i.DefaultInstalledExtensionRepository - Invalid extension [installedwithmissingdependency-version] (InvalidExtensionException: No compatible extension is installed for dependency [missingdependency-version])
12:21:31.267 [main] WARN  o.x.e.r.i.i.DefaultInstalledExtensionRepository - Invalid extension [installedextensioninvalid-version] (InvalidExtensionException: No compatible extension is installed for dependency [invaliddependency-version])
12:21:31.268 [main] WARN  o.x.e.r.i.i.DefaultInstalledExtensionRepository - Invalid extension [installedwithmissingdependency-version] (InvalidExtensionException: No compatible extension is installed for dependency [missingdependency-version])
Tests run: 6, Failures: 0, Errors: 0, Skipped: 0, Time elapsed: 0.883 sec - in org.xwiki.extension.job.internal.UninstallJobTest
Running org.xwiki.extension.repository.core.DefaultCoreExtensionRepositoryTest
Tests run: 4, Failures: 0, Errors: 0, Skipped: 0, Time elapsed: 0.333 sec - in org.xwiki.extension.repository.core.DefaultCoreExtensionRepositoryTest
Running org.xwiki.extension.repository.internal.DefaultExtensionRepositoryManagerTest
Tests run: 2, Failures: 0, Errors: 0, Skipped: 0, Time elapsed: 0.026 sec - in org.xwiki.extension.repository.internal.DefaultExtensionRepositoryManagerTest
Running org.xwiki.extension.repository.installed.DefaultInstalledExtensionRepositoryTest
12:21:31.793 [main] WARN  o.x.e.r.i.i.DefaultInstalledExtensionRepository - Invalid extension [installedextensioninvalid-version] (InvalidExtensionException: No compatible extension is installed for dependency [invaliddependency-version])
12:21:31.794 [main] WARN  o.x.e.r.i.i.DefaultInstalledExtensionRepository - Invalid extension [installedwithmissingdependency-version] (InvalidExtensionException: No compatible extension is installed for dependency [missingdependency-version])
12:21:31.923 [main] WARN  o.x.e.r.i.i.DefaultInstalledExtensionRepository - Invalid extension [installedextensioninvalid-version] (InvalidExtensionException: No compatible extension is installed for dependency [invaliddependency-version])
12:21:31.923 [main] WARN  o.x.e.r.i.i.DefaultInstalledExtensionRepository - Invalid extension [installedwithmissingdependency-version] (InvalidExtensionException: No compatible extension is installed for dependency [missingdependency-version])
12:21:32.009 [main] WARN  o.x.e.r.i.i.DefaultInstalledExtensionRepository - Invalid extension [installedextensioninvalid-version] (InvalidExtensionException: No compatible extension is installed for dependency [invaliddependency-version])
12:21:32.009 [main] WARN  o.x.e.r.i.i.DefaultInstalledExtensionRepository - Invalid extension [installedwithmissingdependency-version] (InvalidExtensionException: No compatible extension is installed for dependency [missingdependency-version])
12:21:32.099 [main] WARN  o.x.e.r.i.i.DefaultInstalledExtensionRepository - Invalid extension [installedextensioninvalid-version] (InvalidExtensionException: No compatible extension is installed for dependency [invaliddependency-version])
12:21:32.100 [main] WARN  o.x.e.r.i.i.DefaultInstalledExtensionRepository - Invalid extension [installedwithmissingdependency-version] (InvalidExtensionException: No compatible extension is installed for dependency [missingdependency-version])
12:21:32.192 [main] WARN  o.x.e.r.i.i.DefaultInstalledExtensionRepository - Invalid extension [installedextensioninvalid-version] (InvalidExtensionException: No compatible extension is installed for dependency [invaliddependency-version])
12:21:32.192 [main] WARN  o.x.e.r.i.i.DefaultInstalledExtensionRepository - Invalid extension [installedwithmissingdependency-version] (InvalidExtensionException: No compatible extension is installed for dependency [missingdependency-version])
12:21:32.291 [main] WARN  o.x.e.r.i.i.DefaultInstalledExtensionRepository - Invalid extension [installedextensioninvalid-version] (InvalidExtensionException: No compatible extension is installed for dependency [invaliddependency-version])
12:21:32.293 [main] WARN  o.x.e.r.i.i.DefaultInstalledExtensionRepository - Invalid extension [installedwithmissingdependency-version] (InvalidExtensionException: No compatible extension is installed for dependency [missingdependency-version])
12:21:32.383 [main] WARN  o.x.e.r.i.i.DefaultInstalledExtensionRepository - Invalid extension [installedextensioninvalid-version] (InvalidExtensionException: No compatible extension is installed for dependency [invaliddependency-version])
12:21:32.384 [main] WARN  o.x.e.r.i.i.DefaultInstalledExtensionRepository - Invalid extension [installedwithmissingdependency-version] (InvalidExtensionException: No compatible extension is installed for dependency [missingdependency-version])
12:21:32.468 [main] WARN  o.x.e.r.i.i.DefaultInstalledExtensionRepository - Invalid extension [installedextensioninvalid-version] (InvalidExtensionException: No compatible extension is installed for dependency [invaliddependency-version])
12:21:32.468 [main] WARN  o.x.e.r.i.i.DefaultInstalledExtensionRepository - Invalid extension [installedwithmissingdependency-version] (InvalidExtensionException: No compatible extension is installed for dependency [missingdependency-version])
12:21:32.549 [main] WARN  o.x.e.r.i.i.DefaultInstalledExtensionRepository - Invalid extension [installedextensioninvalid-version] (InvalidExtensionException: No compatible extension is installed for dependency [invaliddependency-version])
12:21:32.550 [main] WARN  o.x.e.r.i.i.DefaultInstalledExtensionRepository - Invalid extension [installedwithmissingdependency-version] (InvalidExtensionException: No compatible extension is installed for dependency [missingdependency-version])
12:21:32.625 [main] WARN  o.x.e.r.i.i.DefaultInstalledExtensionRepository - Invalid extension [installedextensioninvalid-version] (InvalidExtensionException: No compatible extension is installed for dependency [invaliddependency-version])
12:21:32.627 [main] WARN  o.x.e.r.i.i.DefaultInstalledExtensionRepository - Invalid extension [installedwithmissingdependency-version] (InvalidExtensionException: No compatible extension is installed for dependency [missingdependency-version])
12:21:32.737 [main] WARN  o.x.e.r.i.i.DefaultInstalledExtensionRepository - Invalid extension [installedextensioninvalid-version] (InvalidExtensionException: No compatible extension is installed for dependency [invaliddependency-version])
12:21:32.738 [main] WARN  o.x.e.r.i.i.DefaultInstalledExtensionRepository - Invalid extension [installedwithmissingdependency-version] (InvalidExtensionException: No compatible extension is installed for dependency [missingdependency-version])
12:21:32.829 [main] WARN  o.x.e.r.i.i.DefaultInstalledExtensionRepository - Invalid extension [installedextensioninvalid-version] (InvalidExtensionException: No compatible extension is installed for dependency [invaliddependency-version])
12:21:32.830 [main] WARN  o.x.e.r.i.i.DefaultInstalledExtensionRepository - Invalid extension [installedwithmissingdependency-version] (InvalidExtensionException: No compatible extension is installed for dependency [missingdependency-version])
12:21:32.937 [main] WARN  o.x.e.r.i.i.DefaultInstalledExtensionRepository - Invalid extension [installedextensioninvalid-version] (InvalidExtensionException: No compatible extension is installed for dependency [invaliddependency-version])
12:21:32.937 [main] WARN  o.x.e.r.i.i.DefaultInstalledExtensionRepository - Invalid extension [installedwithmissingdependency-version] (InvalidExtensionException: No compatible extension is installed for dependency [missingdependency-version])
12:21:33.062 [main] WARN  o.x.e.r.i.i.DefaultInstalledExtensionRepository - Invalid extension [installedextensioninvalid-version] (InvalidExtensionException: No compatible extension is installed for dependency [invaliddependency-version])
12:21:33.063 [main] WARN  o.x.e.r.i.i.DefaultInstalledExtensionRepository - Invalid extension [installedwithmissingdependency-version] (InvalidExtensionException: No compatible extension is installed for dependency [missingdependency-version])
12:21:33.167 [main] WARN  o.x.e.r.i.i.DefaultInstalledExtensionRepository - Invalid extension [installedextensioninvalid-version] (InvalidExtensionException: No compatible extension is installed for dependency [invaliddependency-version])
12:21:33.168 [main] WARN  o.x.e.r.i.i.DefaultInstalledExtensionRepository - Invalid extension [installedwithmissingdependency-version] (InvalidExtensionException: No compatible extension is installed for dependency [missingdependency-version])
12:21:33.258 [main] WARN  o.x.e.r.i.i.DefaultInstalledExtensionRepository - Invalid extension [installedextensioninvalid-version] (InvalidExtensionException: No compatible extension is installed for dependency [invaliddependency-version])
12:21:33.260 [main] WARN  o.x.e.r.i.i.DefaultInstalledExtensionRepository - Invalid extension [installedwithmissingdependency-version] (InvalidExtensionException: No compatible extension is installed for dependency [missingdependency-version])
12:21:33.373 [main] WARN  o.x.e.r.i.i.DefaultInstalledExtensionRepository - Invalid extension [installedextensioninvalid-version] (InvalidExtensionException: No compatible extension is installed for dependency [invaliddependency-version])
12:21:33.373 [main] WARN  o.x.e.r.i.i.DefaultInstalledExtensionRepository - Invalid extension [installedwithmissingdependency-version] (InvalidExtensionException: No compatible extension is installed for dependency [missingdependency-version])
Tests run: 17, Failures: 0, Errors: 0, Skipped: 0, Time elapsed: 1.725 sec - in org.xwiki.extension.repository.installed.DefaultInstalledExtensionRepositoryTest
Running org.xwiki.extension.repository.installed.DefaultInstalledExtensionTest
Tests run: 5, Failures: 0, Errors: 0, Skipped: 0, Time elapsed: 0.005 sec - in org.xwiki.extension.repository.installed.DefaultInstalledExtensionTest
Running org.xwiki.extension.repository.DefaultExtensionRepositoryManagerTest
Tests run: 10, Failures: 0, Errors: 0, Skipped: 0, Time elapsed: 0.051 sec - in org.xwiki.extension.repository.DefaultExtensionRepositoryManagerTest
Running org.xwiki.extension.repository.local.DefaultLocalExtensionRepositoryTest
12:21:33.536 [main] WARN  o.x.e.r.i.i.DefaultInstalledExtensionRepository - Invalid extension [installedextensioninvalid-version] (InvalidExtensionException: No compatible extension is installed for dependency [invaliddependency-version])
12:21:33.536 [main] WARN  o.x.e.r.i.i.DefaultInstalledExtensionRepository - Invalid extension [installedwithmissingdependency-version] (InvalidExtensionException: No compatible extension is installed for dependency [missingdependency-version])
12:21:33.656 [main] WARN  o.x.e.r.i.i.DefaultInstalledExtensionRepository - Invalid extension [installedextensioninvalid-version] (InvalidExtensionException: No compatible extension is installed for dependency [invaliddependency-version])
12:21:33.656 [main] WARN  o.x.e.r.i.i.DefaultInstalledExtensionRepository - Invalid extension [installedwithmissingdependency-version] (InvalidExtensionException: No compatible extension is installed for dependency [missingdependency-version])
12:21:33.760 [main] WARN  o.x.e.r.i.i.DefaultInstalledExtensionRepository - Invalid extension [installedextensioninvalid-version] (InvalidExtensionException: No compatible extension is installed for dependency [invaliddependency-version])
12:21:33.761 [main] WARN  o.x.e.r.i.i.DefaultInstalledExtensionRepository - Invalid extension [installedwithmissingdependency-version] (InvalidExtensionException: No compatible extension is installed for dependency [missingdependency-version])
12:21:33.876 [main] WARN  o.x.e.r.i.i.DefaultInstalledExtensionRepository - Invalid extension [installedextensioninvalid-version] (InvalidExtensionException: No compatible extension is installed for dependency [invaliddependency-version])
12:21:33.877 [main] WARN  o.x.e.r.i.i.DefaultInstalledExtensionRepository - Invalid extension [installedwithmissingdependency-version] (InvalidExtensionException: No compatible extension is installed for dependency [missingdependency-version])
12:21:33.971 [main] WARN  o.x.e.r.i.i.DefaultInstalledExtensionRepository - Invalid extension [installedextensioninvalid-version] (InvalidExtensionException: No compatible extension is installed for dependency [invaliddependency-version])
12:21:33.971 [main] WARN  o.x.e.r.i.i.DefaultInstalledExtensionRepository - Invalid extension [installedwithmissingdependency-version] (InvalidExtensionException: No compatible extension is installed for dependency [missingdependency-version])
12:21:34.097 [main] WARN  o.x.e.r.i.i.DefaultInstalledExtensionRepository - Invalid extension [installedextensioninvalid-version] (InvalidExtensionException: No compatible extension is installed for dependency [invaliddependency-version])
12:21:34.097 [main] WARN  o.x.e.r.i.i.DefaultInstalledExtensionRepository - Invalid extension [installedwithmissingdependency-version] (InvalidExtensionException: No compatible extension is installed for dependency [missingdependency-version])
12:21:34.223 [main] WARN  o.x.e.r.i.i.DefaultInstalledExtensionRepository - Invalid extension [installedextensioninvalid-version] (InvalidExtensionException: No compatible extension is installed for dependency [invaliddependency-version])
12:21:34.224 [main] WARN  o.x.e.r.i.i.DefaultInstalledExtensionRepository - Invalid extension [installedwithmissingdependency-version] (InvalidExtensionException: No compatible extension is installed for dependency [missingdependency-version])
12:21:34.349 [main] WARN  o.x.e.r.i.i.DefaultInstalledExtensionRepository - Invalid extension [installedextensioninvalid-version] (InvalidExtensionException: No compatible extension is installed for dependency [invaliddependency-version])
12:21:34.349 [main] WARN  o.x.e.r.i.i.DefaultInstalledExtensionRepository - Invalid extension [installedwithmissingdependency-version] (InvalidExtensionException: No compatible extension is installed for dependency [missingdependency-version])
12:21:34.466 [main] WARN  o.x.e.r.i.i.DefaultInstalledExtensionRepository - Invalid extension [installedextensioninvalid-version] (InvalidExtensionException: No compatible extension is installed for dependency [invaliddependency-version])
12:21:34.467 [main] WARN  o.x.e.r.i.i.DefaultInstalledExtensionRepository - Invalid extension [installedwithmissingdependency-version] (InvalidExtensionException: No compatible extension is installed for dependency [missingdependency-version])
12:21:34.579 [main] WARN  o.x.e.r.i.i.DefaultInstalledExtensionRepository - Invalid extension [installedextensioninvalid-version] (InvalidExtensionException: No compatible extension is installed for dependency [invaliddependency-version])
12:21:34.580 [main] WARN  o.x.e.r.i.i.DefaultInstalledExtensionRepository - Invalid extension [installedwithmissingdependency-version] (InvalidExtensionException: No compatible extension is installed for dependency [missingdependency-version])
12:21:34.707 [main] WARN  o.x.e.r.i.i.DefaultInstalledExtensionRepository - Invalid extension [installedextensioninvalid-version] (InvalidExtensionException: No compatible extension is installed for dependency [invaliddependency-version])
12:21:34.707 [main] WARN  o.x.e.r.i.i.DefaultInstalledExtensionRepository - Invalid extension [installedwithmissingdependency-version] (InvalidExtensionException: No compatible extension is installed for dependency [missingdependency-version])
12:21:34.821 [main] WARN  o.x.e.r.i.i.DefaultInstalledExtensionRepository - Invalid extension [installedextensioninvalid-version] (InvalidExtensionException: No compatible extension is installed for dependency [invaliddependency-version])
12:21:34.821 [main] WARN  o.x.e.r.i.i.DefaultInstalledExtensionRepository - Invalid extension [installedwithmissingdependency-version] (InvalidExtensionException: No compatible extension is installed for dependency [missingdependency-version])
Tests run: 12, Failures: 0, Errors: 0, Skipped: 0, Time elapsed: 1.382 sec - in org.xwiki.extension.repository.local.DefaultLocalExtensionRepositoryTest
Running org.xwiki.extension.repository.local.DefaultExtensionSerializerTest
Tests run: 1, Failures: 0, Errors: 0, Skipped: 0, Time elapsed: 0.018 sec - in org.xwiki.extension.repository.local.DefaultExtensionSerializerTest
Running org.xwiki.extension.internal.converter.ExtensionIdConverterTest
Tests run: 1, Failures: 0, Errors: 0, Skipped: 0, Time elapsed: 0.006 sec - in org.xwiki.extension.internal.converter.ExtensionIdConverterTest
Running org.xwiki.extension.internal.converter.ExtensionConverterTest
Tests run: 2, Failures: 0, Errors: 0, Skipped: 0, Time elapsed: 0.038 sec - in org.xwiki.extension.internal.converter.ExtensionConverterTest
Running org.xwiki.extension.internal.DefaultExtensionManagerTest
Tests run: 3, Failures: 0, Errors: 0, Skipped: 0, Time elapsed: 0.05 sec - in org.xwiki.extension.internal.DefaultExtensionManagerTest
Running org.xwiki.extension.internal.DefaultExtensionManagerConfigurationTest
Tests run: 3, Failures: 0, Errors: 0, Skipped: 0, Time elapsed: 0.012 sec - in org.xwiki.extension.internal.DefaultExtensionManagerConfigurationTest
Running org.xwiki.extension.internal.DefaultExtensionLicenseManagerTest
Tests run: 2, Failures: 0, Errors: 0, Skipped: 0, Time elapsed: 0.034 sec - in org.xwiki.extension.internal.DefaultExtensionLicenseManagerTest
Running org.xwiki.extension.AbstractExtensionTest
Tests run: 2, Failures: 0, Errors: 0, Skipped: 0, Time elapsed: 0.002 sec - in org.xwiki.extension.AbstractExtensionTest
Running org.xwiki.extension.version.internal.DefaultVersionRangeTest
Tests run: 10, Failures: 0, Errors: 0, Skipped: 0, Time elapsed: 0.014 sec - in org.xwiki.extension.version.internal.DefaultVersionRangeTest
Running org.xwiki.extension.version.internal.DefaultVersionConstraintTest
Tests run: 4, Failures: 0, Errors: 0, Skipped: 0, Time elapsed: 0.005 sec - in org.xwiki.extension.version.internal.DefaultVersionConstraintTest
Running org.xwiki.extension.version.internal.DefaultVersionTest
Tests run: 4, Failures: 0, Errors: 0, Skipped: 0, Time elapsed: 0.01 sec - in org.xwiki.extension.version.internal.DefaultVersionTest

Results :

Tests run: 140, Failures: 0, Errors: 0, Skipped: 0

[[1;34mINFO[m] [1m------------------------------------------------------------------------[m
[[1;34mINFO[m] [1;32mBUILD SUCCESS[m
[[1;34mINFO[m] [1m------------------------------------------------------------------------[m
[[1;34mINFO[m] Total time: 24.840 s
[[1;34mINFO[m] Finished at: 2018-09-27T12:21:35+02:00
[[1;34mINFO[m] [1m------------------------------------------------------------------------[m
Writing HTML report to '/home/bdanglot/workspace/icst-2019/september-2018/dataset/xwiki-commons/xwiki-commons-core/xwiki-commons-extension/xwiki-commons-extension-api/target/clover/report'
ERROR: Invalid Java source found or Clover failed to parse it: /home/bdanglot/workspace/icst-2019/september-2018/dataset/xwiki-commons/xwiki-commons-core/xwiki-commons-extension/xwiki-commons-extension-api/src/main/java/org/xwiki/extension/job/internal/AbstractExtensionPlanJob.java
ERROR: Invalid Java source found or Clover failed to parse it: /home/bdanglot/workspace/icst-2019/september-2018/dataset/xwiki-commons/xwiki-commons-core/xwiki-commons-extension/xwiki-commons-extension-api/src/main/java/org/xwiki/extension/job/internal/AbstractExtensionJob.java
ERROR: Invalid Java source found or Clover failed to parse it: /home/bdanglot/workspace/icst-2019/september-2018/dataset/xwiki-commons/xwiki-commons-core/xwiki-commons-extension/xwiki-commons-extension-api/src/main/java/org/xwiki/extension/job/internal/AbstractInstallPlanJob.java
ERROR: Invalid Java source found or Clover failed to parse it: /home/bdanglot/workspace/icst-2019/september-2018/dataset/xwiki-commons/xwiki-commons-core/xwiki-commons-extension/xwiki-commons-extension-api/src/main/java/org/xwiki/extension/repository/internal/DefaultExtensionRepositoryManager.java
ERROR: Invalid Java source found or Clover failed to parse it: /home/bdanglot/workspace/icst-2019/september-2018/dataset/xwiki-commons/xwiki-commons-core/xwiki-commons-extension/xwiki-commons-extension-api/src/main/java/org/xwiki/extension/internal/DefaultExtensionManager.java
Done. Processed 30 packages in 4568ms (152ms per package).
[[1;34mINFO[m] /home/bdanglot/workspace/icst-2019/september-2018/dataset/xwiki-commons/xwiki-commons-core/xwiki-commons-extension/xwiki-commons-extension-api/src/main/java/org/xwiki/extension/repository/internal/DefaultExtensionSerializer.java
[[1;34mINFO[m] /home/bdanglot/workspace/icst-2019/september-2018/dataset/xwiki-commons_parent/xwiki-commons-core/xwiki-commons-extension/xwiki-commons-extension-api/src/main/java/org/xwiki/extension/repository/internal/DefaultExtensionSerializer.java
[info] org.xwiki.extension.repository.internal.DefaultExtensionSerializer:690 is modified.
[info] org.xwiki.extension.repository.internal.DefaultExtensionSerializer:690 covered.
[[1;34mINFO[m] /home/bdanglot/workspace/icst-2019/september-2018/dataset/xwiki-commons/xwiki-commons-core/xwiki-commons-extension/xwiki-commons-extension-api/src/test/java/org/xwiki/extension/repository/local/DefaultExtensionSerializerTest.java
[[1;34mINFO[m] /home/bdanglot/workspace/icst-2019/september-2018/dataset/xwiki-commons_parent/xwiki-commons-core/xwiki-commons-extension/xwiki-commons-extension-api/src/test/java/org/xwiki/extension/repository/local/DefaultExtensionSerializerTest.java
[info] org.xwiki.extension.repository.local.DefaultExtensionSerializerTest:142 is modified.
[[1;34mINFO[m] Saving result in /home/bdanglot/workspace/icst-2019/september-2018/result/xwiki-commons/commit_19_50fdd45/commit_coverage_testsThatExecuteTheChanges.csv ...
[[1;34mINFO[m] org.xwiki.extension.job.internal.UninstallJobTest;testUninstall;testUninstallTwice;testUninstallFromNamespace;testUninstallFromAllNamespaces;testUninstallWithBackwarDepencency;testUninstallFromNamespaceWithBackwarDepencency
org.xwiki.extension.job.internal.InstallJobTest;testReplaceDependencyWithFeature;testInstallOnRoot;testInstallRemoteOnNamespaces;testInstallRemoteOnNamespace;testInstallOnNamespaceThenMoveDependencyOnRoot
org.xwiki.extension.repository.installed.DefaultInstalledExtensionRepositoryTest;testInstallTwice;testBackwardDependenciesWithExtensionOnNamespaceAndDepOnNamespace;testStoreExtensionAndInstall;testUninstallExtension;testBackwardDependenciesWithExtensionAndDepOnNamespace;testBackwardDependenciesAfterUninstall
[[1;34mINFO[m] Writing Coverage in /home/bdanglot/workspace/icst-2019/september-2018/result/xwiki-commons/commit_19_50fdd45/commit_coverage_testsThatExecuteTheChanges_coverage.csv
[[1;34mINFO[m] org.xwiki.extension.repository.internal.DefaultExtensionSerializer;1;1

[[1;34mINFO[m] total;1;1

[[1;34mINFO[m] [1m------------------------------------------------------------------------[m
[[1;34mINFO[m] [1;32mBUILD SUCCESS[m
[[1;34mINFO[m] [1m------------------------------------------------------------------------[m
[[1;34mINFO[m] Total time: 34.767 s
[[1;34mINFO[m] Finished at: 2018-09-27T12:21:42+02:00
[[1;34mINFO[m] [1m------------------------------------------------------------------------[m
