[[1;34mINFO[m] Scanning for projects...
[[1;33mWARNING[m] 
[[1;33mWARNING[m] Some problems were encountered while building the effective model for org.xwiki.commons:xwiki-commons-velocity:jar:9.0-SNAPSHOT
[[1;33mWARNING[m] Reporting configuration should be done in <reporting> section, not in maven-site-plugin <configuration> as reportPlugins parameter.
[[1;33mWARNING[m] 
[[1;33mWARNING[m] It is highly recommended to fix these problems because they threaten the stability of your build.
[[1;33mWARNING[m] 
[[1;33mWARNING[m] For this reason, future Maven versions might no longer support building such malformed projects.
[[1;33mWARNING[m] 
[[1;34mINFO[m] 
[[1;34mINFO[m] [1m--------------< [0;36morg.xwiki.commons:xwiki-commons-velocity[0;1m >--------------[m
[[1;34mINFO[m] [1mBuilding XWiki Commons - Velocity 9.0-SNAPSHOT[m
[[1;34mINFO[m] [1m--------------------------------[ jar ]---------------------------------[m
[[1;34mINFO[m] 
[[1;34mINFO[m] [1m--- [0;32mmaven-clean-plugin:3.0.0:clean[m [1m(default-clean)[m @ [36mxwiki-commons-velocity[0;1m ---[m
[[1;34mINFO[m] Deleting /home/bdanglot/workspace/icst-2019/september-2018/dataset/xwiki-commons_parent/xwiki-commons-core/xwiki-commons-velocity/target
[[1;34mINFO[m] 
[[1;34mINFO[m] [1m--- [0;32mdiff-test-selection:0.5-SNAPSHOT:list[m [1m(default-cli)[m @ [36mxwiki-commons-velocity[0;1m ---[m
[[1;34mINFO[m] Computing coverage for /home/bdanglot/workspace/icst-2019/september-2018/dataset/xwiki-commons_parent/xwiki-commons-core/xwiki-commons-velocity
[WARN] Maven will be executed in interactive mode, but no input stream has been configured for this MavenInvoker instance.
[[1;34mINFO[m] Scanning for projects...
[[1;33mWARNING[m] 
[[1;33mWARNING[m] Some problems were encountered while building the effective model for org.xwiki.commons:xwiki-commons-velocity:jar:9.0-SNAPSHOT
[[1;33mWARNING[m] Reporting configuration should be done in <reporting> section, not in maven-site-plugin <configuration> as reportPlugins parameter.
[[1;33mWARNING[m] 
[[1;33mWARNING[m] It is highly recommended to fix these problems because they threaten the stability of your build.
[[1;33mWARNING[m] 
[[1;33mWARNING[m] For this reason, future Maven versions might no longer support building such malformed projects.
[[1;33mWARNING[m] 
[[1;34mINFO[m] 
[[1;34mINFO[m] [1m--------------< [0;36morg.xwiki.commons:xwiki-commons-velocity[0;1m >--------------[m
[[1;34mINFO[m] [1mBuilding XWiki Commons - Velocity 9.0-SNAPSHOT[m
[[1;34mINFO[m] [1m--------------------------------[ jar ]---------------------------------[m
[[1;34mINFO[m] 
[[1;34mINFO[m] [1m--- [0;32mmaven-clean-plugin:3.0.0:clean[m [1m(default-clean)[m @ [36mxwiki-commons-velocity[0;1m ---[m
[[1;34mINFO[m] 
[[1;34mINFO[m] [1m--- [0;32mclover-maven-plugin:4.2.0:setup[m [1m(default-cli)[m @ [36mxwiki-commons-velocity[0;1m ---[m
[[1;34mINFO[m] No 'maven.clover.licenseLocation' configured. Using default license.
[[1;34mINFO[m] OpenClover Version 4.2.0, built on April 30 2017 (build-1000)
[[1;34mINFO[m] Loaded from: /home/bdanglot/.m2/repository/org/openclover/clover/4.2.0/clover-4.2.0.jar
[[1;34mINFO[m] Clover free edition.
[[1;34mINFO[m] Creating new database at '/home/bdanglot/workspace/icst-2019/september-2018/dataset/xwiki-commons_parent/xwiki-commons-core/xwiki-commons-velocity/target/clover/clover.db'.
[[1;34mINFO[m] Processing files at 1.8 source level.
[[1;34mINFO[m] Clover all over. Instrumented 40 files (8 packages).
[[1;34mINFO[m] Elapsed time = 0.877 secs. (45.61 files/sec, 6,019.384 srclines/sec)
[[1;34mINFO[m] OpenClover Version 4.2.0, built on April 30 2017 (build-1000)
[[1;34mINFO[m] Loaded from: /home/bdanglot/.m2/repository/org/openclover/clover/4.2.0/clover-4.2.0.jar
[[1;34mINFO[m] Clover free edition.
[[1;34mINFO[m] Updating existing database at '/home/bdanglot/workspace/icst-2019/september-2018/dataset/xwiki-commons_parent/xwiki-commons-core/xwiki-commons-velocity/target/clover/clover.db'.
[[1;34mINFO[m] Processing files at 1.8 source level.
[[1;34mINFO[m] Clover all over. Instrumented 18 files (5 packages).
[[1;34mINFO[m] 130 test methods detected.
[[1;34mINFO[m] Elapsed time = 0.345 secs. (52.174 files/sec, 8,449.275 srclines/sec)
[[1;34mINFO[m] 
[[1;34mINFO[m] [1m--- [0;32mmaven-enforcer-plugin:1.3.1:enforce[m [1m(enforce-plugins)[m @ [36mxwiki-commons-velocity[0;1m ---[m
[[1;34mINFO[m] Skipping Rule Enforcement.
[[1;34mINFO[m] 
[[1;34mINFO[m] [1m--- [0;32mmaven-enforcer-plugin:1.3.1:enforce[m [1m(enforce-jcl-log4j-isolation)[m @ [36mxwiki-commons-velocity[0;1m ---[m
[[1;34mINFO[m] Skipping Rule Enforcement.
[[1;34mINFO[m] 
[[1;34mINFO[m] [1m--- [0;32mmaven-enforcer-plugin:1.3.1:enforce[m [1m(enforce-commons-lang3)[m @ [36mxwiki-commons-velocity[0;1m ---[m
[[1;34mINFO[m] Skipping Rule Enforcement.
[[1;34mINFO[m] 
[[1;34mINFO[m] [1m--- [0;32mmaven-enforcer-plugin:1.3.1:enforce[m [1m(enforce-upper-bounds)[m @ [36mxwiki-commons-velocity[0;1m ---[m
[[1;34mINFO[m] Skipping Rule Enforcement.
[[1;34mINFO[m] 
[[1;34mINFO[m] [1m--- [0;32mmaven-enforcer-plugin:1.3.1:enforce[m [1m(enforce-no-legacy-dependencies)[m @ [36mxwiki-commons-velocity[0;1m ---[m
[[1;34mINFO[m] 
[[1;34mINFO[m] [1m--- [0;32mmaven-enforcer-plugin:1.3.1:enforce[m [1m(enforce-valid-poms)[m @ [36mxwiki-commons-velocity[0;1m ---[m
[[1;34mINFO[m] Skipping Rule Enforcement.
[[1;34mINFO[m] 
[[1;34mINFO[m] [1m--- [0;32mmaven-enforcer-plugin:1.3.1:enforce[m [1m(enforce-platform-rendering-isolation)[m @ [36mxwiki-commons-velocity[0;1m ---[m
[[1;34mINFO[m] Skipping Rule Enforcement.
[[1;34mINFO[m] 
[[1;34mINFO[m] [1m--- [0;32mmaven-enforcer-plugin:1.3.1:enforce[m [1m(check-dependency-version)[m @ [36mxwiki-commons-velocity[0;1m ---[m
[[1;34mINFO[m] Skipping Rule Enforcement.
[[1;34mINFO[m] 
[[1;34mINFO[m] [1m--- [0;32mmaven-remote-resources-plugin:1.5:process[m [1m(xwiki-license-resources)[m @ [36mxwiki-commons-velocity[0;1m ---[m
[[1;34mINFO[m] 
[[1;34mINFO[m] [1m--- [0;32mmaven-resources-plugin:3.0.1:resources[m [1m(default-resources)[m @ [36mxwiki-commons-velocity[0;1m ---[m
[[1;34mINFO[m] Using 'UTF-8' encoding to copy filtered resources.
[[1;34mINFO[m] Copying 1 resource
[[1;34mINFO[m] Copying 1 resource
[[1;34mINFO[m] Copying 2 resources
[[1;34mINFO[m] 
[[1;34mINFO[m] [1m--- [0;32mmaven-compiler-plugin:3.6.0:compile[m [1m(default-compile)[m @ [36mxwiki-commons-velocity[0;1m ---[m
[[1;34mINFO[m] Changes detected - recompiling the module!
[[1;34mINFO[m] Compiling 40 source files to /home/bdanglot/workspace/icst-2019/september-2018/dataset/xwiki-commons_parent/xwiki-commons-core/xwiki-commons-velocity/target/classes
[[1;33mWARNING[m] /home/bdanglot/workspace/icst-2019/september-2018/dataset/xwiki-commons_parent/xwiki-commons-core/xwiki-commons-velocity/target/clover/src-instrumented/org/xwiki/velocity/internal/DefaultVelocityConfiguration.java:[28,41] org.apache.velocity.tools.generic.ListTool in org.apache.velocity.tools.generic has been deprecated
[[1;33mWARNING[m] /home/bdanglot/workspace/icst-2019/september-2018/dataset/xwiki-commons_parent/xwiki-commons-core/xwiki-commons-velocity/target/clover/src-instrumented/org/xwiki/velocity/introspection/SecureIntrospector.java:[75,49] found raw type: java.lang.Class
  missing type arguments for generic class java.lang.Class<T>
[[1;33mWARNING[m] /home/bdanglot/workspace/icst-2019/september-2018/dataset/xwiki-commons_parent/xwiki-commons-core/xwiki-commons-velocity/target/clover/src-instrumented/org/xwiki/velocity/internal/util/InvalidVelocityException.java:[27,8] serializable class org.xwiki.velocity.internal.util.InvalidVelocityException has no definition of serialVersionUID
[[1;33mWARNING[m] /home/bdanglot/workspace/icst-2019/september-2018/dataset/xwiki-commons_parent/xwiki-commons-core/xwiki-commons-velocity/target/clover/src-instrumented/org/xwiki/velocity/internal/DefaultVelocityConfiguration.java:[85,81] org.apache.velocity.tools.generic.ListTool in org.apache.velocity.tools.generic has been deprecated
[[1;33mWARNING[m] /home/bdanglot/workspace/icst-2019/september-2018/dataset/xwiki-commons_parent/xwiki-commons-core/xwiki-commons-velocity/target/clover/src-instrumented/org/xwiki/velocity/introspection/LinkingUberspector.java:[183,12] found raw type: java.util.Iterator
  missing type arguments for generic class java.util.Iterator<E>
[[1;33mWARNING[m] /home/bdanglot/workspace/icst-2019/september-2018/dataset/xwiki-commons_parent/xwiki-commons-core/xwiki-commons-velocity/target/clover/src-instrumented/org/xwiki/velocity/introspection/LinkingUberspector.java:[185,43] found raw type: java.util.Iterator
  missing type arguments for generic class java.util.Iterator<E>
[[1;33mWARNING[m] /home/bdanglot/workspace/icst-2019/september-2018/dataset/xwiki-commons_parent/xwiki-commons-core/xwiki-commons-velocity/target/clover/src-instrumented/org/xwiki/velocity/introspection/SecureUberspector.java:[64,12] found raw type: java.util.Iterator
  missing type arguments for generic class java.util.Iterator<E>
[[1;33mWARNING[m] /home/bdanglot/workspace/icst-2019/september-2018/dataset/xwiki-commons_parent/xwiki-commons-core/xwiki-commons-velocity/target/clover/src-instrumented/org/xwiki/velocity/tools/nio/NIOTool.java:[71,78] found raw type: java.nio.file.DirectoryStream.Filter
  missing type arguments for generic class java.nio.file.DirectoryStream.Filter<T>
[[1;33mWARNING[m] /home/bdanglot/workspace/icst-2019/september-2018/dataset/xwiki-commons_parent/xwiki-commons-core/xwiki-commons-velocity/target/clover/src-instrumented/org/xwiki/velocity/tools/nio/NIOTool.java:[74,109] unchecked method invocation: method newDirectoryStream in class java.nio.file.Files is applied to given types
  required: java.nio.file.Path,java.nio.file.DirectoryStream.Filter<? super java.nio.file.Path>
  found: java.nio.file.Path,java.nio.file.DirectoryStream.Filter
[[1;33mWARNING[m] /home/bdanglot/workspace/icst-2019/september-2018/dataset/xwiki-commons_parent/xwiki-commons-core/xwiki-commons-velocity/target/clover/src-instrumented/org/xwiki/velocity/tools/nio/NIOTool.java:[74,115] unchecked conversion
  required: java.nio.file.DirectoryStream.Filter<? super java.nio.file.Path>
  found:    java.nio.file.DirectoryStream.Filter
[[1;33mWARNING[m] /home/bdanglot/workspace/icst-2019/september-2018/dataset/xwiki-commons_parent/xwiki-commons-core/xwiki-commons-velocity/target/clover/src-instrumented/org/xwiki/velocity/tools/nio/NIOTool.java:[74,57] unchecked method invocation: constructor <init> in class org.xwiki.velocity.tools.nio.WrappingDirectoryStream is applied to given types
  required: java.nio.file.DirectoryStream<java.nio.file.Path>
  found: java.nio.file.DirectoryStream
[[1;33mWARNING[m] /home/bdanglot/workspace/icst-2019/september-2018/dataset/xwiki-commons_parent/xwiki-commons-core/xwiki-commons-velocity/target/clover/src-instrumented/org/xwiki/velocity/tools/nio/NIOTool.java:[74,109] unchecked conversion
  required: java.nio.file.DirectoryStream<java.nio.file.Path>
  found:    java.nio.file.DirectoryStream
[[1;33mWARNING[m] /home/bdanglot/workspace/icst-2019/september-2018/dataset/xwiki-commons_parent/xwiki-commons-core/xwiki-commons-velocity/target/clover/src-instrumented/org/xwiki/velocity/internal/jmx/JMXVelocityEngine.java:[73,47] found raw type: javax.management.openmbean.ArrayType
  missing type arguments for generic class javax.management.openmbean.ArrayType<T>
[[1;33mWARNING[m] /home/bdanglot/workspace/icst-2019/september-2018/dataset/xwiki-commons_parent/xwiki-commons-core/xwiki-commons-velocity/target/clover/src-instrumented/org/xwiki/velocity/internal/jmx/JMXVelocityEngine.java:[73,77] found raw type: javax.management.openmbean.ArrayType
  missing type arguments for generic class javax.management.openmbean.ArrayType<T>
[[1;33mWARNING[m] /home/bdanglot/workspace/icst-2019/september-2018/dataset/xwiki-commons_parent/xwiki-commons-core/xwiki-commons-velocity/target/clover/src-instrumented/org/xwiki/velocity/internal/jmx/JMXVelocityEngine.java:[73,73] unchecked call to ArrayType(int,javax.management.openmbean.OpenType<?>) as a member of the raw type javax.management.openmbean.ArrayType
[[1;33mWARNING[m] /home/bdanglot/workspace/icst-2019/september-2018/dataset/xwiki-commons_parent/xwiki-commons-core/xwiki-commons-velocity/target/clover/src-instrumented/org/xwiki/velocity/internal/jmx/JMXVelocityEngine.java:[80,21] found raw type: javax.management.openmbean.OpenType
  missing type arguments for generic class javax.management.openmbean.OpenType<T>
[[1;33mWARNING[m] /home/bdanglot/workspace/icst-2019/september-2018/dataset/xwiki-commons_parent/xwiki-commons-core/xwiki-commons-velocity/target/clover/src-instrumented/org/xwiki/velocity/internal/jmx/JMXVelocityEngine.java:[120,51] unchecked cast
  required: java.util.Map<java.lang.String,java.util.Map<java.lang.String,?>>
  found:    java.lang.Object
[[1;33mWARNING[m] /home/bdanglot/workspace/icst-2019/september-2018/dataset/xwiki-commons_parent/xwiki-commons-core/xwiki-commons-velocity/target/clover/src-instrumented/org/xwiki/velocity/internal/jmx/JMXVelocityEngine.java:[122,101] unchecked cast
  required: java.util.Map<java.lang.String,?>
  found:    java.lang.Object
[[1;34mINFO[m] 
[[1;34mINFO[m] [1m--- [0;32mmaven-bundle-plugin:2.5.3:manifest[m [1m(bundle-manifest)[m @ [36mxwiki-commons-velocity[0;1m ---[m
[[1;34mINFO[m] 
[[1;34mINFO[m] [1m--- [0;32mmaven-resources-plugin:3.0.1:testResources[m [1m(default-testResources)[m @ [36mxwiki-commons-velocity[0;1m ---[m
[[1;34mINFO[m] Using 'UTF-8' encoding to copy filtered resources.
[[1;34mINFO[m] skip non existing resourceDirectory /home/bdanglot/workspace/icst-2019/september-2018/dataset/xwiki-commons_parent/xwiki-commons-core/xwiki-commons-velocity/src/test/resources
[[1;34mINFO[m] Copying 2 resources
[[1;34mINFO[m] 
[[1;34mINFO[m] [1m--- [0;32mmaven-compiler-plugin:3.6.0:testCompile[m [1m(default-testCompile)[m @ [36mxwiki-commons-velocity[0;1m ---[m
[[1;34mINFO[m] Changes detected - recompiling the module!
[[1;34mINFO[m] Compiling 18 source files to /home/bdanglot/workspace/icst-2019/september-2018/dataset/xwiki-commons_parent/xwiki-commons-core/xwiki-commons-velocity/target/test-classes
[[1;33mWARNING[m] /home/bdanglot/workspace/icst-2019/september-2018/dataset/xwiki-commons_parent/xwiki-commons-core/xwiki-commons-velocity/target/clover/src-test-instrumented/org/xwiki/velocity/internal/DefaultVelocityEngineTest.java:[44,40] org.xwiki.velocity.introspection.ChainingUberspector in org.xwiki.velocity.introspection has been deprecated
[[1;33mWARNING[m] /home/bdanglot/workspace/icst-2019/september-2018/dataset/xwiki-commons_parent/xwiki-commons-core/xwiki-commons-velocity/target/clover/src-test-instrumented/org/xwiki/velocity/introspection/ChainingUberspectorTest.java:[40,28] org.xwiki.test.jmock.JMockRule in org.xwiki.test.jmock has been deprecated
[[1;33mWARNING[m] /home/bdanglot/workspace/icst-2019/september-2018/dataset/xwiki-commons_parent/xwiki-commons-core/xwiki-commons-velocity/target/clover/src-test-instrumented/org/xwiki/velocity/internal/DefaultVelocityConfigurationTest.java:[25,41] org.apache.velocity.tools.generic.ListTool in org.apache.velocity.tools.generic has been deprecated
[[1;33mWARNING[m] /home/bdanglot/workspace/icst-2019/september-2018/dataset/xwiki-commons_parent/xwiki-commons-core/xwiki-commons-velocity/target/clover/src-test-instrumented/org/xwiki/velocity/introspection/LinkingUberspectorTest.java:[31,28] org.xwiki.test.jmock.AbstractComponentTestCase in org.xwiki.test.jmock has been deprecated
[[1;33mWARNING[m] /home/bdanglot/workspace/icst-2019/september-2018/dataset/xwiki-commons_parent/xwiki-commons-core/xwiki-commons-velocity/target/clover/src-test-instrumented/org/xwiki/velocity/internal/DefaultVelocityContextFactoryTest.java:[26,41] org.apache.velocity.tools.generic.ListTool in org.apache.velocity.tools.generic has been deprecated
[[1;33mWARNING[m] /home/bdanglot/workspace/icst-2019/september-2018/dataset/xwiki-commons_parent/xwiki-commons-core/xwiki-commons-velocity/target/clover/src-test-instrumented/org/xwiki/velocity/internal/util/RestrictParseLocationEventHandlerTest.java:[25,22] org.xwiki.test.LogRule in org.xwiki.test has been deprecated
[[1;33mWARNING[m] /home/bdanglot/workspace/icst-2019/september-2018/dataset/xwiki-commons_parent/xwiki-commons-core/xwiki-commons-velocity/target/clover/src-test-instrumented/org/xwiki/velocity/introspection/InvalidUberspector.java:[25,41] org.xwiki.velocity.introspection.AbstractChainableUberspector in org.xwiki.velocity.introspection has been deprecated
[[1;33mWARNING[m] /home/bdanglot/workspace/icst-2019/september-2018/dataset/xwiki-commons_parent/xwiki-commons-core/xwiki-commons-velocity/target/clover/src-test-instrumented/org/xwiki/velocity/introspection/TestingUberspector.java:[26,41] org.xwiki.velocity.introspection.AbstractChainableUberspector in org.xwiki.velocity.introspection has been deprecated
[[1;33mWARNING[m] /home/bdanglot/workspace/icst-2019/september-2018/dataset/xwiki-commons_parent/xwiki-commons-core/xwiki-commons-velocity/target/clover/src-test-instrumented/org/xwiki/velocity/introspection/MethodArgumentUberspectorTest.java:[88,30] found raw type: java.util.List
  missing type arguments for generic class java.util.List<E>
[[1;33mWARNING[m] /home/bdanglot/workspace/icst-2019/september-2018/dataset/xwiki-commons_parent/xwiki-commons-core/xwiki-commons-velocity/target/clover/src-test-instrumented/org/xwiki/velocity/internal/DefaultVelocityEngineTest.java:[63,95] org.xwiki.velocity.introspection.ChainingUberspector in org.xwiki.velocity.introspection has been deprecated
[[1;33mWARNING[m] /home/bdanglot/workspace/icst-2019/september-2018/dataset/xwiki-commons_parent/xwiki-commons-core/xwiki-commons-velocity/target/clover/src-test-instrumented/org/xwiki/velocity/internal/jmx/JMXVelocityEngineTest.java:[90,116] unchecked cast
  required: java.util.Collection<javax.management.openmbean.CompositeData>
  found:    java.util.Collection<capture#1 of ?>
[[1;33mWARNING[m] /home/bdanglot/workspace/icst-2019/september-2018/dataset/xwiki-commons_parent/xwiki-commons-core/xwiki-commons-velocity/target/clover/src-test-instrumented/org/xwiki/velocity/introspection/ChainingUberspectorTest.java:[60,18] org.xwiki.test.jmock.JMockRule in org.xwiki.test.jmock has been deprecated
[[1;33mWARNING[m] /home/bdanglot/workspace/icst-2019/september-2018/dataset/xwiki-commons_parent/xwiki-commons-core/xwiki-commons-velocity/target/clover/src-test-instrumented/org/xwiki/velocity/introspection/ChainingUberspectorTest.java:[60,42] org.xwiki.test.jmock.JMockRule in org.xwiki.test.jmock has been deprecated
[[1;33mWARNING[m] /home/bdanglot/workspace/icst-2019/september-2018/dataset/xwiki-commons_parent/xwiki-commons-core/xwiki-commons-velocity/target/clover/src-test-instrumented/org/xwiki/velocity/introspection/ChainingUberspectorTest.java:[95,101] org.xwiki.velocity.introspection.ChainingUberspector in org.xwiki.velocity.introspection has been deprecated
[[1;33mWARNING[m] /home/bdanglot/workspace/icst-2019/september-2018/dataset/xwiki-commons_parent/xwiki-commons-core/xwiki-commons-velocity/target/clover/src-test-instrumented/org/xwiki/velocity/introspection/ChainingUberspectorTest.java:[97,63] org.xwiki.velocity.introspection.ChainingUberspector in org.xwiki.velocity.introspection has been deprecated
[[1;33mWARNING[m] /home/bdanglot/workspace/icst-2019/september-2018/dataset/xwiki-commons_parent/xwiki-commons-core/xwiki-commons-velocity/target/clover/src-test-instrumented/org/xwiki/velocity/introspection/ChainingUberspectorTest.java:[116,101] org.xwiki.velocity.introspection.ChainingUberspector in org.xwiki.velocity.introspection has been deprecated
[[1;33mWARNING[m] /home/bdanglot/workspace/icst-2019/september-2018/dataset/xwiki-commons_parent/xwiki-commons-core/xwiki-commons-velocity/target/clover/src-test-instrumented/org/xwiki/velocity/introspection/ChainingUberspectorTest.java:[118,63] org.xwiki.velocity.introspection.ChainingUberspector in org.xwiki.velocity.introspection has been deprecated
[[1;33mWARNING[m] /home/bdanglot/workspace/icst-2019/september-2018/dataset/xwiki-commons_parent/xwiki-commons-core/xwiki-commons-velocity/target/clover/src-test-instrumented/org/xwiki/velocity/introspection/ChainingUberspectorTest.java:[139,101] org.xwiki.velocity.introspection.ChainingUberspector in org.xwiki.velocity.introspection has been deprecated
[[1;33mWARNING[m] /home/bdanglot/workspace/icst-2019/september-2018/dataset/xwiki-commons_parent/xwiki-commons-core/xwiki-commons-velocity/target/clover/src-test-instrumented/org/xwiki/velocity/introspection/ChainingUberspectorTest.java:[141,63] org.xwiki.velocity.introspection.ChainingUberspector in org.xwiki.velocity.introspection has been deprecated
[[1;33mWARNING[m] /home/bdanglot/workspace/icst-2019/september-2018/dataset/xwiki-commons_parent/xwiki-commons-core/xwiki-commons-velocity/target/clover/src-test-instrumented/org/xwiki/velocity/introspection/ChainingUberspectorTest.java:[144,15] org.xwiki.velocity.introspection.AbstractChainableUberspector in org.xwiki.velocity.introspection has been deprecated
[[1;33mWARNING[m] /home/bdanglot/workspace/icst-2019/september-2018/dataset/xwiki-commons_parent/xwiki-commons-core/xwiki-commons-velocity/target/clover/src-test-instrumented/org/xwiki/velocity/introspection/ChainingUberspectorTest.java:[167,101] org.xwiki.velocity.introspection.ChainingUberspector in org.xwiki.velocity.introspection has been deprecated
[[1;33mWARNING[m] /home/bdanglot/workspace/icst-2019/september-2018/dataset/xwiki-commons_parent/xwiki-commons-core/xwiki-commons-velocity/target/clover/src-test-instrumented/org/xwiki/velocity/introspection/ChainingUberspectorTest.java:[169,63] org.xwiki.velocity.introspection.ChainingUberspector in org.xwiki.velocity.introspection has been deprecated
[[1;33mWARNING[m] /home/bdanglot/workspace/icst-2019/september-2018/dataset/xwiki-commons_parent/xwiki-commons-core/xwiki-commons-velocity/target/clover/src-test-instrumented/org/xwiki/velocity/introspection/ChainingUberspectorTest.java:[188,101] org.xwiki.velocity.introspection.ChainingUberspector in org.xwiki.velocity.introspection has been deprecated
[[1;33mWARNING[m] /home/bdanglot/workspace/icst-2019/september-2018/dataset/xwiki-commons_parent/xwiki-commons-core/xwiki-commons-velocity/target/clover/src-test-instrumented/org/xwiki/velocity/introspection/ChainingUberspectorTest.java:[190,63] org.xwiki.velocity.introspection.ChainingUberspector in org.xwiki.velocity.introspection has been deprecated
[[1;33mWARNING[m] /home/bdanglot/workspace/icst-2019/september-2018/dataset/xwiki-commons_parent/xwiki-commons-core/xwiki-commons-velocity/target/clover/src-test-instrumented/org/xwiki/velocity/introspection/ChainingUberspectorTest.java:[207,101] org.xwiki.velocity.introspection.ChainingUberspector in org.xwiki.velocity.introspection has been deprecated
[[1;33mWARNING[m] /home/bdanglot/workspace/icst-2019/september-2018/dataset/xwiki-commons_parent/xwiki-commons-core/xwiki-commons-velocity/target/clover/src-test-instrumented/org/xwiki/velocity/introspection/ChainingUberspectorTest.java:[209,63] org.xwiki.velocity.introspection.ChainingUberspector in org.xwiki.velocity.introspection has been deprecated
[[1;33mWARNING[m] /home/bdanglot/workspace/icst-2019/september-2018/dataset/xwiki-commons_parent/xwiki-commons-core/xwiki-commons-velocity/target/clover/src-test-instrumented/org/xwiki/velocity/introspection/ChainingUberspectorTest.java:[238,101] org.xwiki.velocity.introspection.ChainingUberspector in org.xwiki.velocity.introspection has been deprecated
[[1;33mWARNING[m] /home/bdanglot/workspace/icst-2019/september-2018/dataset/xwiki-commons_parent/xwiki-commons-core/xwiki-commons-velocity/target/clover/src-test-instrumented/org/xwiki/velocity/introspection/ChainingUberspectorTest.java:[240,63] org.xwiki.velocity.introspection.ChainingUberspector in org.xwiki.velocity.introspection has been deprecated
[[1;33mWARNING[m] /home/bdanglot/workspace/icst-2019/september-2018/dataset/xwiki-commons_parent/xwiki-commons-core/xwiki-commons-velocity/target/clover/src-test-instrumented/org/xwiki/velocity/introspection/ChainingUberspectorTest.java:[257,101] org.xwiki.velocity.introspection.ChainingUberspector in org.xwiki.velocity.introspection has been deprecated
[[1;33mWARNING[m] /home/bdanglot/workspace/icst-2019/september-2018/dataset/xwiki-commons_parent/xwiki-commons-core/xwiki-commons-velocity/target/clover/src-test-instrumented/org/xwiki/velocity/introspection/ChainingUberspectorTest.java:[259,63] org.xwiki.velocity.introspection.ChainingUberspector in org.xwiki.velocity.introspection has been deprecated
[[1;33mWARNING[m] /home/bdanglot/workspace/icst-2019/september-2018/dataset/xwiki-commons_parent/xwiki-commons-core/xwiki-commons-velocity/target/clover/src-test-instrumented/org/xwiki/velocity/introspection/ChainingUberspectorTest.java:[272,73] org.xwiki.velocity.introspection.DeprecatedObject in org.xwiki.velocity.introspection has been deprecated
[[1;33mWARNING[m] /home/bdanglot/workspace/icst-2019/september-2018/dataset/xwiki-commons_parent/xwiki-commons-core/xwiki-commons-velocity/target/clover/src-test-instrumented/org/xwiki/velocity/introspection/ChainingUberspectorTest.java:[289,67] getYear() in java.util.Date has been deprecated
[[1;33mWARNING[m] /home/bdanglot/workspace/icst-2019/september-2018/dataset/xwiki-commons_parent/xwiki-commons-core/xwiki-commons-velocity/target/clover/src-test-instrumented/org/xwiki/velocity/introspection/ChainingUberspectorTest.java:[289,87] getMonth() in java.util.Date has been deprecated
[[1;33mWARNING[m] /home/bdanglot/workspace/icst-2019/september-2018/dataset/xwiki-commons_parent/xwiki-commons-core/xwiki-commons-velocity/target/clover/src-test-instrumented/org/xwiki/velocity/internal/DefaultVelocityConfigurationTest.java:[63,59] org.apache.velocity.tools.generic.ListTool in org.apache.velocity.tools.generic has been deprecated
[[1;33mWARNING[m] /home/bdanglot/workspace/icst-2019/september-2018/dataset/xwiki-commons_parent/xwiki-commons-core/xwiki-commons-velocity/target/clover/src-test-instrumented/org/xwiki/velocity/introspection/LinkingUberspectorTest.java:[39,45] org.xwiki.test.jmock.AbstractComponentTestCase in org.xwiki.test.jmock has been deprecated
[[1;33mWARNING[m] /home/bdanglot/workspace/icst-2019/september-2018/dataset/xwiki-commons_parent/xwiki-commons-core/xwiki-commons-velocity/target/clover/src-test-instrumented/org/xwiki/velocity/introspection/LinkingUberspectorTest.java:[56,101] org.xwiki.velocity.introspection.LinkingUberspector in org.xwiki.velocity.introspection has been deprecated
[[1;33mWARNING[m] /home/bdanglot/workspace/icst-2019/september-2018/dataset/xwiki-commons_parent/xwiki-commons-core/xwiki-commons-velocity/target/clover/src-test-instrumented/org/xwiki/velocity/introspection/LinkingUberspectorTest.java:[57,63] org.xwiki.velocity.introspection.LinkingUberspector in org.xwiki.velocity.introspection has been deprecated
[[1;33mWARNING[m] /home/bdanglot/workspace/icst-2019/september-2018/dataset/xwiki-commons_parent/xwiki-commons-core/xwiki-commons-velocity/target/clover/src-test-instrumented/org/xwiki/velocity/introspection/LinkingUberspectorTest.java:[75,101] org.xwiki.velocity.introspection.LinkingUberspector in org.xwiki.velocity.introspection has been deprecated
[[1;33mWARNING[m] /home/bdanglot/workspace/icst-2019/september-2018/dataset/xwiki-commons_parent/xwiki-commons-core/xwiki-commons-velocity/target/clover/src-test-instrumented/org/xwiki/velocity/introspection/LinkingUberspectorTest.java:[76,63] org.xwiki.velocity.introspection.LinkingUberspector in org.xwiki.velocity.introspection has been deprecated
[[1;33mWARNING[m] /home/bdanglot/workspace/icst-2019/september-2018/dataset/xwiki-commons_parent/xwiki-commons-core/xwiki-commons-velocity/target/clover/src-test-instrumented/org/xwiki/velocity/introspection/LinkingUberspectorTest.java:[97,101] org.xwiki.velocity.introspection.LinkingUberspector in org.xwiki.velocity.introspection has been deprecated
[[1;33mWARNING[m] /home/bdanglot/workspace/icst-2019/september-2018/dataset/xwiki-commons_parent/xwiki-commons-core/xwiki-commons-velocity/target/clover/src-test-instrumented/org/xwiki/velocity/introspection/LinkingUberspectorTest.java:[98,63] org.xwiki.velocity.introspection.LinkingUberspector in org.xwiki.velocity.introspection has been deprecated
[[1;33mWARNING[m] /home/bdanglot/workspace/icst-2019/september-2018/dataset/xwiki-commons_parent/xwiki-commons-core/xwiki-commons-velocity/target/clover/src-test-instrumented/org/xwiki/velocity/introspection/LinkingUberspectorTest.java:[99,15] org.xwiki.velocity.introspection.AbstractChainableUberspector in org.xwiki.velocity.introspection has been deprecated
[[1;33mWARNING[m] /home/bdanglot/workspace/icst-2019/september-2018/dataset/xwiki-commons_parent/xwiki-commons-core/xwiki-commons-velocity/target/clover/src-test-instrumented/org/xwiki/velocity/introspection/LinkingUberspectorTest.java:[119,101] org.xwiki.velocity.introspection.LinkingUberspector in org.xwiki.velocity.introspection has been deprecated
[[1;33mWARNING[m] /home/bdanglot/workspace/icst-2019/september-2018/dataset/xwiki-commons_parent/xwiki-commons-core/xwiki-commons-velocity/target/clover/src-test-instrumented/org/xwiki/velocity/introspection/LinkingUberspectorTest.java:[120,63] org.xwiki.velocity.introspection.LinkingUberspector in org.xwiki.velocity.introspection has been deprecated
[[1;33mWARNING[m] /home/bdanglot/workspace/icst-2019/september-2018/dataset/xwiki-commons_parent/xwiki-commons-core/xwiki-commons-velocity/target/clover/src-test-instrumented/org/xwiki/velocity/introspection/LinkingUberspectorTest.java:[135,101] org.xwiki.velocity.introspection.LinkingUberspector in org.xwiki.velocity.introspection has been deprecated
[[1;33mWARNING[m] /home/bdanglot/workspace/icst-2019/september-2018/dataset/xwiki-commons_parent/xwiki-commons-core/xwiki-commons-velocity/target/clover/src-test-instrumented/org/xwiki/velocity/introspection/LinkingUberspectorTest.java:[136,63] org.xwiki.velocity.introspection.LinkingUberspector in org.xwiki.velocity.introspection has been deprecated
[[1;33mWARNING[m] /home/bdanglot/workspace/icst-2019/september-2018/dataset/xwiki-commons_parent/xwiki-commons-core/xwiki-commons-velocity/target/clover/src-test-instrumented/org/xwiki/velocity/introspection/LinkingUberspectorTest.java:[151,101] org.xwiki.velocity.introspection.LinkingUberspector in org.xwiki.velocity.introspection has been deprecated
[[1;33mWARNING[m] /home/bdanglot/workspace/icst-2019/september-2018/dataset/xwiki-commons_parent/xwiki-commons-core/xwiki-commons-velocity/target/clover/src-test-instrumented/org/xwiki/velocity/introspection/LinkingUberspectorTest.java:[152,63] org.xwiki.velocity.introspection.LinkingUberspector in org.xwiki.velocity.introspection has been deprecated
[[1;33mWARNING[m] /home/bdanglot/workspace/icst-2019/september-2018/dataset/xwiki-commons_parent/xwiki-commons-core/xwiki-commons-velocity/target/clover/src-test-instrumented/org/xwiki/velocity/internal/DefaultVelocityContextFactoryTest.java:[53,13] found raw type: org.xwiki.test.mockito.MockitoComponentMockingRule
  missing type arguments for generic class org.xwiki.test.mockito.MockitoComponentMockingRule<T>
[[1;33mWARNING[m] /home/bdanglot/workspace/icst-2019/september-2018/dataset/xwiki-commons_parent/xwiki-commons-core/xwiki-commons-velocity/target/clover/src-test-instrumented/org/xwiki/velocity/internal/DefaultVelocityContextFactoryTest.java:[53,9] unchecked call to MockitoComponentMockingRule(java.lang.Class<? extends T>) as a member of the raw type org.xwiki.test.mockito.MockitoComponentMockingRule
[[1;33mWARNING[m] /home/bdanglot/workspace/icst-2019/september-2018/dataset/xwiki-commons_parent/xwiki-commons-core/xwiki-commons-velocity/target/clover/src-test-instrumented/org/xwiki/velocity/internal/DefaultVelocityContextFactoryTest.java:[53,9] unchecked conversion
  required: org.xwiki.test.mockito.MockitoComponentMockingRule<org.xwiki.velocity.internal.DefaultVelocityContextFactory>
  found:    org.xwiki.test.mockito.MockitoComponentMockingRule
[[1;33mWARNING[m] /home/bdanglot/workspace/icst-2019/september-2018/dataset/xwiki-commons_parent/xwiki-commons-core/xwiki-commons-velocity/target/clover/src-test-instrumented/org/xwiki/velocity/internal/DefaultVelocityContextFactoryTest.java:[62,73] org.apache.velocity.tools.generic.ListTool in org.apache.velocity.tools.generic has been deprecated
[[1;33mWARNING[m] /home/bdanglot/workspace/icst-2019/september-2018/dataset/xwiki-commons_parent/xwiki-commons-core/xwiki-commons-velocity/target/clover/src-test-instrumented/org/xwiki/velocity/internal/util/RestrictParseLocationEventHandlerTest.java:[40,18] org.xwiki.test.LogRule in org.xwiki.test has been deprecated
[[1;33mWARNING[m] /home/bdanglot/workspace/icst-2019/september-2018/dataset/xwiki-commons_parent/xwiki-commons-core/xwiki-commons-velocity/target/clover/src-test-instrumented/org/xwiki/velocity/internal/util/RestrictParseLocationEventHandlerTest.java:[40,40] org.xwiki.test.LogRule in org.xwiki.test has been deprecated
[[1;33mWARNING[m] /home/bdanglot/workspace/icst-2019/september-2018/dataset/xwiki-commons_parent/xwiki-commons-core/xwiki-commons-velocity/target/clover/src-test-instrumented/org/xwiki/velocity/introspection/DeprecatedObject.java:[25,8] serializable class org.xwiki.velocity.introspection.DeprecatedObject has no definition of serialVersionUID
[[1;34mINFO[m] 
[[1;34mINFO[m] [1m--- [0;32mmaven-surefire-plugin:2.19.1:test[m [1m(default-test)[m @ [36mxwiki-commons-velocity[0;1m ---[m

-------------------------------------------------------
 T E S T S
-------------------------------------------------------
Running org.xwiki.velocity.tools.JSONToolTest
12:06:09.207 [main] INFO  org.xwiki.velocity.tools.JSONTool - Tried to parse invalid JSON: [], exception was: Invalid JSON String
12:06:09.221 [main] INFO  org.xwiki.velocity.tools.JSONTool - Tried to parse invalid JSON: [This is not the JSON you are ...], exception was: Invalid JSON String
Tests run: 18, Failures: 0, Errors: 0, Skipped: 0, Time elapsed: 0.547 sec - in org.xwiki.velocity.tools.JSONToolTest
Running org.xwiki.velocity.tools.CollectionsToolTest
Tests run: 27, Failures: 0, Errors: 0, Skipped: 0, Time elapsed: 0.024 sec - in org.xwiki.velocity.tools.CollectionsToolTest
Running org.xwiki.velocity.tools.URLToolTest
Tests run: 5, Failures: 0, Errors: 0, Skipped: 0, Time elapsed: 0.015 sec - in org.xwiki.velocity.tools.URLToolTest
Running org.xwiki.velocity.tools.RegexToolTest
Tests run: 9, Failures: 0, Errors: 0, Skipped: 0, Time elapsed: 0.014 sec - in org.xwiki.velocity.tools.RegexToolTest
Running org.xwiki.velocity.tools.EscapeToolTest
12:06:09.337 [main] WARN  org.xwiki.velocity.tools.EscapeTool - Failed to escape CSS identifier. Invalid character: the input contains U+0000.
Tests run: 24, Failures: 0, Errors: 0, Skipped: 0, Time elapsed: 0.044 sec - in org.xwiki.velocity.tools.EscapeToolTest
Running org.xwiki.velocity.tools.CSSIdentifierSerializerTest
Tests run: 1, Failures: 0, Errors: 0, Skipped: 0, Time elapsed: 0 sec - in org.xwiki.velocity.tools.CSSIdentifierSerializerTest
Running org.xwiki.velocity.internal.jmx.JMXVelocityEngineTest
Tests run: 1, Failures: 0, Errors: 0, Skipped: 0, Time elapsed: 0.377 sec - in org.xwiki.velocity.internal.jmx.JMXVelocityEngineTest
Running org.xwiki.velocity.internal.DefaultVelocityConfigurationTest
Tests run: 2, Failures: 0, Errors: 0, Skipped: 0, Time elapsed: 0.056 sec - in org.xwiki.velocity.internal.DefaultVelocityConfigurationTest
Running org.xwiki.velocity.internal.DefaultVelocityContextFactoryTest
Tests run: 1, Failures: 0, Errors: 0, Skipped: 0, Time elapsed: 0.331 sec - in org.xwiki.velocity.internal.DefaultVelocityContextFactoryTest
Running org.xwiki.velocity.internal.util.RestrictParseLocationEventHandlerTest
Tests run: 2, Failures: 0, Errors: 0, Skipped: 0, Time elapsed: 0.004 sec - in org.xwiki.velocity.internal.util.RestrictParseLocationEventHandlerTest
Running org.xwiki.velocity.internal.util.VelocityParserTest
Tests run: 4, Failures: 0, Errors: 0, Skipped: 0, Time elapsed: 0.008 sec - in org.xwiki.velocity.internal.util.VelocityParserTest
Running org.xwiki.velocity.internal.DefaultVelocityEngineTest
Tests run: 10, Failures: 0, Errors: 0, Skipped: 0, Time elapsed: 0.115 sec - in org.xwiki.velocity.internal.DefaultVelocityEngineTest
Running org.xwiki.velocity.introspection.LinkingUberspectorTest
12:06:10.347 [main] WARN  o.x.v.internal.DefaultVelocityEngine - The specified class for Uberspect [java.util.Date] does not implement org.apache.velocity.util.introspection.Uberspect
12:06:10.347 [main] WARN  o.x.v.internal.DefaultVelocityEngine - The specified uberspector [org.xwiki.velocity.introspection.AbstractChainableUberspector] cannot be instantiated.
12:06:10.348 [main] WARN  o.x.v.internal.DefaultVelocityEngine - The specified uberspector [org.xwiki.velocity.introspection.InvalidUberspector] does not have a public default constructor.
12:06:10.358 [main] ERROR o.x.v.internal.DefaultVelocityEngine - No uberspectors defined! This uberspector is just a placeholder that relies on at least one real uberspector to actually allow method calls. Using SecureUberspector instead as a fallback.
12:06:10.359 [main] WARN  o.x.v.internal.DefaultVelocityEngine - Cannot retrieve method getConstructors from object of class java.lang.Class due to security restrictions.
12:06:10.380 [main] WARN  o.x.v.internal.DefaultVelocityEngine - Cannot retrieve method getConstructors from object of class java.lang.Class due to security restrictions.
Tests run: 6, Failures: 0, Errors: 0, Skipped: 0, Time elapsed: 0.128 sec - in org.xwiki.velocity.introspection.LinkingUberspectorTest
Running org.xwiki.velocity.introspection.MethodArgumentUberspectorTest
Tests run: 12, Failures: 0, Errors: 0, Skipped: 0, Time elapsed: 0.081 sec - in org.xwiki.velocity.introspection.MethodArgumentUberspectorTest
Running org.xwiki.velocity.introspection.ChainingUberspectorTest
Tests run: 8, Failures: 0, Errors: 0, Skipped: 0, Time elapsed: 0.07 sec - in org.xwiki.velocity.introspection.ChainingUberspectorTest

Results :

Tests run: 130, Failures: 0, Errors: 0, Skipped: 0

[[1;34mINFO[m] [1m------------------------------------------------------------------------[m
[[1;34mINFO[m] [1;32mBUILD SUCCESS[m
[[1;34mINFO[m] [1m------------------------------------------------------------------------[m
[[1;34mINFO[m] Total time: 12.145 s
[[1;34mINFO[m] Finished at: 2018-09-27T12:06:10+02:00
[[1;34mINFO[m] [1m------------------------------------------------------------------------[m
Writing HTML report to '/home/bdanglot/workspace/icst-2019/september-2018/dataset/xwiki-commons_parent/xwiki-commons-core/xwiki-commons-velocity/target/clover/report'
Done. Processed 8 packages in 1793ms (224ms per package).
[[1;34mINFO[m] /home/bdanglot/workspace/icst-2019/september-2018/dataset/xwiki-commons_parent/xwiki-commons-core/xwiki-commons-velocity/src/main/java/org/xwiki/velocity/introspection/MethodArgumentsUberspector.java
[[1;34mINFO[m] /home/bdanglot/workspace/icst-2019/september-2018/dataset/xwiki-commons/xwiki-commons-core/xwiki-commons-velocity/src/main/java/org/xwiki/velocity/introspection/MethodArgumentsUberspector.java
[info] org.xwiki.velocity.introspection.MethodArgumentsUberspector:175 is modified.
[info] org.xwiki.velocity.introspection.MethodArgumentsUberspector:181 is modified.
[info] org.xwiki.velocity.introspection.MethodArgumentsUberspector:182 is modified.
[info] org.xwiki.velocity.introspection.MethodArgumentsUberspector:150 is modified.
[info] org.xwiki.velocity.introspection.MethodArgumentsUberspector:148 is modified.
[info] org.xwiki.velocity.introspection.MethodArgumentsUberspector:175 covered.
[info] org.xwiki.velocity.introspection.MethodArgumentsUberspector:181 covered.
[info] org.xwiki.velocity.introspection.MethodArgumentsUberspector:182 covered.
[info] org.xwiki.velocity.introspection.MethodArgumentsUberspector:150 covered.
[[1;34mINFO[m] /home/bdanglot/workspace/icst-2019/september-2018/dataset/xwiki-commons_parent/xwiki-commons-core/xwiki-commons-velocity/src/test/java/org/xwiki/velocity/introspection/MethodArgumentUberspectorTest.java
[[1;34mINFO[m] /home/bdanglot/workspace/icst-2019/september-2018/dataset/xwiki-commons/xwiki-commons-core/xwiki-commons-velocity/src/test/java/org/xwiki/velocity/introspection/MethodArgumentUberspectorTest.java
[info] org.xwiki.velocity.introspection.MethodArgumentUberspectorTest:241 is modified.
[info] org.xwiki.velocity.introspection.MethodArgumentUberspectorTest:243 is modified.
[info] org.xwiki.velocity.introspection.MethodArgumentUberspectorTest:244 is modified.
[info] org.xwiki.velocity.introspection.MethodArgumentUberspectorTest:98 is modified.
[info] org.xwiki.velocity.introspection.MethodArgumentUberspectorTest:242 is modified.
[info] org.xwiki.velocity.introspection.MethodArgumentUberspectorTest:99 is modified.
[info] org.xwiki.velocity.introspection.MethodArgumentUberspectorTest:101 is modified.
[[1;34mINFO[m] Saving result in /home/bdanglot/workspace/icst-2019/september-2018/result/xwiki-commons/commit_13_07ca612/parent_coverage_testsThatExecuteTheChanges.csv ...
[[1;34mINFO[m] org.xwiki.velocity.introspection.MethodArgumentUberspectorTest;getMethodWhenAddingSameMethodNameToExtendingClassAndConversion;getMethodWhenVarargsWithConversionAndVarargParamPassedNeedingConversion;getMethodWhenVarargsWithNoConversionAndNoVarargParamPassed;getMethodWhenVarargsWithConversionAndOneVarargParamPassed;getMethodWhenVarargsWithConversionAndNoVarargParamPassed;getMethodWhenVarargsWithNoConversionAndTwoVarargParamsPassed;getMethodWhenVarargsWithConversionAndTwoVarargParamsPassed
[[1;34mINFO[m] Writing Coverage in /home/bdanglot/workspace/icst-2019/september-2018/result/xwiki-commons/commit_13_07ca612/parent_coverage_testsThatExecuteTheChanges_coverage.csv
[[1;34mINFO[m] org.xwiki.velocity.introspection.MethodArgumentsUberspector;4;5

[[1;34mINFO[m] total;4;5

[[1;34mINFO[m] [1m------------------------------------------------------------------------[m
[[1;34mINFO[m] [1;32mBUILD SUCCESS[m
[[1;34mINFO[m] [1m------------------------------------------------------------------------[m
[[1;34mINFO[m] Total time: 18.576 s
[[1;34mINFO[m] Finished at: 2018-09-27T12:06:14+02:00
[[1;34mINFO[m] [1m------------------------------------------------------------------------[m
