[[1;34mINFO[m] Scanning for projects...
[[1;34mINFO[m] 
[[1;34mINFO[m] [1m-----------< [0;36morg.xwiki.commons:xwiki-commons-extension-api[0;1m >------------[m
[[1;34mINFO[m] [1mBuilding XWiki Commons - Extension - API 10.7-SNAPSHOT[m
[[1;34mINFO[m] [1m--------------------------------[ jar ]---------------------------------[m
[[1;34mINFO[m] 
[[1;34mINFO[m] [1m--- [0;32mmaven-clean-plugin:3.1.0:clean[m [1m(default-clean)[m @ [36mxwiki-commons-extension-api[0;1m ---[m
[[1;34mINFO[m] Deleting /home/bdanglot/workspace/icst-2019/september-2018/dataset/xwiki-commons_parent/xwiki-commons-core/xwiki-commons-extension/xwiki-commons-extension-api/target
[[1;34mINFO[m] 
[[1;34mINFO[m] [1m--- [0;32mdiff-test-selection:0.5-SNAPSHOT:list[m [1m(default-cli)[m @ [36mxwiki-commons-extension-api[0;1m ---[m
[[1;34mINFO[m] Computing coverage for /home/bdanglot/workspace/icst-2019/september-2018/dataset/xwiki-commons_parent/xwiki-commons-core/xwiki-commons-extension/xwiki-commons-extension-api
[WARN] Maven will be executed in interactive mode, but no input stream has been configured for this MavenInvoker instance.
[[1;34mINFO[m] Scanning for projects...
[[1;34mINFO[m] 
[[1;34mINFO[m] [1m-----------< [0;36morg.xwiki.commons:xwiki-commons-extension-api[0;1m >------------[m
[[1;34mINFO[m] [1mBuilding XWiki Commons - Extension - API 10.7-SNAPSHOT[m
[[1;34mINFO[m] [1m--------------------------------[ jar ]---------------------------------[m
[[1;34mINFO[m] 
[[1;34mINFO[m] [1m--- [0;32mmaven-clean-plugin:3.1.0:clean[m [1m(default-clean)[m @ [36mxwiki-commons-extension-api[0;1m ---[m
[[1;34mINFO[m] 
[[1;34mINFO[m] [1m--- [0;32mclover-maven-plugin:4.2.0:setup[m [1m(default-cli)[m @ [36mxwiki-commons-extension-api[0;1m ---[m
[[1;34mINFO[m] No 'maven.clover.licenseLocation' configured. Using default license.
[[1;34mINFO[m] OpenClover Version 4.2.0, built on April 30 2017 (build-1000)
[[1;34mINFO[m] Loaded from: /home/bdanglot/.m2/repository/org/openclover/clover/4.2.0/clover-4.2.0.jar
[[1;34mINFO[m] Clover free edition.
[[1;34mINFO[m] Creating new database at '/home/bdanglot/workspace/icst-2019/september-2018/dataset/xwiki-commons_parent/xwiki-commons-core/xwiki-commons-extension/xwiki-commons-extension-api/target/clover/clover.db'.
[[1;34mINFO[m] Processing files at 1.8 source level.
[[1;34mINFO[m] Clover all over. Instrumented 192 files (25 packages).
[[1;34mINFO[m] Elapsed time = 2.758 secs. (69.616 files/sec, 9,384.699 srclines/sec)
[[1;34mINFO[m] OpenClover Version 4.2.0, built on April 30 2017 (build-1000)
[[1;34mINFO[m] Loaded from: /home/bdanglot/.m2/repository/org/openclover/clover/4.2.0/clover-4.2.0.jar
[[1;34mINFO[m] Clover free edition.
[[1;34mINFO[m] Updating existing database at '/home/bdanglot/workspace/icst-2019/september-2018/dataset/xwiki-commons_parent/xwiki-commons-core/xwiki-commons-extension/xwiki-commons-extension-api/target/clover/clover.db'.
[[1;34mINFO[m] Processing files at 1.8 source level.
[[1;34mINFO[m] Clover all over. Instrumented 51 files (13 packages).
[[1;34mINFO[m] 160 test methods detected.
[[1;34mINFO[m] Elapsed time = 0.561 secs. (90.909 files/sec, 13,278.075 srclines/sec)
[[1;34mINFO[m] 
[[1;34mINFO[m] [1m--- [0;32mmaven-enforcer-plugin:1.4.1:enforce[m [1m(enforce-plugins)[m @ [36mxwiki-commons-extension-api[0;1m ---[m
[[1;34mINFO[m] Skipping Rule Enforcement.
[[1;34mINFO[m] 
[[1;34mINFO[m] [1m--- [0;32mmaven-enforcer-plugin:1.4.1:enforce[m [1m(enforce-jcl-log4j-isolation)[m @ [36mxwiki-commons-extension-api[0;1m ---[m
[[1;34mINFO[m] Skipping Rule Enforcement.
[[1;34mINFO[m] 
[[1;34mINFO[m] [1m--- [0;32mmaven-enforcer-plugin:1.4.1:enforce[m [1m(enforce-glasshfish-jaxb)[m @ [36mxwiki-commons-extension-api[0;1m ---[m
[[1;34mINFO[m] Skipping Rule Enforcement.
[[1;34mINFO[m] 
[[1;34mINFO[m] [1m--- [0;32mmaven-enforcer-plugin:1.4.1:enforce[m [1m(enforce-open-json)[m @ [36mxwiki-commons-extension-api[0;1m ---[m
[[1;34mINFO[m] Skipping Rule Enforcement.
[[1;34mINFO[m] 
[[1;34mINFO[m] [1m--- [0;32mmaven-enforcer-plugin:1.4.1:enforce[m [1m(enforce-glassfish-el)[m @ [36mxwiki-commons-extension-api[0;1m ---[m
[[1;34mINFO[m] Skipping Rule Enforcement.
[[1;34mINFO[m] 
[[1;34mINFO[m] [1m--- [0;32mmaven-enforcer-plugin:1.4.1:enforce[m [1m(enforce-commons-lang3)[m @ [36mxwiki-commons-extension-api[0;1m ---[m
[[1;34mINFO[m] Skipping Rule Enforcement.
[[1;34mINFO[m] 
[[1;34mINFO[m] [1m--- [0;32mmaven-enforcer-plugin:1.4.1:enforce[m [1m(enforce-commons-configuration2)[m @ [36mxwiki-commons-extension-api[0;1m ---[m
[[1;34mINFO[m] Skipping Rule Enforcement.
[[1;34mINFO[m] 
[[1;34mINFO[m] [1m--- [0;32mmaven-enforcer-plugin:1.4.1:enforce[m [1m(enforce-bouncycastle-ids)[m @ [36mxwiki-commons-extension-api[0;1m ---[m
[[1;34mINFO[m] Skipping Rule Enforcement.
[[1;34mINFO[m] 
[[1;34mINFO[m] [1m--- [0;32mmaven-enforcer-plugin:1.4.1:enforce[m [1m(enforce-javase-dependencies)[m @ [36mxwiki-commons-extension-api[0;1m ---[m
[[1;34mINFO[m] Skipping Rule Enforcement.
[[1;34mINFO[m] 
[[1;34mINFO[m] [1m--- [0;32mmaven-enforcer-plugin:1.4.1:enforce[m [1m(enforce-upper-bounds)[m @ [36mxwiki-commons-extension-api[0;1m ---[m
[[1;34mINFO[m] Skipping Rule Enforcement.
[[1;34mINFO[m] 
[[1;34mINFO[m] [1m--- [0;32mmaven-enforcer-plugin:1.4.1:enforce[m [1m(enforce-no-legacy-dependencies)[m @ [36mxwiki-commons-extension-api[0;1m ---[m
[[1;34mINFO[m] 
[[1;34mINFO[m] [1m--- [0;32mmaven-enforcer-plugin:1.4.1:enforce[m [1m(enforce-valid-poms)[m @ [36mxwiki-commons-extension-api[0;1m ---[m
[[1;34mINFO[m] Skipping Rule Enforcement.
[[1;34mINFO[m] 
[[1;34mINFO[m] [1m--- [0;32mmaven-enforcer-plugin:1.4.1:enforce[m [1m(enforce-platform-rendering-isolation)[m @ [36mxwiki-commons-extension-api[0;1m ---[m
[[1;34mINFO[m] Skipping Rule Enforcement.
[[1;34mINFO[m] 
[[1;34mINFO[m] [1m--- [0;32mmaven-enforcer-plugin:1.4.1:enforce[m [1m(check-dependency-version)[m @ [36mxwiki-commons-extension-api[0;1m ---[m
[[1;34mINFO[m] Skipping Rule Enforcement.
[[1;34mINFO[m] 
[[1;34mINFO[m] [1m--- [0;32mxwiki-commons-tool-remote-resource-plugin:10.7-SNAPSHOT:process[m [1m(xwiki-license-resources)[m @ [36mxwiki-commons-extension-api[0;1m ---[m
[[1;34mINFO[m] 
[[1;34mINFO[m] [1m--- [0;32mmaven-resources-plugin:3.1.0:resources[m [1m(default-resources)[m @ [36mxwiki-commons-extension-api[0;1m ---[m
[[1;34mINFO[m] Using 'UTF-8' encoding to copy filtered resources.
[[1;34mINFO[m] Copying 39 resources
[[1;34mINFO[m] Copying 1 resource
[[1;34mINFO[m] Copying 2 resources
[[1;34mINFO[m] 
[[1;34mINFO[m] [1m--- [0;32mmaven-compiler-plugin:3.7.0:compile[m [1m(default-compile)[m @ [36mxwiki-commons-extension-api[0;1m ---[m
[[1;34mINFO[m] Changes detected - recompiling the module!
[[1;34mINFO[m] Compiling 192 source files to /home/bdanglot/workspace/icst-2019/september-2018/dataset/xwiki-commons_parent/xwiki-commons-core/xwiki-commons-extension/xwiki-commons-extension-api/target/classes
[[1;33mWARNING[m] /home/bdanglot/workspace/icst-2019/september-2018/dataset/xwiki-commons_parent/xwiki-commons-core/xwiki-commons-extension/xwiki-commons-extension-api/target/clover/src-instrumented/org/xwiki/extension/internal/DefaultExtensionManagerConfiguration.java:[50,38] org.xwiki.extension.repository.ExtensionRepositoryId in org.xwiki.extension.repository has been deprecated
[[1;33mWARNING[m] /home/bdanglot/workspace/icst-2019/september-2018/dataset/xwiki-commons_parent/xwiki-commons-core/xwiki-commons-extension/xwiki-commons-extension-api/target/clover/src-instrumented/org/xwiki/extension/ExtensionManagerConfiguration.java:[27,38] org.xwiki.extension.repository.ExtensionRepositoryId in org.xwiki.extension.repository has been deprecated
[[1;33mWARNING[m] /home/bdanglot/workspace/icst-2019/september-2018/dataset/xwiki-commons_parent/xwiki-commons-core/xwiki-commons-extension/xwiki-commons-extension-api/target/clover/src-instrumented/org/xwiki/extension/wrap/WrappingExtensionRepository.java:[28,38] org.xwiki.extension.repository.ExtensionRepositoryId in org.xwiki.extension.repository has been deprecated
[[1;33mWARNING[m] /home/bdanglot/workspace/icst-2019/september-2018/dataset/xwiki-commons_parent/xwiki-commons-core/xwiki-commons-extension/xwiki-commons-extension-api/target/clover/src-instrumented/org/xwiki/extension/repository/internal/DefaultExtensionRepositoryManager.java:[57,38] org.xwiki.extension.repository.ExtensionRepositoryId in org.xwiki.extension.repository has been deprecated
[[1;33mWARNING[m] /home/bdanglot/workspace/icst-2019/september-2018/dataset/xwiki-commons_parent/xwiki-commons-core/xwiki-commons-extension/xwiki-commons-extension-api/target/clover/src-instrumented/org/xwiki/extension/job/history/internal/ExtensionJobHistoryRecorder.java:[49,30] org.xwiki.job.internal.AbstractJobStatus in org.xwiki.job.internal has been deprecated
[[1;33mWARNING[m] /home/bdanglot/workspace/icst-2019/september-2018/dataset/xwiki-commons_parent/xwiki-commons-core/xwiki-commons-extension/xwiki-commons-extension-api/target/clover/src-instrumented/org/xwiki/extension/AbstractExtension.java:[213,72] unchecked cast
  required: T
  found:    org.xwiki.extension.repository.ExtensionRepository
[[1;33mWARNING[m] /home/bdanglot/workspace/icst-2019/september-2018/dataset/xwiki-commons_parent/xwiki-commons-core/xwiki-commons-extension/xwiki-commons-extension-api/target/clover/src-instrumented/org/xwiki/extension/AbstractExtension.java:[215,72] unchecked cast
  required: T
  found:    java.lang.String
[[1;33mWARNING[m] /home/bdanglot/workspace/icst-2019/september-2018/dataset/xwiki-commons_parent/xwiki-commons-core/xwiki-commons-extension/xwiki-commons-extension-api/target/clover/src-instrumented/org/xwiki/extension/AbstractExtension.java:[217,77] unchecked cast
  required: T
  found:    org.xwiki.extension.version.Version
[[1;33mWARNING[m] /home/bdanglot/workspace/icst-2019/september-2018/dataset/xwiki-commons_parent/xwiki-commons-core/xwiki-commons-extension/xwiki-commons-extension-api/target/clover/src-instrumented/org/xwiki/extension/AbstractExtension.java:[218,18] FIELD_FEATURE in org.xwiki.extension.Extension has been deprecated
[[1;33mWARNING[m] /home/bdanglot/workspace/icst-2019/september-2018/dataset/xwiki-commons_parent/xwiki-commons-core/xwiki-commons-extension/xwiki-commons-extension-api/target/clover/src-instrumented/org/xwiki/extension/AbstractExtension.java:[219,18] FIELD_FEATURES in org.xwiki.extension.Extension has been deprecated
[[1;33mWARNING[m] /home/bdanglot/workspace/icst-2019/september-2018/dataset/xwiki-commons_parent/xwiki-commons-core/xwiki-commons-extension/xwiki-commons-extension-api/target/clover/src-instrumented/org/xwiki/extension/AbstractExtension.java:[220,92] unchecked cast
  required: T
  found:    java.util.List<java.lang.String>
[[1;33mWARNING[m] /home/bdanglot/workspace/icst-2019/september-2018/dataset/xwiki-commons_parent/xwiki-commons-core/xwiki-commons-extension/xwiki-commons-extension-api/target/clover/src-instrumented/org/xwiki/extension/AbstractExtension.java:[223,79] unchecked cast
  required: T
  found:    java.util.Collection<org.xwiki.extension.ExtensionId>
[[1;33mWARNING[m] /home/bdanglot/workspace/icst-2019/september-2018/dataset/xwiki-commons_parent/xwiki-commons-core/xwiki-commons-extension/xwiki-commons-extension-api/target/clover/src-instrumented/org/xwiki/extension/AbstractExtension.java:[225,69] unchecked cast
  required: T
  found:    java.lang.String
[[1;33mWARNING[m] /home/bdanglot/workspace/icst-2019/september-2018/dataset/xwiki-commons_parent/xwiki-commons-core/xwiki-commons-extension/xwiki-commons-extension-api/target/clover/src-instrumented/org/xwiki/extension/AbstractExtension.java:[227,73] unchecked cast
  required: T
  found:    java.lang.String
[[1;33mWARNING[m] /home/bdanglot/workspace/icst-2019/september-2018/dataset/xwiki-commons_parent/xwiki-commons-core/xwiki-commons-extension/xwiki-commons-extension-api/target/clover/src-instrumented/org/xwiki/extension/AbstractExtension.java:[230,69] unchecked cast
  required: T
  found:    java.util.List<org.xwiki.extension.ExtensionAuthor>
[[1;33mWARNING[m] /home/bdanglot/workspace/icst-2019/september-2018/dataset/xwiki-commons_parent/xwiki-commons-core/xwiki-commons-extension/xwiki-commons-extension-api/target/clover/src-instrumented/org/xwiki/extension/AbstractExtension.java:[232,70] unchecked cast
  required: T
  found:    java.lang.String
[[1;33mWARNING[m] /home/bdanglot/workspace/icst-2019/september-2018/dataset/xwiki-commons_parent/xwiki-commons-core/xwiki-commons-extension/xwiki-commons-extension-api/target/clover/src-instrumented/org/xwiki/extension/AbstractExtension.java:[235,70] unchecked cast
  required: T
  found:    java.util.Collection<org.xwiki.extension.ExtensionLicense>
[[1;33mWARNING[m] /home/bdanglot/workspace/icst-2019/september-2018/dataset/xwiki-commons_parent/xwiki-commons-core/xwiki-commons-extension/xwiki-commons-extension-api/target/clover/src-instrumented/org/xwiki/extension/AbstractExtension.java:[237,66] unchecked cast
  required: T
  found:    java.lang.String
[[1;33mWARNING[m] /home/bdanglot/workspace/icst-2019/september-2018/dataset/xwiki-commons_parent/xwiki-commons-core/xwiki-commons-extension/xwiki-commons-extension-api/target/clover/src-instrumented/org/xwiki/extension/AbstractExtension.java:[239,66] unchecked cast
  required: T
  found:    java.lang.String
[[1;33mWARNING[m] /home/bdanglot/workspace/icst-2019/september-2018/dataset/xwiki-commons_parent/xwiki-commons-core/xwiki-commons-extension/xwiki-commons-extension-api/target/clover/src-instrumented/org/xwiki/extension/AbstractExtension.java:[241,69] unchecked cast
  required: T
  found:    java.lang.String
[[1;33mWARNING[m] /home/bdanglot/workspace/icst-2019/september-2018/dataset/xwiki-commons_parent/xwiki-commons-core/xwiki-commons-extension/xwiki-commons-extension-api/target/clover/src-instrumented/org/xwiki/extension/AbstractExtension.java:[245,79] unchecked cast
  required: T
  found:    java.util.Collection<java.lang.String>
[[1;33mWARNING[m] /home/bdanglot/workspace/icst-2019/september-2018/dataset/xwiki-commons_parent/xwiki-commons-core/xwiki-commons-extension/xwiki-commons-extension-api/target/clover/src-instrumented/org/xwiki/extension/AbstractExtension.java:[247,65] unchecked cast
  required: T
  found:    org.xwiki.extension.ExtensionScm
[[1;33mWARNING[m] /home/bdanglot/workspace/icst-2019/september-2018/dataset/xwiki-commons_parent/xwiki-commons-core/xwiki-commons-extension/xwiki-commons-extension-api/target/clover/src-instrumented/org/xwiki/extension/AbstractExtension.java:[249,74] unchecked cast
  required: T
  found:    java.util.Collection<org.xwiki.extension.repository.ExtensionRepositoryDescriptor>
[[1;33mWARNING[m] /home/bdanglot/workspace/icst-2019/september-2018/dataset/xwiki-commons_parent/xwiki-commons-core/xwiki-commons-extension/xwiki-commons-extension-api/target/clover/src-instrumented/org/xwiki/extension/AbstractExtension.java:[251,72] unchecked cast
  required: T
  found:    java.util.Map<java.lang.String,java.lang.Object>
[[1;33mWARNING[m] /home/bdanglot/workspace/icst-2019/september-2018/dataset/xwiki-commons_parent/xwiki-commons-core/xwiki-commons-extension/xwiki-commons-extension-api/target/clover/src-instrumented/org/xwiki/extension/AbstractExtension.java:[656,71] unchecked cast
  required: T
  found:    java.lang.Object
[[1;33mWARNING[m] /home/bdanglot/workspace/icst-2019/september-2018/dataset/xwiki-commons_parent/xwiki-commons-core/xwiki-commons-extension/xwiki-commons-extension-api/target/clover/src-instrumented/org/xwiki/extension/AbstractExtension.java:[662,201] unchecked cast
  required: T
  found:    java.lang.Object
[[1;33mWARNING[m] /home/bdanglot/workspace/icst-2019/september-2018/dataset/xwiki-commons_parent/xwiki-commons-core/xwiki-commons-extension/xwiki-commons-extension-api/target/clover/src-instrumented/org/xwiki/extension/AbstractExtension.java:[692,80] unchecked cast
  required: T
  found:    java.lang.Object
[[1;33mWARNING[m] /home/bdanglot/workspace/icst-2019/september-2018/dataset/xwiki-commons_parent/xwiki-commons-core/xwiki-commons-extension/xwiki-commons-extension-api/target/clover/src-instrumented/org/xwiki/extension/Extension.java:[62,12] deprecated item is not annotated with @Deprecated
[[1;33mWARNING[m] /home/bdanglot/workspace/icst-2019/september-2018/dataset/xwiki-commons_parent/xwiki-commons-core/xwiki-commons-extension/xwiki-commons-extension-api/target/clover/src-instrumented/org/xwiki/extension/Extension.java:[69,12] deprecated item is not annotated with @Deprecated
[[1;33mWARNING[m] /home/bdanglot/workspace/icst-2019/september-2018/dataset/xwiki-commons_parent/xwiki-commons-core/xwiki-commons-extension/xwiki-commons-extension-api/target/clover/src-instrumented/org/xwiki/extension/repository/AbstractExtensionRepository.java:[94,34] getId() in org.xwiki.extension.repository.ExtensionRepository has been deprecated
[[1;33mWARNING[m] /home/bdanglot/workspace/icst-2019/september-2018/dataset/xwiki-commons_parent/xwiki-commons-core/xwiki-commons-extension/xwiki-commons-extension-api/target/clover/src-instrumented/org/xwiki/extension/repository/AbstractExtensionRepository.java:[94,12] org.xwiki.extension.repository.ExtensionRepositoryId in org.xwiki.extension.repository has been deprecated
[[1;33mWARNING[m] /home/bdanglot/workspace/icst-2019/september-2018/dataset/xwiki-commons_parent/xwiki-commons-core/xwiki-commons-extension/xwiki-commons-extension-api/target/clover/src-instrumented/org/xwiki/extension/repository/AbstractExtensionRepository.java:[96,57] org.xwiki.extension.repository.ExtensionRepositoryId in org.xwiki.extension.repository has been deprecated
[[1;33mWARNING[m] /home/bdanglot/workspace/icst-2019/september-2018/dataset/xwiki-commons_parent/xwiki-commons-core/xwiki-commons-extension/xwiki-commons-extension-api/target/clover/src-instrumented/org/xwiki/extension/repository/internal/core/DefaultCoreExtensionRepository.java:[266,53] unchecked conversion
  required: org.xwiki.extension.repository.result.IterableResult<org.xwiki.extension.Extension>
  found:    org.xwiki.extension.repository.result.IterableResult
[[1;33mWARNING[m] /home/bdanglot/workspace/icst-2019/september-2018/dataset/xwiki-commons_parent/xwiki-commons-core/xwiki-commons-extension/xwiki-commons-extension-api/target/clover/src-instrumented/org/xwiki/extension/repository/internal/core/DefaultCoreExtensionRepository.java:[272,53] unchecked conversion
  required: org.xwiki.extension.repository.result.IterableResult<org.xwiki.extension.Extension>
  found:    org.xwiki.extension.repository.result.IterableResult
[[1;33mWARNING[m] /home/bdanglot/workspace/icst-2019/september-2018/dataset/xwiki-commons_parent/xwiki-commons-core/xwiki-commons-extension/xwiki-commons-extension-api/target/clover/src-instrumented/org/xwiki/extension/internal/DefaultExtensionManagerConfiguration.java:[235,46] getRepositories() in org.xwiki.extension.ExtensionManagerConfiguration has been deprecated
[[1;33mWARNING[m] /home/bdanglot/workspace/icst-2019/september-2018/dataset/xwiki-commons_parent/xwiki-commons-core/xwiki-commons-extension/xwiki-commons-extension-api/target/clover/src-instrumented/org/xwiki/extension/internal/DefaultExtensionManagerConfiguration.java:[235,23] org.xwiki.extension.repository.ExtensionRepositoryId in org.xwiki.extension.repository has been deprecated
[[1;33mWARNING[m] /home/bdanglot/workspace/icst-2019/september-2018/dataset/xwiki-commons_parent/xwiki-commons-core/xwiki-commons-extension/xwiki-commons-extension-api/target/clover/src-instrumented/org/xwiki/extension/internal/DefaultExtensionManagerConfiguration.java:[237,55] org.xwiki.extension.repository.ExtensionRepositoryId in org.xwiki.extension.repository has been deprecated
[[1;33mWARNING[m] /home/bdanglot/workspace/icst-2019/september-2018/dataset/xwiki-commons_parent/xwiki-commons-core/xwiki-commons-extension/xwiki-commons-extension-api/target/clover/src-instrumented/org/xwiki/extension/internal/DefaultExtensionManagerConfiguration.java:[237,107] org.xwiki.extension.repository.ExtensionRepositoryId in org.xwiki.extension.repository has been deprecated
[[1;33mWARNING[m] /home/bdanglot/workspace/icst-2019/september-2018/dataset/xwiki-commons_parent/xwiki-commons-core/xwiki-commons-extension/xwiki-commons-extension-api/target/clover/src-instrumented/org/xwiki/extension/internal/DefaultExtensionManagerConfiguration.java:[240,69] org.xwiki.extension.repository.ExtensionRepositoryId in org.xwiki.extension.repository has been deprecated
[[1;33mWARNING[m] /home/bdanglot/workspace/icst-2019/september-2018/dataset/xwiki-commons_parent/xwiki-commons-core/xwiki-commons-extension/xwiki-commons-extension-api/target/clover/src-instrumented/org/xwiki/extension/internal/DefaultExtensionManagerConfiguration.java:[288,59] unchecked conversion
  required: java.util.List<java.lang.String>
  found:    java.util.List
[[1;33mWARNING[m] /home/bdanglot/workspace/icst-2019/september-2018/dataset/xwiki-commons_parent/xwiki-commons-core/xwiki-commons-extension/xwiki-commons-extension-api/target/clover/src-instrumented/org/xwiki/extension/repository/internal/DefaultExtensionSerializer.java:[186,27] found raw type: org.xwiki.extension.repository.internal.ExtensionPropertySerializer
  missing type arguments for generic class org.xwiki.extension.repository.internal.ExtensionPropertySerializer<T>
[[1;33mWARNING[m] /home/bdanglot/workspace/icst-2019/september-2018/dataset/xwiki-commons_parent/xwiki-commons-core/xwiki-commons-extension/xwiki-commons-extension-api/target/clover/src-instrumented/org/xwiki/extension/repository/internal/DefaultExtensionSerializer.java:[188,29] found raw type: org.xwiki.extension.repository.internal.ExtensionPropertySerializer
  missing type arguments for generic class org.xwiki.extension.repository.internal.ExtensionPropertySerializer<T>
[[1;33mWARNING[m] /home/bdanglot/workspace/icst-2019/september-2018/dataset/xwiki-commons_parent/xwiki-commons-core/xwiki-commons-extension/xwiki-commons-extension-api/target/clover/src-instrumented/org/xwiki/extension/repository/internal/DefaultExtensionSerializer.java:[192,92] found raw type: org.xwiki.extension.repository.internal.ExtensionPropertySerializer
  missing type arguments for generic class org.xwiki.extension.repository.internal.ExtensionPropertySerializer<T>
[[1;33mWARNING[m] /home/bdanglot/workspace/icst-2019/september-2018/dataset/xwiki-commons_parent/xwiki-commons-core/xwiki-commons-extension/xwiki-commons-extension-api/target/clover/src-instrumented/org/xwiki/extension/repository/internal/DefaultExtensionSerializer.java:[193,103] found raw type: org.xwiki.extension.repository.internal.ExtensionPropertySerializer
  missing type arguments for generic class org.xwiki.extension.repository.internal.ExtensionPropertySerializer<T>
[[1;33mWARNING[m] /home/bdanglot/workspace/icst-2019/september-2018/dataset/xwiki-commons_parent/xwiki-commons-core/xwiki-commons-extension/xwiki-commons-extension-api/target/clover/src-instrumented/org/xwiki/extension/repository/internal/DefaultExtensionSerializer.java:[200,50] found raw type: org.xwiki.extension.repository.internal.CollectionExtensionPropertySerializer
  missing type arguments for generic class org.xwiki.extension.repository.internal.CollectionExtensionPropertySerializer<C>
[[1;33mWARNING[m] /home/bdanglot/workspace/icst-2019/september-2018/dataset/xwiki-commons_parent/xwiki-commons-core/xwiki-commons-extension/xwiki-commons-extension-api/target/clover/src-instrumented/org/xwiki/extension/repository/internal/DefaultExtensionSerializer.java:[201,21] found raw type: org.xwiki.extension.repository.internal.CollectionExtensionPropertySerializer
  missing type arguments for generic class org.xwiki.extension.repository.internal.CollectionExtensionPropertySerializer<C>
[[1;33mWARNING[m] /home/bdanglot/workspace/icst-2019/september-2018/dataset/xwiki-commons_parent/xwiki-commons-core/xwiki-commons-extension/xwiki-commons-extension-api/target/clover/src-instrumented/org/xwiki/extension/repository/internal/DefaultExtensionSerializer.java:[201,17] unchecked call to CollectionExtensionPropertySerializer(java.util.Map<java.lang.String,org.xwiki.extension.repository.internal.ExtensionPropertySerializer>,java.util.Map<java.lang.Class<?>,org.xwiki.extension.repository.internal.ExtensionPropertySerializer>) as a member of the raw type org.xwiki.extension.repository.internal.CollectionExtensionPropertySerializer
[[1;33mWARNING[m] /home/bdanglot/workspace/icst-2019/september-2018/dataset/xwiki-commons_parent/xwiki-commons-core/xwiki-commons-extension/xwiki-commons-extension-api/target/clover/src-instrumented/org/xwiki/extension/repository/internal/DefaultExtensionSerializer.java:[204,50] found raw type: org.xwiki.extension.repository.internal.StringKeyMapExtensionPropertySerializer
  missing type arguments for generic class org.xwiki.extension.repository.internal.StringKeyMapExtensionPropertySerializer<M>
[[1;33mWARNING[m] /home/bdanglot/workspace/icst-2019/september-2018/dataset/xwiki-commons_parent/xwiki-commons-core/xwiki-commons-extension/xwiki-commons-extension-api/target/clover/src-instrumented/org/xwiki/extension/repository/internal/DefaultExtensionSerializer.java:[205,21] found raw type: org.xwiki.extension.repository.internal.StringKeyMapExtensionPropertySerializer
  missing type arguments for generic class org.xwiki.extension.repository.internal.StringKeyMapExtensionPropertySerializer<M>
[[1;33mWARNING[m] /home/bdanglot/workspace/icst-2019/september-2018/dataset/xwiki-commons_parent/xwiki-commons-core/xwiki-commons-extension/xwiki-commons-extension-api/target/clover/src-instrumented/org/xwiki/extension/repository/internal/DefaultExtensionSerializer.java:[205,17] unchecked call to StringKeyMapExtensionPropertySerializer(java.util.Map<java.lang.String,org.xwiki.extension.repository.internal.ExtensionPropertySerializer>,java.util.Map<java.lang.Class<?>,org.xwiki.extension.repository.internal.ExtensionPropertySerializer>) as a member of the raw type org.xwiki.extension.repository.internal.StringKeyMapExtensionPropertySerializer
[[1;33mWARNING[m] /home/bdanglot/workspace/icst-2019/september-2018/dataset/xwiki-commons_parent/xwiki-commons-core/xwiki-commons-extension/xwiki-commons-extension-api/target/clover/src-instrumented/org/xwiki/extension/repository/internal/DefaultExtensionSerializer.java:[394,63] setFeatures(java.util.Collection<java.lang.String>) in org.xwiki.extension.MutableExtension has been deprecated
[[1;33mWARNING[m] /home/bdanglot/workspace/icst-2019/september-2018/dataset/xwiki-commons_parent/xwiki-commons-core/xwiki-commons-extension/xwiki-commons-extension-api/target/clover/src-instrumented/org/xwiki/extension/repository/internal/AbstractCachedExtensionRepository.java:[108,85] getFeatures() in org.xwiki.extension.Extension has been deprecated
[[1;33mWARNING[m] /home/bdanglot/workspace/icst-2019/september-2018/dataset/xwiki-commons_parent/xwiki-commons-core/xwiki-commons-extension/xwiki-commons-extension-api/target/clover/src-instrumented/org/xwiki/extension/repository/internal/AbstractCachedExtensionRepository.java:[155,81] getFeatures() in org.xwiki.extension.Extension has been deprecated
[[1;33mWARNING[m] /home/bdanglot/workspace/icst-2019/september-2018/dataset/xwiki-commons_parent/xwiki-commons-core/xwiki-commons-extension/xwiki-commons-extension-api/target/clover/src-instrumented/org/xwiki/extension/repository/internal/core/DefaultCoreExtensionScanner.java:[281,65] closeQuietly(java.io.InputStream) in org.apache.commons.io.IOUtils has been deprecated
[[1;33mWARNING[m] /home/bdanglot/workspace/icst-2019/september-2018/dataset/xwiki-commons_parent/xwiki-commons-core/xwiki-commons-extension/xwiki-commons-extension-api/target/clover/src-instrumented/org/xwiki/extension/repository/internal/core/DefaultCoreExtensionScanner.java:[153,151] auto-closeable resource __CLR$ACI0 is never referenced in body of corresponding try statement
[[1;33mWARNING[m] /home/bdanglot/workspace/icst-2019/september-2018/dataset/xwiki-commons_parent/xwiki-commons-core/xwiki-commons-extension/xwiki-commons-extension-api/target/clover/src-instrumented/org/xwiki/extension/repository/internal/core/CoreExtensionCache.java:[99,148] auto-closeable resource __CLR$ACI0 is never referenced in body of corresponding try statement
[[1;33mWARNING[m] /home/bdanglot/workspace/icst-2019/september-2018/dataset/xwiki-commons_parent/xwiki-commons-core/xwiki-commons-extension/xwiki-commons-extension-api/target/clover/src-instrumented/org/xwiki/extension/repository/internal/core/CoreExtensionCache.java:[123,151] auto-closeable resource __CLR$ACI1 is never referenced in body of corresponding try statement
[[1;33mWARNING[m] /home/bdanglot/workspace/icst-2019/september-2018/dataset/xwiki-commons_parent/xwiki-commons-core/xwiki-commons-extension/xwiki-commons-extension-api/target/clover/src-instrumented/org/xwiki/extension/wrap/WrappingExtensionRepository.java:[39,81] org.xwiki.extension.wrap.AbstractWrappingObject in org.xwiki.extension.wrap has been deprecated
[[1;33mWARNING[m] /home/bdanglot/workspace/icst-2019/september-2018/dataset/xwiki-commons_parent/xwiki-commons-core/xwiki-commons-extension/xwiki-commons-extension-api/target/clover/src-instrumented/org/xwiki/extension/wrap/WrappingExtensionRepository.java:[59,34] getId() in org.xwiki.extension.repository.ExtensionRepository has been deprecated
[[1;33mWARNING[m] /home/bdanglot/workspace/icst-2019/september-2018/dataset/xwiki-commons_parent/xwiki-commons-core/xwiki-commons-extension/xwiki-commons-extension-api/target/clover/src-instrumented/org/xwiki/extension/wrap/WrappingExtensionRepository.java:[59,12] org.xwiki.extension.repository.ExtensionRepositoryId in org.xwiki.extension.repository has been deprecated
[[1;33mWARNING[m] /home/bdanglot/workspace/icst-2019/september-2018/dataset/xwiki-commons_parent/xwiki-commons-core/xwiki-commons-extension/xwiki-commons-extension-api/target/clover/src-instrumented/org/xwiki/extension/wrap/WrappingExtensionRepository.java:[61,65] getId() in org.xwiki.extension.repository.ExtensionRepository has been deprecated
[[1;33mWARNING[m] /home/bdanglot/workspace/icst-2019/september-2018/dataset/xwiki-commons_parent/xwiki-commons-core/xwiki-commons-extension/xwiki-commons-extension-api/target/clover/src-instrumented/org/xwiki/extension/internal/DefaultExtensionManager.java:[265,55] unchecked conversion
  required: org.xwiki.extension.repository.result.IterableResult<org.xwiki.extension.Extension>
  found:    org.xwiki.extension.repository.result.IterableResult
[[1;33mWARNING[m] /home/bdanglot/workspace/icst-2019/september-2018/dataset/xwiki-commons_parent/xwiki-commons-core/xwiki-commons-extension/xwiki-commons-extension-api/target/clover/src-instrumented/org/xwiki/extension/wrap/WrappingExtension.java:[47,61] org.xwiki.extension.wrap.AbstractWrappingObject in org.xwiki.extension.wrap has been deprecated
[[1;33mWARNING[m] /home/bdanglot/workspace/icst-2019/september-2018/dataset/xwiki-commons_parent/xwiki-commons-core/xwiki-commons-extension/xwiki-commons-extension-api/target/clover/src-instrumented/org/xwiki/extension/wrap/WrappingExtension.java:[76,80] unchecked cast
  required: T
  found:    java.lang.Object
[[1;33mWARNING[m] /home/bdanglot/workspace/icst-2019/september-2018/dataset/xwiki-commons_parent/xwiki-commons-core/xwiki-commons-extension/xwiki-commons-extension-api/target/clover/src-instrumented/org/xwiki/extension/wrap/WrappingExtension.java:[100,62] unchecked cast
  required: java.util.Collection<org.xwiki.extension.ExtensionId>
  found:    java.lang.Object
[[1;33mWARNING[m] /home/bdanglot/workspace/icst-2019/september-2018/dataset/xwiki-commons_parent/xwiki-commons-core/xwiki-commons-extension/xwiki-commons-extension-api/target/clover/src-instrumented/org/xwiki/extension/wrap/WrappingExtension.java:[137,107] unchecked cast
  required: java.util.Collection<org.xwiki.extension.ExtensionLicense>
  found:    java.lang.Object
[[1;33mWARNING[m] /home/bdanglot/workspace/icst-2019/september-2018/dataset/xwiki-commons_parent/xwiki-commons-core/xwiki-commons-extension/xwiki-commons-extension-api/target/clover/src-instrumented/org/xwiki/extension/wrap/WrappingExtension.java:[177,106] unchecked cast
  required: java.util.Collection<org.xwiki.extension.ExtensionAuthor>
  found:    java.lang.Object
[[1;33mWARNING[m] /home/bdanglot/workspace/icst-2019/september-2018/dataset/xwiki-commons_parent/xwiki-commons-core/xwiki-commons-extension/xwiki-commons-extension-api/target/clover/src-instrumented/org/xwiki/extension/wrap/WrappingExtension.java:[187,97] unchecked cast
  required: java.util.Collection<java.lang.String>
  found:    java.lang.Object
[[1;33mWARNING[m] /home/bdanglot/workspace/icst-2019/september-2018/dataset/xwiki-commons_parent/xwiki-commons-core/xwiki-commons-extension/xwiki-commons-extension-api/target/clover/src-instrumented/org/xwiki/extension/wrap/WrappingExtension.java:[197,110] unchecked cast
  required: java.util.Collection<org.xwiki.extension.ExtensionDependency>
  found:    java.lang.Object
[[1;33mWARNING[m] /home/bdanglot/workspace/icst-2019/september-2018/dataset/xwiki-commons_parent/xwiki-commons-core/xwiki-commons-extension/xwiki-commons-extension-api/target/clover/src-instrumented/org/xwiki/extension/wrap/WrappingExtension.java:[207,110] unchecked cast
  required: java.util.Collection<org.xwiki.extension.ExtensionDependency>
  found:    java.lang.Object
[[1;33mWARNING[m] /home/bdanglot/workspace/icst-2019/september-2018/dataset/xwiki-commons_parent/xwiki-commons-core/xwiki-commons-extension/xwiki-commons-extension-api/target/clover/src-instrumented/org/xwiki/extension/wrap/WrappingExtension.java:[259,120] unchecked cast
  required: java.util.Collection<org.xwiki.extension.repository.ExtensionRepositoryDescriptor>
  found:    java.lang.Object
[[1;33mWARNING[m] /home/bdanglot/workspace/icst-2019/september-2018/dataset/xwiki-commons_parent/xwiki-commons-core/xwiki-commons-extension/xwiki-commons-extension-api/target/clover/src-instrumented/org/xwiki/extension/wrap/WrappingExtension.java:[269,98] unchecked cast
  required: java.util.Map<java.lang.String,java.lang.Object>
  found:    java.lang.Object
[[1;33mWARNING[m] /home/bdanglot/workspace/icst-2019/september-2018/dataset/xwiki-commons_parent/xwiki-commons-core/xwiki-commons-extension/xwiki-commons-extension-api/target/clover/src-instrumented/org/xwiki/extension/wrap/WrappingExtension.java:[279,80] unchecked cast
  required: T
  found:    java.lang.Object
[[1;33mWARNING[m] /home/bdanglot/workspace/icst-2019/september-2018/dataset/xwiki-commons_parent/xwiki-commons-core/xwiki-commons-extension/xwiki-commons-extension-api/target/clover/src-instrumented/org/xwiki/extension/wrap/WrappingExtension.java:[289,80] unchecked cast
  required: T
  found:    java.lang.Object
[[1;33mWARNING[m] /home/bdanglot/workspace/icst-2019/september-2018/dataset/xwiki-commons_parent/xwiki-commons-core/xwiki-commons-extension/xwiki-commons-extension-api/target/clover/src-instrumented/org/xwiki/extension/repository/internal/SortClauseComparator.java:[68,76] unchecked method invocation: method compare in class org.apache.commons.lang3.ObjectUtils is applied to given types
  required: T,T
  found: java.lang.Comparable,java.lang.Comparable
[[1;33mWARNING[m] /home/bdanglot/workspace/icst-2019/september-2018/dataset/xwiki-commons_parent/xwiki-commons-core/xwiki-commons-extension/xwiki-commons-extension-api/target/clover/src-instrumented/org/xwiki/extension/job/ExtensionRequest.java:[39,8] serializable class org.xwiki.extension.job.ExtensionRequest has no definition of serialVersionUID
[[1;33mWARNING[m] /home/bdanglot/workspace/icst-2019/september-2018/dataset/xwiki-commons_parent/xwiki-commons-core/xwiki-commons-extension/xwiki-commons-extension-api/target/clover/src-instrumented/org/xwiki/extension/job/history/internal/DefaultExtensionJobHistorySerializer.java:[72,147] auto-closeable resource __CLR$ACI0 is never referenced in body of corresponding try statement
[[1;33mWARNING[m] /home/bdanglot/workspace/icst-2019/september-2018/dataset/xwiki-commons_parent/xwiki-commons-core/xwiki-commons-extension/xwiki-commons-extension-api/target/clover/src-instrumented/org/xwiki/extension/job/history/internal/DefaultExtensionJobHistorySerializer.java:[94,147] auto-closeable resource __CLR$ACI1 is never referenced in body of corresponding try statement
[[1;33mWARNING[m] /home/bdanglot/workspace/icst-2019/september-2018/dataset/xwiki-commons_parent/xwiki-commons-core/xwiki-commons-extension/xwiki-commons-extension-api/target/clover/src-instrumented/org/xwiki/extension/job/internal/AbstractInstallPlanJob.java:[123,66] unchecked conversion
  required: java.util.Collection<org.xwiki.extension.job.plan.ExtensionPlanNode>
  found:    java.util.Collection
[[1;33mWARNING[m] /home/bdanglot/workspace/icst-2019/september-2018/dataset/xwiki-commons_parent/xwiki-commons-core/xwiki-commons-extension/xwiki-commons-extension-api/target/clover/src-instrumented/org/xwiki/extension/repository/AbstractExtensionRepositorySource.java:[40,46] getExtensionRepositories() in org.xwiki.extension.repository.ExtensionRepositorySource has been deprecated
[[1;33mWARNING[m] /home/bdanglot/workspace/icst-2019/september-2018/dataset/xwiki-commons_parent/xwiki-commons-core/xwiki-commons-extension/xwiki-commons-extension-api/target/clover/src-instrumented/org/xwiki/extension/repository/AbstractExtensionRepositorySource.java:[40,23] org.xwiki.extension.repository.ExtensionRepositoryId in org.xwiki.extension.repository has been deprecated
[[1;33mWARNING[m] /home/bdanglot/workspace/icst-2019/september-2018/dataset/xwiki-commons_parent/xwiki-commons-core/xwiki-commons-extension/xwiki-commons-extension-api/target/clover/src-instrumented/org/xwiki/extension/repository/AbstractExtensionRepositorySource.java:[42,57] org.xwiki.extension.repository.ExtensionRepositoryId in org.xwiki.extension.repository has been deprecated
[[1;33mWARNING[m] /home/bdanglot/workspace/icst-2019/september-2018/dataset/xwiki-commons_parent/xwiki-commons-core/xwiki-commons-extension/xwiki-commons-extension-api/target/clover/src-instrumented/org/xwiki/extension/repository/AbstractExtensionRepositorySource.java:[42,109] org.xwiki.extension.repository.ExtensionRepositoryId in org.xwiki.extension.repository has been deprecated
[[1;33mWARNING[m] /home/bdanglot/workspace/icst-2019/september-2018/dataset/xwiki-commons_parent/xwiki-commons-core/xwiki-commons-extension/xwiki-commons-extension-api/target/clover/src-instrumented/org/xwiki/extension/repository/AbstractExtensionRepositorySource.java:[45,71] org.xwiki.extension.repository.ExtensionRepositoryId in org.xwiki.extension.repository has been deprecated
[[1;33mWARNING[m] /home/bdanglot/workspace/icst-2019/september-2018/dataset/xwiki-commons_parent/xwiki-commons-core/xwiki-commons-extension/xwiki-commons-extension-api/target/clover/src-instrumented/org/xwiki/extension/wrap/WrappingInstalledExtension.java:[77,20] isDependency() in org.xwiki.extension.InstalledExtension has been deprecated
[[1;33mWARNING[m] /home/bdanglot/workspace/icst-2019/september-2018/dataset/xwiki-commons_parent/xwiki-commons-core/xwiki-commons-extension/xwiki-commons-extension-api/target/clover/src-instrumented/org/xwiki/extension/wrap/WrappingInstalledExtension.java:[79,65] isDependency() in org.xwiki.extension.InstalledExtension has been deprecated
[[1;33mWARNING[m] /home/bdanglot/workspace/icst-2019/september-2018/dataset/xwiki-commons_parent/xwiki-commons-core/xwiki-commons-extension/xwiki-commons-extension-api/target/clover/src-instrumented/org/xwiki/extension/repository/AbstractAdvancedSearchableExtensionRepository.java:[35,17] getId() in org.xwiki.extension.repository.ExtensionRepository has been deprecated
[[1;33mWARNING[m] /home/bdanglot/workspace/icst-2019/september-2018/dataset/xwiki-commons_parent/xwiki-commons-core/xwiki-commons-extension/xwiki-commons-extension-api/target/clover/src-instrumented/org/xwiki/extension/repository/internal/CollectionExtensionPropertySerializer.java:[37,62] found raw type: java.util.Collection
  missing type arguments for generic class java.util.Collection<E>
[[1;33mWARNING[m] /home/bdanglot/workspace/icst-2019/september-2018/dataset/xwiki-commons_parent/xwiki-commons-core/xwiki-commons-extension/xwiki-commons-extension-api/target/clover/src-instrumented/org/xwiki/extension/repository/internal/CollectionExtensionPropertySerializer.java:[42,27] found raw type: org.xwiki.extension.repository.internal.ExtensionPropertySerializer
  missing type arguments for generic class org.xwiki.extension.repository.internal.ExtensionPropertySerializer<T>
[[1;33mWARNING[m] /home/bdanglot/workspace/icst-2019/september-2018/dataset/xwiki-commons_parent/xwiki-commons-core/xwiki-commons-extension/xwiki-commons-extension-api/target/clover/src-instrumented/org/xwiki/extension/repository/internal/CollectionExtensionPropertySerializer.java:[47,29] found raw type: org.xwiki.extension.repository.internal.ExtensionPropertySerializer
  missing type arguments for generic class org.xwiki.extension.repository.internal.ExtensionPropertySerializer<T>
[[1;33mWARNING[m] /home/bdanglot/workspace/icst-2019/september-2018/dataset/xwiki-commons_parent/xwiki-commons-core/xwiki-commons-extension/xwiki-commons-extension-api/target/clover/src-instrumented/org/xwiki/extension/repository/internal/CollectionExtensionPropertySerializer.java:[55,21] found raw type: org.xwiki.extension.repository.internal.ExtensionPropertySerializer
  missing type arguments for generic class org.xwiki.extension.repository.internal.ExtensionPropertySerializer<T>
[[1;33mWARNING[m] /home/bdanglot/workspace/icst-2019/september-2018/dataset/xwiki-commons_parent/xwiki-commons-core/xwiki-commons-extension/xwiki-commons-extension-api/target/clover/src-instrumented/org/xwiki/extension/repository/internal/CollectionExtensionPropertySerializer.java:[56,23] found raw type: org.xwiki.extension.repository.internal.ExtensionPropertySerializer
  missing type arguments for generic class org.xwiki.extension.repository.internal.ExtensionPropertySerializer<T>
[[1;33mWARNING[m] /home/bdanglot/workspace/icst-2019/september-2018/dataset/xwiki-commons_parent/xwiki-commons-core/xwiki-commons-extension/xwiki-commons-extension-api/target/clover/src-instrumented/org/xwiki/extension/repository/internal/CollectionExtensionPropertySerializer.java:[68,62] found raw type: org.xwiki.extension.repository.internal.ExtensionPropertySerializer
  missing type arguments for generic class org.xwiki.extension.repository.internal.ExtensionPropertySerializer<T>
[[1;33mWARNING[m] /home/bdanglot/workspace/icst-2019/september-2018/dataset/xwiki-commons_parent/xwiki-commons-core/xwiki-commons-extension/xwiki-commons-extension-api/target/clover/src-instrumented/org/xwiki/extension/repository/internal/CollectionExtensionPropertySerializer.java:[69,23] found raw type: org.xwiki.extension.repository.internal.ExtensionPropertySerializer
  missing type arguments for generic class org.xwiki.extension.repository.internal.ExtensionPropertySerializer<T>
[[1;33mWARNING[m] /home/bdanglot/workspace/icst-2019/september-2018/dataset/xwiki-commons_parent/xwiki-commons-core/xwiki-commons-extension/xwiki-commons-extension-api/target/clover/src-instrumented/org/xwiki/extension/repository/internal/CollectionExtensionPropertySerializer.java:[79,61] found raw type: java.util.ArrayList
  missing type arguments for generic class java.util.ArrayList<E>
[[1;33mWARNING[m] /home/bdanglot/workspace/icst-2019/september-2018/dataset/xwiki-commons_parent/xwiki-commons-core/xwiki-commons-extension/xwiki-commons-extension-api/target/clover/src-instrumented/org/xwiki/extension/repository/internal/CollectionExtensionPropertySerializer.java:[79,57] unchecked cast
  required: C
  found:    java.util.ArrayList
[[1;33mWARNING[m] /home/bdanglot/workspace/icst-2019/september-2018/dataset/xwiki-commons_parent/xwiki-commons-core/xwiki-commons-extension/xwiki-commons-extension-api/target/clover/src-instrumented/org/xwiki/extension/repository/internal/CollectionExtensionPropertySerializer.java:[88,62] found raw type: org.xwiki.extension.repository.internal.ExtensionPropertySerializer
  missing type arguments for generic class org.xwiki.extension.repository.internal.ExtensionPropertySerializer<T>
[[1;33mWARNING[m] /home/bdanglot/workspace/icst-2019/september-2018/dataset/xwiki-commons_parent/xwiki-commons-core/xwiki-commons-extension/xwiki-commons-extension-api/target/clover/src-instrumented/org/xwiki/extension/repository/internal/CollectionExtensionPropertySerializer.java:[96,83] unchecked cast
  required: T
  found:    capture#1 of ?
[[1;33mWARNING[m] /home/bdanglot/workspace/icst-2019/september-2018/dataset/xwiki-commons_parent/xwiki-commons-core/xwiki-commons-extension/xwiki-commons-extension-api/target/clover/src-instrumented/org/xwiki/extension/repository/internal/CollectionExtensionPropertySerializer.java:[109,23] found raw type: org.xwiki.extension.repository.internal.ExtensionPropertySerializer
  missing type arguments for generic class org.xwiki.extension.repository.internal.ExtensionPropertySerializer<T>
[[1;33mWARNING[m] /home/bdanglot/workspace/icst-2019/september-2018/dataset/xwiki-commons_parent/xwiki-commons-core/xwiki-commons-extension/xwiki-commons-extension-api/target/clover/src-instrumented/org/xwiki/extension/repository/internal/CollectionExtensionPropertySerializer.java:[108,19] found raw type: org.xwiki.extension.repository.internal.ExtensionPropertySerializer
  missing type arguments for generic class org.xwiki.extension.repository.internal.ExtensionPropertySerializer<T>
[[1;34mINFO[m] /home/bdanglot/workspace/icst-2019/september-2018/dataset/xwiki-commons_parent/xwiki-commons-core/xwiki-commons-extension/xwiki-commons-extension-api/target/clover/src-instrumented/org/xwiki/extension/job/history/internal/ExtensionJobHistoryRecorder.java: Some input files additionally use or override a deprecated API.
[[1;34mINFO[m] /home/bdanglot/workspace/icst-2019/september-2018/dataset/xwiki-commons_parent/xwiki-commons-core/xwiki-commons-extension/xwiki-commons-extension-api/target/clover/src-instrumented/org/xwiki/extension/repository/internal/CollectionExtensionPropertySerializer.java: Some input files additionally use unchecked or unsafe operations.
[[1;34mINFO[m] 
[[1;34mINFO[m] [1m--- [0;32mmaven-bundle-plugin:3.5.0:manifest[m [1m(bundle-manifest)[m @ [36mxwiki-commons-extension-api[0;1m ---[m
[[1;34mINFO[m] 
[[1;34mINFO[m] [1m--- [0;32mmaven-resources-plugin:3.1.0:testResources[m [1m(default-testResources)[m @ [36mxwiki-commons-extension-api[0;1m ---[m
[[1;34mINFO[m] Using 'UTF-8' encoding to copy filtered resources.
[[1;34mINFO[m] Copying 89 resources
[[1;34mINFO[m] Copying 2 resources
[[1;34mINFO[m] 
[[1;34mINFO[m] [1m--- [0;32mmaven-compiler-plugin:3.7.0:testCompile[m [1m(default-testCompile)[m @ [36mxwiki-commons-extension-api[0;1m ---[m
[[1;34mINFO[m] Changes detected - recompiling the module!
[[1;34mINFO[m] Compiling 51 source files to /home/bdanglot/workspace/icst-2019/september-2018/dataset/xwiki-commons_parent/xwiki-commons-core/xwiki-commons-extension/xwiki-commons-extension-api/target/test-classes
[[1;33mWARNING[m] /home/bdanglot/workspace/icst-2019/september-2018/dataset/xwiki-commons_parent/xwiki-commons-core/xwiki-commons-extension/xwiki-commons-extension-api/target/clover/src-test-instrumented/org/xwiki/extension/test/AbstractExtensionHandlerTest.java:[274,116] unchecked cast
  required: org.xwiki.extension.job.plan.internal.DefaultExtensionPlan<org.xwiki.extension.job.UninstallRequest>
  found:    org.xwiki.job.event.status.JobStatus
[[1;33mWARNING[m] /home/bdanglot/workspace/icst-2019/september-2018/dataset/xwiki-commons_parent/xwiki-commons-core/xwiki-commons-extension/xwiki-commons-extension-api/target/clover/src-test-instrumented/org/xwiki/extension/test/MockitoRepositoryUtils.java:[138,51] found raw type: org.xwiki.component.descriptor.ComponentDescriptor
  missing type arguments for generic class org.xwiki.component.descriptor.ComponentDescriptor<T>
[[1;33mWARNING[m] /home/bdanglot/workspace/icst-2019/september-2018/dataset/xwiki-commons_parent/xwiki-commons-core/xwiki-commons-extension/xwiki-commons-extension-api/target/clover/src-test-instrumented/org/xwiki/extension/test/FileExtensionRepository.java:[52,8] getId() in org.xwiki.extension.repository.ExtensionRepository has been deprecated
[[1;33mWARNING[m] /home/bdanglot/workspace/icst-2019/september-2018/dataset/xwiki-commons_parent/xwiki-commons-core/xwiki-commons-extension/xwiki-commons-extension-api/target/clover/src-test-instrumented/org/xwiki/extension/repository/local/DefaultExtensionSerializerTest.java:[78,84] getFeatures() in org.xwiki.extension.AbstractExtension has been deprecated
[[1;33mWARNING[m] /home/bdanglot/workspace/icst-2019/september-2018/dataset/xwiki-commons_parent/xwiki-commons-core/xwiki-commons-extension/xwiki-commons-extension-api/target/clover/src-test-instrumented/org/xwiki/extension/repository/local/DefaultExtensionSerializerTest.java:[78,138] getFeatures() in org.xwiki.extension.AbstractExtension has been deprecated
[[1;33mWARNING[m] /home/bdanglot/workspace/icst-2019/september-2018/dataset/xwiki-commons_parent/xwiki-commons-core/xwiki-commons-extension/xwiki-commons-extension-api/target/clover/src-test-instrumented/org/xwiki/extension/repository/local/DefaultExtensionSerializerTest.java:[152,55] addFeature(java.lang.String) in org.xwiki.extension.AbstractExtension has been deprecated
[[1;33mWARNING[m] /home/bdanglot/workspace/icst-2019/september-2018/dataset/xwiki-commons_parent/xwiki-commons-core/xwiki-commons-extension/xwiki-commons-extension-api/target/clover/src-test-instrumented/org/xwiki/extension/test/ResourceExtensionRepository.java:[45,8] getId() in org.xwiki.extension.repository.ExtensionRepository has been deprecated
[[1;33mWARNING[m] /home/bdanglot/workspace/icst-2019/september-2018/dataset/xwiki-commons_parent/xwiki-commons-core/xwiki-commons-extension/xwiki-commons-extension-api/target/clover/src-test-instrumented/org/xwiki/extension/test/TestVersion.java:[31,8] serializable class org.xwiki.extension.test.TestVersion has no definition of serialVersionUID
[[1;33mWARNING[m] /home/bdanglot/workspace/icst-2019/september-2018/dataset/xwiki-commons_parent/xwiki-commons-core/xwiki-commons-extension/xwiki-commons-extension-api/target/clover/src-test-instrumented/org/xwiki/extension/job/history/internal/AnswerReplayerTest.java:[48,94] unchecked conversion
  required: org.xwiki.extension.job.history.QuestionRecorder<java.lang.Object>
  found:    org.xwiki.extension.job.history.QuestionRecorder
[[1;33mWARNING[m] /home/bdanglot/workspace/icst-2019/september-2018/dataset/xwiki-commons_parent/xwiki-commons-core/xwiki-commons-extension/xwiki-commons-extension-api/target/clover/src-test-instrumented/org/xwiki/extension/job/internal/InstallPlanJobTest.java:[72,70] getPreviousExtension() in org.xwiki.extension.job.plan.ExtensionPlanAction has been deprecated
[[1;33mWARNING[m] /home/bdanglot/workspace/icst-2019/september-2018/dataset/xwiki-commons_parent/xwiki-commons-core/xwiki-commons-extension/xwiki-commons-extension-api/target/clover/src-test-instrumented/org/xwiki/extension/job/internal/InstallPlanJobTest.java:[94,80] getPreviousExtension() in org.xwiki.extension.job.plan.ExtensionPlanAction has been deprecated
[[1;33mWARNING[m] /home/bdanglot/workspace/icst-2019/september-2018/dataset/xwiki-commons_parent/xwiki-commons-core/xwiki-commons-extension/xwiki-commons-extension-api/target/clover/src-test-instrumented/org/xwiki/extension/job/internal/InstallPlanJobTest.java:[102,80] getPreviousExtension() in org.xwiki.extension.job.plan.ExtensionPlanAction has been deprecated
[[1;33mWARNING[m] /home/bdanglot/workspace/icst-2019/september-2018/dataset/xwiki-commons_parent/xwiki-commons-core/xwiki-commons-extension/xwiki-commons-extension-api/target/clover/src-test-instrumented/org/xwiki/extension/job/internal/InstallPlanJobTest.java:[118,80] getPreviousExtension() in org.xwiki.extension.job.plan.ExtensionPlanAction has been deprecated
[[1;33mWARNING[m] /home/bdanglot/workspace/icst-2019/september-2018/dataset/xwiki-commons_parent/xwiki-commons-core/xwiki-commons-extension/xwiki-commons-extension-api/target/clover/src-test-instrumented/org/xwiki/extension/job/internal/InstallPlanJobTest.java:[127,80] getPreviousExtension() in org.xwiki.extension.job.plan.ExtensionPlanAction has been deprecated
[[1;33mWARNING[m] /home/bdanglot/workspace/icst-2019/september-2018/dataset/xwiki-commons_parent/xwiki-commons-core/xwiki-commons-extension/xwiki-commons-extension-api/target/clover/src-test-instrumented/org/xwiki/extension/job/internal/InstallPlanJobTest.java:[142,80] getPreviousExtension() in org.xwiki.extension.job.plan.ExtensionPlanAction has been deprecated
[[1;33mWARNING[m] /home/bdanglot/workspace/icst-2019/september-2018/dataset/xwiki-commons_parent/xwiki-commons-core/xwiki-commons-extension/xwiki-commons-extension-api/target/clover/src-test-instrumented/org/xwiki/extension/job/internal/InstallPlanJobTest.java:[151,80] getPreviousExtension() in org.xwiki.extension.job.plan.ExtensionPlanAction has been deprecated
[[1;33mWARNING[m] /home/bdanglot/workspace/icst-2019/september-2018/dataset/xwiki-commons_parent/xwiki-commons-core/xwiki-commons-extension/xwiki-commons-extension-api/target/clover/src-test-instrumented/org/xwiki/extension/job/internal/InstallPlanJobTest.java:[173,107] getPreviousExtension() in org.xwiki.extension.job.plan.ExtensionPlanAction has been deprecated
[[1;33mWARNING[m] /home/bdanglot/workspace/icst-2019/september-2018/dataset/xwiki-commons_parent/xwiki-commons-core/xwiki-commons-extension/xwiki-commons-extension-api/target/clover/src-test-instrumented/org/xwiki/extension/job/internal/InstallPlanJobTest.java:[203,100] getPreviousExtension() in org.xwiki.extension.job.plan.ExtensionPlanAction has been deprecated
[[1;33mWARNING[m] /home/bdanglot/workspace/icst-2019/september-2018/dataset/xwiki-commons_parent/xwiki-commons-core/xwiki-commons-extension/xwiki-commons-extension-api/target/clover/src-test-instrumented/org/xwiki/extension/job/internal/InstallPlanJobTest.java:[211,111] getPreviousExtension() in org.xwiki.extension.job.plan.ExtensionPlanAction has been deprecated
[[1;33mWARNING[m] /home/bdanglot/workspace/icst-2019/september-2018/dataset/xwiki-commons_parent/xwiki-commons-core/xwiki-commons-extension/xwiki-commons-extension-api/target/clover/src-test-instrumented/org/xwiki/extension/job/internal/InstallPlanJobTest.java:[238,115] getPreviousExtension() in org.xwiki.extension.job.plan.ExtensionPlanAction has been deprecated
[[1;33mWARNING[m] /home/bdanglot/workspace/icst-2019/september-2018/dataset/xwiki-commons_parent/xwiki-commons-core/xwiki-commons-extension/xwiki-commons-extension-api/target/clover/src-test-instrumented/org/xwiki/extension/job/internal/InstallPlanJobTest.java:[250,115] getPreviousExtension() in org.xwiki.extension.job.plan.ExtensionPlanAction has been deprecated
[[1;33mWARNING[m] /home/bdanglot/workspace/icst-2019/september-2018/dataset/xwiki-commons_parent/xwiki-commons-core/xwiki-commons-extension/xwiki-commons-extension-api/target/clover/src-test-instrumented/org/xwiki/extension/job/internal/InstallPlanJobTest.java:[273,107] getPreviousExtension() in org.xwiki.extension.job.plan.ExtensionPlanAction has been deprecated
[[1;33mWARNING[m] /home/bdanglot/workspace/icst-2019/september-2018/dataset/xwiki-commons_parent/xwiki-commons-core/xwiki-commons-extension/xwiki-commons-extension-api/target/clover/src-test-instrumented/org/xwiki/extension/job/internal/InstallPlanJobTest.java:[296,107] getPreviousExtension() in org.xwiki.extension.job.plan.ExtensionPlanAction has been deprecated
[[1;33mWARNING[m] /home/bdanglot/workspace/icst-2019/september-2018/dataset/xwiki-commons_parent/xwiki-commons-core/xwiki-commons-extension/xwiki-commons-extension-api/target/clover/src-test-instrumented/org/xwiki/extension/job/internal/InstallPlanJobTest.java:[327,107] getPreviousExtension() in org.xwiki.extension.job.plan.ExtensionPlanAction has been deprecated
[[1;33mWARNING[m] /home/bdanglot/workspace/icst-2019/september-2018/dataset/xwiki-commons_parent/xwiki-commons-core/xwiki-commons-extension/xwiki-commons-extension-api/target/clover/src-test-instrumented/org/xwiki/extension/job/internal/InstallPlanJobTest.java:[416,80] getPreviousExtension() in org.xwiki.extension.job.plan.ExtensionPlanAction has been deprecated
[[1;33mWARNING[m] /home/bdanglot/workspace/icst-2019/september-2018/dataset/xwiki-commons_parent/xwiki-commons-core/xwiki-commons-extension/xwiki-commons-extension-api/target/clover/src-test-instrumented/org/xwiki/extension/job/internal/InstallPlanJobTest.java:[497,107] getPreviousExtension() in org.xwiki.extension.job.plan.ExtensionPlanAction has been deprecated
[[1;33mWARNING[m] /home/bdanglot/workspace/icst-2019/september-2018/dataset/xwiki-commons_parent/xwiki-commons-core/xwiki-commons-extension/xwiki-commons-extension-api/target/clover/src-test-instrumented/org/xwiki/extension/job/internal/InstallPlanJobTest.java:[545,119] getPreviousExtension() in org.xwiki.extension.job.plan.ExtensionPlanAction has been deprecated
[[1;33mWARNING[m] /home/bdanglot/workspace/icst-2019/september-2018/dataset/xwiki-commons_parent/xwiki-commons-core/xwiki-commons-extension/xwiki-commons-extension-api/target/clover/src-test-instrumented/org/xwiki/extension/job/internal/InstallPlanJobTest.java:[554,113] getPreviousExtension() in org.xwiki.extension.job.plan.ExtensionPlanAction has been deprecated
[[1;33mWARNING[m] /home/bdanglot/workspace/icst-2019/september-2018/dataset/xwiki-commons_parent/xwiki-commons-core/xwiki-commons-extension/xwiki-commons-extension-api/target/clover/src-test-instrumented/org/xwiki/extension/repository/installed/DefaultInstalledExtensionTest.java:[112,81] isDependency() in org.xwiki.extension.repository.internal.installed.DefaultInstalledExtension has been deprecated
[[1;33mWARNING[m] /home/bdanglot/workspace/icst-2019/september-2018/dataset/xwiki-commons_parent/xwiki-commons-core/xwiki-commons-extension/xwiki-commons-extension-api/target/clover/src-test-instrumented/org/xwiki/extension/repository/installed/DefaultInstalledExtensionTest.java:[117,81] isDependency() in org.xwiki.extension.repository.internal.installed.DefaultInstalledExtension has been deprecated
[[1;33mWARNING[m] /home/bdanglot/workspace/icst-2019/september-2018/dataset/xwiki-commons_parent/xwiki-commons-core/xwiki-commons-extension/xwiki-commons-extension-api/target/clover/src-test-instrumented/org/xwiki/extension/repository/installed/DefaultInstalledExtensionTest.java:[122,80] isDependency() in org.xwiki.extension.repository.internal.installed.DefaultInstalledExtension has been deprecated
[[1;33mWARNING[m] /home/bdanglot/workspace/icst-2019/september-2018/dataset/xwiki-commons_parent/xwiki-commons-core/xwiki-commons-extension/xwiki-commons-extension-api/target/clover/src-test-instrumented/org/xwiki/extension/repository/installed/DefaultInstalledExtensionRepositoryTest.java:[262,44] getFeatures() in org.xwiki.extension.Extension has been deprecated
[[1;33mWARNING[m] /home/bdanglot/workspace/icst-2019/september-2018/dataset/xwiki-commons_parent/xwiki-commons-core/xwiki-commons-extension/xwiki-commons-extension-api/target/clover/src-test-instrumented/org/xwiki/extension/repository/installed/DefaultInstalledExtensionRepositoryTest.java:[418,9] serializable class <anonymous org.xwiki.extension.repository.installed.DefaultInstalledExtensionRepositoryTest$1> has no definition of serialVersionUID
[[1;33mWARNING[m] /home/bdanglot/workspace/icst-2019/september-2018/dataset/xwiki-commons_parent/xwiki-commons-core/xwiki-commons-extension/xwiki-commons-extension-api/target/clover/src-test-instrumented/org/xwiki/extension/repository/core/DefaultCoreExtensionRepositoryTest.java:[94,43] unchecked conversion
  required: java.util.Map<java.lang.String,org.xwiki.extension.repository.internal.core.DefaultCoreExtension>
  found:    java.util.Map
[[1;33mWARNING[m] /home/bdanglot/workspace/icst-2019/september-2018/dataset/xwiki-commons_parent/xwiki-commons-core/xwiki-commons-extension/xwiki-commons-extension-api/target/clover/src-test-instrumented/org/xwiki/extension/repository/core/DefaultCoreExtensionRepositoryTest.java:[94,59] unchecked conversion
  required: java.util.Collection<java.net.URL>
  found:    java.util.Collection
[[1;33mWARNING[m] /home/bdanglot/workspace/icst-2019/september-2018/dataset/xwiki-commons_parent/xwiki-commons-core/xwiki-commons-extension/xwiki-commons-extension-api/target/clover/src-test-instrumented/org/xwiki/extension/job/history/internal/ExtensionJobHistoryRecorderTest.java:[82,94] unchecked conversion
  required: org.xwiki.job.DefaultJobStatus<org.xwiki.extension.job.ExtensionRequest>
  found:    org.xwiki.job.DefaultJobStatus
[[1;34mINFO[m] 
[[1;34mINFO[m] [1m--- [0;32mmaven-surefire-plugin:2.19.1:test[m [1m(default-test)[m @ [36mxwiki-commons-extension-api[0;1m ---[m

-------------------------------------------------------
 T E S T S
-------------------------------------------------------
Running org.xwiki.extension.DefaultExtensionIssueManagementTest
Tests run: 1, Failures: 0, Errors: 0, Skipped: 0, Time elapsed: 0.063 sec - in org.xwiki.extension.DefaultExtensionIssueManagementTest
Running org.xwiki.extension.job.plan.internal.DefaultExtensionPlanActionTest
Tests run: 1, Failures: 0, Errors: 0, Skipped: 0, Time elapsed: 0 sec - in org.xwiki.extension.job.plan.internal.DefaultExtensionPlanActionTest
Running org.xwiki.extension.repository.core.DefaultCoreExtensionRepositoryTest
Tests run: 4, Failures: 0, Errors: 0, Skipped: 0, Time elapsed: 1.167 sec - in org.xwiki.extension.repository.core.DefaultCoreExtensionRepositoryTest
Running org.xwiki.extension.repository.DefaultExtensionRepositoryDescriptorTest
Tests run: 2, Failures: 0, Errors: 0, Skipped: 0, Time elapsed: 0.009 sec - in org.xwiki.extension.repository.DefaultExtensionRepositoryDescriptorTest
Running org.xwiki.extension.repository.installed.DefaultInstalledExtensionTest
Tests run: 6, Failures: 0, Errors: 0, Skipped: 0, Time elapsed: 0.031 sec - in org.xwiki.extension.repository.installed.DefaultInstalledExtensionTest
Running org.xwiki.extension.repository.local.DefaultExtensionSerializerTest
Tests run: 1, Failures: 0, Errors: 0, Skipped: 0, Time elapsed: 0.182 sec - in org.xwiki.extension.repository.local.DefaultExtensionSerializerTest
Running org.xwiki.extension.DefaultExtensionScmTest
Tests run: 1, Failures: 0, Errors: 0, Skipped: 0, Time elapsed: 0.001 sec - in org.xwiki.extension.DefaultExtensionScmTest
Running org.xwiki.extension.DefaultExtensionDependencyTest
Tests run: 5, Failures: 0, Errors: 0, Skipped: 0, Time elapsed: 0.026 sec - in org.xwiki.extension.DefaultExtensionDependencyTest
Running org.xwiki.extension.ExtensionLicenseTest
Tests run: 1, Failures: 0, Errors: 0, Skipped: 0, Time elapsed: 0 sec - in org.xwiki.extension.ExtensionLicenseTest
Running org.xwiki.extension.DefaultExtensionAuthorTest
Tests run: 1, Failures: 0, Errors: 0, Skipped: 0, Time elapsed: 0.002 sec - in org.xwiki.extension.DefaultExtensionAuthorTest
Running org.xwiki.extension.AbstractExtensionTest
Tests run: 4, Failures: 0, Errors: 0, Skipped: 0, Time elapsed: 0.071 sec - in org.xwiki.extension.AbstractExtensionTest
Running org.xwiki.extension.version.internal.DefaultVersionRangeTest
Tests run: 10, Failures: 0, Errors: 0, Skipped: 0, Time elapsed: 0.027 sec - in org.xwiki.extension.version.internal.DefaultVersionRangeTest
Running org.xwiki.extension.version.internal.DefaultVersionConstraintTest
Tests run: 4, Failures: 0, Errors: 0, Skipped: 0, Time elapsed: 0.012 sec - in org.xwiki.extension.version.internal.DefaultVersionConstraintTest
Running org.xwiki.extension.version.internal.DefaultVersionTest
Tests run: 5, Failures: 0, Errors: 0, Skipped: 0, Time elapsed: 0.023 sec - in org.xwiki.extension.version.internal.DefaultVersionTest
Running org.xwiki.extension.job.history.internal.DefaultExtensionJobHistoryTest
Tests run: 1, Failures: 0, Errors: 0, Skipped: 0, Time elapsed: 0.223 sec - in org.xwiki.extension.job.history.internal.DefaultExtensionJobHistoryTest
Running org.xwiki.extension.job.history.internal.CompositeReaderTest
Tests run: 2, Failures: 0, Errors: 0, Skipped: 0, Time elapsed: 0.076 sec - in org.xwiki.extension.job.history.internal.CompositeReaderTest
Running org.xwiki.extension.job.history.internal.AnswerReplayerTest
Tests run: 1, Failures: 0, Errors: 0, Skipped: 0, Time elapsed: 0.16 sec - in org.xwiki.extension.job.history.internal.AnswerReplayerTest
Running org.xwiki.extension.job.history.internal.ExtensionJobHistoryRecorderTest
Tests run: 1, Failures: 0, Errors: 0, Skipped: 0, Time elapsed: 0.169 sec - in org.xwiki.extension.job.history.internal.ExtensionJobHistoryRecorderTest
Running org.xwiki.extension.job.history.internal.ReplayJobTest
Tests run: 2, Failures: 0, Errors: 0, Skipped: 0, Time elapsed: 0.086 sec - in org.xwiki.extension.job.history.internal.ReplayJobTest
Running org.xwiki.extension.job.internal.InstallPlanJobTest
11:37:48.628 [main] WARN  o.x.e.r.i.i.DefaultInstalledExtensionRepository - Invalid extension [installedwithmissingdependency/version] (InvalidExtensionException: No compatible extension is installed for dependency [missingdependency-version])
11:37:48.633 [main] WARN  o.x.e.r.i.i.DefaultInstalledExtensionRepository - Invalid extension [installedextensioninvalid/version] (InvalidExtensionException: No compatible extension is installed for dependency [invaliddependency-version])
11:37:49.102 [main] WARN  o.x.e.r.i.i.DefaultInstalledExtensionRepository - Invalid extension [installedwithmissingdependency/version] (InvalidExtensionException: No compatible extension is installed for dependency [missingdependency-version])
11:37:49.102 [main] WARN  o.x.e.r.i.i.DefaultInstalledExtensionRepository - Invalid extension [installedextensioninvalid/version] (InvalidExtensionException: No compatible extension is installed for dependency [invaliddependency-version])
11:37:49.249 [main] WARN  o.x.e.r.i.i.DefaultInstalledExtensionRepository - Invalid extension [installedwithmissingdependency/version] (InvalidExtensionException: No compatible extension is installed for dependency [missingdependency-version])
11:37:49.251 [main] WARN  o.x.e.r.i.i.DefaultInstalledExtensionRepository - Invalid extension [installedextensioninvalid/version] (InvalidExtensionException: No compatible extension is installed for dependency [invaliddependency-version])
11:37:49.337 [main] WARN  o.x.e.r.i.i.DefaultInstalledExtensionRepository - Invalid extension [installedwithmissingdependency/version] (InvalidExtensionException: No compatible extension is installed for dependency [missingdependency-version])
11:37:49.340 [main] WARN  o.x.e.r.i.i.DefaultInstalledExtensionRepository - Invalid extension [installedextensioninvalid/version] (InvalidExtensionException: No compatible extension is installed for dependency [invaliddependency-version])
11:37:49.449 [main] WARN  o.x.e.r.i.i.DefaultInstalledExtensionRepository - Invalid extension [installedwithmissingdependency/version] (InvalidExtensionException: No compatible extension is installed for dependency [missingdependency-version])
11:37:49.451 [main] WARN  o.x.e.r.i.i.DefaultInstalledExtensionRepository - Invalid extension [installedextensioninvalid/version] (InvalidExtensionException: No compatible extension is installed for dependency [invaliddependency-version])
11:37:49.532 [main] WARN  o.x.e.r.i.i.DefaultInstalledExtensionRepository - Invalid extension [installedwithmissingdependency/version] (InvalidExtensionException: No compatible extension is installed for dependency [missingdependency-version])
11:37:49.533 [main] WARN  o.x.e.r.i.i.DefaultInstalledExtensionRepository - Invalid extension [installedextensioninvalid/version] (InvalidExtensionException: No compatible extension is installed for dependency [invaliddependency-version])
11:37:49.603 [main] WARN  o.x.e.r.i.i.DefaultInstalledExtensionRepository - Invalid extension [installedwithmissingdependency/version] (InvalidExtensionException: No compatible extension is installed for dependency [missingdependency-version])
11:37:49.603 [main] WARN  o.x.e.r.i.i.DefaultInstalledExtensionRepository - Invalid extension [installedextensioninvalid/version] (InvalidExtensionException: No compatible extension is installed for dependency [invaliddependency-version])
11:37:49.678 [main] WARN  o.x.e.r.i.i.DefaultInstalledExtensionRepository - Invalid extension [installedwithmissingdependency/version] (InvalidExtensionException: No compatible extension is installed for dependency [missingdependency-version])
11:37:49.678 [main] WARN  o.x.e.r.i.i.DefaultInstalledExtensionRepository - Invalid extension [installedextensioninvalid/version] (InvalidExtensionException: No compatible extension is installed for dependency [invaliddependency-version])
11:37:49.757 [main] WARN  o.x.e.r.i.i.DefaultInstalledExtensionRepository - Invalid extension [installedwithmissingdependency/version] (InvalidExtensionException: No compatible extension is installed for dependency [missingdependency-version])
11:37:49.758 [main] WARN  o.x.e.r.i.i.DefaultInstalledExtensionRepository - Invalid extension [installedextensioninvalid/version] (InvalidExtensionException: No compatible extension is installed for dependency [invaliddependency-version])
11:37:49.821 [main] WARN  o.x.e.r.i.i.DefaultInstalledExtensionRepository - Invalid extension [installedwithmissingdependency/version] (InvalidExtensionException: No compatible extension is installed for dependency [missingdependency-version])
11:37:49.822 [main] WARN  o.x.e.r.i.i.DefaultInstalledExtensionRepository - Invalid extension [installedextensioninvalid/version] (InvalidExtensionException: No compatible extension is installed for dependency [invaliddependency-version])
11:37:49.902 [main] WARN  o.x.e.r.i.i.DefaultInstalledExtensionRepository - Invalid extension [installedwithmissingdependency/version] (InvalidExtensionException: No compatible extension is installed for dependency [missingdependency-version])
11:37:49.903 [main] WARN  o.x.e.r.i.i.DefaultInstalledExtensionRepository - Invalid extension [installedextensioninvalid/version] (InvalidExtensionException: No compatible extension is installed for dependency [invaliddependency-version])
11:37:49.964 [main] WARN  o.x.e.r.i.i.DefaultInstalledExtensionRepository - Invalid extension [installedwithmissingdependency/version] (InvalidExtensionException: No compatible extension is installed for dependency [missingdependency-version])
11:37:49.965 [main] WARN  o.x.e.r.i.i.DefaultInstalledExtensionRepository - Invalid extension [installedextensioninvalid/version] (InvalidExtensionException: No compatible extension is installed for dependency [invaliddependency-version])
11:37:50.041 [main] WARN  o.x.e.r.i.i.DefaultInstalledExtensionRepository - Invalid extension [installedwithmissingdependency/version] (InvalidExtensionException: No compatible extension is installed for dependency [missingdependency-version])
11:37:50.042 [main] WARN  o.x.e.r.i.i.DefaultInstalledExtensionRepository - Invalid extension [installedextensioninvalid/version] (InvalidExtensionException: No compatible extension is installed for dependency [invaliddependency-version])
11:37:50.099 [main] WARN  o.x.e.r.i.i.DefaultInstalledExtensionRepository - Invalid extension [installedwithmissingdependency/version] (InvalidExtensionException: No compatible extension is installed for dependency [missingdependency-version])
11:37:50.100 [main] WARN  o.x.e.r.i.i.DefaultInstalledExtensionRepository - Invalid extension [installedextensioninvalid/version] (InvalidExtensionException: No compatible extension is installed for dependency [invaliddependency-version])
11:37:50.165 [main] WARN  o.x.e.r.i.i.DefaultInstalledExtensionRepository - Invalid extension [installedwithmissingdependency/version] (InvalidExtensionException: No compatible extension is installed for dependency [missingdependency-version])
11:37:50.166 [main] WARN  o.x.e.r.i.i.DefaultInstalledExtensionRepository - Invalid extension [installedextensioninvalid/version] (InvalidExtensionException: No compatible extension is installed for dependency [invaliddependency-version])
11:37:50.237 [main] WARN  o.x.e.r.i.i.DefaultInstalledExtensionRepository - Invalid extension [installedwithmissingdependency/version] (InvalidExtensionException: No compatible extension is installed for dependency [missingdependency-version])
11:37:50.238 [main] WARN  o.x.e.r.i.i.DefaultInstalledExtensionRepository - Invalid extension [installedextensioninvalid/version] (InvalidExtensionException: No compatible extension is installed for dependency [invaliddependency-version])
11:37:50.310 [main] WARN  o.x.e.r.i.i.DefaultInstalledExtensionRepository - Invalid extension [installedwithmissingdependency/version] (InvalidExtensionException: No compatible extension is installed for dependency [missingdependency-version])
11:37:50.311 [main] WARN  o.x.e.r.i.i.DefaultInstalledExtensionRepository - Invalid extension [installedextensioninvalid/version] (InvalidExtensionException: No compatible extension is installed for dependency [invaliddependency-version])
11:37:50.382 [main] WARN  o.x.e.r.i.i.DefaultInstalledExtensionRepository - Invalid extension [installedwithmissingdependency/version] (InvalidExtensionException: No compatible extension is installed for dependency [missingdependency-version])
11:37:50.383 [main] WARN  o.x.e.r.i.i.DefaultInstalledExtensionRepository - Invalid extension [installedextensioninvalid/version] (InvalidExtensionException: No compatible extension is installed for dependency [invaliddependency-version])
11:37:50.457 [main] WARN  o.x.e.r.i.i.DefaultInstalledExtensionRepository - Invalid extension [installedwithmissingdependency/version] (InvalidExtensionException: No compatible extension is installed for dependency [missingdependency-version])
11:37:50.458 [main] WARN  o.x.e.r.i.i.DefaultInstalledExtensionRepository - Invalid extension [installedextensioninvalid/version] (InvalidExtensionException: No compatible extension is installed for dependency [invaliddependency-version])
11:37:50.559 [main] WARN  o.x.e.r.i.i.DefaultInstalledExtensionRepository - Invalid extension [installedwithmissingdependency/version] (InvalidExtensionException: No compatible extension is installed for dependency [missingdependency-version])
11:37:50.560 [main] WARN  o.x.e.r.i.i.DefaultInstalledExtensionRepository - Invalid extension [installedextensioninvalid/version] (InvalidExtensionException: No compatible extension is installed for dependency [invaliddependency-version])
11:37:50.635 [main] WARN  o.x.e.r.i.i.DefaultInstalledExtensionRepository - Invalid extension [installedwithmissingdependency/version] (InvalidExtensionException: No compatible extension is installed for dependency [missingdependency-version])
11:37:50.636 [main] WARN  o.x.e.r.i.i.DefaultInstalledExtensionRepository - Invalid extension [installedextensioninvalid/version] (InvalidExtensionException: No compatible extension is installed for dependency [invaliddependency-version])
11:37:50.725 [main] WARN  o.x.e.r.i.i.DefaultInstalledExtensionRepository - Invalid extension [installedwithmissingdependency/version] (InvalidExtensionException: No compatible extension is installed for dependency [missingdependency-version])
11:37:50.725 [main] WARN  o.x.e.r.i.i.DefaultInstalledExtensionRepository - Invalid extension [installedextensioninvalid/version] (InvalidExtensionException: No compatible extension is installed for dependency [invaliddependency-version])
11:37:50.800 [main] WARN  o.x.e.r.i.i.DefaultInstalledExtensionRepository - Invalid extension [installedwithmissingdependency/version] (InvalidExtensionException: No compatible extension is installed for dependency [missingdependency-version])
11:37:50.802 [main] WARN  o.x.e.r.i.i.DefaultInstalledExtensionRepository - Invalid extension [installedextensioninvalid/version] (InvalidExtensionException: No compatible extension is installed for dependency [invaliddependency-version])
11:37:50.862 [main] WARN  o.x.e.r.i.i.DefaultInstalledExtensionRepository - Invalid extension [installedwithmissingdependency/version] (InvalidExtensionException: No compatible extension is installed for dependency [missingdependency-version])
11:37:50.862 [main] WARN  o.x.e.r.i.i.DefaultInstalledExtensionRepository - Invalid extension [installedextensioninvalid/version] (InvalidExtensionException: No compatible extension is installed for dependency [invaliddependency-version])
11:37:50.945 [main] WARN  o.x.e.r.i.i.DefaultInstalledExtensionRepository - Invalid extension [installedwithmissingdependency/version] (InvalidExtensionException: No compatible extension is installed for dependency [missingdependency-version])
11:37:50.946 [main] WARN  o.x.e.r.i.i.DefaultInstalledExtensionRepository - Invalid extension [installedextensioninvalid/version] (InvalidExtensionException: No compatible extension is installed for dependency [invaliddependency-version])
11:37:51.014 [main] WARN  o.x.e.r.i.i.DefaultInstalledExtensionRepository - Invalid extension [installedwithmissingdependency/version] (InvalidExtensionException: No compatible extension is installed for dependency [missingdependency-version])
11:37:51.015 [main] WARN  o.x.e.r.i.i.DefaultInstalledExtensionRepository - Invalid extension [installedextensioninvalid/version] (InvalidExtensionException: No compatible extension is installed for dependency [invaliddependency-version])
11:37:51.097 [main] WARN  o.x.e.r.i.i.DefaultInstalledExtensionRepository - Invalid extension [installedwithmissingdependency/version] (InvalidExtensionException: No compatible extension is installed for dependency [missingdependency-version])
11:37:51.098 [main] WARN  o.x.e.r.i.i.DefaultInstalledExtensionRepository - Invalid extension [installedextensioninvalid/version] (InvalidExtensionException: No compatible extension is installed for dependency [invaliddependency-version])
11:37:51.161 [main] WARN  o.x.e.r.i.i.DefaultInstalledExtensionRepository - Invalid extension [installedwithmissingdependency/version] (InvalidExtensionException: No compatible extension is installed for dependency [missingdependency-version])
11:37:51.162 [main] WARN  o.x.e.r.i.i.DefaultInstalledExtensionRepository - Invalid extension [installedextensioninvalid/version] (InvalidExtensionException: No compatible extension is installed for dependency [invaliddependency-version])
11:37:51.231 [main] WARN  o.x.e.r.i.i.DefaultInstalledExtensionRepository - Invalid extension [installedwithmissingdependency/version] (InvalidExtensionException: No compatible extension is installed for dependency [missingdependency-version])
11:37:51.231 [main] WARN  o.x.e.r.i.i.DefaultInstalledExtensionRepository - Invalid extension [installedextensioninvalid/version] (InvalidExtensionException: No compatible extension is installed for dependency [invaliddependency-version])
11:37:51.301 [main] WARN  o.x.e.r.i.i.DefaultInstalledExtensionRepository - Invalid extension [installedwithmissingdependency/version] (InvalidExtensionException: No compatible extension is installed for dependency [missingdependency-version])
11:37:51.302 [main] WARN  o.x.e.r.i.i.DefaultInstalledExtensionRepository - Invalid extension [installedextensioninvalid/version] (InvalidExtensionException: No compatible extension is installed for dependency [invaliddependency-version])
11:37:51.388 [main] WARN  o.x.e.r.i.i.DefaultInstalledExtensionRepository - Invalid extension [installedwithmissingdependency/version] (InvalidExtensionException: No compatible extension is installed for dependency [missingdependency-version])
11:37:51.389 [main] WARN  o.x.e.r.i.i.DefaultInstalledExtensionRepository - Invalid extension [installedextensioninvalid/version] (InvalidExtensionException: No compatible extension is installed for dependency [invaliddependency-version])
11:37:51.450 [main] WARN  o.x.e.r.i.i.DefaultInstalledExtensionRepository - Invalid extension [installedwithmissingdependency/version] (InvalidExtensionException: No compatible extension is installed for dependency [missingdependency-version])
11:37:51.451 [main] WARN  o.x.e.r.i.i.DefaultInstalledExtensionRepository - Invalid extension [installedextensioninvalid/version] (InvalidExtensionException: No compatible extension is installed for dependency [invaliddependency-version])
11:37:51.525 [main] WARN  o.x.e.r.i.i.DefaultInstalledExtensionRepository - Invalid extension [installedwithmissingdependency/version] (InvalidExtensionException: No compatible extension is installed for dependency [missingdependency-version])
11:37:51.526 [main] WARN  o.x.e.r.i.i.DefaultInstalledExtensionRepository - Invalid extension [installedextensioninvalid/version] (InvalidExtensionException: No compatible extension is installed for dependency [invaliddependency-version])
11:37:51.608 [main] WARN  o.x.e.r.i.i.DefaultInstalledExtensionRepository - Invalid extension [installedwithmissingdependency/version] (InvalidExtensionException: No compatible extension is installed for dependency [missingdependency-version])
11:37:51.609 [main] WARN  o.x.e.r.i.i.DefaultInstalledExtensionRepository - Invalid extension [installedextensioninvalid/version] (InvalidExtensionException: No compatible extension is installed for dependency [invaliddependency-version])
11:37:51.674 [main] WARN  o.x.e.r.i.i.DefaultInstalledExtensionRepository - Invalid extension [installedwithmissingdependency/version] (InvalidExtensionException: No compatible extension is installed for dependency [missingdependency-version])
11:37:51.675 [main] WARN  o.x.e.r.i.i.DefaultInstalledExtensionRepository - Invalid extension [installedextensioninvalid/version] (InvalidExtensionException: No compatible extension is installed for dependency [invaliddependency-version])
Tests run: 35, Failures: 0, Errors: 0, Skipped: 0, Time elapsed: 3.237 sec - in org.xwiki.extension.job.internal.InstallPlanJobTest
Running org.xwiki.extension.job.internal.InstallJobTest
11:37:51.776 [main] WARN  o.x.e.r.i.i.DefaultInstalledExtensionRepository - Invalid extension [installedwithmissingdependency/version] (InvalidExtensionException: No compatible extension is installed for dependency [missingdependency-version])
11:37:51.776 [main] WARN  o.x.e.r.i.i.DefaultInstalledExtensionRepository - Invalid extension [installedextensioninvalid/version] (InvalidExtensionException: No compatible extension is installed for dependency [invaliddependency-version])
11:37:51.841 [main] WARN  o.x.e.r.i.i.DefaultInstalledExtensionRepository - Invalid extension [installedwithmissingdependency/version] (InvalidExtensionException: No compatible extension is installed for dependency [missingdependency-version])
11:37:51.842 [main] WARN  o.x.e.r.i.i.DefaultInstalledExtensionRepository - Invalid extension [installedextensioninvalid/version] (InvalidExtensionException: No compatible extension is installed for dependency [invaliddependency-version])
11:37:51.912 [main] WARN  o.x.e.r.i.i.DefaultInstalledExtensionRepository - Invalid extension [installedwithmissingdependency/version] (InvalidExtensionException: No compatible extension is installed for dependency [missingdependency-version])
11:37:51.912 [main] WARN  o.x.e.r.i.i.DefaultInstalledExtensionRepository - Invalid extension [installedextensioninvalid/version] (InvalidExtensionException: No compatible extension is installed for dependency [invaliddependency-version])
11:37:51.988 [main] WARN  o.x.e.r.i.i.DefaultInstalledExtensionRepository - Invalid extension [installedwithmissingdependency/version] (InvalidExtensionException: No compatible extension is installed for dependency [missingdependency-version])
11:37:51.989 [main] WARN  o.x.e.r.i.i.DefaultInstalledExtensionRepository - Invalid extension [installedextensioninvalid/version] (InvalidExtensionException: No compatible extension is installed for dependency [invaliddependency-version])
11:37:52.092 [main] WARN  o.x.e.r.i.i.DefaultInstalledExtensionRepository - Invalid extension [installedwithmissingdependency/version] (InvalidExtensionException: No compatible extension is installed for dependency [missingdependency-version])
11:37:52.092 [main] WARN  o.x.e.r.i.i.DefaultInstalledExtensionRepository - Invalid extension [installedextensioninvalid/version] (InvalidExtensionException: No compatible extension is installed for dependency [invaliddependency-version])
11:37:52.165 [main] WARN  o.x.e.r.i.i.DefaultInstalledExtensionRepository - Invalid extension [installedwithmissingdependency/version] (InvalidExtensionException: No compatible extension is installed for dependency [missingdependency-version])
11:37:52.166 [main] WARN  o.x.e.r.i.i.DefaultInstalledExtensionRepository - Invalid extension [installedextensioninvalid/version] (InvalidExtensionException: No compatible extension is installed for dependency [invaliddependency-version])
11:37:52.242 [main] WARN  o.x.e.r.i.i.DefaultInstalledExtensionRepository - Invalid extension [installedwithmissingdependency/version] (InvalidExtensionException: No compatible extension is installed for dependency [missingdependency-version])
11:37:52.242 [main] WARN  o.x.e.r.i.i.DefaultInstalledExtensionRepository - Invalid extension [installedextensioninvalid/version] (InvalidExtensionException: No compatible extension is installed for dependency [invaliddependency-version])
11:37:52.306 [main] WARN  o.x.e.r.i.i.DefaultInstalledExtensionRepository - Invalid extension [installedwithmissingdependency/version] (InvalidExtensionException: No compatible extension is installed for dependency [missingdependency-version])
11:37:52.307 [main] WARN  o.x.e.r.i.i.DefaultInstalledExtensionRepository - Invalid extension [installedextensioninvalid/version] (InvalidExtensionException: No compatible extension is installed for dependency [invaliddependency-version])
11:37:52.372 [main] WARN  o.x.e.r.i.i.DefaultInstalledExtensionRepository - Invalid extension [installedwithmissingdependency/version] (InvalidExtensionException: No compatible extension is installed for dependency [missingdependency-version])
11:37:52.373 [main] WARN  o.x.e.r.i.i.DefaultInstalledExtensionRepository - Invalid extension [installedextensioninvalid/version] (InvalidExtensionException: No compatible extension is installed for dependency [invaliddependency-version])
11:37:52.434 [main] WARN  o.x.e.r.i.i.DefaultInstalledExtensionRepository - Invalid extension [installedwithmissingdependency/version] (InvalidExtensionException: No compatible extension is installed for dependency [missingdependency-version])
11:37:52.435 [main] WARN  o.x.e.r.i.i.DefaultInstalledExtensionRepository - Invalid extension [installedextensioninvalid/version] (InvalidExtensionException: No compatible extension is installed for dependency [invaliddependency-version])
11:37:52.497 [main] WARN  o.x.e.r.i.i.DefaultInstalledExtensionRepository - Invalid extension [installedwithmissingdependency/version] (InvalidExtensionException: No compatible extension is installed for dependency [missingdependency-version])
11:37:52.498 [main] WARN  o.x.e.r.i.i.DefaultInstalledExtensionRepository - Invalid extension [installedextensioninvalid/version] (InvalidExtensionException: No compatible extension is installed for dependency [invaliddependency-version])
Tests run: 11, Failures: 0, Errors: 0, Skipped: 0, Time elapsed: 0.836 sec - in org.xwiki.extension.job.internal.InstallJobTest
Running org.xwiki.extension.job.internal.UpgradePlanJobTest
11:37:52.618 [main] WARN  o.x.e.r.i.i.DefaultInstalledExtensionRepository - Invalid extension [installedwithmissingdependency/version] (InvalidExtensionException: No compatible extension is installed for dependency [missingdependency-version])
11:37:52.619 [main] WARN  o.x.e.r.i.i.DefaultInstalledExtensionRepository - Invalid extension [installedextensioninvalid/version] (InvalidExtensionException: No compatible extension is installed for dependency [invaliddependency-version])
11:37:52.694 [main] WARN  o.x.e.r.i.i.DefaultInstalledExtensionRepository - Invalid extension [installedwithmissingdependency/version] (InvalidExtensionException: No compatible extension is installed for dependency [missingdependency-version])
11:37:52.694 [main] WARN  o.x.e.r.i.i.DefaultInstalledExtensionRepository - Invalid extension [installedextensioninvalid/version] (InvalidExtensionException: No compatible extension is installed for dependency [invaliddependency-version])
11:37:52.775 [main] WARN  o.x.e.r.i.i.DefaultInstalledExtensionRepository - Invalid extension [installedwithmissingdependency/version] (InvalidExtensionException: No compatible extension is installed for dependency [missingdependency-version])
11:37:52.775 [main] WARN  o.x.e.r.i.i.DefaultInstalledExtensionRepository - Invalid extension [installedextensioninvalid/version] (InvalidExtensionException: No compatible extension is installed for dependency [invaliddependency-version])
11:37:52.837 [main] WARN  o.x.e.r.i.i.DefaultInstalledExtensionRepository - Invalid extension [installedwithmissingdependency/version] (InvalidExtensionException: No compatible extension is installed for dependency [missingdependency-version])
11:37:52.837 [main] WARN  o.x.e.r.i.i.DefaultInstalledExtensionRepository - Invalid extension [installedextensioninvalid/version] (InvalidExtensionException: No compatible extension is installed for dependency [invaliddependency-version])
11:37:52.908 [main] WARN  o.x.e.r.i.i.DefaultInstalledExtensionRepository - Invalid extension [installedwithmissingdependency/version] (InvalidExtensionException: No compatible extension is installed for dependency [missingdependency-version])
11:37:52.909 [main] WARN  o.x.e.r.i.i.DefaultInstalledExtensionRepository - Invalid extension [installedextensioninvalid/version] (InvalidExtensionException: No compatible extension is installed for dependency [invaliddependency-version])
Tests run: 5, Failures: 0, Errors: 0, Skipped: 0, Time elapsed: 0.408 sec - in org.xwiki.extension.job.internal.UpgradePlanJobTest
Running org.xwiki.extension.job.internal.UninstallJobTest
11:37:53.002 [main] WARN  o.x.e.r.i.i.DefaultInstalledExtensionRepository - Invalid extension [installedwithmissingdependency/version] (InvalidExtensionException: No compatible extension is installed for dependency [missingdependency-version])
11:37:53.003 [main] WARN  o.x.e.r.i.i.DefaultInstalledExtensionRepository - Invalid extension [installedextensioninvalid/version] (InvalidExtensionException: No compatible extension is installed for dependency [invaliddependency-version])
11:37:53.085 [main] WARN  o.x.e.r.i.i.DefaultInstalledExtensionRepository - Invalid extension [installedwithmissingdependency/version] (InvalidExtensionException: No compatible extension is installed for dependency [missingdependency-version])
11:37:53.086 [main] WARN  o.x.e.r.i.i.DefaultInstalledExtensionRepository - Invalid extension [installedextensioninvalid/version] (InvalidExtensionException: No compatible extension is installed for dependency [invaliddependency-version])
11:37:53.163 [main] WARN  o.x.e.r.i.i.DefaultInstalledExtensionRepository - Invalid extension [installedwithmissingdependency/version] (InvalidExtensionException: No compatible extension is installed for dependency [missingdependency-version])
11:37:53.164 [main] WARN  o.x.e.r.i.i.DefaultInstalledExtensionRepository - Invalid extension [installedextensioninvalid/version] (InvalidExtensionException: No compatible extension is installed for dependency [invaliddependency-version])
11:37:53.236 [main] WARN  o.x.e.r.i.i.DefaultInstalledExtensionRepository - Invalid extension [installedwithmissingdependency/version] (InvalidExtensionException: No compatible extension is installed for dependency [missingdependency-version])
11:37:53.237 [main] WARN  o.x.e.r.i.i.DefaultInstalledExtensionRepository - Invalid extension [installedextensioninvalid/version] (InvalidExtensionException: No compatible extension is installed for dependency [invaliddependency-version])
11:37:53.294 [main] WARN  o.x.e.r.i.i.DefaultInstalledExtensionRepository - Invalid extension [installedwithmissingdependency/version] (InvalidExtensionException: No compatible extension is installed for dependency [missingdependency-version])
11:37:53.295 [main] WARN  o.x.e.r.i.i.DefaultInstalledExtensionRepository - Invalid extension [installedextensioninvalid/version] (InvalidExtensionException: No compatible extension is installed for dependency [invaliddependency-version])
11:37:53.355 [main] WARN  o.x.e.r.i.i.DefaultInstalledExtensionRepository - Invalid extension [installedwithmissingdependency/version] (InvalidExtensionException: No compatible extension is installed for dependency [missingdependency-version])
11:37:53.355 [main] WARN  o.x.e.r.i.i.DefaultInstalledExtensionRepository - Invalid extension [installedextensioninvalid/version] (InvalidExtensionException: No compatible extension is installed for dependency [invaliddependency-version])
Tests run: 6, Failures: 0, Errors: 0, Skipped: 0, Time elapsed: 0.413 sec - in org.xwiki.extension.job.internal.UninstallJobTest
Running org.xwiki.extension.repository.internal.DefaultExtensionRepositoryManagerTest
Tests run: 2, Failures: 0, Errors: 0, Skipped: 0, Time elapsed: 0.068 sec - in org.xwiki.extension.repository.internal.DefaultExtensionRepositoryManagerTest
Running org.xwiki.extension.repository.installed.DefaultInstalledExtensionRepositoryTest
11:37:53.480 [main] WARN  o.x.e.r.i.i.DefaultInstalledExtensionRepository - Invalid extension [installedwithmissingdependency/version] (InvalidExtensionException: No compatible extension is installed for dependency [missingdependency-version])
11:37:53.480 [main] WARN  o.x.e.r.i.i.DefaultInstalledExtensionRepository - Invalid extension [installedextensioninvalid/version] (InvalidExtensionException: No compatible extension is installed for dependency [invaliddependency-version])
11:37:53.533 [main] WARN  o.x.e.r.i.i.DefaultInstalledExtensionRepository - Invalid extension [installedwithmissingdependency/version] (InvalidExtensionException: No compatible extension is installed for dependency [missingdependency-version])
11:37:53.533 [main] WARN  o.x.e.r.i.i.DefaultInstalledExtensionRepository - Invalid extension [installedextensioninvalid/version] (InvalidExtensionException: No compatible extension is installed for dependency [invaliddependency-version])
11:37:53.582 [main] WARN  o.x.e.r.i.i.DefaultInstalledExtensionRepository - Invalid extension [installedwithmissingdependency/version] (InvalidExtensionException: No compatible extension is installed for dependency [missingdependency-version])
11:37:53.583 [main] WARN  o.x.e.r.i.i.DefaultInstalledExtensionRepository - Invalid extension [installedextensioninvalid/version] (InvalidExtensionException: No compatible extension is installed for dependency [invaliddependency-version])
11:37:53.659 [main] WARN  o.x.e.r.i.i.DefaultInstalledExtensionRepository - Invalid extension [installedwithmissingdependency/version] (InvalidExtensionException: No compatible extension is installed for dependency [missingdependency-version])
11:37:53.659 [main] WARN  o.x.e.r.i.i.DefaultInstalledExtensionRepository - Invalid extension [installedextensioninvalid/version] (InvalidExtensionException: No compatible extension is installed for dependency [invaliddependency-version])
11:37:53.705 [main] WARN  o.x.e.r.i.i.DefaultInstalledExtensionRepository - Invalid extension [installedwithmissingdependency/version] (InvalidExtensionException: No compatible extension is installed for dependency [missingdependency-version])
11:37:53.706 [main] WARN  o.x.e.r.i.i.DefaultInstalledExtensionRepository - Invalid extension [installedextensioninvalid/version] (InvalidExtensionException: No compatible extension is installed for dependency [invaliddependency-version])
11:37:53.756 [main] WARN  o.x.e.r.i.i.DefaultInstalledExtensionRepository - Invalid extension [installedwithmissingdependency/version] (InvalidExtensionException: No compatible extension is installed for dependency [missingdependency-version])
11:37:53.757 [main] WARN  o.x.e.r.i.i.DefaultInstalledExtensionRepository - Invalid extension [installedextensioninvalid/version] (InvalidExtensionException: No compatible extension is installed for dependency [invaliddependency-version])
11:37:53.808 [main] WARN  o.x.e.r.i.i.DefaultInstalledExtensionRepository - Invalid extension [installedwithmissingdependency/version] (InvalidExtensionException: No compatible extension is installed for dependency [missingdependency-version])
11:37:53.809 [main] WARN  o.x.e.r.i.i.DefaultInstalledExtensionRepository - Invalid extension [installedextensioninvalid/version] (InvalidExtensionException: No compatible extension is installed for dependency [invaliddependency-version])
11:37:53.856 [main] WARN  o.x.e.r.i.i.DefaultInstalledExtensionRepository - Invalid extension [installedwithmissingdependency/version] (InvalidExtensionException: No compatible extension is installed for dependency [missingdependency-version])
11:37:53.857 [main] WARN  o.x.e.r.i.i.DefaultInstalledExtensionRepository - Invalid extension [installedextensioninvalid/version] (InvalidExtensionException: No compatible extension is installed for dependency [invaliddependency-version])
11:37:53.916 [main] WARN  o.x.e.r.i.i.DefaultInstalledExtensionRepository - Invalid extension [installedwithmissingdependency/version] (InvalidExtensionException: No compatible extension is installed for dependency [missingdependency-version])
11:37:53.916 [main] WARN  o.x.e.r.i.i.DefaultInstalledExtensionRepository - Invalid extension [installedextensioninvalid/version] (InvalidExtensionException: No compatible extension is installed for dependency [invaliddependency-version])
11:37:53.958 [main] WARN  o.x.e.r.i.i.DefaultInstalledExtensionRepository - Invalid extension [installedwithmissingdependency/version] (InvalidExtensionException: No compatible extension is installed for dependency [missingdependency-version])
11:37:53.959 [main] WARN  o.x.e.r.i.i.DefaultInstalledExtensionRepository - Invalid extension [installedextensioninvalid/version] (InvalidExtensionException: No compatible extension is installed for dependency [invaliddependency-version])
11:37:54.004 [main] WARN  o.x.e.r.i.i.DefaultInstalledExtensionRepository - Invalid extension [installedwithmissingdependency/version] (InvalidExtensionException: No compatible extension is installed for dependency [missingdependency-version])
11:37:54.005 [main] WARN  o.x.e.r.i.i.DefaultInstalledExtensionRepository - Invalid extension [installedextensioninvalid/version] (InvalidExtensionException: No compatible extension is installed for dependency [invaliddependency-version])
11:37:54.055 [main] WARN  o.x.e.r.i.i.DefaultInstalledExtensionRepository - Invalid extension [installedwithmissingdependency/version] (InvalidExtensionException: No compatible extension is installed for dependency [missingdependency-version])
11:37:54.055 [main] WARN  o.x.e.r.i.i.DefaultInstalledExtensionRepository - Invalid extension [installedextensioninvalid/version] (InvalidExtensionException: No compatible extension is installed for dependency [invaliddependency-version])
11:37:54.104 [main] WARN  o.x.e.r.i.i.DefaultInstalledExtensionRepository - Invalid extension [installedwithmissingdependency/version] (InvalidExtensionException: No compatible extension is installed for dependency [missingdependency-version])
11:37:54.104 [main] WARN  o.x.e.r.i.i.DefaultInstalledExtensionRepository - Invalid extension [installedextensioninvalid/version] (InvalidExtensionException: No compatible extension is installed for dependency [invaliddependency-version])
11:37:54.156 [main] WARN  o.x.e.r.i.i.DefaultInstalledExtensionRepository - Invalid extension [installedwithmissingdependency/version] (InvalidExtensionException: No compatible extension is installed for dependency [missingdependency-version])
11:37:54.156 [main] WARN  o.x.e.r.i.i.DefaultInstalledExtensionRepository - Invalid extension [installedextensioninvalid/version] (InvalidExtensionException: No compatible extension is installed for dependency [invaliddependency-version])
11:37:54.205 [main] WARN  o.x.e.r.i.i.DefaultInstalledExtensionRepository - Invalid extension [installedwithmissingdependency/version] (InvalidExtensionException: No compatible extension is installed for dependency [missingdependency-version])
11:37:54.205 [main] WARN  o.x.e.r.i.i.DefaultInstalledExtensionRepository - Invalid extension [installedextensioninvalid/version] (InvalidExtensionException: No compatible extension is installed for dependency [invaliddependency-version])
11:37:54.258 [main] WARN  o.x.e.r.i.i.DefaultInstalledExtensionRepository - Invalid extension [installedwithmissingdependency/version] (InvalidExtensionException: No compatible extension is installed for dependency [missingdependency-version])
11:37:54.259 [main] WARN  o.x.e.r.i.i.DefaultInstalledExtensionRepository - Invalid extension [installedextensioninvalid/version] (InvalidExtensionException: No compatible extension is installed for dependency [invaliddependency-version])
11:37:54.308 [main] WARN  o.x.e.r.i.i.DefaultInstalledExtensionRepository - Invalid extension [installedwithmissingdependency/version] (InvalidExtensionException: No compatible extension is installed for dependency [missingdependency-version])
11:37:54.308 [main] WARN  o.x.e.r.i.i.DefaultInstalledExtensionRepository - Invalid extension [installedextensioninvalid/version] (InvalidExtensionException: No compatible extension is installed for dependency [invaliddependency-version])
Tests run: 17, Failures: 0, Errors: 0, Skipped: 0, Time elapsed: 0.871 sec - in org.xwiki.extension.repository.installed.DefaultInstalledExtensionRepositoryTest
Running org.xwiki.extension.repository.DefaultExtensionRepositoryManagerTest
Tests run: 10, Failures: 0, Errors: 0, Skipped: 0, Time elapsed: 0.041 sec - in org.xwiki.extension.repository.DefaultExtensionRepositoryManagerTest
Running org.xwiki.extension.repository.local.DefaultLocalExtensionRepositoryTest
11:37:54.408 [main] WARN  o.x.e.r.i.i.DefaultInstalledExtensionRepository - Invalid extension [installedwithmissingdependency/version] (InvalidExtensionException: No compatible extension is installed for dependency [missingdependency-version])
11:37:54.409 [main] WARN  o.x.e.r.i.i.DefaultInstalledExtensionRepository - Invalid extension [installedextensioninvalid/version] (InvalidExtensionException: No compatible extension is installed for dependency [invaliddependency-version])
11:37:54.457 [main] WARN  o.x.e.r.i.i.DefaultInstalledExtensionRepository - Invalid extension [installedwithmissingdependency/version] (InvalidExtensionException: No compatible extension is installed for dependency [missingdependency-version])
11:37:54.457 [main] WARN  o.x.e.r.i.i.DefaultInstalledExtensionRepository - Invalid extension [installedextensioninvalid/version] (InvalidExtensionException: No compatible extension is installed for dependency [invaliddependency-version])
11:37:54.505 [main] WARN  o.x.e.r.i.i.DefaultInstalledExtensionRepository - Invalid extension [installedwithmissingdependency/version] (InvalidExtensionException: No compatible extension is installed for dependency [missingdependency-version])
11:37:54.506 [main] WARN  o.x.e.r.i.i.DefaultInstalledExtensionRepository - Invalid extension [installedextensioninvalid/version] (InvalidExtensionException: No compatible extension is installed for dependency [invaliddependency-version])
11:37:54.554 [main] WARN  o.x.e.r.i.i.DefaultInstalledExtensionRepository - Invalid extension [installedwithmissingdependency/version] (InvalidExtensionException: No compatible extension is installed for dependency [missingdependency-version])
11:37:54.554 [main] WARN  o.x.e.r.i.i.DefaultInstalledExtensionRepository - Invalid extension [installedextensioninvalid/version] (InvalidExtensionException: No compatible extension is installed for dependency [invaliddependency-version])
11:37:54.605 [main] WARN  o.x.e.r.i.i.DefaultInstalledExtensionRepository - Invalid extension [installedwithmissingdependency/version] (InvalidExtensionException: No compatible extension is installed for dependency [missingdependency-version])
11:37:54.606 [main] WARN  o.x.e.r.i.i.DefaultInstalledExtensionRepository - Invalid extension [installedextensioninvalid/version] (InvalidExtensionException: No compatible extension is installed for dependency [invaliddependency-version])
11:37:54.658 [main] WARN  o.x.e.r.i.i.DefaultInstalledExtensionRepository - Invalid extension [installedwithmissingdependency/version] (InvalidExtensionException: No compatible extension is installed for dependency [missingdependency-version])
11:37:54.659 [main] WARN  o.x.e.r.i.i.DefaultInstalledExtensionRepository - Invalid extension [installedextensioninvalid/version] (InvalidExtensionException: No compatible extension is installed for dependency [invaliddependency-version])
11:37:54.714 [main] WARN  o.x.e.r.i.i.DefaultInstalledExtensionRepository - Invalid extension [installedwithmissingdependency/version] (InvalidExtensionException: No compatible extension is installed for dependency [missingdependency-version])
11:37:54.714 [main] WARN  o.x.e.r.i.i.DefaultInstalledExtensionRepository - Invalid extension [installedextensioninvalid/version] (InvalidExtensionException: No compatible extension is installed for dependency [invaliddependency-version])
11:37:54.775 [main] WARN  o.x.e.r.i.i.DefaultInstalledExtensionRepository - Invalid extension [installedwithmissingdependency/version] (InvalidExtensionException: No compatible extension is installed for dependency [missingdependency-version])
11:37:54.776 [main] WARN  o.x.e.r.i.i.DefaultInstalledExtensionRepository - Invalid extension [installedextensioninvalid/version] (InvalidExtensionException: No compatible extension is installed for dependency [invaliddependency-version])
11:37:54.852 [main] WARN  o.x.e.r.i.i.DefaultInstalledExtensionRepository - Invalid extension [installedwithmissingdependency/version] (InvalidExtensionException: No compatible extension is installed for dependency [missingdependency-version])
11:37:54.852 [main] WARN  o.x.e.r.i.i.DefaultInstalledExtensionRepository - Invalid extension [installedextensioninvalid/version] (InvalidExtensionException: No compatible extension is installed for dependency [invaliddependency-version])
11:37:54.891 [main] WARN  o.x.e.r.i.i.DefaultInstalledExtensionRepository - Invalid extension [installedwithmissingdependency/version] (InvalidExtensionException: No compatible extension is installed for dependency [missingdependency-version])
11:37:54.891 [main] WARN  o.x.e.r.i.i.DefaultInstalledExtensionRepository - Invalid extension [installedextensioninvalid/version] (InvalidExtensionException: No compatible extension is installed for dependency [invaliddependency-version])
11:37:54.930 [main] WARN  o.x.e.r.i.i.DefaultInstalledExtensionRepository - Invalid extension [installedwithmissingdependency/version] (InvalidExtensionException: No compatible extension is installed for dependency [missingdependency-version])
11:37:54.931 [main] WARN  o.x.e.r.i.i.DefaultInstalledExtensionRepository - Invalid extension [installedextensioninvalid/version] (InvalidExtensionException: No compatible extension is installed for dependency [invaliddependency-version])
11:37:54.973 [main] WARN  o.x.e.r.i.i.DefaultInstalledExtensionRepository - Invalid extension [installedwithmissingdependency/version] (InvalidExtensionException: No compatible extension is installed for dependency [missingdependency-version])
11:37:54.974 [main] WARN  o.x.e.r.i.i.DefaultInstalledExtensionRepository - Invalid extension [installedextensioninvalid/version] (InvalidExtensionException: No compatible extension is installed for dependency [invaliddependency-version])
Tests run: 12, Failures: 0, Errors: 0, Skipped: 0, Time elapsed: 0.617 sec - in org.xwiki.extension.repository.local.DefaultLocalExtensionRepositoryTest
Running org.xwiki.extension.internal.converter.ExtensionIdConverterTest
Tests run: 1, Failures: 0, Errors: 0, Skipped: 0, Time elapsed: 0.005 sec - in org.xwiki.extension.internal.converter.ExtensionIdConverterTest
Running org.xwiki.extension.internal.DefaultExtensionManagerTest
Tests run: 3, Failures: 0, Errors: 0, Skipped: 0, Time elapsed: 0.151 sec - in org.xwiki.extension.internal.DefaultExtensionManagerTest
Running org.xwiki.extension.internal.DefaultExtensionManagerConfigurationTest
Tests run: 3, Failures: 0, Errors: 0, Skipped: 0, Time elapsed: 0.033 sec - in org.xwiki.extension.internal.DefaultExtensionManagerConfigurationTest
Running org.xwiki.extension.internal.DefaultExtensionLicenseManagerTest
Tests run: 2, Failures: 0, Errors: 0, Skipped: 0, Time elapsed: 0.022 sec - in org.xwiki.extension.internal.DefaultExtensionLicenseManagerTest

Results :

Tests run: 160, Failures: 0, Errors: 0, Skipped: 0

[[1;34mINFO[m] [1m------------------------------------------------------------------------[m
[[1;34mINFO[m] [1;32mBUILD SUCCESS[m
[[1;34mINFO[m] [1m------------------------------------------------------------------------[m
[[1;34mINFO[m] Total time: 24.832 s
[[1;34mINFO[m] Finished at: 2018-09-27T11:37:55+02:00
[[1;34mINFO[m] [1m------------------------------------------------------------------------[m
Writing HTML report to '/home/bdanglot/workspace/icst-2019/september-2018/dataset/xwiki-commons_parent/xwiki-commons-core/xwiki-commons-extension/xwiki-commons-extension-api/target/clover/report'
ERROR: Invalid Java source found or Clover failed to parse it: /home/bdanglot/workspace/icst-2019/september-2018/dataset/xwiki-commons_parent/xwiki-commons-core/xwiki-commons-extension/xwiki-commons-extension-api/src/main/java/org/xwiki/extension/job/internal/AbstractExtensionJob.java
Done. Processed 29 packages in 4009ms (138ms per package).
[[1;34mINFO[m] /home/bdanglot/workspace/icst-2019/september-2018/dataset/xwiki-commons_parent/xwiki-commons-core/xwiki-commons-extension/xwiki-commons-extension-api/src/main/java/org/xwiki/extension/repository/internal/AbstractCachedExtensionRepository.java
[[1;34mINFO[m] /home/bdanglot/workspace/icst-2019/september-2018/dataset/xwiki-commons/xwiki-commons-core/xwiki-commons-extension/xwiki-commons-extension-api/src/main/java/org/xwiki/extension/repository/internal/AbstractCachedExtensionRepository.java
[info] org.xwiki.extension.repository.internal.AbstractCachedExtensionRepository:221 is modified.
[info] org.xwiki.extension.repository.internal.AbstractCachedExtensionRepository:234 is modified.
[info] org.xwiki.extension.repository.internal.AbstractCachedExtensionRepository:232 is modified.
[info] org.xwiki.extension.repository.internal.AbstractCachedExtensionRepository:233 is modified.
[info] org.xwiki.extension.repository.internal.AbstractCachedExtensionRepository:236 is modified.
[info] org.xwiki.extension.repository.internal.AbstractCachedExtensionRepository:231 is modified.
[info] org.xwiki.extension.repository.internal.AbstractCachedExtensionRepository:237 is modified.
[info] org.xwiki.extension.repository.internal.AbstractCachedExtensionRepository:238 is modified.
[info] org.xwiki.extension.repository.internal.AbstractCachedExtensionRepository:218 is modified.
[info] org.xwiki.extension.repository.internal.AbstractCachedExtensionRepository:228 is modified.
[info] org.xwiki.extension.repository.internal.AbstractCachedExtensionRepository:241 is modified.
[info] org.xwiki.extension.repository.internal.AbstractCachedExtensionRepository:221 covered.
[info] org.xwiki.extension.repository.internal.AbstractCachedExtensionRepository:234 covered.
[info] org.xwiki.extension.repository.internal.AbstractCachedExtensionRepository:232 covered.
[info] org.xwiki.extension.repository.internal.AbstractCachedExtensionRepository:231 covered.
[info] org.xwiki.extension.repository.internal.AbstractCachedExtensionRepository:237 covered.
[info] org.xwiki.extension.repository.internal.AbstractCachedExtensionRepository:241 covered.
[[1;34mINFO[m] /home/bdanglot/workspace/icst-2019/september-2018/dataset/xwiki-commons_parent/xwiki-commons-core/xwiki-commons-extension/xwiki-commons-extension-api/src/test/java/org/xwiki/extension/repository/local/DefaultLocalExtensionRepositoryTest.java
[[1;34mINFO[m] /home/bdanglot/workspace/icst-2019/september-2018/dataset/xwiki-commons/xwiki-commons-core/xwiki-commons-extension/xwiki-commons-extension-api/src/test/java/org/xwiki/extension/repository/local/DefaultLocalExtensionRepositoryTest.java
[info] org.xwiki.extension.repository.local.DefaultLocalExtensionRepositoryTest:271 is modified.
[info] org.xwiki.extension.repository.local.DefaultLocalExtensionRepositoryTest:274 is modified.
[info] org.xwiki.extension.repository.local.DefaultLocalExtensionRepositoryTest:275 is modified.
[info] org.xwiki.extension.repository.local.DefaultLocalExtensionRepositoryTest:276 is modified.
[info] org.xwiki.extension.repository.local.DefaultLocalExtensionRepositoryTest:272 is modified.
[[1;34mINFO[m] Saving result in /home/bdanglot/workspace/icst-2019/september-2018/result/xwiki-commons/commit_1_ced2635/parent_coverage_testsThatExecuteTheChanges.csv ...
[[1;34mINFO[m] org.xwiki.extension.job.internal.UpgradePlanJobTest;testUpgradePlanWithDependencyOnNamespace;testUpgradePlanOnRootWithTargetDependencyExtension;testUpgradePlanWithDependencyOnRoot;testUpgradePlanOnNamespaceWithExtensionOnRoot;testUpgradePlanOnRoot
[[1;34mINFO[m] Writing Coverage in /home/bdanglot/workspace/icst-2019/september-2018/result/xwiki-commons/commit_1_ced2635/parent_coverage_testsThatExecuteTheChanges_coverage.csv
[[1;34mINFO[m] org.xwiki.extension.repository.internal.AbstractCachedExtensionRepository;6;11

[[1;34mINFO[m] total;6;11

[[1;34mINFO[m] [1m------------------------------------------------------------------------[m
[[1;34mINFO[m] [1;32mBUILD SUCCESS[m
[[1;34mINFO[m] [1m------------------------------------------------------------------------[m
[[1;34mINFO[m] Total time: 33.978 s
[[1;34mINFO[m] Finished at: 2018-09-27T11:38:01+02:00
[[1;34mINFO[m] [1m------------------------------------------------------------------------[m
