[[1;34mINFO[m] Scanning for projects...
[[1;34mINFO[m] 
[[1;34mINFO[m] [1m----------------------< [0;36mcommons-cli:commons-cli[0;1m >-----------------------[m
[[1;34mINFO[m] [1mBuilding Apache Commons CLI 1.5-SNAPSHOT[m
[[1;34mINFO[m] [1m--------------------------------[ jar ]---------------------------------[m
[[1;34mINFO[m] 
[[1;34mINFO[m] [1m--- [0;32mmaven-clean-plugin:3.0.0:clean[m [1m(default-clean)[m @ [36mcommons-cli[0;1m ---[m
[[1;34mINFO[m] Deleting /home/bdanglot/workspace/icst-2019/september-2018/dataset/commons-cli/target
[[1;34mINFO[m] 
[[1;34mINFO[m] [1m--- [0;32mdiff-test-selection:0.5-SNAPSHOT:list[m [1m(default-cli)[m @ [36mcommons-cli[0;1m ---[m
[[1;34mINFO[m] Computing coverage for /home/bdanglot/workspace/icst-2019/september-2018/dataset/commons-cli
[WARN] Maven will be executed in interactive mode, but no input stream has been configured for this MavenInvoker instance.
[[1;34mINFO[m] Scanning for projects...
[[1;34mINFO[m] 
[[1;34mINFO[m] [1m----------------------< [0;36mcommons-cli:commons-cli[0;1m >-----------------------[m
[[1;34mINFO[m] [1mBuilding Apache Commons CLI 1.5-SNAPSHOT[m
[[1;34mINFO[m] [1m--------------------------------[ jar ]---------------------------------[m
[[1;34mINFO[m] 
[[1;34mINFO[m] [1m--- [0;32mmaven-clean-plugin:3.0.0:clean[m [1m(default-clean)[m @ [36mcommons-cli[0;1m ---[m
[[1;34mINFO[m] 
[[1;34mINFO[m] [1m--- [0;32mclover-maven-plugin:4.2.0:setup[m [1m(default-cli)[m @ [36mcommons-cli[0;1m ---[m
[[1;34mINFO[m] No 'maven.clover.licenseLocation' configured. Using default license.
[[1;34mINFO[m] OpenClover Version 4.2.0, built on April 30 2017 (build-1000)
[[1;34mINFO[m] Loaded from: /home/bdanglot/.m2/repository/org/openclover/clover/4.2.0/clover-4.2.0.jar
[[1;34mINFO[m] Clover free edition.
[[1;34mINFO[m] Creating new database at '/home/bdanglot/workspace/icst-2019/september-2018/dataset/commons-cli/target/clover/clover.db'.
[[1;34mINFO[m] Processing files at 1.8 source level.
[[1;34mINFO[m] Clover all over. Instrumented 23 files (1 package).
[[1;34mINFO[m] Elapsed time = 1.289 secs. (17.843 files/sec, 4,973.623 srclines/sec)
[[1;34mINFO[m] OpenClover Version 4.2.0, built on April 30 2017 (build-1000)
[[1;34mINFO[m] Loaded from: /home/bdanglot/.m2/repository/org/openclover/clover/4.2.0/clover-4.2.0.jar
[[1;34mINFO[m] Clover free edition.
[[1;34mINFO[m] Updating existing database at '/home/bdanglot/workspace/icst-2019/september-2018/dataset/commons-cli/target/clover/clover.db'.
[[1;34mINFO[m] Processing files at 1.8 source level.
[[1;34mINFO[m] Clover all over. Instrumented 27 files (2 packages).
[[1;34mINFO[m] 270 test methods detected.
[[1;34mINFO[m] Elapsed time = 0.699 secs. (38.627 files/sec, 8,035.765 srclines/sec)
[[1;34mINFO[m] 
[[1;34mINFO[m] [1m--- [0;32mmaven-enforcer-plugin:1.4.1:enforce[m [1m(enforce-maven-3)[m @ [36mcommons-cli[0;1m ---[m
[[1;34mINFO[m] Skipping Rule Enforcement.
[[1;34mINFO[m] 
[[1;34mINFO[m] [1m--- [0;32mbuild-helper-maven-plugin:1.10:parse-version[m [1m(parse-version)[m @ [36mcommons-cli[0;1m ---[m
[[1;34mINFO[m] 
[[1;34mINFO[m] [1m--- [0;32mmaven-antrun-plugin:1.7:run[m [1m(javadoc.resources)[m @ [36mcommons-cli[0;1m ---[m
[[1;34mINFO[m] Executing tasks

main:
     [copy] Copying 2 files to /home/bdanglot/workspace/icst-2019/september-2018/dataset/commons-cli/target/apidocs/META-INF
[[1;34mINFO[m] Executed tasks
[[1;34mINFO[m] 
[[1;34mINFO[m] [1m--- [0;32mmaven-remote-resources-plugin:1.5:process[m [1m(process-resource-bundles)[m @ [36mcommons-cli[0;1m ---[m
[[1;34mINFO[m] 
[[1;34mINFO[m] [1m--- [0;32mbuildnumber-maven-plugin:1.4:create[m [1m(default)[m @ [36mcommons-cli[0;1m ---[m
[[1;34mINFO[m] Executing: /bin/sh -c cd '/home/bdanglot/workspace/icst-2019/september-2018/dataset/commons-cli' && 'git' 'rev-parse' '--verify' 'HEAD'
[[1;34mINFO[m] Working directory: /home/bdanglot/workspace/icst-2019/september-2018/dataset/commons-cli
[[1;34mINFO[m] Storing buildNumber: 0b453953fa5f55cf2e8fd034d4d55972deb7647a at timestamp: 1538040644774
[[1;34mINFO[m] Storing buildScmBranch: master
[[1;34mINFO[m] 
[[1;34mINFO[m] [1m--- [0;32mmaven-resources-plugin:2.7:resources[m [1m(default-resources)[m @ [36mcommons-cli[0;1m ---[m
[[1;34mINFO[m] Using 'utf-8' encoding to copy filtered resources.
[[1;34mINFO[m] skip non existing resourceDirectory /home/bdanglot/workspace/icst-2019/september-2018/dataset/commons-cli/src/main/resources
[[1;34mINFO[m] Copying 2 resources to META-INF
[[1;34mINFO[m] Copying 1 resource
[[1;34mINFO[m] 
[[1;34mINFO[m] [1m--- [0;32mmaven-compiler-plugin:3.6.0:compile[m [1m(default-compile)[m @ [36mcommons-cli[0;1m ---[m
[[1;34mINFO[m] Changes detected - recompiling the module!
[[1;34mINFO[m] Compiling 23 source files to /home/bdanglot/workspace/icst-2019/september-2018/dataset/commons-cli/target/classes
[[1;34mINFO[m] /home/bdanglot/workspace/icst-2019/september-2018/dataset/commons-cli/target/clover/src-instrumented/org/apache/commons/cli/DefaultParser.java: Some input files use unchecked or unsafe operations.
[[1;34mINFO[m] /home/bdanglot/workspace/icst-2019/september-2018/dataset/commons-cli/target/clover/src-instrumented/org/apache/commons/cli/DefaultParser.java: Recompile with -Xlint:unchecked for details.
[[1;34mINFO[m] 
[[1;34mINFO[m] [1m--- [0;32mmaven-bundle-plugin:3.0.1:manifest[m [1m(bundle-manifest)[m @ [36mcommons-cli[0;1m ---[m
[[1;34mINFO[m] 
[[1;34mINFO[m] [1m--- [0;32manimal-sniffer-maven-plugin:1.15:check[m [1m(checkAPIcompatibility)[m @ [36mcommons-cli[0;1m ---[m
[[1;34mINFO[m] Checking unresolved references to org.codehaus.mojo.signature:java15:1.0
[[1;34mINFO[m] 
[[1;34mINFO[m] [1m--- [0;32mmaven-resources-plugin:2.7:testResources[m [1m(default-testResources)[m @ [36mcommons-cli[0;1m ---[m
[[1;34mINFO[m] Using 'utf-8' encoding to copy filtered resources.
[[1;34mINFO[m] Copying 1 resource
[[1;34mINFO[m] Copying 2 resources to META-INF
[[1;34mINFO[m] 
[[1;34mINFO[m] [1m--- [0;32mmaven-compiler-plugin:3.6.0:testCompile[m [1m(default-testCompile)[m @ [36mcommons-cli[0;1m ---[m
[[1;34mINFO[m] Changes detected - recompiling the module!
[[1;34mINFO[m] Compiling 27 source files to /home/bdanglot/workspace/icst-2019/september-2018/dataset/commons-cli/target/test-classes
[[1;34mINFO[m] /home/bdanglot/workspace/icst-2019/september-2018/dataset/commons-cli/target/clover/src-test-instrumented/org/apache/commons/cli/bug/BugCLI71Test.java: Some input files use or override a deprecated API.
[[1;34mINFO[m] /home/bdanglot/workspace/icst-2019/september-2018/dataset/commons-cli/target/clover/src-test-instrumented/org/apache/commons/cli/bug/BugCLI71Test.java: Recompile with -Xlint:deprecation for details.
[[1;34mINFO[m] 
[[1;34mINFO[m] [1m--- [0;32mjacoco-maven-plugin:0.7.7.201606060606:prepare-agent[m [1m(prepare-agent)[m @ [36mcommons-cli[0;1m ---[m
[[1;34mINFO[m] Skipping JaCoCo execution because property jacoco.skip is set.
[[1;34mINFO[m] argLine set to empty
[[1;34mINFO[m] 
[[1;34mINFO[m] [1m--- [0;32mmaven-surefire-plugin:2.19.1:test[m [1m(default-test)[m @ [36mcommons-cli[0;1m ---[m

-------------------------------------------------------
 T E S T S
-------------------------------------------------------
Running org.apache.commons.cli.OptionTest
Tests run: 10, Failures: 0, Errors: 0, Skipped: 0, Time elapsed: 0.076 sec - in org.apache.commons.cli.OptionTest
Running org.apache.commons.cli.OptionsTest
Tests run: 10, Failures: 0, Errors: 0, Skipped: 0, Time elapsed: 0.017 sec - in org.apache.commons.cli.OptionsTest
Running org.apache.commons.cli.ApplicationTest
Tests run: 5, Failures: 0, Errors: 0, Skipped: 0, Time elapsed: 0.017 sec - in org.apache.commons.cli.ApplicationTest
Running org.apache.commons.cli.ArgumentIsOptionTest
Tests run: 3, Failures: 0, Errors: 0, Skipped: 0, Time elapsed: 0.01 sec - in org.apache.commons.cli.ArgumentIsOptionTest
Running org.apache.commons.cli.PatternOptionBuilderTest
Exception found converting v to desired type: Unable to parse the URL: foo://commons.apache.org
Exception found converting d to desired type: Unable to find the class: System.DateTime
Exception found converting f to desired type: Unable to find file: non-existing.file
Exception found converting x to desired type: For input string: "3,5"
Exception found converting i to desired type: java.lang.IllegalAccessException; Unable to create an instance of: java.util.Calendar
Exception found converting n to desired type: Unable to find the class: System.DateTime
Tests run: 10, Failures: 0, Errors: 0, Skipped: 0, Time elapsed: 0.033 sec - in org.apache.commons.cli.PatternOptionBuilderTest
Running org.apache.commons.cli.BasicParserTest
Tests run: 58, Failures: 0, Errors: 0, Skipped: 24, Time elapsed: 0.062 sec - in org.apache.commons.cli.BasicParserTest
Running org.apache.commons.cli.DefaultParserTest
Tests run: 58, Failures: 0, Errors: 0, Skipped: 0, Time elapsed: 0.075 sec - in org.apache.commons.cli.DefaultParserTest
Running org.apache.commons.cli.OptionGroupTest
Tests run: 13, Failures: 0, Errors: 0, Skipped: 0, Time elapsed: 0.019 sec - in org.apache.commons.cli.OptionGroupTest
Running org.apache.commons.cli.OptionBuilderTest
Tests run: 9, Failures: 0, Errors: 0, Skipped: 0, Time elapsed: 0.005 sec - in org.apache.commons.cli.OptionBuilderTest
Running org.apache.commons.cli.CommandLineTest
Tests run: 8, Failures: 0, Errors: 0, Skipped: 0, Time elapsed: 0.011 sec - in org.apache.commons.cli.CommandLineTest
Running org.apache.commons.cli.UtilTest
Tests run: 2, Failures: 0, Errors: 0, Skipped: 0, Time elapsed: 0.004 sec - in org.apache.commons.cli.UtilTest
Running org.apache.commons.cli.bug.BugCLI252Test
Tests run: 2, Failures: 0, Errors: 0, Skipped: 0, Time elapsed: 0.003 sec - in org.apache.commons.cli.bug.BugCLI252Test
Running org.apache.commons.cli.bug.BugCLI133Test
Tests run: 1, Failures: 0, Errors: 0, Skipped: 0, Time elapsed: 0.001 sec - in org.apache.commons.cli.bug.BugCLI133Test
Running org.apache.commons.cli.bug.BugCLI71Test
Tests run: 4, Failures: 0, Errors: 0, Skipped: 0, Time elapsed: 0.007 sec - in org.apache.commons.cli.bug.BugCLI71Test
Running org.apache.commons.cli.bug.BugCLI18Test
Tests run: 1, Failures: 0, Errors: 0, Skipped: 0, Time elapsed: 0 sec - in org.apache.commons.cli.bug.BugCLI18Test
Running org.apache.commons.cli.bug.BugCLI13Test
Tests run: 1, Failures: 0, Errors: 0, Skipped: 0, Time elapsed: 0.001 sec - in org.apache.commons.cli.bug.BugCLI13Test
Running org.apache.commons.cli.bug.BugsTest
Tests run: 12, Failures: 0, Errors: 0, Skipped: 0, Time elapsed: 0.017 sec - in org.apache.commons.cli.bug.BugsTest
Running org.apache.commons.cli.bug.BugCLI162Test
Tests run: 4, Failures: 0, Errors: 0, Skipped: 0, Time elapsed: 0.007 sec - in org.apache.commons.cli.bug.BugCLI162Test
Running org.apache.commons.cli.bug.BugCLI265Test
Tests run: 3, Failures: 0, Errors: 0, Skipped: 0, Time elapsed: 0.007 sec - in org.apache.commons.cli.bug.BugCLI265Test
Running org.apache.commons.cli.bug.BugCLI266Test
Tests run: 2, Failures: 0, Errors: 0, Skipped: 0, Time elapsed: 0.01 sec - in org.apache.commons.cli.bug.BugCLI266Test
Running org.apache.commons.cli.bug.BugCLI148Test
Tests run: 2, Failures: 0, Errors: 0, Skipped: 0, Time elapsed: 0.006 sec - in org.apache.commons.cli.bug.BugCLI148Test
Running org.apache.commons.cli.PosixParserTest
Tests run: 58, Failures: 0, Errors: 0, Skipped: 9, Time elapsed: 0.076 sec - in org.apache.commons.cli.PosixParserTest
Running org.apache.commons.cli.ValueTest
Tests run: 24, Failures: 0, Errors: 0, Skipped: 0, Time elapsed: 0.024 sec - in org.apache.commons.cli.ValueTest
Running org.apache.commons.cli.ValuesTest
Tests run: 7, Failures: 0, Errors: 0, Skipped: 0, Time elapsed: 0.023 sec - in org.apache.commons.cli.ValuesTest
Running org.apache.commons.cli.HelpFormatterTest
Tests run: 25, Failures: 0, Errors: 0, Skipped: 0, Time elapsed: 0.015 sec - in org.apache.commons.cli.HelpFormatterTest
Running org.apache.commons.cli.GnuParserTest
Tests run: 58, Failures: 0, Errors: 0, Skipped: 21, Time elapsed: 0.026 sec - in org.apache.commons.cli.GnuParserTest

Results :

Tests run: 390, Failures: 0, Errors: 0, Skipped: 54

[[1;34mINFO[m] [1m------------------------------------------------------------------------[m
[[1;34mINFO[m] [1;32mBUILD SUCCESS[m
[[1;34mINFO[m] [1m------------------------------------------------------------------------[m
[[1;34mINFO[m] Total time: 11.512 s
[[1;34mINFO[m] Finished at: 2018-09-27T11:30:51+02:00
[[1;34mINFO[m] [1m------------------------------------------------------------------------[m
Writing HTML report to '/home/bdanglot/workspace/icst-2019/september-2018/dataset/commons-cli/target/clover/report'
Done. Processed 2 packages in 3721ms (1860ms per package).
[[1;34mINFO[m] /home/bdanglot/workspace/icst-2019/september-2018/dataset/commons-cli/src/main/java/org/apache/commons/cli/TypeHandler.java
[[1;34mINFO[m] /home/bdanglot/workspace/icst-2019/september-2018/dataset/commons-cli_parent/src/main/java/org/apache/commons/cli/TypeHandler.java
[info] org.apache.commons.cli.TypeHandler:86 is modified.
[info] org.apache.commons.cli.TypeHandler:92 is modified.
[info] org.apache.commons.cli.TypeHandler:238 is modified.
[info] org.apache.commons.cli.TypeHandler:242 is modified.
[info] org.apache.commons.cli.TypeHandler:236 is modified.
[info] org.apache.commons.cli.TypeHandler:86 covered.
[info] org.apache.commons.cli.TypeHandler:92 covered.
[info] org.apache.commons.cli.TypeHandler:238 covered.
[info] org.apache.commons.cli.TypeHandler:242 covered.
[info] org.apache.commons.cli.TypeHandler:236 covered.
[[1;34mINFO[m] /home/bdanglot/workspace/icst-2019/september-2018/dataset/commons-cli/src/test/java/org/apache/commons/cli/PatternOptionBuilderTest.java
[[1;34mINFO[m] /home/bdanglot/workspace/icst-2019/september-2018/dataset/commons-cli_parent/src/test/java/org/apache/commons/cli/PatternOptionBuilderTest.java
[info] org.apache.commons.cli.PatternOptionBuilderTest:180 is modified.
[info] org.apache.commons.cli.PatternOptionBuilderTest:166 is modified.
[info] org.apache.commons.cli.PatternOptionBuilderTest:164 is modified.
[info] org.apache.commons.cli.PatternOptionBuilderTest:165 is modified.
[info] org.apache.commons.cli.PatternOptionBuilderTest:168 is modified.
[info] org.apache.commons.cli.PatternOptionBuilderTest:170 is modified.
[info] org.apache.commons.cli.PatternOptionBuilderTest:171 is modified.
[info] org.apache.commons.cli.PatternOptionBuilderTest:178 is modified.
[[1;34mINFO[m] Saving result in /home/bdanglot/workspace/icst-2019/september-2018/result/commons-cli/commit_0_0b45395/commit_coverage_testsThatExecuteTheChanges.csv ...
[[1;34mINFO[m] org.apache.commons.cli.PatternOptionBuilderTest;testExistingFilePatternFileNotExist;testExistingFilePattern;testSimplePattern;testURLPattern
[[1;34mINFO[m] Writing Coverage in /home/bdanglot/workspace/icst-2019/september-2018/result/commons-cli/commit_0_0b45395/commit_coverage_testsThatExecuteTheChanges_coverage.csv
[[1;34mINFO[m] org.apache.commons.cli.TypeHandler;5;5

[[1;34mINFO[m] total;5;5

[[1;34mINFO[m] [1m------------------------------------------------------------------------[m
[[1;34mINFO[m] [1;32mBUILD SUCCESS[m
[[1;34mINFO[m] [1m------------------------------------------------------------------------[m
[[1;34mINFO[m] Total time: 21.290 s
[[1;34mINFO[m] Finished at: 2018-09-27T11:30:57+02:00
[[1;34mINFO[m] [1m------------------------------------------------------------------------[m
[INFO] 2018-09-27 11:30:58 RepositoriesSetter - {/home/bdanglot/workspace/icst-2019/september-2018/dataset/commons-cli} Cleaning local repository...
[INFO] 2018-09-27 11:30:58 RepositoriesSetter - Checkout ac2a1c85616f0140418de9190389fe7b80296c39 revision...
[INFO] 2018-09-27 11:30:58 RepositoriesSetter - {/home/bdanglot/workspace/icst-2019/september-2018/dataset/commons-cli_parent} Cleaning local repository...
[INFO] 2018-09-27 11:30:58 RepositoriesSetter - Checkout 5764b6270287a74d31cb83f70ab38bdd916e619e revision...
