[[1;34mINFO[m] Scanning for projects...
[[1;33mWARNING[m] 
[[1;33mWARNING[m] Some problems were encountered while building the effective model for commons-cli:commons-cli:jar:1.3-SNAPSHOT
[[1;33mWARNING[m] 'build.plugins.plugin.version' for org.apache.maven.plugins:maven-idea-plugin is missing. @ org.apache.commons:commons-parent:15, /home/bdanglot/.m2/repository/org/apache/commons/commons-parent/15/commons-parent-15.pom, line 329, column 15
[[1;33mWARNING[m] 
[[1;33mWARNING[m] It is highly recommended to fix these problems because they threaten the stability of your build.
[[1;33mWARNING[m] 
[[1;33mWARNING[m] For this reason, future Maven versions might no longer support building such malformed projects.
[[1;33mWARNING[m] 
[[1;34mINFO[m] 
[[1;34mINFO[m] [1m----------------------< [0;36mcommons-cli:commons-cli[0;1m >-----------------------[m
[[1;34mINFO[m] [1mBuilding Commons CLI 1.3-SNAPSHOT[m
[[1;34mINFO[m] [1m--------------------------------[ jar ]---------------------------------[m
[[1;34mINFO[m] 
[[1;34mINFO[m] [1m--- [0;32mmaven-clean-plugin:2.4:clean[m [1m(default-clean)[m @ [36mcommons-cli[0;1m ---[m
[[1;34mINFO[m] Deleting /home/bdanglot/workspace/icst-2019/september-2018/dataset/commons-cli/target
[[1;34mINFO[m] 
[[1;34mINFO[m] [1m--- [0;32mdiff-test-selection:0.5-SNAPSHOT:list[m [1m(default-cli)[m @ [36mcommons-cli[0;1m ---[m
[[1;34mINFO[m] Computing coverage for /home/bdanglot/workspace/icst-2019/september-2018/dataset/commons-cli
[WARN] Maven will be executed in interactive mode, but no input stream has been configured for this MavenInvoker instance.
[[1;34mINFO[m] Scanning for projects...
[[1;33mWARNING[m] 
[[1;33mWARNING[m] Some problems were encountered while building the effective model for commons-cli:commons-cli:jar:1.3-SNAPSHOT
[[1;33mWARNING[m] 'build.plugins.plugin.version' for org.apache.maven.plugins:maven-idea-plugin is missing. @ org.apache.commons:commons-parent:15, /home/bdanglot/.m2/repository/org/apache/commons/commons-parent/15/commons-parent-15.pom, line 329, column 15
[[1;33mWARNING[m] 
[[1;33mWARNING[m] It is highly recommended to fix these problems because they threaten the stability of your build.
[[1;33mWARNING[m] 
[[1;33mWARNING[m] For this reason, future Maven versions might no longer support building such malformed projects.
[[1;33mWARNING[m] 
[[1;34mINFO[m] 
[[1;34mINFO[m] [1m----------------------< [0;36mcommons-cli:commons-cli[0;1m >-----------------------[m
[[1;34mINFO[m] [1mBuilding Commons CLI 1.3-SNAPSHOT[m
[[1;34mINFO[m] [1m--------------------------------[ jar ]---------------------------------[m
[[1;34mINFO[m] 
[[1;34mINFO[m] [1m--- [0;32mmaven-clean-plugin:2.4:clean[m [1m(default-clean)[m @ [36mcommons-cli[0;1m ---[m
[[1;34mINFO[m] 
[[1;34mINFO[m] [1m--- [0;32mclover-maven-plugin:4.2.0:setup[m [1m(default-cli)[m @ [36mcommons-cli[0;1m ---[m
[[1;34mINFO[m] No 'maven.clover.licenseLocation' configured. Using default license.
[[1;34mINFO[m] OpenClover Version 4.2.0, built on April 30 2017 (build-1000)
[[1;34mINFO[m] Loaded from: /home/bdanglot/.m2/repository/org/openclover/clover/4.2.0/clover-4.2.0.jar
[[1;34mINFO[m] Clover free edition.
[[1;34mINFO[m] Creating new database at '/home/bdanglot/workspace/icst-2019/september-2018/dataset/commons-cli/target/clover/clover.db'.
[[1;34mINFO[m] Processing files at 1.8 source level.
[[1;34mINFO[m] Clover all over. Instrumented 22 files (1 package).
[[1;34mINFO[m] Elapsed time = 0.564 secs. (39.007 files/sec, 10,132.979 srclines/sec)
[[1;34mINFO[m] OpenClover Version 4.2.0, built on April 30 2017 (build-1000)
[[1;34mINFO[m] Loaded from: /home/bdanglot/.m2/repository/org/openclover/clover/4.2.0/clover-4.2.0.jar
[[1;34mINFO[m] Clover free edition.
[[1;34mINFO[m] Updating existing database at '/home/bdanglot/workspace/icst-2019/september-2018/dataset/commons-cli/target/clover/clover.db'.
[[1;34mINFO[m] Processing files at 1.8 source level.
[[1;34mINFO[m] Clover all over. Instrumented 24 files (2 packages).
[[1;34mINFO[m] 241 test methods detected.
[[1;34mINFO[m] Elapsed time = 0.428 secs. (56.075 files/sec, 10,976.636 srclines/sec)
[[1;34mINFO[m] 
[[1;34mINFO[m] [1m--- [0;32mmaven-antrun-plugin:1.3:run[m [1m(javadoc.resources)[m @ [36mcommons-cli[0;1m ---[m
[[1;34mINFO[m] Executing tasks
     [copy] Copying 2 files to /home/bdanglot/workspace/icst-2019/september-2018/dataset/commons-cli/target/apidocs/META-INF
[[1;34mINFO[m] Executed tasks
[[1;34mINFO[m] 
[[1;34mINFO[m] [1m--- [0;32mmaven-remote-resources-plugin:1.0:process[m [1m(default)[m @ [36mcommons-cli[0;1m ---[m
[[1;34mINFO[m] Setting property: classpath.resource.loader.class => 'org.codehaus.plexus.velocity.ContextClassLoaderResourceLoader'.
[[1;34mINFO[m] Setting property: velocimacro.messages.on => 'false'.
[[1;34mINFO[m] Setting property: resource.loader => 'classpath'.
[[1;34mINFO[m] Setting property: resource.manager.logwhenfound => 'false'.
[[1;34mINFO[m] 
[[1;34mINFO[m] [1m--- [0;32mmaven-resources-plugin:2.4.1:resources[m [1m(default-resources)[m @ [36mcommons-cli[0;1m ---[m
[[1;34mINFO[m] Using 'iso-8859-1' encoding to copy filtered resources.
[[1;34mINFO[m] Copying 2 resources to META-INF
[[1;34mINFO[m] Copying 1 resource
[[1;34mINFO[m] 
[[1;34mINFO[m] [1m--- [0;32mmaven-compiler-plugin:2.1:compile[m [1m(default-compile)[m @ [36mcommons-cli[0;1m ---[m
[[1;34mINFO[m] Compiling 22 source files to /home/bdanglot/workspace/icst-2019/september-2018/dataset/commons-cli/target/classes
[[1;34mINFO[m] 
[[1;34mINFO[m] [1m--- [0;32mmaven-bundle-plugin:1.4.3:manifest[m [1m(bundle-manifest)[m @ [36mcommons-cli[0;1m ---[m
[[1;34mINFO[m] 
[[1;34mINFO[m] [1m--- [0;32mmaven-resources-plugin:2.4.1:testResources[m [1m(default-testResources)[m @ [36mcommons-cli[0;1m ---[m
[[1;34mINFO[m] Using 'iso-8859-1' encoding to copy filtered resources.
[[1;34mINFO[m] skip non existing resourceDirectory /home/bdanglot/workspace/icst-2019/september-2018/dataset/commons-cli/src/test/resources
[[1;34mINFO[m] 
[[1;34mINFO[m] [1m--- [0;32mmaven-compiler-plugin:2.1:testCompile[m [1m(default-testCompile)[m @ [36mcommons-cli[0;1m ---[m
[[1;34mINFO[m] Compiling 24 source files to /home/bdanglot/workspace/icst-2019/september-2018/dataset/commons-cli/target/test-classes
[[1;34mINFO[m] 
[[1;34mINFO[m] [1m--- [0;32mmaven-surefire-plugin:2.5:test[m [1m(default-test)[m @ [36mcommons-cli[0;1m ---[m
[[1;34mINFO[m] Surefire report directory: /home/bdanglot/workspace/icst-2019/september-2018/dataset/commons-cli/target/surefire-reports

-------------------------------------------------------
 T E S T S
-------------------------------------------------------
Running org.apache.commons.cli.PosixParserTest
Tests run: 58, Failures: 0, Errors: 0, Skipped: 0, Time elapsed: 0.157 sec
Running org.apache.commons.cli.BugsTest
Tests run: 12, Failures: 0, Errors: 0, Skipped: 0, Time elapsed: 0.022 sec
Running org.apache.commons.cli.bug.BugCLI13Test
Tests run: 1, Failures: 0, Errors: 0, Skipped: 0, Time elapsed: 0.003 sec
Running org.apache.commons.cli.ValueTest
Tests run: 12, Failures: 0, Errors: 0, Skipped: 0, Time elapsed: 0.013 sec
Running org.apache.commons.cli.bug.BugCLI18Test
Tests run: 1, Failures: 0, Errors: 0, Skipped: 0, Time elapsed: 0.003 sec
Running org.apache.commons.cli.OptionTest
Tests run: 6, Failures: 0, Errors: 0, Skipped: 0, Time elapsed: 0.012 sec
Running org.apache.commons.cli.ValuesTest
Tests run: 7, Failures: 0, Errors: 0, Skipped: 0, Time elapsed: 0.014 sec
Running org.apache.commons.cli.UtilTest
Tests run: 2, Failures: 0, Errors: 0, Skipped: 0, Time elapsed: 0.003 sec
Running org.apache.commons.cli.OptionsTest
Tests run: 10, Failures: 0, Errors: 0, Skipped: 0, Time elapsed: 0.01 sec
Running org.apache.commons.cli.OptionBuilderTest
Tests run: 9, Failures: 0, Errors: 0, Skipped: 0, Time elapsed: 0.009 sec
Running org.apache.commons.cli.HelpFormatterTest
Tests run: 25, Failures: 0, Errors: 0, Skipped: 0, Time elapsed: 0.029 sec
Running org.apache.commons.cli.bug.BugCLI148Test
Tests run: 2, Failures: 0, Errors: 0, Skipped: 0, Time elapsed: 0.004 sec
Running org.apache.commons.cli.GnuParserTest
Tests run: 58, Failures: 0, Errors: 0, Skipped: 0, Time elapsed: 0.026 sec
Running org.apache.commons.cli.BasicParserTest
Tests run: 58, Failures: 0, Errors: 0, Skipped: 0, Time elapsed: 0.023 sec
Running org.apache.commons.cli.DefaultParserTest
Tests run: 58, Failures: 0, Errors: 0, Skipped: 0, Time elapsed: 0.027 sec
Running org.apache.commons.cli.bug.BugCLI162Test
usage: app
 -h,--help   This is
             a
             looooon
             g
             descrip
             tion
usage: org.apache.commons.cli.bug.BugCLI162Test
 -2,--jdbc2sfmd <arg>        Converts the JDBC file in the first argument
                             to an SMFD file specified in the second
                             argument.
 -a,--paramNames <arg>       Parameter XML names; default names are
                             param1, param2, etc. Example: -a "pname1
                             pname2"
 -b,--jdbc <arg>             Writes a JDBC binding node file for the given
                             SQL
 -c,--url <arg>              Connection URL
 -d,--driver <arg>           JDBC driver class name
 -e,--description <arg>      SFMD description. A default description is
                             used if omited. Example: -e "Runs such and
                             such"
 -f,--sfmd <arg>             Writes a SFMD file for the given SQL
 -g,--printTiming            Prints timing information
 -h,--help                   Prints help and quits
 -i,--interactive            Runs in interactive mode, reading and writing
                             from the console, 'go' or '/' sends a
                             statement
 -j,--node <arg>             Writes a JDBC node file for the given SQL
                             (internal debugging)
 -l,--columnNames <arg>      Column XML names; default names column
                             labels. Example: -l "cname1 cname2"
 -m,--printMetaData          Prints metadata information
 -n,--info                   Prints driver information and properties. If
                             -c is not specified, all drivers on the
                             classpath are displayed.
 -o,--paramModes <arg>       Parameters modes (1=IN, 2=INOUT, 4=OUT,
                             0=Unknown). -o and -O are mutually exclusive.
                             Example for 2 parameters, OUT and IN: -o "4
                             1"
 -O,--paramModeNames <arg>   Parameters mode names (IN, INOUT, OUT,
                             Unknown). -o and -O are mutually exclusive.
                             Example for 2 parameters, OUT and IN: -O "OUT
                             IN"
 -p,--password <arg>         The database password for the user specified
                             with the -u option. You can obfuscate the
                             password with
                             org.mortbay.jetty.security.Password, see
                             http://docs.codehaus.org/display/JETTY/Securi
                             ng+Passwords
 -s,--sql <arg>              Runs SQL or {call stored_procedure(?, ?)} or
                             {?=call function(?, ?)}
 -t,--printStack             Prints stack traces on errors
    --trim <arg>             Trims leading and trailing spaces from all
                             column values. Column XML names can be
                             optionally specified to set which columns to
                             trim.
 -u,--user <arg>             A database user name
 -w,--outfile <arg>          Writes the SQL output to the given file
 -y,--paramTypes <arg>       Parameter types from java.sql.Types. -y and
                             -Y are mutually exclusive. Example: -y "-10
                             12"
 -Y,--paramTypeNames <arg>   Parameter java.sql.Types names. -y and -Y are
                             mutually exclusive. Example: -Y "CURSOR
                             VARCHAR"
usage:
       org.apache.comm
       ons.cli.bug.Bug
       CLI162Test
Header
-x,--extralongarg
 This description is
 Long.
Footer

Tests run: 4, Failures: 0, Errors: 0, Skipped: 0, Time elapsed: 0.007 sec
Running org.apache.commons.cli.OptionGroupTest
Tests run: 13, Failures: 0, Errors: 0, Skipped: 0, Time elapsed: 0.012 sec
Running org.apache.commons.cli.CommandLineTest
Tests run: 3, Failures: 0, Errors: 0, Skipped: 0, Time elapsed: 0.006 sec
Running org.apache.commons.cli.PatternOptionBuilderTest
Exception found converting x to desired type: For input string: "3,5"
Exception found converting i to desired type: java.lang.IllegalAccessException; Unable to create an instance of: java.util.Calendar
Exception found converting n to desired type: Unable to find the class: System.DateTime
Exception found converting v to desired type: Unable to parse the URL: foo://commons.apache.org
Exception found converting d to desired type: Unable to find the class: System.DateTime
Tests run: 9, Failures: 0, Errors: 0, Skipped: 0, Time elapsed: 0.014 sec
Running org.apache.commons.cli.ApplicationTest
usage: man [-c|-f|-k|-w|-tZT device] [-adlhu7V] [-Mpath]
           [-Ppager] [-Slist] [-msystem] [-pstring]
           [-Llocale] [-eextension] [section] page ...
 -7,--ascii                display ASCII translation or
                           certain latin1 chars.
 -a,--all                  find all matching manual pages.
 -c,--catman               used by catman to reformat out of
                           date cat pages.
 -d,--debug                emit debugging messages.
 -D,--default              reset all options to their
                           default values.
 -e,--extension            limit search to extension type
                           'extension'.
 -f,--whatis               equivalent to whatis.
 -h,--help                 show this usage message.
 -k,--apropos              equivalent to apropos.
 -l,--local-file           interpret 'page' argument(s) as
                           local filename(s)
 -L,--locale <arg>         define the locale for this
                           particular man search.
 -M,--manpath <arg>        set search path for manual pages
                           to 'path'.
 -m,--systems <arg>        search for man pages from other
                           unix system(s).
 -P,--pager <arg>          use program 'pager' to display
                           output.
 -p,--preprocessor <arg>   string indicates which
                           preprocessor to run.
                           e - [n]eqn  p - pic     t - tbl
                           g - grap    r - refer   v -
                           vgrind
 -r,--prompt <arg>         provide 'less' pager with prompt.
 -S,--sections <arg>       use colon separated section list.
 -t,--troff                use troff format pages.
 -T,--troff-device <arg>   use groff with selected device.
 -u,--update               force a cache consistency check.
 -V,--version              show version.
 -w,--location             print physical location of man
                           page(s).
 -Z,--ditroff              use groff with selected device.
Tests run: 5, Failures: 0, Errors: 0, Skipped: 0, Time elapsed: 0.008 sec
Running org.apache.commons.cli.bug.BugCLI133Test
Tests run: 1, Failures: 0, Errors: 0, Skipped: 0, Time elapsed: 0.002 sec
Running org.apache.commons.cli.bug.BugCLI71Test
Tests run: 4, Failures: 0, Errors: 0, Skipped: 0, Time elapsed: 0.006 sec
Running org.apache.commons.cli.ArgumentIsOptionTest
Tests run: 3, Failures: 0, Errors: 0, Skipped: 0, Time elapsed: 0.009 sec

Results :

Tests run: 361, Failures: 0, Errors: 0, Skipped: 0

[[1;34mINFO[m] [1m------------------------------------------------------------------------[m
[[1;34mINFO[m] [1;32mBUILD SUCCESS[m
[[1;34mINFO[m] [1m------------------------------------------------------------------------[m
[[1;34mINFO[m] Total time: 6.344 s
[[1;34mINFO[m] Finished at: 2018-09-27T12:33:58+02:00
[[1;34mINFO[m] [1m------------------------------------------------------------------------[m
Writing HTML report to '/home/bdanglot/workspace/icst-2019/september-2018/dataset/commons-cli/target/clover/report'
Done. Processed 2 packages in 2369ms (1184ms per package).
[[1;34mINFO[m] /home/bdanglot/workspace/icst-2019/september-2018/dataset/commons-cli/src/main/java/org/apache/commons/cli/HelpFormatter.java
[[1;34mINFO[m] /home/bdanglot/workspace/icst-2019/september-2018/dataset/commons-cli_parent/src/main/java/org/apache/commons/cli/HelpFormatter.java
[info] org.apache.commons.cli.HelpFormatter:350 is modified.
[info] org.apache.commons.cli.HelpFormatter:550 is modified.
[info] org.apache.commons.cli.HelpFormatter:545 is modified.
[info] org.apache.commons.cli.HelpFormatter:609 is modified.
[info] org.apache.commons.cli.HelpFormatter:760 is modified.
[info] org.apache.commons.cli.HelpFormatter:762 is modified.
[info] org.apache.commons.cli.HelpFormatter:558 is modified.
[info] org.apache.commons.cli.HelpFormatter:769 is modified.
[info] org.apache.commons.cli.HelpFormatter:809 is modified.
[info] org.apache.commons.cli.HelpFormatter:352 is modified.
[info] org.apache.commons.cli.HelpFormatter:807 is modified.
[info] org.apache.commons.cli.HelpFormatter:543 is modified.
[info] org.apache.commons.cli.HelpFormatter:551 is modified.
[info] org.apache.commons.cli.HelpFormatter:607 is modified.
[info] org.apache.commons.cli.HelpFormatter:767 is modified.
[info] org.apache.commons.cli.HelpFormatter:760 covered.
[info] org.apache.commons.cli.HelpFormatter:762 covered.
[info] org.apache.commons.cli.HelpFormatter:769 covered.
[info] org.apache.commons.cli.HelpFormatter:809 covered.
[info] org.apache.commons.cli.HelpFormatter:807 covered.
[info] org.apache.commons.cli.HelpFormatter:767 covered.
[info] org.apache.commons.cli.HelpFormatter:545 covered.
[info] org.apache.commons.cli.HelpFormatter:543 covered.
[info] org.apache.commons.cli.HelpFormatter:551 covered.
[info] org.apache.commons.cli.HelpFormatter:609 covered.
[info] org.apache.commons.cli.HelpFormatter:607 covered.
[info] org.apache.commons.cli.HelpFormatter:350 covered.
[[1;34mINFO[m] /home/bdanglot/workspace/icst-2019/september-2018/dataset/commons-cli/src/main/java/org/apache/commons/cli/Options.java
[[1;34mINFO[m] /home/bdanglot/workspace/icst-2019/september-2018/dataset/commons-cli_parent/src/main/java/org/apache/commons/cli/Options.java
[info] org.apache.commons.cli.Options:53 is modified.
[info] org.apache.commons.cli.Options:56 is modified.
[[1;34mINFO[m] /home/bdanglot/workspace/icst-2019/september-2018/dataset/commons-cli/src/test/java/org/apache/commons/cli/HelpFormatterTest.java
[[1;34mINFO[m] /home/bdanglot/workspace/icst-2019/september-2018/dataset/commons-cli_parent/src/test/java/org/apache/commons/cli/HelpFormatterTest.java
[info] org.apache.commons.cli.HelpFormatterTest:277 is modified.
[info] org.apache.commons.cli.HelpFormatterTest:278 is modified.
[[1;34mINFO[m] Saving result in /home/bdanglot/workspace/icst-2019/september-2018/result/commons-cli/commit_4_a955324/commit_coverage_testsThatExecuteTheChanges.csv ...
[[1;34mINFO[m] org.apache.commons.cli.BugsTest;test13666
org.apache.commons.cli.ApplicationTest;testMan
org.apache.commons.cli.HelpFormatterTest;testIndentedHeaderAndFooter;testAutomaticUsage;testPrintOptionWithEmptyArgNameUsage;testHelpWithLongOptSeparator;testPrintRequiredOptionGroupUsage;testHeaderStartingWithLineSeparator;testPrintUsage;testPrintSortedUsageWithNullComparator;testDefaultArgName;testPrintOptions;testPrintSortedUsage;testUsageWithLongOptSeparator;testOptionWithoutShortFormat;testPrintOptionGroupUsage;testOptionWithoutShortFormat2
org.apache.commons.cli.bug.BugCLI162Test;testPrintHelpLongLines;testInfiniteLoop;testLongLineChunking;testLongLineChunkingIndentIgnored
org.apache.commons.cli.bug.BugCLI18Test;testCLI18
[[1;34mINFO[m] Writing Coverage in /home/bdanglot/workspace/icst-2019/september-2018/result/commons-cli/commit_4_a955324/commit_coverage_testsThatExecuteTheChanges_coverage.csv
[[1;34mINFO[m] org.apache.commons.cli.HelpFormatter;12;15

[[1;34mINFO[m] total;12;15

[[1;34mINFO[m] [1m------------------------------------------------------------------------[m
[[1;34mINFO[m] [1;32mBUILD SUCCESS[m
[[1;34mINFO[m] [1m------------------------------------------------------------------------[m
[[1;34mINFO[m] Total time: 13.879 s
[[1;34mINFO[m] Finished at: 2018-09-27T12:34:03+02:00
[[1;34mINFO[m] [1m------------------------------------------------------------------------[m
