[INFO] Scanning for projects...
[INFO] 
[INFO] ---------------------< com.google.code.gson:gson >----------------------
[INFO] Building Gson 2.6.3-SNAPSHOT
[INFO] --------------------------------[ jar ]---------------------------------
[INFO] 
[INFO] --- maven-clean-plugin:2.5:clean (default-clean) @ gson ---
[INFO] Deleting /tmp/icst-2019/september-2018/dataset/gson/gson/target
[INFO] 
[INFO] --- diff-test-selection:0.5-SNAPSHOT:list (default-cli) @ gson ---
[INFO] Computing coverage for /tmp/icst-2019/september-2018/dataset/gson/gson
[WARN] Maven will be executed in interactive mode, but no input stream has been configured for this MavenInvoker instance.
[INFO] Scanning for projects...
[INFO] 
[INFO] ---------------------< com.google.code.gson:gson >----------------------
[INFO] Building Gson 2.6.3-SNAPSHOT
[INFO] --------------------------------[ jar ]---------------------------------
[INFO] 
[INFO] --- maven-clean-plugin:2.5:clean (default-clean) @ gson ---
[INFO] 
[INFO] --- clover-maven-plugin:4.2.0:setup (default-cli) @ gson ---
[INFO] No 'maven.clover.licenseLocation' configured. Using default license.
[INFO] OpenClover Version 4.2.0, built on April 30 2017 (build-1000)
[INFO] Loaded from: /home/spirals/danglot/.m2/repository/org/openclover/clover/4.2.0/clover-4.2.0.jar
[INFO] Clover free edition.
[INFO] Creating new database at '/tmp/icst-2019/september-2018/dataset/gson/gson/target/clover/clover.db'.
[INFO] Processing files at 1.8 source level.
[INFO] Clover all over. Instrumented 67 files (7 packages).
[INFO] Elapsed time = 5.326 secs. (12.58 files/sec, 2,675.178 srclines/sec)
[INFO] OpenClover Version 4.2.0, built on April 30 2017 (build-1000)
[INFO] Loaded from: /home/spirals/danglot/.m2/repository/org/openclover/clover/4.2.0/clover-4.2.0.jar
[INFO] Clover free edition.
[INFO] Updating existing database at '/tmp/icst-2019/september-2018/dataset/gson/gson/target/clover/clover.db'.
[INFO] Processing files at 1.8 source level.
[INFO] Clover all over. Instrumented 95 files (9 packages).
[INFO] 1002 test methods detected.
[INFO] Elapsed time = 5.412 secs. (17.554 files/sec, 3,351.441 srclines/sec)
[INFO] 
[INFO] --- maven-enforcer-plugin:1.0:enforce (enforce-maven) @ gson ---
[INFO] Skipping Rule Enforcement.
[INFO] 
[INFO] --- maven-resources-plugin:2.6:resources (default-resources) @ gson ---
[INFO] Using 'UTF-8' encoding to copy filtered resources.
[INFO] skip non existing resourceDirectory /tmp/icst-2019/september-2018/dataset/gson/gson/src/main/resources
[INFO] Copying 1 resource
[INFO] 
[INFO] --- maven-compiler-plugin:3.0:compile (default-compile) @ gson ---
[INFO] Changes detected - recompiling the module!
[INFO] Compiling 67 source files to /tmp/icst-2019/september-2018/dataset/gson/gson/target/classes
[INFO] 
[INFO] --- bnd-maven-plugin:3.1.0:bnd-process (default) @ gson ---
[WARNING] Export com.google.gson,  has 1,  private references [com.google.gson.internal], 
[INFO] 
[INFO] --- maven-resources-plugin:2.6:testResources (default-testResources) @ gson ---
[INFO] Using 'UTF-8' encoding to copy filtered resources.
[INFO] skip non existing resourceDirectory /tmp/icst-2019/september-2018/dataset/gson/gson/src/test/resources
[INFO] 
[INFO] --- maven-compiler-plugin:3.0:testCompile (default-testCompile) @ gson ---
[INFO] Changes detected - recompiling the module!
[INFO] Compiling 95 source files to /tmp/icst-2019/september-2018/dataset/gson/gson/target/test-classes
[WARNING] /tmp/icst-2019/september-2018/dataset/gson/gson/target/clover/src-test-instrumented/com/google/gson/common/MoreAsserts.java: Some input files use or override a deprecated API.
[WARNING] /tmp/icst-2019/september-2018/dataset/gson/gson/target/clover/src-test-instrumented/com/google/gson/common/MoreAsserts.java: Recompile with -Xlint:deprecation for details.
[WARNING] /tmp/icst-2019/september-2018/dataset/gson/gson/target/clover/src-test-instrumented/com/google/gson/functional/ParameterizedTypesTest.java: Some input files use unchecked or unsafe operations.
[WARNING] /tmp/icst-2019/september-2018/dataset/gson/gson/target/clover/src-test-instrumented/com/google/gson/functional/ParameterizedTypesTest.java: Recompile with -Xlint:unchecked for details.
[INFO] 
[INFO] --- maven-surefire-plugin:2.12.4:test (default-test) @ gson ---
[INFO] Surefire report directory: /tmp/icst-2019/september-2018/dataset/gson/gson/target/surefire-reports

-------------------------------------------------------
 T E S T S
-------------------------------------------------------
Running com.google.gson.JavaSerializationTest
Tests run: 3, Failures: 0, Errors: 0, Skipped: 0, Time elapsed: 0.451 sec
Running com.google.gson.CommentsTest
Tests run: 1, Failures: 0, Errors: 0, Skipped: 0, Time elapsed: 0.015 sec
Running com.google.gson.MixedStreamTest
Tests run: 12, Failures: 0, Errors: 0, Skipped: 0, Time elapsed: 0.117 sec
Running com.google.gson.reflect.TypeTokenTest
Tests run: 4, Failures: 0, Errors: 0, Skipped: 0, Time elapsed: 0.018 sec
Running com.google.gson.regression.JsonAdapterNullSafeTest
Tests run: 2, Failures: 0, Errors: 0, Skipped: 0, Time elapsed: 0.017 sec
Running com.google.gson.FieldAttributesTest
Tests run: 6, Failures: 0, Errors: 0, Skipped: 0, Time elapsed: 0.062 sec
Running com.google.gson.LongSerializationPolicyTest
Tests run: 4, Failures: 0, Errors: 0, Skipped: 0, Time elapsed: 0.051 sec
Running com.google.gson.metrics.PerformanceTest
Tests run: 1, Failures: 0, Errors: 0, Skipped: 0, Time elapsed: 0.036 sec
Running com.google.gson.GsonTypeAdapterTest
Tests run: 5, Failures: 0, Errors: 0, Skipped: 0, Time elapsed: 0.073 sec
Running com.google.gson.ObjectTypeAdapterTest
Tests run: 5, Failures: 0, Errors: 0, Skipped: 0, Time elapsed: 0.034 sec
Running com.google.gson.InnerClassExclusionStrategyTest
Tests run: 4, Failures: 0, Errors: 0, Skipped: 0, Time elapsed: 0.018 sec
Running com.google.gson.stream.JsonReaderPathTest
Tests run: 20, Failures: 0, Errors: 0, Skipped: 1, Time elapsed: 0.177 sec
Running com.google.gson.stream.JsonReaderTest
Tests run: 119, Failures: 0, Errors: 0, Skipped: 0, Time elapsed: 0.638 sec
Running com.google.gson.stream.JsonWriterTest
Tests run: 37, Failures: 0, Errors: 0, Skipped: 0, Time elapsed: 0.128 sec
Running com.google.gson.DefaultInetAddressTypeAdapterTest
Tests run: 1, Failures: 0, Errors: 0, Skipped: 0, Time elapsed: 0.037 sec
Running com.google.gson.JsonObjectTest
Tests run: 13, Failures: 0, Errors: 0, Skipped: 0, Time elapsed: 0.055 sec
Running com.google.gson.JsonNullTest
Tests run: 2, Failures: 0, Errors: 0, Skipped: 0, Time elapsed: 0.005 sec
Running com.google.gson.VersionExclusionStrategyTest
Tests run: 3, Failures: 0, Errors: 0, Skipped: 0, Time elapsed: 0.032 sec
Running com.google.gson.JsonStreamParserTest
Tests run: 4, Failures: 0, Errors: 0, Skipped: 0, Time elapsed: 0.026 sec
Running com.google.gson.OverrideCoreTypeAdaptersTest
Tests run: 3, Failures: 0, Errors: 0, Skipped: 0, Time elapsed: 0.014 sec
Running com.google.gson.functional.TypeAdapterPrecedenceTest
Tests run: 8, Failures: 0, Errors: 0, Skipped: 0, Time elapsed: 0.057 sec
Running com.google.gson.functional.PrimitiveTest
Tests run: 98, Failures: 0, Errors: 0, Skipped: 0, Time elapsed: 0.417 sec
Running com.google.gson.functional.ArrayTest
Tests run: 26, Failures: 0, Errors: 0, Skipped: 0, Time elapsed: 0.186 sec
Running com.google.gson.functional.ExclusionStrategyFunctionalTest
Tests run: 9, Failures: 0, Errors: 0, Skipped: 0, Time elapsed: 0.065 sec
Running com.google.gson.functional.FieldNamingTest
Tests run: 5, Failures: 0, Errors: 0, Skipped: 0, Time elapsed: 0.047 sec
Running com.google.gson.functional.FieldExclusionTest
Tests run: 3, Failures: 0, Errors: 0, Skipped: 0, Time elapsed: 0.021 sec
Running com.google.gson.functional.JavaUtilConcurrentAtomicTest
Tests run: 7, Failures: 0, Errors: 0, Skipped: 0, Time elapsed: 0.042 sec
Running com.google.gson.functional.JavaUtilTest
Tests run: 2, Failures: 0, Errors: 0, Skipped: 0, Time elapsed: 0.093 sec
Running com.google.gson.functional.TypeVariableTest
Tests run: 3, Failures: 0, Errors: 0, Skipped: 0, Time elapsed: 0.013 sec
Running com.google.gson.functional.JsonAdapterAnnotationOnClassesTest
Tests run: 8, Failures: 0, Errors: 0, Skipped: 0, Time elapsed: 0.064 sec
Running com.google.gson.functional.EscapingTest
Tests run: 5, Failures: 0, Errors: 0, Skipped: 0, Time elapsed: 0.03 sec
Running com.google.gson.functional.TreeTypeAdaptersTest
Tests run: 2, Failures: 0, Errors: 0, Skipped: 0, Time elapsed: 0.037 sec
Running com.google.gson.functional.MoreSpecificTypeSerializationTest
Tests run: 6, Failures: 0, Errors: 0, Skipped: 0, Time elapsed: 0.049 sec
Running com.google.gson.functional.ThrowableFunctionalTest
Tests run: 5, Failures: 0, Errors: 0, Skipped: 0, Time elapsed: 0.056 sec
Running com.google.gson.functional.ConcurrencyTest
Tests run: 4, Failures: 0, Errors: 0, Skipped: 0, Time elapsed: 0.203 sec
Running com.google.gson.functional.CollectionTest
Tests run: 28, Failures: 0, Errors: 0, Skipped: 0, Time elapsed: 0.164 sec
Running com.google.gson.functional.SecurityTest
Tests run: 5, Failures: 0, Errors: 0, Skipped: 0, Time elapsed: 0.041 sec
Running com.google.gson.functional.RawSerializationTest
Tests run: 5, Failures: 0, Errors: 0, Skipped: 0, Time elapsed: 0.044 sec
Running com.google.gson.functional.ReadersWritersTest
Tests run: 10, Failures: 0, Errors: 0, Skipped: 0, Time elapsed: 0.037 sec
Running com.google.gson.functional.RuntimeTypeAdapterFactoryFunctionalTest
Tests run: 1, Failures: 0, Errors: 0, Skipped: 0, Time elapsed: 0.016 sec
Running com.google.gson.functional.PrintFormattingTest
Tests run: 3, Failures: 0, Errors: 0, Skipped: 0, Time elapsed: 0.03 sec
Running com.google.gson.functional.ParameterizedTypesTest
Tests run: 17, Failures: 0, Errors: 0, Skipped: 0, Time elapsed: 0.132 sec
Running com.google.gson.functional.PrimitiveCharacterTest
Tests run: 2, Failures: 0, Errors: 0, Skipped: 0, Time elapsed: 0.004 sec
Running com.google.gson.functional.JsonAdapterAnnotationOnFieldsTest
Tests run: 10, Failures: 0, Errors: 0, Skipped: 0, Time elapsed: 0.047 sec
Running com.google.gson.functional.EnumTest
Tests run: 11, Failures: 0, Errors: 0, Skipped: 0, Time elapsed: 0.034 sec
Running com.google.gson.functional.MapTest
Tests run: 48, Failures: 0, Errors: 0, Skipped: 0, Time elapsed: 0.186 sec
Running com.google.gson.functional.TypeHierarchyAdapterTest
Tests run: 3, Failures: 0, Errors: 0, Skipped: 0, Time elapsed: 0.046 sec
Running com.google.gson.functional.LeniencyTest
Tests run: 1, Failures: 0, Errors: 0, Skipped: 0, Time elapsed: 0.003 sec
Running com.google.gson.functional.StreamingTypeAdaptersTest
Tests run: 17, Failures: 0, Errors: 0, Skipped: 0, Time elapsed: 0.094 sec
Running com.google.gson.functional.CustomTypeAdaptersTest
Tests run: 19, Failures: 0, Errors: 0, Skipped: 0, Time elapsed: 0.078 sec
Running com.google.gson.functional.CustomDeserializerTest
Tests run: 7, Failures: 0, Errors: 0, Skipped: 0, Time elapsed: 0.037 sec
Running com.google.gson.functional.JsonParserTest
Tests run: 8, Failures: 0, Errors: 0, Skipped: 0, Time elapsed: 0.05 sec
Running com.google.gson.functional.InheritanceTest
Tests run: 13, Failures: 0, Errors: 0, Skipped: 0, Time elapsed: 0.076 sec
Running com.google.gson.functional.NamingPolicyTest
Tests run: 14, Failures: 0, Errors: 0, Skipped: 0, Time elapsed: 0.058 sec
Running com.google.gson.functional.CircularReferenceTest
Tests run: 6, Failures: 0, Errors: 0, Skipped: 0, Time elapsed: 0.135 sec
Running com.google.gson.functional.NullObjectAndFieldTest
Tests run: 16, Failures: 0, Errors: 0, Skipped: 0, Time elapsed: 0.076 sec
Running com.google.gson.functional.MapAsArrayTypeAdapterTest
Tests run: 5, Failures: 0, Errors: 0, Skipped: 0, Time elapsed: 0.038 sec
Running com.google.gson.functional.ExposeFieldsTest
Tests run: 8, Failures: 0, Errors: 0, Skipped: 0, Time elapsed: 0.045 sec
Running com.google.gson.functional.PrettyPrintingTest
Tests run: 8, Failures: 0, Errors: 0, Skipped: 0, Time elapsed: 0.045 sec
Running com.google.gson.functional.InternationalizationTest
Tests run: 4, Failures: 0, Errors: 0, Skipped: 0, Time elapsed: 0.016 sec
Running com.google.gson.functional.ObjectTest
Tests run: 44, Failures: 0, Errors: 0, Skipped: 0, Time elapsed: 0.381 sec
Running com.google.gson.functional.UncategorizedTest
Tests run: 6, Failures: 0, Errors: 0, Skipped: 0, Time elapsed: 0.039 sec
Running com.google.gson.functional.DelegateTypeAdapterTest
Tests run: 2, Failures: 0, Errors: 0, Skipped: 0, Time elapsed: 0.015 sec
Running com.google.gson.functional.InterfaceTest
Tests run: 2, Failures: 0, Errors: 0, Skipped: 0, Time elapsed: 0.012 sec
Running com.google.gson.functional.JsonTreeTest
Tests run: 4, Failures: 0, Errors: 0, Skipped: 0, Time elapsed: 0.038 sec
Running com.google.gson.functional.DefaultTypeAdaptersTest
Tests run: 65, Failures: 0, Errors: 0, Skipped: 0, Time elapsed: 0.314 sec
Running com.google.gson.functional.JsonArrayTest
Tests run: 8, Failures: 0, Errors: 0, Skipped: 0, Time elapsed: 0.033 sec
Running com.google.gson.functional.InstanceCreatorTest
Tests run: 5, Failures: 0, Errors: 0, Skipped: 0, Time elapsed: 0.045 sec
Running com.google.gson.functional.StringTest
Tests run: 18, Failures: 0, Errors: 0, Skipped: 0, Time elapsed: 0.067 sec
Running com.google.gson.functional.SerializedNameTest
Tests run: 3, Failures: 0, Errors: 0, Skipped: 0, Time elapsed: 0.026 sec
Running com.google.gson.functional.VersioningTest
Tests run: 10, Failures: 0, Errors: 0, Skipped: 0, Time elapsed: 0.085 sec
Running com.google.gson.functional.JsonAdapterSerializerDeserializerTest
Tests run: 3, Failures: 0, Errors: 0, Skipped: 0, Time elapsed: 0.045 sec
Running com.google.gson.functional.CustomSerializerTest
Tests run: 5, Failures: 0, Errors: 0, Skipped: 0, Time elapsed: 0.031 sec
Running com.google.gson.JsonParserTest
Tests run: 10, Failures: 0, Errors: 0, Skipped: 0, Time elapsed: 0.048 sec
Running com.google.gson.GenericArrayTypeTest
Tests run: 2, Failures: 0, Errors: 0, Skipped: 0, Time elapsed: 0.018 sec
Running com.google.gson.internal.bind.JsonElementReaderTest
Tests run: 17, Failures: 0, Errors: 0, Skipped: 0, Time elapsed: 0.069 sec
Running com.google.gson.internal.bind.JsonTreeWriterTest
Tests run: 12, Failures: 0, Errors: 0, Skipped: 0, Time elapsed: 0.054 sec
Running com.google.gson.internal.GsonTypesTest
Tests run: 2, Failures: 0, Errors: 0, Skipped: 0, Time elapsed: 0.014 sec
Running com.google.gson.internal.UnsafeAllocatorInstantiationTest
Tests run: 3, Failures: 0, Errors: 0, Skipped: 0, Time elapsed: 0.013 sec
Running com.google.gson.internal.LinkedHashTreeMapTest
Tests run: 15, Failures: 0, Errors: 0, Skipped: 0, Time elapsed: 0.114 sec
Running com.google.gson.internal.LazilyParsedNumberTest
Tests run: 2, Failures: 0, Errors: 0, Skipped: 0, Time elapsed: 0.01 sec
Running com.google.gson.internal.LinkedTreeMapTest
Tests run: 11, Failures: 0, Errors: 0, Skipped: 0, Time elapsed: 0.104 sec
Running com.google.gson.GsonBuilderTest
Tests run: 4, Failures: 0, Errors: 0, Skipped: 0, Time elapsed: 0.031 sec
Running com.google.gson.DefaultDateTypeAdapterTest
Tests run: 9, Failures: 0, Errors: 0, Skipped: 0, Time elapsed: 0.188 sec
Running com.google.gson.JsonPrimitiveTest
Tests run: 24, Failures: 0, Errors: 0, Skipped: 0, Time elapsed: 0.065 sec
Running com.google.gson.ParameterizedTypeTest
Tests run: 2, Failures: 0, Errors: 0, Skipped: 0, Time elapsed: 0.016 sec
Running com.google.gson.ExposeAnnotationExclusionStrategyTest
Tests run: 6, Failures: 0, Errors: 0, Skipped: 0, Time elapsed: 0.01 sec
Running com.google.gson.JsonArrayTest
Tests run: 5, Failures: 0, Errors: 0, Skipped: 0, Time elapsed: 0.026 sec
Running com.google.gson.GsonTest
Tests run: 1, Failures: 0, Errors: 0, Skipped: 0, Time elapsed: 0.02 sec
Running com.google.gson.DefaultMapJsonSerializerTest
Tests run: 3, Failures: 0, Errors: 0, Skipped: 0, Time elapsed: 0.044 sec

Results :

Tests run: 1012, Failures: 0, Errors: 0, Skipped: 1

[INFO] ------------------------------------------------------------------------
[INFO] BUILD SUCCESS
[INFO] ------------------------------------------------------------------------
[INFO] Total time: 47.053 s
[INFO] Finished at: 2018-10-02T11:24:18+02:00
[INFO] ------------------------------------------------------------------------
Writing HTML report to '/tmp/icst-2019/september-2018/dataset/gson/gson/target/clover/report'
Done. Processed 11 packages in 24096ms (2190ms per package).
[INFO] /tmp/icst-2019/september-2018/dataset/gson/gson/src/main/java/com/google/gson/Gson.java
[INFO] /tmp/icst-2019/september-2018/dataset/gson_parent/gson/src/main/java/com/google/gson/Gson.java
[info] com.google.gson.Gson:249 is modified.
[info] com.google.gson.Gson:494 is modified.
[info] com.google.gson.Gson:493 is modified.
[info] com.google.gson.Gson:137 is modified.
[info] com.google.gson.Gson:250 is modified.
[info] com.google.gson.Gson:253 is modified.
[info] com.google.gson.Gson:493 covered.
[info] com.google.gson.Gson:494 covered.
[info] com.google.gson.Gson:249 covered.
[info] com.google.gson.Gson:250 covered.
[INFO] /tmp/icst-2019/september-2018/dataset/gson/gson/src/main/java/com/google/gson/internal/bind/JsonAdapterAnnotationTypeAdapterFactory.java
[INFO] /tmp/icst-2019/september-2018/dataset/gson_parent/gson/src/main/java/com/google/gson/internal/bind/JsonAdapterAnnotationTypeAdapterFactory.java
[info] com.google.gson.internal.bind.JsonAdapterAnnotationTypeAdapterFactory:54 is modified.
[info] com.google.gson.internal.bind.JsonAdapterAnnotationTypeAdapterFactory:45 is modified.
[info] com.google.gson.internal.bind.JsonAdapterAnnotationTypeAdapterFactory:51 is modified.
[info] com.google.gson.internal.bind.JsonAdapterAnnotationTypeAdapterFactory:55 is modified.
[info] com.google.gson.internal.bind.JsonAdapterAnnotationTypeAdapterFactory:55 is modified.
[info] com.google.gson.internal.bind.JsonAdapterAnnotationTypeAdapterFactory:55 is modified.
[info] com.google.gson.internal.bind.JsonAdapterAnnotationTypeAdapterFactory:60 is modified.
[info] com.google.gson.internal.bind.JsonAdapterAnnotationTypeAdapterFactory:44 is modified.
[info] com.google.gson.internal.bind.JsonAdapterAnnotationTypeAdapterFactory:55 is modified.
[info] com.google.gson.internal.bind.JsonAdapterAnnotationTypeAdapterFactory:56 is modified.
[info] com.google.gson.internal.bind.JsonAdapterAnnotationTypeAdapterFactory:57 is modified.
[info] com.google.gson.internal.bind.JsonAdapterAnnotationTypeAdapterFactory:58 is modified.
[info] com.google.gson.internal.bind.JsonAdapterAnnotationTypeAdapterFactory:57 is modified.
[info] com.google.gson.internal.bind.JsonAdapterAnnotationTypeAdapterFactory:58 is modified.
[info] com.google.gson.internal.bind.JsonAdapterAnnotationTypeAdapterFactory:61 is modified.
[info] com.google.gson.internal.bind.JsonAdapterAnnotationTypeAdapterFactory:57 is modified.
[info] com.google.gson.internal.bind.JsonAdapterAnnotationTypeAdapterFactory:63 is modified.
[info] com.google.gson.internal.bind.JsonAdapterAnnotationTypeAdapterFactory:59 is modified.
[info] com.google.gson.internal.bind.JsonAdapterAnnotationTypeAdapterFactory:60 is modified.
[info] com.google.gson.internal.bind.JsonAdapterAnnotationTypeAdapterFactory:57 is modified.
[info] com.google.gson.internal.bind.JsonAdapterAnnotationTypeAdapterFactory:60 is modified.
[info] com.google.gson.internal.bind.JsonAdapterAnnotationTypeAdapterFactory:65 is modified.
[info] com.google.gson.internal.bind.JsonAdapterAnnotationTypeAdapterFactory:60 is modified.
[info] com.google.gson.internal.bind.JsonAdapterAnnotationTypeAdapterFactory:60 is modified.
[info] com.google.gson.internal.bind.JsonAdapterAnnotationTypeAdapterFactory:60 is modified.
[info] com.google.gson.internal.bind.JsonAdapterAnnotationTypeAdapterFactory:45 is modified.
[info] com.google.gson.internal.bind.JsonAdapterAnnotationTypeAdapterFactory:55 is modified.
[info] com.google.gson.internal.bind.JsonAdapterAnnotationTypeAdapterFactory:55 is modified.
[info] com.google.gson.internal.bind.JsonAdapterAnnotationTypeAdapterFactory:61 is modified.
[info] com.google.gson.internal.bind.JsonAdapterAnnotationTypeAdapterFactory:62 is modified.
[info] com.google.gson.internal.bind.JsonAdapterAnnotationTypeAdapterFactory:66 is modified.
[info] com.google.gson.internal.bind.JsonAdapterAnnotationTypeAdapterFactory:69 is modified.
[info] com.google.gson.internal.bind.JsonAdapterAnnotationTypeAdapterFactory:69 is modified.
[info] com.google.gson.internal.bind.JsonAdapterAnnotationTypeAdapterFactory:72 is modified.
[info] com.google.gson.internal.bind.JsonAdapterAnnotationTypeAdapterFactory:58 is modified.
[info] com.google.gson.internal.bind.JsonAdapterAnnotationTypeAdapterFactory:59 is modified.
[info] com.google.gson.internal.bind.JsonAdapterAnnotationTypeAdapterFactory:55 covered.
[info] com.google.gson.internal.bind.JsonAdapterAnnotationTypeAdapterFactory:45 covered.
[info] com.google.gson.internal.bind.JsonAdapterAnnotationTypeAdapterFactory:60 covered.
[info] com.google.gson.internal.bind.JsonAdapterAnnotationTypeAdapterFactory:44 covered.
[info] com.google.gson.internal.bind.JsonAdapterAnnotationTypeAdapterFactory:57 covered.
[info] com.google.gson.internal.bind.JsonAdapterAnnotationTypeAdapterFactory:58 covered.
[info] com.google.gson.internal.bind.JsonAdapterAnnotationTypeAdapterFactory:61 covered.
[info] com.google.gson.internal.bind.JsonAdapterAnnotationTypeAdapterFactory:59 covered.
[info] com.google.gson.internal.bind.JsonAdapterAnnotationTypeAdapterFactory:63 covered.
[info] com.google.gson.internal.bind.JsonAdapterAnnotationTypeAdapterFactory:62 covered.
[info] com.google.gson.internal.bind.JsonAdapterAnnotationTypeAdapterFactory:66 covered.
[info] com.google.gson.internal.bind.JsonAdapterAnnotationTypeAdapterFactory:69 covered.
[INFO] /tmp/icst-2019/september-2018/dataset/gson/gson/src/main/java/com/google/gson/internal/bind/ReflectiveTypeAdapterFactory.java
[INFO] /tmp/icst-2019/september-2018/dataset/gson_parent/gson/src/main/java/com/google/gson/internal/bind/ReflectiveTypeAdapterFactory.java
[info] com.google.gson.internal.bind.ReflectiveTypeAdapterFactory:111 is modified.
[info] com.google.gson.internal.bind.ReflectiveTypeAdapterFactory:51 is modified.
[info] com.google.gson.internal.bind.ReflectiveTypeAdapterFactory:59 is modified.
[info] com.google.gson.internal.bind.ReflectiveTypeAdapterFactory:111 is modified.
[info] com.google.gson.internal.bind.ReflectiveTypeAdapterFactory:59 covered.
[info] com.google.gson.internal.bind.ReflectiveTypeAdapterFactory:111 covered.
[INFO] /tmp/icst-2019/september-2018/dataset/gson/gson/src/test/java/com/google/gson/functional/JsonAdapterAnnotationOnFieldsTest.java
[INFO] /tmp/icst-2019/september-2018/dataset/gson_parent/gson/src/test/java/com/google/gson/functional/JsonAdapterAnnotationOnFieldsTest.java
[info] com.google.gson.functional.JsonAdapterAnnotationOnFieldsTest:276 is modified.
[info] com.google.gson.functional.JsonAdapterAnnotationOnFieldsTest:277 is modified.
[info] com.google.gson.functional.JsonAdapterAnnotationOnFieldsTest:278 is modified.
[info] com.google.gson.functional.JsonAdapterAnnotationOnFieldsTest:278 is modified.
[info] com.google.gson.functional.JsonAdapterAnnotationOnFieldsTest:278 is modified.
[info] com.google.gson.functional.JsonAdapterAnnotationOnFieldsTest:278 is modified.
[info] com.google.gson.functional.JsonAdapterAnnotationOnFieldsTest:278 is modified.
[info] com.google.gson.functional.JsonAdapterAnnotationOnFieldsTest:279 is modified.
[info] com.google.gson.functional.JsonAdapterAnnotationOnFieldsTest:280 is modified.
[info] com.google.gson.functional.JsonAdapterAnnotationOnFieldsTest:280 is modified.
[info] com.google.gson.functional.JsonAdapterAnnotationOnFieldsTest:281 is modified.
[info] com.google.gson.functional.JsonAdapterAnnotationOnFieldsTest:281 is modified.
[info] com.google.gson.functional.JsonAdapterAnnotationOnFieldsTest:286 is modified.
[info] com.google.gson.functional.JsonAdapterAnnotationOnFieldsTest:288 is modified.
[info] com.google.gson.functional.JsonAdapterAnnotationOnFieldsTest:293 is modified.
[info] com.google.gson.functional.JsonAdapterAnnotationOnFieldsTest:294 is modified.
[info] com.google.gson.functional.JsonAdapterAnnotationOnFieldsTest:295 is modified.
[info] com.google.gson.functional.JsonAdapterAnnotationOnFieldsTest:296 is modified.
[info] com.google.gson.functional.JsonAdapterAnnotationOnFieldsTest:300 is modified.
[info] com.google.gson.functional.JsonAdapterAnnotationOnFieldsTest:301 is modified.
[info] com.google.gson.functional.JsonAdapterAnnotationOnFieldsTest:301 is modified.
[info] com.google.gson.functional.JsonAdapterAnnotationOnFieldsTest:301 is modified.
[info] com.google.gson.functional.JsonAdapterAnnotationOnFieldsTest:294 is modified.
[WARNING] Could not match /gson/src/test/java/com/google/gson/functional/JsonAdapterSerializerDeserializerTest.java and -0,0
[INFO] /tmp/icst-2019/september-2018/dataset/gson/gson/src/test/java/com/google/gson/functional/RuntimeTypeAdapterFactoryFunctionalTest.java
[INFO] /tmp/icst-2019/september-2018/dataset/gson_parent/gson/src/test/java/com/google/gson/functional/RuntimeTypeAdapterFactoryFunctionalTest.java
[info] com.google.gson.functional.RuntimeTypeAdapterFactoryFunctionalTest:48 is modified.
[INFO] Saving result in /tmp/icst-2019/september-2018/result/gson/commit_10_b2c00a3/commit_coverage_testsThatExecuteTheChanges.csv ...
[INFO] com.google.gson.regression.JsonAdapterNullSafeTest;testNullSafeBugDeserialize;testNullSafeBugSerialize
com.google.gson.functional.ParameterizedTypesTest;testParameterizedTypeWithReaderDeserialization;testVariableTypeFieldsAndGenericArraysSerialization;testTypesWithMultipleParametersSerialization;testParameterizedTypeGenericArraysSerialization;testParameterizedTypeWithVariableTypeDeserialization;testVariableTypeArrayDeserialization;testParameterizedTypeWithCustomSerializer;testParameterizedTypeDeserialization;testParameterizedTypeGenericArraysDeserialization;testVariableTypeFieldsAndGenericArraysDeserialization;testVariableTypeDeserialization;testDeepParameterizedTypeDeserialization;testParameterizedTypesWithWriterSerialization;testDeepParameterizedTypeSerialization;testParameterizedTypesSerialization;testParameterizedTypesWithCustomDeserializer;testTypesWithMultipleParametersDeserialization
com.google.gson.functional.CustomTypeAdaptersTest;testCustomTypeAdapterDoesNotAppliesToSubClasses;testCustomTypeAdapterAppliesToSubClassesSerializedAsBaseClass;testCustomAdapterInvokedForCollectionElementDeserialization;testCustomAdapterInvokedForMapElementSerializationWithType;testRegisterHierarchyAdapterForDate;testCustomDeserializers;testCustomNestedDeserializers;testEnsureCustomSerializerNotInvokedForNullValues;testEnsureCustomDeserializerNotInvokedForNullValues;testCustomAdapterInvokedForCollectionElementSerializationWithType;testCustomAdapterInvokedForMapElementSerialization;testCustomSerializers;testCustomByteArraySerializer;testCustomNestedSerializers;testCustomSerializerInvokedForPrimitives;testCustomAdapterInvokedForCollectionElementSerialization;testCustomAdapterInvokedForMapElementDeserialization;testCustomByteArrayDeserializerAndInstanceCreator;testCustomDeserializerInvokedForPrimitives
com.google.gson.functional.DefaultTypeAdaptersTest;testClassSerialization;testOverrideBigDecimalTypeAdapter;testBadValueForBigDecimalDeserialization;testDateSerializationInCollection;testNullSerialization;testBitSetDeserialization;testDateSerializationWithPattern;testUrlNullSerialization;testBigDecimalFieldSerialization;testBitSetSerialization;testUrlNullDeserialization;testBigIntegerFieldDeserialization;testDateDeserializationWithPattern;testDefaultCalendarSerialization;testTimestampSerialization;testOverrideBigIntegerTypeAdapter;testClassDeserialization;testDefaultGregorianCalendarDeserialization;testDefaultDateSerializationUsingBuilder;testDefaultGregorianCalendarSerialization;testDefaultCalendarDeserialization;testBigIntegerFieldSerialization;testSetSerialization;testDefaultDateDeserializationUsingBuilder;testBigDecimalFieldDeserialization;testSqlDateSerialization;testDateSerializationWithPatternNotOverridenByTypeAdapter
com.google.gson.functional.ObjectTest;testSingletonLists;testNullArraysDeserialization;testInnerClassSerialization;testArrayOfArraysDeserialization;testStringFieldWithEmptyValueSerialization;testNullPrimitiveFieldsDeserialization;testObjectFieldNamesWithoutQuotesDeserialization;testClassWithObjectFieldSerialization;testArrayOfArraysSerialization;testClassWithNoFieldsSerialization;testClassWithTransientFieldsSerialization;testStringFieldWithNumberValueDeserialization;testAnonymousLocalClassesCustomSerialization;testBagOfPrimitiveWrappersDeserialization;testEmptyCollectionInAnObjectSerialization;testPrimitiveArrayFieldSerialization;testArrayOfObjectsAsFields;testBagOfPrimitiveWrappersSerialization;testJsonObjectSerialization;testClassWithTransientFieldsDeserialization;testPrivateNoArgConstructorDeserialization;testBagOfPrimitivesSerialization;testNullObjectFieldsDeserialization;testNestedDeserialization;testNullFieldsSerialization;testClassWithNoFieldsDeserialization;testJsonInMixedQuotesDeserialization;testArrayOfObjectsDeserialization;testInnerClassDeserialization;testClassWithTransientFieldsDeserializationTransientFieldsPassedInJsonAreIgnored;testNullFieldsDeserialization;testPrimitiveArrayInAnObjectDeserialization;testStringFieldWithEmptyValueDeserialization;testDateAsMapObjectField;testEmptyCollectionInAnObjectDeserialization;testBagOfPrimitivesDeserialization;testJsonInSingleQuotesDeserialization;testArrayOfObjectsSerialization;testNestedSerialization
com.google.gson.functional.SecurityTest;testJsonWithNonExectuableTokenWithRegularGsonDeserialization;testNonExecutableJsonDeserialization;testNonExecutableJsonSerialization;testJsonWithNonExectuableTokenSerialization;testJsonWithNonExectuableTokenWithConfiguredGsonDeserialization
com.google.gson.functional.ArrayTest;testNullsInArrayWithSerializeNullPropertySetSerialization;testArrayElementsAreArrays;testObjectArrayWithNonPrimitivesSerialization;testSingleNullInArraySerialization;testSingleNullInArrayDeserialization
com.google.gson.DefaultMapJsonSerializerTest;testNonEmptyMapSerialization
com.google.gson.functional.PrimitiveTest;testLongAsStringSerialization;testNegativeInfinityFloatSerialization;testHtmlCharacterSerialization;testDoubleInfinitySerialization;testMoreSpecificSerialization;testDeserializePrimitiveWrapperAsObjectField;testNegativeInfinitySerialization;testLongAsStringDeserialization;testFloatInfinitySerialization;testDoubleNaNSerialization;testFloatNaNSerialization
com.google.gson.functional.ExclusionStrategyFunctionalTest;testExclusionStrategyWithMode;testExcludeTopLevelClassSerialization;testExclusionStrategySerialization;testExcludeTopLevelClassSerializationDoesNotImpactDeserialization;testExclusionStrategySerializationDoesNotImpactDeserialization;testExcludeTopLevelClassDeserialization;testExclusionStrategySerializationDoesNotImpactSerialization;testExclusionStrategyDeserialization;testExcludeTopLevelClassDeserializationDoesNotImpactSerialization
com.google.gson.functional.MapAsArrayTypeAdapterTest;testTwoTypesCollapseToOneDeserialize;testMultipleEnableComplexKeyRegistrationHasNoEffect;testMapWithTypeVariableDeserialization;testSerializeComplexMapWithTypeAdapter;testMapWithTypeVariableSerialization
com.google.gson.functional.EnumTest;testTopLevelEnumSerialization;testTopLevelEnumDeserialization;testEnumSubclass;testClassWithEnumFieldDeserialization;testEnumSet;testEnumSubclassAsParameterizedType;testCollectionOfEnumsDeserialization;testEnumSubclassWithRegisteredTypeAdapter;testCollectionOfEnumsSerialization;testEnumCaseMapping;testClassWithEnumFieldSerialization
com.google.gson.functional.CollectionTest;testRawCollectionSerialization;testWildcardCollectionField;testSetDeserialization;testUserCollectionTypeAdapter;testFieldIsArrayList;testSetSerialization;testCollectionOfBagOfPrimitivesSerialization
com.google.gson.functional.JsonAdapterAnnotationOnFieldsTest;testFieldAnnotationTakesPrecedenceOverClassAnnotation;testClassAnnotationAdapterFactoryTakesPrecedenceOverDefault;testNonPrimitiveFieldAnnotationTakesPrecedenceOverDefault;testFieldAnnotationWorksForParameterizedType;testJsonAdapterWrappedInNullSafeAsRequested;testRegisteredTypeAdapterTakesPrecedenceOverClassAnnotationAdapter;testPrimitiveFieldAnnotationTakesPrecedenceOverDefault;testFieldAnnotationTakesPrecedenceOverRegisteredTypeAdapter;testClassAnnotationAdapterTakesPrecedenceOverDefault;testJsonAdapterInvokedOnlyForAnnotatedFields
com.google.gson.functional.NullObjectAndFieldTest;testExplicitSerializationOfNulls;testCustomSerializationOfNulls;testAbsentJsonElementsAreSetToNull;testPrintPrintingObjectWithNulls;testNullWrappedPrimitiveMemberSerialization;testExplicitSerializationOfNullArrayMembers;testExplicitDeserializationOfNulls;testExplicitSerializationOfNullCollectionMembers;testExplicitSerializationOfNullStringMembers;testTopLevelNullObjectSerialization;testExplicitNullSetsFieldToNullDuringDeserialization;testCustomTypeAdapterPassesNullSerialization;testPrintPrintingArraysWithNulls;testNullWrappedPrimitiveMemberDeserialization;testCustomTypeAdapterPassesNullDesrialization;testTopLevelNullObjectDeserialization
com.google.gson.functional.MapTest;testInterfaceTypeMap;testMapSubclassDeserialization;testMapSerializationWithNullValueButSerializeNulls;testInterfaceTypeMapWithSerializer;testMapSerializationWithNullValues;testGeneralMapField;testCustomSerializerForSpecificMapType;testMapSerializationWithNullValuesSerialized;testComplexKeysDeserialization;testComplexKeysSerialization;testSerializeMaps
com.google.gson.functional.CustomDeserializerTest;testCustomDeserializerReturnsNullForArrayElements;testJsonTypeFieldBasedDeserialization;testDefaultConstructorNotCalledOnObject;testDefaultConstructorNotCalledOnField;testCustomDeserializerReturnsNullForTopLevelObject;testCustomDeserializerReturnsNull;testCustomDeserializerReturnsNullForArrayElementsForArrayField
com.google.gson.CommentsTest;testParseComments
com.google.gson.functional.JavaUtilConcurrentAtomicTest;testAtomicLongWithStringSerializationPolicy;testAtomicLongArrayWithStringSerializationPolicy
com.google.gson.functional.InstanceCreatorTest;testInstanceCreatorReturnsBaseType;testInstanceCreatorForCollectionType;testInstanceCreatorReturnsSubTypeForTopLevelObject;testInstanceCreatorReturnsSubTypeForField;testInstanceCreatorForParametrizedType
com.google.gson.functional.JsonAdapterAnnotationOnClassesTest;testSuperclassTypeAdapterNotInvoked;testJsonAdapterInvoked;testRegisteredAdapterOverridesJsonAdapter;testIncorrectTypeAdapterFails;testNullSafeObjectFromJson;testRegisteredDeserializerOverridesJsonAdapter;testRegisteredSerializerOverridesJsonAdapter;testJsonAdapterFactoryInvoked
com.google.gson.functional.CircularReferenceTest;testSelfReferenceArrayFieldSerialization;testDirectedAcyclicGraphDeserialization;testCircularSerialization;testDirectedAcyclicGraphSerialization;testSelfReferenceCustomHandlerSerialization;testSelfReferenceIgnoredInSerialization
com.google.gson.functional.FieldNamingTest;testLowerCaseWithDashes;testUpperCamelCaseWithSpaces;testUpperCamelCase;testIdentity;testLowerCaseWithUnderscores
com.google.gson.MixedStreamTest;testWriteLenient;testWriteDoesNotMutateState;testReaderDoesNotMutateState;testReadMixedStreamed;testReadClosed;testWriteMixedStreamed;testWriteClosed;testWriteHtmlSafe;testWriteNulls;testReadNulls;testReadInvalidState;testWriteInvalidState
com.google.gson.OverrideCoreTypeAdaptersTest;testOverrideStringAdapter;testOverrideWrapperBooleanAdapter;testOverridePrimitiveBooleanAdapter
com.google.gson.functional.NamingPolicyTest;testGsonWithNonDefaultFieldNamingPolicyDeserialiation;testGsonWithLowerCaseUnderscorePolicySerialization;testGsonWithLowerCaseDashPolicyDeserialiation;testComplexFieldNameStrategy;testGsonWithSerializedNameFieldNamingPolicySerialization;testGsonWithUpperCamelCaseSpacesPolicySerialiation;testGsonWithNonDefaultFieldNamingPolicySerialization;testGsonWithLowerCaseDashPolicySerialization;testGsonDuplicateNameUsingSerializedNameFieldNamingPolicySerialization;testGsonWithLowerCaseUnderscorePolicyDeserialiation;testDeprecatedNamingStrategy;testAtSignInSerializedName;testGsonWithSerializedNameFieldNamingPolicyDeserialization;testGsonWithUpperCamelCaseSpacesPolicyDeserialiation
com.google.gson.LongSerializationPolicyTest;testStringLongSerializationIntegration;testDefaultLongSerializationIntegration
com.google.gson.functional.TypeVariableTest;testBasicTypeVariables;testAdvancedTypeVariables;testTypeVariablesViaTypeParameter
com.google.gson.functional.ReadersWritersTest;testTopLevelNullObjectDeserializationWithReaderAndSerializeNulls;testTopLevelNullObjectSerializationWithWriterAndSerializeNulls;testReadWriteTwoStrings;testWriterForSerialization;testReadWriteTwoObjects;testReaderForDeserialization
com.google.gson.functional.VersioningTest;testVersionedClassesDeserialization;testVersionedClassesSerialization;testIgnoreLaterVersionClassSerialization;testVersionedGsonMixingSinceAndUntilDeserialization;testVersionedUntilSerialization;testVersionedGsonMixingSinceAndUntilSerialization;testVersionedUntilDeserialization;testIgnoreLaterVersionClassDeserialization;testVersionedGsonWithUnversionedClassesSerialization;testVersionedGsonWithUnversionedClassesDeserialization
com.google.gson.functional.StreamingTypeAdaptersTest;testNullSafe;testSerializeWithCustomTypeAdapter;testDeserializeWithCustomTypeAdapter;testSerializeRecursive
com.google.gson.functional.TypeHierarchyAdapterTest;testRegisterSuperTypeFirst;testRegisterSubTypeFirstAllowed;testTypeHierarchy
com.google.gson.functional.EscapingTest;testGsonDoubleDeserialization;testGsonAcceptsEscapedAndNonEscapedJsonDeserialization;testEscapingObjectFields
com.google.gson.GsonTypeAdapterTest;testDeserializerForAbstractClass
com.google.gson.functional.JsonAdapterSerializerDeserializerTest;testJsonSerializerDeserializerBasedJsonAdapterOnFields;testDifferentJsonAdaptersForGenericFieldsOfSameRawType;testJsonSerializerDeserializerBasedJsonAdapterOnClass
com.google.gson.GsonBuilderTest;testTransientFieldExclusion;testCreatingMoreThanOnce;testExcludeFieldsWithModifiers
com.google.gson.functional.FieldExclusionTest;testDefaultInnerClassExclusion;testDefaultNestedStaticClassIncluded;testInnerClassExclusion
com.google.gson.functional.CustomSerializerTest;testSerializerReturnsNull;testSubClassSerializerInvokedForBaseClassFieldsHoldingSubClassInstances;testBaseClassSerializerInvokedForBaseClassFieldsHoldingSubClassInstances;testBaseClassSerializerInvokedForBaseClassFields;testSubClassSerializerInvokedForBaseClassFieldsHoldingArrayOfSubClassInstances
com.google.gson.functional.TypeAdapterPrecedenceTest;testStreamingHierarchicalFollowedByNonstreaming;testStreamingHierarchicalFollowedByNonstreamingHierarchical;testNonstreamingHierarchicalFollowedByNonstreaming;testNonstreamingFollowedByNonstreaming;testStreamingFollowedByStreaming;testSerializeNonstreamingTypeAdapterFollowedByStreamingTypeAdapter;testStreamingFollowedByNonstreaming;testStreamingFollowedByNonstreamingHierarchical
com.google.gson.functional.UncategorizedTest;testInvalidJsonDeserializationFails;testGsonInstanceReusableForSerializationAndDeserialization;testStaticFieldsAreNotSerialized;testReturningDerivedClassesDuringDeserialization;testObjectEqualButNotSameSerialization
com.google.gson.functional.DelegateTypeAdapterTest;testDelegateInvoked;testDelegateInvokedOnStrings
com.google.gson.JsonParserTest;testReadWriteTwoObjects
com.google.gson.functional.RuntimeTypeAdapterFactoryFunctionalTest;testSubclassesAutomaticallySerialized
com.google.gson.functional.PrintFormattingTest;testJsonObjectWithNullValuesSerialized;testCompactFormattingLeavesNoWhiteSpace
com.google.gson.JsonObjectTest;testPropertyWithQuotes;testWritePropertyWithEmptyStringName
com.google.gson.GsonTest;testOverridesDefaultExcluder
com.google.gson.functional.ExposeFieldsTest;testExposeAnnotationSerialization;testNullExposeFieldSerialization;testNoExposedFieldSerialization;testExposedInterfaceFieldDeserialization;testNoExposedFieldDeserialization;testArrayWithOneNullExposeFieldObjectSerialization;testExposeAnnotationDeserialization;testExposedInterfaceFieldSerialization
com.google.gson.functional.MoreSpecificTypeSerializationTest;testMapOfSubclassFields;testListOfSubclassFields;testSubclassFields;testListOfParameterizedSubclassFields;testMapOfParameterizedSubclassFields;testParameterizedSubclassFields
com.google.gson.functional.InheritanceTest;testClassWithBaseFieldSerialization;testSubInterfacesOfCollectionDeserialization;testSubInterfacesOfCollectionSerialization;testSubClassDeserialization;testBaseSerializedAsBaseWhenSpecifiedWithExplicitTypeForToJsonMethod;testClassWithBaseArrayFieldSerialization;testSubClassSerialization;testBaseSerializedAsBaseWhenSpecifiedWithExplicitType;testBaseSerializedAsSubWhenSpecifiedWithExplicitTypeForToJsonMethod;testBaseSerializedAsSubForToJsonMethod;testClassWithBaseCollectionFieldSerialization;testBaseSerializedAsSubWhenSpecifiedWithExplicitType;testBaseSerializedAsSub
com.google.gson.functional.ConcurrencyTest;testSingleThreadSerialization;testMultiThreadSerialization;testSingleThreadDeserialization;testMultiThreadDeserialization
com.google.gson.functional.JsonTreeTest;testToJsonTreeObjectType;testToJsonTree;testJsonTreeToString;testJsonTreeNull
com.google.gson.functional.RawSerializationTest;testParameterizedObject;testCollectionOfObjects;testThreeLevelParameterizedObject;testTwoLevelParameterizedObject
com.google.gson.functional.SerializedNameTest;testMultipleNamesDeserializedCorrectly;testFirstNameIsChosenForSerialization;testMultipleNamesInTheSameString
com.google.gson.functional.InterfaceTest;testSerializingInterfaceObjectField;testSerializingObjectImplementingInterface
com.google.gson.functional.PrettyPrintingTest;testEmptyMapField;testPrettyPrintArrayOfObjects;testPrettyPrintList
com.google.gson.functional.ThrowableFunctionalTest;testExceptionWithCause;testSerializedNameOnExceptionFields;testErrorWithoutCause;testErrornWithCause;testExceptionWithoutCause
com.google.gson.functional.JsonParserTest;testBadFieldTypeForCustomDeserializerCustomTree;testBadTypeForDeserializingCustomTree;testChangingCustomTreeAndDeserializing;testDeserializingCustomTree;testBadFieldTypeForDeserializingCustomTree
com.google.gson.functional.JavaUtilTest;testCurrency
com.google.gson.ObjectTypeAdapterTest;testSerialize
com.google.gson.functional.TreeTypeAdaptersTest;testDeserializeId;testSerializeId
[INFO] Writing Coverage in /tmp/icst-2019/september-2018/result/gson/commit_10_b2c00a3/commit_coverage_testsThatExecuteTheChanges_coverage.csv
[INFO] com.google.gson.Gson;4;6

[INFO] com.google.gson.internal.bind.JsonAdapterAnnotationTypeAdapterFactory;12;17

[INFO] com.google.gson.internal.bind.ReflectiveTypeAdapterFactory;2;3

[INFO] total;18;26

[INFO] ------------------------------------------------------------------------
[INFO] BUILD SUCCESS
[INFO] ------------------------------------------------------------------------
[INFO] Total time: 01:31 min
[INFO] Finished at: 2018-10-02T11:24:55+02:00
[INFO] ------------------------------------------------------------------------
[INFO] 2018-10-02 11:24:56 RepositoriesSetter - {/tmp/icst-2019/september-2018/dataset/gson} Cleaning local repository...
[INFO] 2018-10-02 11:24:56 RepositoriesSetter - Checkout 45511fdd1534aa4fcc3c560ac4c0b439d94fc2ad revision...
[INFO] 2018-10-02 11:24:56 RepositoriesSetter - {/tmp/icst-2019/september-2018/dataset/gson_parent} Cleaning local repository...
[INFO] 2018-10-02 11:24:56 RepositoriesSetter - Checkout 854760e6c7131b5ec5b1ec07756a3b2d0807aff3 revision...
