[INFO] Scanning for projects...
[WARNING] 
[WARNING] Some problems were encountered while building the effective model for org.xwiki.commons:xwiki-commons-component-default:jar:9.10-SNAPSHOT
[WARNING] Reporting configuration should be done in <reporting> section, not in maven-site-plugin <configuration> as reportPlugins parameter.
[WARNING] 
[WARNING] It is highly recommended to fix these problems because they threaten the stability of your build.
[WARNING] 
[WARNING] For this reason, future Maven versions might no longer support building such malformed projects.
[WARNING] 
[INFO] 
[INFO] ---------< org.xwiki.commons:xwiki-commons-component-default >----------
[INFO] Building XWiki Commons - Component - Default Implementation 9.10-SNAPSHOT
[INFO] --------------------------------[ jar ]---------------------------------
[INFO] 
[INFO] --- maven-clean-plugin:3.0.0:clean (default-clean) @ xwiki-commons-component-default ---
[INFO] Deleting /tmp/icst-2019/september-2018/dataset/xwiki-commons/xwiki-commons-core/xwiki-commons-component/xwiki-commons-component-default/target
[INFO] 
[INFO] --- diff-test-selection:0.5-SNAPSHOT:list (default-cli) @ xwiki-commons-component-default ---
[INFO] Computing coverage for /tmp/icst-2019/september-2018/dataset/xwiki-commons/xwiki-commons-core/xwiki-commons-component/xwiki-commons-component-default
[WARN] Maven will be executed in interactive mode, but no input stream has been configured for this MavenInvoker instance.
[INFO] Scanning for projects...
[WARNING] 
[WARNING] Some problems were encountered while building the effective model for org.xwiki.commons:xwiki-commons-component-default:jar:9.10-SNAPSHOT
[WARNING] Reporting configuration should be done in <reporting> section, not in maven-site-plugin <configuration> as reportPlugins parameter.
[WARNING] 
[WARNING] It is highly recommended to fix these problems because they threaten the stability of your build.
[WARNING] 
[WARNING] For this reason, future Maven versions might no longer support building such malformed projects.
[WARNING] 
[INFO] 
[INFO] ---------< org.xwiki.commons:xwiki-commons-component-default >----------
[INFO] Building XWiki Commons - Component - Default Implementation 9.10-SNAPSHOT
[INFO] --------------------------------[ jar ]---------------------------------
[INFO] 
[INFO] --- maven-clean-plugin:3.0.0:clean (default-clean) @ xwiki-commons-component-default ---
[INFO] 
[INFO] --- clover-maven-plugin:4.2.0:setup (default-cli) @ xwiki-commons-component-default ---
[INFO] No 'maven.clover.licenseLocation' configured. Using default license.
[INFO] OpenClover Version 4.2.0, built on April 30 2017 (build-1000)
[INFO] Loaded from: /home/spirals/danglot/.m2/repository/org/openclover/clover/4.2.0/clover-4.2.0.jar
[INFO] Clover free edition.
[INFO] Creating new database at '/tmp/icst-2019/september-2018/dataset/xwiki-commons/xwiki-commons-core/xwiki-commons-component/xwiki-commons-component-default/target/clover/clover.db'.
[INFO] Processing files at 1.8 source level.
[INFO] Clover all over. Instrumented 17 files (4 packages).
[INFO] Elapsed time = 1.739 secs. (9.776 files/sec, 1,459.459 srclines/sec)
[INFO] OpenClover Version 4.2.0, built on April 30 2017 (build-1000)
[INFO] Loaded from: /home/spirals/danglot/.m2/repository/org/openclover/clover/4.2.0/clover-4.2.0.jar
[INFO] Clover free edition.
[INFO] Updating existing database at '/tmp/icst-2019/september-2018/dataset/xwiki-commons/xwiki-commons-core/xwiki-commons-component/xwiki-commons-component-default/target/clover/clover.db'.
[INFO] Processing files at 1.8 source level.
[INFO] Clover all over. Instrumented 7 files (5 packages).
[INFO] 41 test methods detected.
[INFO] Elapsed time = 0.946 secs. (7.4 files/sec, 1,848.837 srclines/sec)
[INFO] 
[INFO] --- maven-enforcer-plugin:1.4.1:enforce (enforce-plugins) @ xwiki-commons-component-default ---
[INFO] Skipping Rule Enforcement.
[INFO] 
[INFO] --- maven-enforcer-plugin:1.4.1:enforce (enforce-jcl-log4j-isolation) @ xwiki-commons-component-default ---
[INFO] Skipping Rule Enforcement.
[INFO] 
[INFO] --- maven-enforcer-plugin:1.4.1:enforce (enforce-glasshfish-jaxb) @ xwiki-commons-component-default ---
[INFO] Skipping Rule Enforcement.
[INFO] 
[INFO] --- maven-enforcer-plugin:1.4.1:enforce (enforce-commons-lang3) @ xwiki-commons-component-default ---
[INFO] Skipping Rule Enforcement.
[INFO] 
[INFO] --- maven-enforcer-plugin:1.4.1:enforce (enforce-commons-configuration2) @ xwiki-commons-component-default ---
[INFO] Skipping Rule Enforcement.
[INFO] 
[INFO] --- maven-enforcer-plugin:1.4.1:enforce (enforce-bouncycastle-ids) @ xwiki-commons-component-default ---
[INFO] Skipping Rule Enforcement.
[INFO] 
[INFO] --- maven-enforcer-plugin:1.4.1:enforce (enforce-javase-dependencies) @ xwiki-commons-component-default ---
[INFO] Skipping Rule Enforcement.
[INFO] 
[INFO] --- maven-enforcer-plugin:1.4.1:enforce (enforce-upper-bounds) @ xwiki-commons-component-default ---
[INFO] Skipping Rule Enforcement.
[INFO] 
[INFO] --- maven-enforcer-plugin:1.4.1:enforce (enforce-no-legacy-dependencies) @ xwiki-commons-component-default ---
[INFO] 
[INFO] --- maven-enforcer-plugin:1.4.1:enforce (enforce-valid-poms) @ xwiki-commons-component-default ---
[INFO] Skipping Rule Enforcement.
[INFO] 
[INFO] --- maven-enforcer-plugin:1.4.1:enforce (enforce-platform-rendering-isolation) @ xwiki-commons-component-default ---
[INFO] Skipping Rule Enforcement.
[INFO] 
[INFO] --- maven-enforcer-plugin:1.4.1:enforce (check-dependency-version) @ xwiki-commons-component-default ---
[INFO] Skipping Rule Enforcement.
[INFO] 
[INFO] --- maven-remote-resources-plugin:1.5:process (xwiki-license-resources) @ xwiki-commons-component-default ---
[INFO] 
[INFO] --- maven-resources-plugin:3.0.2:resources (default-resources) @ xwiki-commons-component-default ---
[INFO] Using 'UTF-8' encoding to copy filtered resources.
[INFO] Copying 3 resources
[INFO] Copying 1 resource
[INFO] Copying 2 resources
[INFO] 
[INFO] --- maven-compiler-plugin:3.7.0:compile (default-compile) @ xwiki-commons-component-default ---
[INFO] Changes detected - recompiling the module!
[INFO] Compiling 17 source files to /tmp/icst-2019/september-2018/dataset/xwiki-commons/xwiki-commons-core/xwiki-commons-component/xwiki-commons-component-default/target/classes
[WARNING] /tmp/icst-2019/september-2018/dataset/xwiki-commons/xwiki-commons-core/xwiki-commons-component/xwiki-commons-component-default/target/clover/src-instrumented/org/xwiki/component/embed/GenericProvider.java:[28,38] org.xwiki.component.annotation.ComponentRole in org.xwiki.component.annotation has been deprecated
[WARNING] /tmp/icst-2019/september-2018/dataset/xwiki-commons/xwiki-commons-core/xwiki-commons-component/xwiki-commons-component-default/target/clover/src-instrumented/org/xwiki/component/embed/GenericProvider.java:[95,99] org.xwiki.component.annotation.ComponentRole in org.xwiki.component.annotation has been deprecated
[WARNING] /tmp/icst-2019/september-2018/dataset/xwiki-commons/xwiki-commons-core/xwiki-commons-component/xwiki-commons-component-default/target/clover/src-instrumented/org/xwiki/component/annotation/ComponentDependencyFactory.java:[43,5] found raw type: org.xwiki.component.descriptor.ComponentDependency
  missing type arguments for generic class org.xwiki.component.descriptor.ComponentDependency<T>
[WARNING] /tmp/icst-2019/september-2018/dataset/xwiki-commons/xwiki-commons-core/xwiki-commons-component/xwiki-commons-component-default/target/clover/src-instrumented/org/xwiki/component/annotation/DefaultComponentDependencyFactory.java:[40,12] found raw type: org.xwiki.component.descriptor.ComponentDependency
  missing type arguments for generic class org.xwiki.component.descriptor.ComponentDependency<T>
[WARNING] /tmp/icst-2019/september-2018/dataset/xwiki-commons/xwiki-commons-core/xwiki-commons-component/xwiki-commons-component-default/target/clover/src-instrumented/org/xwiki/component/annotation/DefaultComponentDependencyFactory.java:[42,43] found raw type: org.xwiki.component.descriptor.DefaultComponentDependency
  missing type arguments for generic class org.xwiki.component.descriptor.DefaultComponentDependency<T>
[WARNING] /tmp/icst-2019/september-2018/dataset/xwiki-commons/xwiki-commons-core/xwiki-commons-component/xwiki-commons-component-default/target/clover/src-instrumented/org/xwiki/component/annotation/DefaultComponentDependencyFactory.java:[46,64] found raw type: org.xwiki.component.descriptor.DefaultComponentDependency
  missing type arguments for generic class org.xwiki.component.descriptor.DefaultComponentDependency<T>
[WARNING] /tmp/icst-2019/september-2018/dataset/xwiki-commons/xwiki-commons-core/xwiki-commons-component/xwiki-commons-component-default/target/clover/src-instrumented/org/xwiki/component/annotation/DefaultComponentDependencyFactory.java:[49,90] org.xwiki.component.annotation.ComponentRole in org.xwiki.component.annotation has been deprecated
[WARNING] /tmp/icst-2019/september-2018/dataset/xwiki-commons/xwiki-commons-core/xwiki-commons-component/xwiki-commons-component-default/target/clover/src-instrumented/org/xwiki/component/annotation/ComponentAnnotationLoader.java:[173,33] found raw type: org.xwiki.component.internal.RoleHint
  missing type arguments for generic class org.xwiki.component.internal.RoleHint<T>
[WARNING] /tmp/icst-2019/september-2018/dataset/xwiki-commons/xwiki-commons-core/xwiki-commons-component/xwiki-commons-component-default/target/clover/src-instrumented/org/xwiki/component/annotation/ComponentAnnotationLoader.java:[253,56] found raw type: java.lang.Class
  missing type arguments for generic class java.lang.Class<T>
[WARNING] /tmp/icst-2019/september-2018/dataset/xwiki-commons/xwiki-commons-core/xwiki-commons-component/xwiki-commons-component-default/target/clover/src-instrumented/org/xwiki/component/annotation/ComponentAnnotationLoader.java:[256,33] found raw type: org.xwiki.component.descriptor.DefaultComponentDescriptor
  missing type arguments for generic class org.xwiki.component.descriptor.DefaultComponentDescriptor<T>
[WARNING] /tmp/icst-2019/september-2018/dataset/xwiki-commons/xwiki-commons-core/xwiki-commons-component/xwiki-commons-component-default/target/clover/src-instrumented/org/xwiki/component/annotation/ComponentAnnotationLoader.java:[256,29] unchecked call to DefaultComponentDescriptor(org.xwiki.component.descriptor.ComponentDescriptor<T>) as a member of the raw type org.xwiki.component.descriptor.DefaultComponentDescriptor
[WARNING] /tmp/icst-2019/september-2018/dataset/xwiki-commons/xwiki-commons-core/xwiki-commons-component/xwiki-commons-component-default/target/clover/src-instrumented/org/xwiki/component/annotation/ComponentAnnotationLoader.java:[266,17] found raw type: org.xwiki.component.descriptor.ComponentDescriptor
  missing type arguments for generic class org.xwiki.component.descriptor.ComponentDescriptor<T>
[WARNING] /tmp/icst-2019/september-2018/dataset/xwiki-commons/xwiki-commons-core/xwiki-commons-component/xwiki-commons-component-default/target/clover/src-instrumented/org/xwiki/component/annotation/ComponentAnnotationLoader.java:[268,45] found raw type: org.xwiki.component.descriptor.ComponentDescriptor
  missing type arguments for generic class org.xwiki.component.descriptor.ComponentDescriptor<T>
[WARNING] /tmp/icst-2019/september-2018/dataset/xwiki-commons/xwiki-commons-core/xwiki-commons-component/xwiki-commons-component-default/target/clover/src-instrumented/org/xwiki/component/annotation/ComponentAnnotationLoader.java:[268,94] found raw type: org.xwiki.component.descriptor.ComponentDescriptor
  missing type arguments for generic class org.xwiki.component.descriptor.ComponentDescriptor<T>
[WARNING] /tmp/icst-2019/september-2018/dataset/xwiki-commons/xwiki-commons-core/xwiki-commons-component/xwiki-commons-component-default/target/clover/src-instrumented/org/xwiki/component/annotation/ComponentAnnotationLoader.java:[337,93] org.xwiki.component.annotation.ComponentRole in org.xwiki.component.annotation has been deprecated
[WARNING] /tmp/icst-2019/september-2018/dataset/xwiki-commons/xwiki-commons-core/xwiki-commons-component/xwiki-commons-component-default/target/clover/src-instrumented/org/xwiki/component/annotation/ComponentDescriptorFactory.java:[64,17] found raw type: org.xwiki.component.descriptor.ComponentDescriptor
  missing type arguments for generic class org.xwiki.component.descriptor.ComponentDescriptor<T>
[WARNING] /tmp/icst-2019/september-2018/dataset/xwiki-commons/xwiki-commons-core/xwiki-commons-component/xwiki-commons-component-default/target/clover/src-instrumented/org/xwiki/component/annotation/ComponentDescriptorFactory.java:[79,17] found raw type: org.xwiki.component.descriptor.ComponentDescriptor
  missing type arguments for generic class org.xwiki.component.descriptor.ComponentDescriptor<T>
[WARNING] /tmp/icst-2019/september-2018/dataset/xwiki-commons/xwiki-commons-core/xwiki-commons-component/xwiki-commons-component-default/target/clover/src-instrumented/org/xwiki/component/annotation/ComponentDescriptorFactory.java:[81,48] found raw type: org.xwiki.component.descriptor.ComponentDescriptor
  missing type arguments for generic class org.xwiki.component.descriptor.ComponentDescriptor<T>
[WARNING] /tmp/icst-2019/september-2018/dataset/xwiki-commons/xwiki-commons-core/xwiki-commons-component/xwiki-commons-component-default/target/clover/src-instrumented/org/xwiki/component/annotation/ComponentDescriptorFactory.java:[81,97] found raw type: org.xwiki.component.descriptor.ComponentDescriptor
  missing type arguments for generic class org.xwiki.component.descriptor.ComponentDescriptor<T>
[WARNING] /tmp/icst-2019/september-2018/dataset/xwiki-commons/xwiki-commons-core/xwiki-commons-component/xwiki-commons-component-default/target/clover/src-instrumented/org/xwiki/component/annotation/ComponentDescriptorFactory.java:[95,88] value() in org.xwiki.component.annotation.Component has been deprecated
[WARNING] /tmp/icst-2019/september-2018/dataset/xwiki-commons/xwiki-commons-core/xwiki-commons-component/xwiki-commons-component-default/target/clover/src-instrumented/org/xwiki/component/annotation/ComponentDescriptorFactory.java:[96,86] value() in org.xwiki.component.annotation.Component has been deprecated
[WARNING] /tmp/icst-2019/september-2018/dataset/xwiki-commons/xwiki-commons-core/xwiki-commons-component/xwiki-commons-component-default/target/clover/src-instrumented/org/xwiki/component/annotation/ComponentDescriptorFactory.java:[119,13] found raw type: org.xwiki.component.descriptor.ComponentDescriptor
  missing type arguments for generic class org.xwiki.component.descriptor.ComponentDescriptor<T>
[WARNING] /tmp/icst-2019/september-2018/dataset/xwiki-commons/xwiki-commons-core/xwiki-commons-component/xwiki-commons-component-default/target/clover/src-instrumented/org/xwiki/component/annotation/ComponentDescriptorFactory.java:[122,43] found raw type: org.xwiki.component.descriptor.DefaultComponentDescriptor
  missing type arguments for generic class org.xwiki.component.descriptor.DefaultComponentDescriptor<T>
[WARNING] /tmp/icst-2019/september-2018/dataset/xwiki-commons/xwiki-commons-core/xwiki-commons-component/xwiki-commons-component-default/target/clover/src-instrumented/org/xwiki/component/annotation/ComponentDescriptorFactory.java:[122,87] found raw type: org.xwiki.component.descriptor.DefaultComponentDescriptor
  missing type arguments for generic class org.xwiki.component.descriptor.DefaultComponentDescriptor<T>
[WARNING] /tmp/icst-2019/september-2018/dataset/xwiki-commons/xwiki-commons-core/xwiki-commons-component/xwiki-commons-component-default/target/clover/src-instrumented/org/xwiki/component/annotation/ComponentDescriptorFactory.java:[124,71] unchecked call to setImplementation(java.lang.Class<? extends T>) as a member of the raw type org.xwiki.component.descriptor.DefaultComponentDescriptor
[WARNING] /tmp/icst-2019/september-2018/dataset/xwiki-commons/xwiki-commons-core/xwiki-commons-component/xwiki-commons-component-default/target/clover/src-instrumented/org/xwiki/component/annotation/ComponentDescriptorFactory.java:[133,47] found raw type: org.xwiki.component.descriptor.ComponentDependency
  missing type arguments for generic class org.xwiki.component.descriptor.ComponentDependency<T>
[WARNING] /tmp/icst-2019/september-2018/dataset/xwiki-commons/xwiki-commons-core/xwiki-commons-component/xwiki-commons-component-default/target/clover/src-instrumented/org/xwiki/component/annotation/ComponentDescriptorFactory.java:[135,84] unchecked call to addComponentDependency(org.xwiki.component.descriptor.ComponentDependency<?>) as a member of the raw type org.xwiki.component.descriptor.DefaultComponentDescriptor
[WARNING] /tmp/icst-2019/september-2018/dataset/xwiki-commons/xwiki-commons-core/xwiki-commons-component/xwiki-commons-component-default/target/clover/src-instrumented/org/xwiki/component/annotation/ComponentDescriptorFactory.java:[173,13] found raw type: org.xwiki.component.descriptor.ComponentDependency
  missing type arguments for generic class org.xwiki.component.descriptor.ComponentDependency<T>
[WARNING] /tmp/icst-2019/september-2018/dataset/xwiki-commons/xwiki-commons-core/xwiki-commons-component/xwiki-commons-component-default/target/clover/src-instrumented/org/xwiki/component/annotation/ComponentDescriptorFactory.java:[175,43] found raw type: org.xwiki.component.descriptor.ComponentDependency
  missing type arguments for generic class org.xwiki.component.descriptor.ComponentDependency<T>
[WARNING] /tmp/icst-2019/september-2018/dataset/xwiki-commons/xwiki-commons-core/xwiki-commons-component/xwiki-commons-component-default/target/clover/src-instrumented/org/xwiki/component/embed/EmbeddableComponentManager.java:[192,115] unchecked cast
  required: org.xwiki.component.embed.EmbeddableComponentManager.ComponentEntry<T>
  found:    org.xwiki.component.embed.EmbeddableComponentManager.ComponentEntry<capture#1 of ?>
[WARNING] /tmp/icst-2019/september-2018/dataset/xwiki-commons/xwiki-commons-core/xwiki-commons-component/xwiki-commons-component-default/target/clover/src-instrumented/org/xwiki/component/internal/StackingComponentEventManager.java:[72,17] notifyComponentUnregistered(org.xwiki.component.descriptor.ComponentDescriptor<?>) in org.xwiki.component.manager.ComponentEventManager has been deprecated
[WARNING] /tmp/icst-2019/september-2018/dataset/xwiki-commons/xwiki-commons-core/xwiki-commons-component/xwiki-commons-component-default/target/clover/src-instrumented/org/xwiki/component/internal/StackingComponentEventManager.java:[58,17] notifyComponentRegistered(org.xwiki.component.descriptor.ComponentDescriptor<?>) in org.xwiki.component.manager.ComponentEventManager has been deprecated
[INFO] 
[INFO] --- maven-bundle-plugin:2.5.3:manifest (bundle-manifest) @ xwiki-commons-component-default ---
[WARNING] Manifest org.xwiki.commons:xwiki-commons-component-default:jar:9.10-SNAPSHOT : Export org.xwiki.component.embed,  has 1,  private references [org.xwiki.component.internal], 
[INFO] 
[INFO] --- maven-resources-plugin:3.0.2:testResources (default-testResources) @ xwiki-commons-component-default ---
[INFO] Using 'UTF-8' encoding to copy filtered resources.
[INFO] Copying 2 resources
[INFO] Copying 2 resources
[INFO] 
[INFO] --- maven-compiler-plugin:3.7.0:testCompile (default-testCompile) @ xwiki-commons-component-default ---
[INFO] Changes detected - recompiling the module!
[INFO] Compiling 7 source files to /tmp/icst-2019/september-2018/dataset/xwiki-commons/xwiki-commons-core/xwiki-commons-component/xwiki-commons-component-default/target/test-classes
[WARNING] /tmp/icst-2019/september-2018/dataset/xwiki-commons/xwiki-commons-core/xwiki-commons-component/xwiki-commons-component-default/target/clover/src-test-instrumented/org/xwiki/component/annotation/ComponentAnnotationLoaderTest.java:[45,28] org.xwiki.test.jmock.JMockRule in org.xwiki.test.jmock has been deprecated
[WARNING] /tmp/icst-2019/september-2018/dataset/xwiki-commons/xwiki-commons-core/xwiki-commons-component/xwiki-commons-component-default/target/clover/src-test-instrumented/org/xwiki/component/ProviderTest.java:[33,38] org.xwiki.component.annotation.ComponentRole in org.xwiki.component.annotation has been deprecated
[WARNING] /tmp/icst-2019/september-2018/dataset/xwiki-commons/xwiki-commons-core/xwiki-commons-component/xwiki-commons-component-default/target/clover/src-test-instrumented/org/xwiki/component/annotation/ComponentDescriptorFactoryTest.java:[46,6] org.xwiki.component.annotation.ComponentRole in org.xwiki.component.annotation has been deprecated
[WARNING] /tmp/icst-2019/september-2018/dataset/xwiki-commons/xwiki-commons-core/xwiki-commons-component/xwiki-commons-component-default/target/clover/src-test-instrumented/org/xwiki/component/annotation/ComponentDescriptorFactoryTest.java:[68,6] org.xwiki.component.annotation.ComponentRole in org.xwiki.component.annotation has been deprecated
[WARNING] /tmp/icst-2019/september-2018/dataset/xwiki-commons/xwiki-commons-core/xwiki-commons-component/xwiki-commons-component-default/target/clover/src-test-instrumented/org/xwiki/component/annotation/ComponentDescriptorFactoryTest.java:[73,6] org.xwiki.component.annotation.ComponentRole in org.xwiki.component.annotation has been deprecated
[WARNING] /tmp/icst-2019/september-2018/dataset/xwiki-commons/xwiki-commons-core/xwiki-commons-component/xwiki-commons-component-default/target/clover/src-test-instrumented/org/xwiki/component/annotation/ComponentDescriptorFactoryTest.java:[93,17] found raw type: org.xwiki.component.annotation.ComponentDescriptorFactoryTest.GenericFieldRole
  missing type arguments for generic class org.xwiki.component.annotation.ComponentDescriptorFactoryTest.GenericFieldRole<T>
[WARNING] /tmp/icst-2019/september-2018/dataset/xwiki-commons/xwiki-commons-core/xwiki-commons-component/xwiki-commons-component-default/target/clover/src-test-instrumented/org/xwiki/component/annotation/ComponentDescriptorFactoryTest.java:[158,48] found raw type: org.xwiki.component.descriptor.ComponentDescriptor
  missing type arguments for generic class org.xwiki.component.descriptor.ComponentDescriptor<T>
[WARNING] /tmp/icst-2019/september-2018/dataset/xwiki-commons/xwiki-commons-core/xwiki-commons-component/xwiki-commons-component-default/target/clover/src-test-instrumented/org/xwiki/component/annotation/ComponentDescriptorFactoryTest.java:[159,20] createComponentDescriptors(java.lang.Class<?>,java.lang.Class<?>) in org.xwiki.component.annotation.ComponentDescriptorFactory has been deprecated
[WARNING] /tmp/icst-2019/september-2018/dataset/xwiki-commons/xwiki-commons-core/xwiki-commons-component/xwiki-commons-component-default/target/clover/src-test-instrumented/org/xwiki/component/annotation/ComponentDescriptorFactoryTest.java:[170,48] found raw type: org.xwiki.component.descriptor.ComponentDescriptor
  missing type arguments for generic class org.xwiki.component.descriptor.ComponentDescriptor<T>
[WARNING] /tmp/icst-2019/september-2018/dataset/xwiki-commons/xwiki-commons-core/xwiki-commons-component/xwiki-commons-component-default/target/clover/src-test-instrumented/org/xwiki/component/annotation/ComponentDescriptorFactoryTest.java:[171,20] createComponentDescriptors(java.lang.Class<?>,java.lang.Class<?>) in org.xwiki.component.annotation.ComponentDescriptorFactory has been deprecated
[WARNING] /tmp/icst-2019/september-2018/dataset/xwiki-commons/xwiki-commons-core/xwiki-commons-component/xwiki-commons-component-default/target/clover/src-test-instrumented/org/xwiki/component/annotation/ComponentDescriptorFactoryTest.java:[181,48] found raw type: org.xwiki.component.descriptor.ComponentDescriptor
  missing type arguments for generic class org.xwiki.component.descriptor.ComponentDescriptor<T>
[WARNING] /tmp/icst-2019/september-2018/dataset/xwiki-commons/xwiki-commons-core/xwiki-commons-component/xwiki-commons-component-default/target/clover/src-test-instrumented/org/xwiki/component/annotation/ComponentDescriptorFactoryTest.java:[182,20] createComponentDescriptors(java.lang.Class<?>,java.lang.Class<?>) in org.xwiki.component.annotation.ComponentDescriptorFactory has been deprecated
[WARNING] /tmp/icst-2019/september-2018/dataset/xwiki-commons/xwiki-commons-core/xwiki-commons-component/xwiki-commons-component-default/target/clover/src-test-instrumented/org/xwiki/component/annotation/ComponentDescriptorFactoryTest.java:[191,48] found raw type: org.xwiki.component.descriptor.ComponentDescriptor
  missing type arguments for generic class org.xwiki.component.descriptor.ComponentDescriptor<T>
[WARNING] /tmp/icst-2019/september-2018/dataset/xwiki-commons/xwiki-commons-core/xwiki-commons-component/xwiki-commons-component-default/target/clover/src-test-instrumented/org/xwiki/component/annotation/ComponentDescriptorFactoryTest.java:[191,90] createComponentDescriptors(java.lang.Class<?>,java.lang.Class<?>) in org.xwiki.component.annotation.ComponentDescriptorFactory has been deprecated
[WARNING] /tmp/icst-2019/september-2018/dataset/xwiki-commons/xwiki-commons-core/xwiki-commons-component/xwiki-commons-component-default/target/clover/src-test-instrumented/org/xwiki/component/annotation/ComponentDescriptorFactoryTest.java:[194,43] found raw type: org.xwiki.component.descriptor.ComponentDescriptor
  missing type arguments for generic class org.xwiki.component.descriptor.ComponentDescriptor<T>
[WARNING] /tmp/icst-2019/september-2018/dataset/xwiki-commons/xwiki-commons-core/xwiki-commons-component/xwiki-commons-component-default/target/clover/src-test-instrumented/org/xwiki/component/annotation/ComponentDescriptorFactoryTest.java:[197,91] getRole() in org.xwiki.component.descriptor.ComponentRole has been deprecated
[WARNING] /tmp/icst-2019/september-2018/dataset/xwiki-commons/xwiki-commons-core/xwiki-commons-component/xwiki-commons-component-default/target/clover/src-test-instrumented/org/xwiki/component/annotation/ComponentDescriptorFactoryTest.java:[202,120] unchecked conversion
  required: java.util.Collection<org.xwiki.component.descriptor.ComponentDependency<?>>
  found:    java.util.Collection
[WARNING] /tmp/icst-2019/september-2018/dataset/xwiki-commons/xwiki-commons-core/xwiki-commons-component/xwiki-commons-component-default/target/clover/src-test-instrumented/org/xwiki/component/annotation/ComponentDescriptorFactoryTest.java:[209,43] found raw type: org.xwiki.component.descriptor.ComponentDependency
  missing type arguments for generic class org.xwiki.component.descriptor.ComponentDependency<T>
[WARNING] /tmp/icst-2019/september-2018/dataset/xwiki-commons/xwiki-commons-core/xwiki-commons-component/xwiki-commons-component-default/target/clover/src-test-instrumented/org/xwiki/component/annotation/ComponentDescriptorFactoryTest.java:[210,91] getRole() in org.xwiki.component.descriptor.ComponentRole has been deprecated
[WARNING] /tmp/icst-2019/september-2018/dataset/xwiki-commons/xwiki-commons-core/xwiki-commons-component/xwiki-commons-component-default/target/clover/src-test-instrumented/org/xwiki/component/annotation/ComponentDescriptorFactoryTest.java:[213,91] getMappingType() in org.xwiki.component.descriptor.ComponentDependency has been deprecated
[WARNING] /tmp/icst-2019/september-2018/dataset/xwiki-commons/xwiki-commons-core/xwiki-commons-component/xwiki-commons-component-default/target/clover/src-test-instrumented/org/xwiki/component/annotation/ComponentDescriptorFactoryTest.java:[221,91] getRole() in org.xwiki.component.descriptor.ComponentRole has been deprecated
[WARNING] /tmp/icst-2019/september-2018/dataset/xwiki-commons/xwiki-commons-core/xwiki-commons-component/xwiki-commons-component-default/target/clover/src-test-instrumented/org/xwiki/component/annotation/ComponentDescriptorFactoryTest.java:[224,91] getMappingType() in org.xwiki.component.descriptor.ComponentDependency has been deprecated
[WARNING] /tmp/icst-2019/september-2018/dataset/xwiki-commons/xwiki-commons-core/xwiki-commons-component/xwiki-commons-component-default/target/clover/src-test-instrumented/org/xwiki/component/annotation/ComponentDescriptorFactoryTest.java:[231,88] getRole() in org.xwiki.component.descriptor.ComponentRole has been deprecated
[WARNING] /tmp/icst-2019/september-2018/dataset/xwiki-commons/xwiki-commons-core/xwiki-commons-component/xwiki-commons-component-default/target/clover/src-test-instrumented/org/xwiki/component/annotation/ComponentDescriptorFactoryTest.java:[235,88] getMappingType() in org.xwiki.component.descriptor.ComponentDependency has been deprecated
[WARNING] /tmp/icst-2019/september-2018/dataset/xwiki-commons/xwiki-commons-core/xwiki-commons-component/xwiki-commons-component-default/target/clover/src-test-instrumented/org/xwiki/component/annotation/ComponentDescriptorFactoryTest.java:[242,88] getRole() in org.xwiki.component.descriptor.ComponentRole has been deprecated
[WARNING] /tmp/icst-2019/september-2018/dataset/xwiki-commons/xwiki-commons-core/xwiki-commons-component/xwiki-commons-component-default/target/clover/src-test-instrumented/org/xwiki/component/annotation/ComponentDescriptorFactoryTest.java:[245,88] getMappingType() in org.xwiki.component.descriptor.ComponentDependency has been deprecated
[WARNING] /tmp/icst-2019/september-2018/dataset/xwiki-commons/xwiki-commons-core/xwiki-commons-component/xwiki-commons-component-default/target/clover/src-test-instrumented/org/xwiki/component/annotation/ComponentDescriptorFactoryTest.java:[252,91] getRole() in org.xwiki.component.descriptor.ComponentRole has been deprecated
[WARNING] /tmp/icst-2019/september-2018/dataset/xwiki-commons/xwiki-commons-core/xwiki-commons-component/xwiki-commons-component-default/target/clover/src-test-instrumented/org/xwiki/component/annotation/ComponentDescriptorFactoryTest.java:[254,76] getMappingType() in org.xwiki.component.descriptor.ComponentDependency has been deprecated
[WARNING] /tmp/icst-2019/september-2018/dataset/xwiki-commons/xwiki-commons-core/xwiki-commons-component/xwiki-commons-component-default/target/clover/src-test-instrumented/org/xwiki/component/annotation/ComponentDescriptorFactoryTest.java:[261,91] getRole() in org.xwiki.component.descriptor.ComponentRole has been deprecated
[WARNING] /tmp/icst-2019/september-2018/dataset/xwiki-commons/xwiki-commons-core/xwiki-commons-component/xwiki-commons-component-default/target/clover/src-test-instrumented/org/xwiki/component/annotation/ComponentDescriptorFactoryTest.java:[263,75] getMappingType() in org.xwiki.component.descriptor.ComponentDependency has been deprecated
[WARNING] /tmp/icst-2019/september-2018/dataset/xwiki-commons/xwiki-commons-core/xwiki-commons-component/xwiki-commons-component-default/target/clover/src-test-instrumented/org/xwiki/component/internal/StackingComponentEventManagerTest.java:[47,40] found raw type: java.util.Collection
  missing type arguments for generic class java.util.Collection<E>
[WARNING] /tmp/icst-2019/september-2018/dataset/xwiki-commons/xwiki-commons-core/xwiki-commons-component/xwiki-commons-component-default/target/clover/src-test-instrumented/org/xwiki/component/internal/StackingComponentEventManagerTest.java:[64,96] found raw type: java.util.Collection
  missing type arguments for generic class java.util.Collection<E>
[WARNING] /tmp/icst-2019/september-2018/dataset/xwiki-commons/xwiki-commons-core/xwiki-commons-component/xwiki-commons-component-default/target/clover/src-test-instrumented/org/xwiki/component/annotation/ComponentAnnotationLoaderTest.java:[56,18] org.xwiki.test.jmock.JMockRule in org.xwiki.test.jmock has been deprecated
[WARNING] /tmp/icst-2019/september-2018/dataset/xwiki-commons/xwiki-commons-core/xwiki-commons-component/xwiki-commons-component-default/target/clover/src-test-instrumented/org/xwiki/component/annotation/ComponentAnnotationLoaderTest.java:[56,42] org.xwiki.test.jmock.JMockRule in org.xwiki.test.jmock has been deprecated
[WARNING] /tmp/icst-2019/september-2018/dataset/xwiki-commons/xwiki-commons-core/xwiki-commons-component/xwiki-commons-component-default/target/clover/src-test-instrumented/org/xwiki/component/annotation/ComponentAnnotationLoaderTest.java:[201,49] found raw type: org.xwiki.component.descriptor.ComponentDescriptor
  missing type arguments for generic class org.xwiki.component.descriptor.ComponentDescriptor<T>
[WARNING] /tmp/icst-2019/september-2018/dataset/xwiki-commons/xwiki-commons-core/xwiki-commons-component/xwiki-commons-component-default/target/clover/src-test-instrumented/org/xwiki/component/annotation/ComponentAnnotationLoaderTest.java:[203,49] found raw type: org.xwiki.component.descriptor.ComponentDescriptor
  missing type arguments for generic class org.xwiki.component.descriptor.ComponentDescriptor<T>
[WARNING] /tmp/icst-2019/september-2018/dataset/xwiki-commons/xwiki-commons-core/xwiki-commons-component/xwiki-commons-component-default/target/clover/src-test-instrumented/org/xwiki/component/annotation/ComponentAnnotationLoaderTest.java:[205,49] found raw type: org.xwiki.component.descriptor.ComponentDescriptor
  missing type arguments for generic class org.xwiki.component.descriptor.ComponentDescriptor<T>
[WARNING] /tmp/icst-2019/september-2018/dataset/xwiki-commons/xwiki-commons-core/xwiki-commons-component/xwiki-commons-component-default/target/clover/src-test-instrumented/org/xwiki/component/annotation/ComponentAnnotationLoaderTest.java:[206,49] found raw type: org.xwiki.component.descriptor.ComponentDescriptor
  missing type arguments for generic class org.xwiki.component.descriptor.ComponentDescriptor<T>
[WARNING] /tmp/icst-2019/september-2018/dataset/xwiki-commons/xwiki-commons-core/xwiki-commons-component/xwiki-commons-component-default/target/clover/src-test-instrumented/org/xwiki/component/annotation/ComponentAnnotationLoaderTest.java:[208,49] found raw type: org.xwiki.component.descriptor.ComponentDescriptor
  missing type arguments for generic class org.xwiki.component.descriptor.ComponentDescriptor<T>
[WARNING] /tmp/icst-2019/september-2018/dataset/xwiki-commons/xwiki-commons-core/xwiki-commons-component/xwiki-commons-component-default/target/clover/src-test-instrumented/org/xwiki/component/annotation/ComponentAnnotationLoaderTest.java:[210,49] found raw type: org.xwiki.component.descriptor.ComponentDescriptor
  missing type arguments for generic class org.xwiki.component.descriptor.ComponentDescriptor<T>
[WARNING] /tmp/icst-2019/september-2018/dataset/xwiki-commons/xwiki-commons-core/xwiki-commons-component/xwiki-commons-component-default/target/clover/src-test-instrumented/org/xwiki/component/annotation/ComponentAnnotationLoaderTest.java:[212,49] found raw type: org.xwiki.component.descriptor.ComponentDescriptor
  missing type arguments for generic class org.xwiki.component.descriptor.ComponentDescriptor<T>
[WARNING] /tmp/icst-2019/september-2018/dataset/xwiki-commons/xwiki-commons-core/xwiki-commons-component/xwiki-commons-component-default/target/clover/src-test-instrumented/org/xwiki/component/annotation/ComponentAnnotationLoaderTest.java:[215,49] found raw type: org.xwiki.component.descriptor.ComponentDescriptor
  missing type arguments for generic class org.xwiki.component.descriptor.ComponentDescriptor<T>
[WARNING] /tmp/icst-2019/september-2018/dataset/xwiki-commons/xwiki-commons-core/xwiki-commons-component/xwiki-commons-component-default/target/clover/src-test-instrumented/org/xwiki/component/annotation/ComponentAnnotationLoaderTest.java:[217,49] found raw type: org.xwiki.component.descriptor.ComponentDescriptor
  missing type arguments for generic class org.xwiki.component.descriptor.ComponentDescriptor<T>
[WARNING] /tmp/icst-2019/september-2018/dataset/xwiki-commons/xwiki-commons-core/xwiki-commons-component/xwiki-commons-component-default/target/clover/src-test-instrumented/org/xwiki/component/annotation/ComponentAnnotationLoaderTest.java:[219,49] found raw type: org.xwiki.component.descriptor.ComponentDescriptor
  missing type arguments for generic class org.xwiki.component.descriptor.ComponentDescriptor<T>
[WARNING] /tmp/icst-2019/september-2018/dataset/xwiki-commons/xwiki-commons-core/xwiki-commons-component/xwiki-commons-component-default/target/clover/src-test-instrumented/org/xwiki/component/annotation/ComponentAnnotationLoaderTest.java:[221,49] found raw type: org.xwiki.component.descriptor.ComponentDescriptor
  missing type arguments for generic class org.xwiki.component.descriptor.ComponentDescriptor<T>
[WARNING] /tmp/icst-2019/september-2018/dataset/xwiki-commons/xwiki-commons-core/xwiki-commons-component/xwiki-commons-component-default/target/clover/src-test-instrumented/org/xwiki/component/annotation/ComponentAnnotationLoaderTest.java:[223,49] found raw type: org.xwiki.component.descriptor.ComponentDescriptor
  missing type arguments for generic class org.xwiki.component.descriptor.ComponentDescriptor<T>
[WARNING] /tmp/icst-2019/september-2018/dataset/xwiki-commons/xwiki-commons-core/xwiki-commons-component/xwiki-commons-component-default/target/clover/src-test-instrumented/org/xwiki/component/annotation/ComponentAnnotationLoaderTest.java:[225,49] found raw type: org.xwiki.component.descriptor.ComponentDescriptor
  missing type arguments for generic class org.xwiki.component.descriptor.ComponentDescriptor<T>
[WARNING] /tmp/icst-2019/september-2018/dataset/xwiki-commons/xwiki-commons-core/xwiki-commons-component/xwiki-commons-component-default/target/clover/src-test-instrumented/org/xwiki/component/annotation/ComponentAnnotationLoaderTest.java:[233,87] unchecked method invocation: method registerComponent in interface org.xwiki.component.manager.ComponentManager is applied to given types
  required: org.xwiki.component.descriptor.ComponentDescriptor<T>
  found: org.xwiki.component.descriptor.ComponentDescriptor
[WARNING] /tmp/icst-2019/september-2018/dataset/xwiki-commons/xwiki-commons-core/xwiki-commons-component/xwiki-commons-component-default/target/clover/src-test-instrumented/org/xwiki/component/annotation/ComponentAnnotationLoaderTest.java:[233,88] unchecked conversion
  required: org.xwiki.component.descriptor.ComponentDescriptor<T>
  found:    org.xwiki.component.descriptor.ComponentDescriptor
[WARNING] /tmp/icst-2019/september-2018/dataset/xwiki-commons/xwiki-commons-core/xwiki-commons-component/xwiki-commons-component-default/target/clover/src-test-instrumented/org/xwiki/component/annotation/ComponentAnnotationLoaderTest.java:[234,87] unchecked method invocation: method registerComponent in interface org.xwiki.component.manager.ComponentManager is applied to given types
  required: org.xwiki.component.descriptor.ComponentDescriptor<T>
  found: org.xwiki.component.descriptor.ComponentDescriptor
[WARNING] /tmp/icst-2019/september-2018/dataset/xwiki-commons/xwiki-commons-core/xwiki-commons-component/xwiki-commons-component-default/target/clover/src-test-instrumented/org/xwiki/component/annotation/ComponentAnnotationLoaderTest.java:[234,88] unchecked conversion
  required: org.xwiki.component.descriptor.ComponentDescriptor<T>
  found:    org.xwiki.component.descriptor.ComponentDescriptor
[WARNING] /tmp/icst-2019/september-2018/dataset/xwiki-commons/xwiki-commons-core/xwiki-commons-component/xwiki-commons-component-default/target/clover/src-test-instrumented/org/xwiki/component/annotation/ComponentAnnotationLoaderTest.java:[235,87] unchecked method invocation: method registerComponent in interface org.xwiki.component.manager.ComponentManager is applied to given types
  required: org.xwiki.component.descriptor.ComponentDescriptor<T>
  found: org.xwiki.component.descriptor.ComponentDescriptor
[WARNING] /tmp/icst-2019/september-2018/dataset/xwiki-commons/xwiki-commons-core/xwiki-commons-component/xwiki-commons-component-default/target/clover/src-test-instrumented/org/xwiki/component/annotation/ComponentAnnotationLoaderTest.java:[235,88] unchecked conversion
  required: org.xwiki.component.descriptor.ComponentDescriptor<T>
  found:    org.xwiki.component.descriptor.ComponentDescriptor
[WARNING] /tmp/icst-2019/september-2018/dataset/xwiki-commons/xwiki-commons-core/xwiki-commons-component/xwiki-commons-component-default/target/clover/src-test-instrumented/org/xwiki/component/annotation/ComponentAnnotationLoaderTest.java:[236,87] unchecked method invocation: method registerComponent in interface org.xwiki.component.manager.ComponentManager is applied to given types
  required: org.xwiki.component.descriptor.ComponentDescriptor<T>
  found: org.xwiki.component.descriptor.ComponentDescriptor
[WARNING] /tmp/icst-2019/september-2018/dataset/xwiki-commons/xwiki-commons-core/xwiki-commons-component/xwiki-commons-component-default/target/clover/src-test-instrumented/org/xwiki/component/annotation/ComponentAnnotationLoaderTest.java:[236,88] unchecked conversion
  required: org.xwiki.component.descriptor.ComponentDescriptor<T>
  found:    org.xwiki.component.descriptor.ComponentDescriptor
[WARNING] /tmp/icst-2019/september-2018/dataset/xwiki-commons/xwiki-commons-core/xwiki-commons-component/xwiki-commons-component-default/target/clover/src-test-instrumented/org/xwiki/component/annotation/ComponentAnnotationLoaderTest.java:[237,87] unchecked method invocation: method registerComponent in interface org.xwiki.component.manager.ComponentManager is applied to given types
  required: org.xwiki.component.descriptor.ComponentDescriptor<T>
  found: org.xwiki.component.descriptor.ComponentDescriptor
[WARNING] /tmp/icst-2019/september-2018/dataset/xwiki-commons/xwiki-commons-core/xwiki-commons-component/xwiki-commons-component-default/target/clover/src-test-instrumented/org/xwiki/component/annotation/ComponentAnnotationLoaderTest.java:[237,88] unchecked conversion
  required: org.xwiki.component.descriptor.ComponentDescriptor<T>
  found:    org.xwiki.component.descriptor.ComponentDescriptor
[WARNING] /tmp/icst-2019/september-2018/dataset/xwiki-commons/xwiki-commons-core/xwiki-commons-component/xwiki-commons-component-default/target/clover/src-test-instrumented/org/xwiki/component/annotation/ComponentAnnotationLoaderTest.java:[238,87] unchecked method invocation: method registerComponent in interface org.xwiki.component.manager.ComponentManager is applied to given types
  required: org.xwiki.component.descriptor.ComponentDescriptor<T>
  found: org.xwiki.component.descriptor.ComponentDescriptor
[WARNING] /tmp/icst-2019/september-2018/dataset/xwiki-commons/xwiki-commons-core/xwiki-commons-component/xwiki-commons-component-default/target/clover/src-test-instrumented/org/xwiki/component/annotation/ComponentAnnotationLoaderTest.java:[238,88] unchecked conversion
  required: org.xwiki.component.descriptor.ComponentDescriptor<T>
  found:    org.xwiki.component.descriptor.ComponentDescriptor
[WARNING] /tmp/icst-2019/september-2018/dataset/xwiki-commons/xwiki-commons-core/xwiki-commons-component/xwiki-commons-component-default/target/clover/src-test-instrumented/org/xwiki/component/annotation/ComponentAnnotationLoaderTest.java:[239,87] unchecked method invocation: method registerComponent in interface org.xwiki.component.manager.ComponentManager is applied to given types
  required: org.xwiki.component.descriptor.ComponentDescriptor<T>
  found: org.xwiki.component.descriptor.ComponentDescriptor
[WARNING] /tmp/icst-2019/september-2018/dataset/xwiki-commons/xwiki-commons-core/xwiki-commons-component/xwiki-commons-component-default/target/clover/src-test-instrumented/org/xwiki/component/annotation/ComponentAnnotationLoaderTest.java:[239,88] unchecked conversion
  required: org.xwiki.component.descriptor.ComponentDescriptor<T>
  found:    org.xwiki.component.descriptor.ComponentDescriptor
[WARNING] /tmp/icst-2019/september-2018/dataset/xwiki-commons/xwiki-commons-core/xwiki-commons-component/xwiki-commons-component-default/target/clover/src-test-instrumented/org/xwiki/component/annotation/ComponentAnnotationLoaderTest.java:[240,87] unchecked method invocation: method registerComponent in interface org.xwiki.component.manager.ComponentManager is applied to given types
  required: org.xwiki.component.descriptor.ComponentDescriptor<T>
  found: org.xwiki.component.descriptor.ComponentDescriptor
[WARNING] /tmp/icst-2019/september-2018/dataset/xwiki-commons/xwiki-commons-core/xwiki-commons-component/xwiki-commons-component-default/target/clover/src-test-instrumented/org/xwiki/component/annotation/ComponentAnnotationLoaderTest.java:[240,88] unchecked conversion
  required: org.xwiki.component.descriptor.ComponentDescriptor<T>
  found:    org.xwiki.component.descriptor.ComponentDescriptor
[WARNING] /tmp/icst-2019/september-2018/dataset/xwiki-commons/xwiki-commons-core/xwiki-commons-component/xwiki-commons-component-default/target/clover/src-test-instrumented/org/xwiki/component/annotation/ComponentAnnotationLoaderTest.java:[241,87] unchecked method invocation: method registerComponent in interface org.xwiki.component.manager.ComponentManager is applied to given types
  required: org.xwiki.component.descriptor.ComponentDescriptor<T>
  found: org.xwiki.component.descriptor.ComponentDescriptor
[WARNING] /tmp/icst-2019/september-2018/dataset/xwiki-commons/xwiki-commons-core/xwiki-commons-component/xwiki-commons-component-default/target/clover/src-test-instrumented/org/xwiki/component/annotation/ComponentAnnotationLoaderTest.java:[241,88] unchecked conversion
  required: org.xwiki.component.descriptor.ComponentDescriptor<T>
  found:    org.xwiki.component.descriptor.ComponentDescriptor
[WARNING] /tmp/icst-2019/september-2018/dataset/xwiki-commons/xwiki-commons-core/xwiki-commons-component/xwiki-commons-component-default/target/clover/src-test-instrumented/org/xwiki/component/annotation/ComponentAnnotationLoaderTest.java:[242,87] unchecked method invocation: method registerComponent in interface org.xwiki.component.manager.ComponentManager is applied to given types
  required: org.xwiki.component.descriptor.ComponentDescriptor<T>
  found: org.xwiki.component.descriptor.ComponentDescriptor
[WARNING] /tmp/icst-2019/september-2018/dataset/xwiki-commons/xwiki-commons-core/xwiki-commons-component/xwiki-commons-component-default/target/clover/src-test-instrumented/org/xwiki/component/annotation/ComponentAnnotationLoaderTest.java:[242,88] unchecked conversion
  required: org.xwiki.component.descriptor.ComponentDescriptor<T>
  found:    org.xwiki.component.descriptor.ComponentDescriptor
[WARNING] /tmp/icst-2019/september-2018/dataset/xwiki-commons/xwiki-commons-core/xwiki-commons-component/xwiki-commons-component-default/target/clover/src-test-instrumented/org/xwiki/component/annotation/ComponentAnnotationLoaderTest.java:[243,87] unchecked method invocation: method registerComponent in interface org.xwiki.component.manager.ComponentManager is applied to given types
  required: org.xwiki.component.descriptor.ComponentDescriptor<T>
  found: org.xwiki.component.descriptor.ComponentDescriptor
[WARNING] /tmp/icst-2019/september-2018/dataset/xwiki-commons/xwiki-commons-core/xwiki-commons-component/xwiki-commons-component-default/target/clover/src-test-instrumented/org/xwiki/component/annotation/ComponentAnnotationLoaderTest.java:[243,88] unchecked conversion
  required: org.xwiki.component.descriptor.ComponentDescriptor<T>
  found:    org.xwiki.component.descriptor.ComponentDescriptor
[WARNING] /tmp/icst-2019/september-2018/dataset/xwiki-commons/xwiki-commons-core/xwiki-commons-component/xwiki-commons-component-default/target/clover/src-test-instrumented/org/xwiki/component/annotation/ComponentAnnotationLoaderTest.java:[244,87] unchecked method invocation: method registerComponent in interface org.xwiki.component.manager.ComponentManager is applied to given types
  required: org.xwiki.component.descriptor.ComponentDescriptor<T>
  found: org.xwiki.component.descriptor.ComponentDescriptor
[WARNING] /tmp/icst-2019/september-2018/dataset/xwiki-commons/xwiki-commons-core/xwiki-commons-component/xwiki-commons-component-default/target/clover/src-test-instrumented/org/xwiki/component/annotation/ComponentAnnotationLoaderTest.java:[244,88] unchecked conversion
  required: org.xwiki.component.descriptor.ComponentDescriptor<T>
  found:    org.xwiki.component.descriptor.ComponentDescriptor
[WARNING] /tmp/icst-2019/september-2018/dataset/xwiki-commons/xwiki-commons-core/xwiki-commons-component/xwiki-commons-component-default/target/clover/src-test-instrumented/org/xwiki/component/annotation/ComponentAnnotationLoaderTest.java:[245,87] unchecked method invocation: method registerComponent in interface org.xwiki.component.manager.ComponentManager is applied to given types
  required: org.xwiki.component.descriptor.ComponentDescriptor<T>
  found: org.xwiki.component.descriptor.ComponentDescriptor
[WARNING] /tmp/icst-2019/september-2018/dataset/xwiki-commons/xwiki-commons-core/xwiki-commons-component/xwiki-commons-component-default/target/clover/src-test-instrumented/org/xwiki/component/annotation/ComponentAnnotationLoaderTest.java:[245,88] unchecked conversion
  required: org.xwiki.component.descriptor.ComponentDescriptor<T>
  found:    org.xwiki.component.descriptor.ComponentDescriptor
[WARNING] /tmp/icst-2019/september-2018/dataset/xwiki-commons/xwiki-commons-core/xwiki-commons-component/xwiki-commons-component-default/target/clover/src-test-instrumented/org/xwiki/component/embed/EmbeddableComponentManagerTest.java:[152,84] <T>getComponentDescriptorList(java.lang.Class<T>) in org.xwiki.component.embed.EmbeddableComponentManager has been deprecated
[WARNING] /tmp/icst-2019/september-2018/dataset/xwiki-commons/xwiki-commons-core/xwiki-commons-component/xwiki-commons-component-default/target/clover/src-test-instrumented/org/xwiki/component/embed/EmbeddableComponentManagerTest.java:[202,93] <T>getComponentDescriptorList(java.lang.Class<T>) in org.xwiki.component.embed.EmbeddableComponentManager has been deprecated
[WARNING] /tmp/icst-2019/september-2018/dataset/xwiki-commons/xwiki-commons-core/xwiki-commons-component/xwiki-commons-component-default/target/clover/src-test-instrumented/org/xwiki/component/embed/EmbeddableComponentManagerTest.java:[342,44] found raw type: org.xwiki.component.descriptor.DefaultComponentDependency
  missing type arguments for generic class org.xwiki.component.descriptor.DefaultComponentDependency<T>
[WARNING] /tmp/icst-2019/september-2018/dataset/xwiki-commons/xwiki-commons-core/xwiki-commons-component/xwiki-commons-component-default/target/clover/src-test-instrumented/org/xwiki/component/embed/EmbeddableComponentManagerTest.java:[342,98] found raw type: org.xwiki.component.descriptor.DefaultComponentDependency
  missing type arguments for generic class org.xwiki.component.descriptor.DefaultComponentDependency<T>
[WARNING] /tmp/icst-2019/september-2018/dataset/xwiki-commons/xwiki-commons-core/xwiki-commons-component/xwiki-commons-component-default/target/clover/src-test-instrumented/org/xwiki/component/embed/EmbeddableComponentManagerTest.java:[343,79] unchecked call to setMappingType(java.lang.Class<?>) as a member of the raw type org.xwiki.component.descriptor.DefaultComponentDependency
[WARNING] /tmp/icst-2019/september-2018/dataset/xwiki-commons/xwiki-commons-core/xwiki-commons-component/xwiki-commons-component-default/target/clover/src-test-instrumented/org/xwiki/component/embed/EmbeddableComponentManagerTest.java:[343,64] setMappingType(java.lang.Class<?>) in org.xwiki.component.descriptor.DefaultComponentDependency has been deprecated
[WARNING] /tmp/icst-2019/september-2018/dataset/xwiki-commons/xwiki-commons-core/xwiki-commons-component/xwiki-commons-component-default/target/clover/src-test-instrumented/org/xwiki/component/embed/EmbeddableComponentManagerTest.java:[605,44] found raw type: org.xwiki.component.descriptor.DefaultComponentDependency
  missing type arguments for generic class org.xwiki.component.descriptor.DefaultComponentDependency<T>
[WARNING] /tmp/icst-2019/september-2018/dataset/xwiki-commons/xwiki-commons-core/xwiki-commons-component/xwiki-commons-component-default/target/clover/src-test-instrumented/org/xwiki/component/embed/EmbeddableComponentManagerTest.java:[605,98] found raw type: org.xwiki.component.descriptor.DefaultComponentDependency
  missing type arguments for generic class org.xwiki.component.descriptor.DefaultComponentDependency<T>
[WARNING] /tmp/icst-2019/september-2018/dataset/xwiki-commons/xwiki-commons-core/xwiki-commons-component/xwiki-commons-component-default/target/clover/src-test-instrumented/org/xwiki/component/ProviderTest.java:[51,6] org.xwiki.component.annotation.ComponentRole in org.xwiki.component.annotation has been deprecated
[WARNING] /tmp/icst-2019/september-2018/dataset/xwiki-commons/xwiki-commons-core/xwiki-commons-component/xwiki-commons-component-default/target/clover/src-test-instrumented/org/xwiki/component/ProviderTest.java:[139,46] setRole(java.lang.Class<T>) in org.xwiki.component.descriptor.DefaultComponentRole has been deprecated
[WARNING] /tmp/icst-2019/september-2018/dataset/xwiki-commons/xwiki-commons-core/xwiki-commons-component/xwiki-commons-component-default/target/clover/src-test-instrumented/org/xwiki/component/ProviderTest.java:[144,46] setRole(java.lang.Class<T>) in org.xwiki.component.descriptor.DefaultComponentRole has been deprecated
[INFO] 
[INFO] --- maven-surefire-plugin:2.19.1:test (default-test) @ xwiki-commons-component-default ---

-------------------------------------------------------
 T E S T S
-------------------------------------------------------
Running org.xwiki.component.guice.GuiceCompatibilityTest
Tests run: 1, Failures: 0, Errors: 0, Skipped: 0, Time elapsed: 1.112 sec - in org.xwiki.component.guice.GuiceCompatibilityTest
Running org.xwiki.component.annotation.ComponentDescriptorFactoryTest
Tests run: 5, Failures: 0, Errors: 0, Skipped: 0, Time elapsed: 0.082 sec - in org.xwiki.component.annotation.ComponentDescriptorFactoryTest
Running org.xwiki.component.annotation.ComponentAnnotationLoaderTest
Tests run: 8, Failures: 0, Errors: 0, Skipped: 0, Time elapsed: 0.271 sec - in org.xwiki.component.annotation.ComponentAnnotationLoaderTest
Running org.xwiki.component.ProviderTest
Tests run: 2, Failures: 0, Errors: 0, Skipped: 0, Time elapsed: 0.096 sec - in org.xwiki.component.ProviderTest
Running org.xwiki.component.embed.EmbeddableComponentManagerTest
Tests run: 24, Failures: 0, Errors: 0, Skipped: 0, Time elapsed: 1.239 sec - in org.xwiki.component.embed.EmbeddableComponentManagerTest
Running org.xwiki.component.internal.StackingComponentEventManagerTest
Tests run: 1, Failures: 0, Errors: 0, Skipped: 0, Time elapsed: 0.068 sec - in org.xwiki.component.internal.StackingComponentEventManagerTest

Results :

Tests run: 41, Failures: 0, Errors: 0, Skipped: 0

[INFO] ------------------------------------------------------------------------
[INFO] BUILD SUCCESS
[INFO] ------------------------------------------------------------------------
[INFO] Total time: 35.556 s
[INFO] Finished at: 2018-10-02T07:35:04+02:00
[INFO] ------------------------------------------------------------------------
Writing HTML report to '/tmp/icst-2019/september-2018/dataset/xwiki-commons/xwiki-commons-core/xwiki-commons-component/xwiki-commons-component-default/target/clover/report'
Done. Processed 6 packages in 5006ms (834ms per package).
[INFO] /tmp/icst-2019/september-2018/dataset/xwiki-commons/xwiki-commons-core/xwiki-commons-component/xwiki-commons-component-default/src/main/java/org/xwiki/component/embed/EmbeddableComponentManager.java
[INFO] /tmp/icst-2019/september-2018/dataset/xwiki-commons_parent/xwiki-commons-core/xwiki-commons-component/xwiki-commons-component-default/src/main/java/org/xwiki/component/embed/EmbeddableComponentManager.java
[info] org.xwiki.component.embed.EmbeddableComponentManager:190 is modified.
[info] org.xwiki.component.embed.EmbeddableComponentManager:229 is modified.
[info] org.xwiki.component.embed.EmbeddableComponentManager:209 is modified.
[info] org.xwiki.component.embed.EmbeddableComponentManager:292 is modified.
[info] org.xwiki.component.embed.EmbeddableComponentManager:258 is modified.
[info] org.xwiki.component.embed.EmbeddableComponentManager:303 is modified.
[info] org.xwiki.component.embed.EmbeddableComponentManager:313 is modified.
[info] org.xwiki.component.embed.EmbeddableComponentManager:190 is modified.
[info] org.xwiki.component.embed.EmbeddableComponentManager:295 is modified.
[info] org.xwiki.component.embed.EmbeddableComponentManager:212 is modified.
[info] org.xwiki.component.embed.EmbeddableComponentManager:440 is modified.
[info] org.xwiki.component.embed.EmbeddableComponentManager:452 is modified.
[info] org.xwiki.component.embed.EmbeddableComponentManager:461 is modified.
[info] org.xwiki.component.embed.EmbeddableComponentManager:464 is modified.
[info] org.xwiki.component.embed.EmbeddableComponentManager:477 is modified.
[info] org.xwiki.component.embed.EmbeddableComponentManager:490 is modified.
[info] org.xwiki.component.embed.EmbeddableComponentManager:506 is modified.
[info] org.xwiki.component.embed.EmbeddableComponentManager:498 is modified.
[info] org.xwiki.component.embed.EmbeddableComponentManager:499 is modified.
[info] org.xwiki.component.embed.EmbeddableComponentManager:549 is modified.
[info] org.xwiki.component.embed.EmbeddableComponentManager:569 is modified.
[info] org.xwiki.component.embed.EmbeddableComponentManager:612 is modified.
[info] org.xwiki.component.embed.EmbeddableComponentManager:686 is modified.
[info] org.xwiki.component.embed.EmbeddableComponentManager:687 is modified.
[info] org.xwiki.component.embed.EmbeddableComponentManager:174 is modified.
[info] org.xwiki.component.embed.EmbeddableComponentManager:184 is modified.
[info] org.xwiki.component.embed.EmbeddableComponentManager:190 is modified.
[info] org.xwiki.component.embed.EmbeddableComponentManager:235 is modified.
[info] org.xwiki.component.embed.EmbeddableComponentManager:295 is modified.
[info] org.xwiki.component.embed.EmbeddableComponentManager:295 is modified.
[info] org.xwiki.component.embed.EmbeddableComponentManager:210 is modified.
[info] org.xwiki.component.embed.EmbeddableComponentManager:212 is modified.
[info] org.xwiki.component.embed.EmbeddableComponentManager:275 is modified.
[info] org.xwiki.component.embed.EmbeddableComponentManager:248 is modified.
[info] org.xwiki.component.embed.EmbeddableComponentManager:260 is modified.
[info] org.xwiki.component.embed.EmbeddableComponentManager:260 is modified.
[info] org.xwiki.component.embed.EmbeddableComponentManager:259 is modified.
[info] org.xwiki.component.embed.EmbeddableComponentManager:388 is modified.
[info] org.xwiki.component.embed.EmbeddableComponentManager:440 is modified.
[info] org.xwiki.component.embed.EmbeddableComponentManager:452 is modified.
[info] org.xwiki.component.embed.EmbeddableComponentManager:452 is modified.
[info] org.xwiki.component.embed.EmbeddableComponentManager:469 is modified.
[info] org.xwiki.component.embed.EmbeddableComponentManager:479 is modified.
[info] org.xwiki.component.embed.EmbeddableComponentManager:507 is modified.
[info] org.xwiki.component.embed.EmbeddableComponentManager:508 is modified.
[info] org.xwiki.component.embed.EmbeddableComponentManager:507 is modified.
[info] org.xwiki.component.embed.EmbeddableComponentManager:507 is modified.
[info] org.xwiki.component.embed.EmbeddableComponentManager:509 is modified.
[info] org.xwiki.component.embed.EmbeddableComponentManager:567 is modified.
[info] org.xwiki.component.embed.EmbeddableComponentManager:564 is modified.
[info] org.xwiki.component.embed.EmbeddableComponentManager:564 is modified.
[info] org.xwiki.component.embed.EmbeddableComponentManager:594 is modified.
[info] org.xwiki.component.embed.EmbeddableComponentManager:606 is modified.
[info] org.xwiki.component.embed.EmbeddableComponentManager:631 is modified.
[info] org.xwiki.component.embed.EmbeddableComponentManager:612 is modified.
[info] org.xwiki.component.embed.EmbeddableComponentManager:631 is modified.
[info] org.xwiki.component.embed.EmbeddableComponentManager:631 is modified.
[info] org.xwiki.component.embed.EmbeddableComponentManager:675 is modified.
[info] org.xwiki.component.embed.EmbeddableComponentManager:686 is modified.
[info] org.xwiki.component.embed.EmbeddableComponentManager:686 is modified.
[info] org.xwiki.component.embed.EmbeddableComponentManager:687 is modified.
[info] org.xwiki.component.embed.EmbeddableComponentManager:699 is modified.
[info] org.xwiki.component.embed.EmbeddableComponentManager:699 is modified.
[info] org.xwiki.component.embed.EmbeddableComponentManager:688 is modified.
[info] org.xwiki.component.embed.EmbeddableComponentManager:174 is modified.
[info] org.xwiki.component.embed.EmbeddableComponentManager:184 is modified.
[info] org.xwiki.component.embed.EmbeddableComponentManager:190 is modified.
[info] org.xwiki.component.embed.EmbeddableComponentManager:231 is modified.
[info] org.xwiki.component.embed.EmbeddableComponentManager:249 is modified.
[info] org.xwiki.component.embed.EmbeddableComponentManager:212 is modified.
[info] org.xwiki.component.embed.EmbeddableComponentManager:239 is modified.
[info] org.xwiki.component.embed.EmbeddableComponentManager:259 is modified.
[info] org.xwiki.component.embed.EmbeddableComponentManager:391 is modified.
[info] org.xwiki.component.embed.EmbeddableComponentManager:398 is modified.
[info] org.xwiki.component.embed.EmbeddableComponentManager:461 is modified.
[info] org.xwiki.component.embed.EmbeddableComponentManager:461 is modified.
[info] org.xwiki.component.embed.EmbeddableComponentManager:521 is modified.
[info] org.xwiki.component.embed.EmbeddableComponentManager:533 is modified.
[info] org.xwiki.component.embed.EmbeddableComponentManager:533 is modified.
[info] org.xwiki.component.embed.EmbeddableComponentManager:609 is modified.
[info] org.xwiki.component.embed.EmbeddableComponentManager:634 is modified.
[info] org.xwiki.component.embed.EmbeddableComponentManager:634 is modified.
[info] org.xwiki.component.embed.EmbeddableComponentManager:632 is modified.
[info] org.xwiki.component.embed.EmbeddableComponentManager:632 is modified.
[info] org.xwiki.component.embed.EmbeddableComponentManager:687 is modified.
[info] org.xwiki.component.embed.EmbeddableComponentManager:212 is modified.
[info] org.xwiki.component.embed.EmbeddableComponentManager:213 is modified.
[info] org.xwiki.component.embed.EmbeddableComponentManager:297 is modified.
[info] org.xwiki.component.embed.EmbeddableComponentManager:259 is modified.
[info] org.xwiki.component.embed.EmbeddableComponentManager:260 is modified.
[info] org.xwiki.component.embed.EmbeddableComponentManager:196 is modified.
[info] org.xwiki.component.embed.EmbeddableComponentManager:501 is modified.
[info] org.xwiki.component.embed.EmbeddableComponentManager:688 is modified.
[info] org.xwiki.component.embed.EmbeddableComponentManager:689 is modified.
[info] org.xwiki.component.embed.EmbeddableComponentManager:237 is modified.
[info] org.xwiki.component.embed.EmbeddableComponentManager:250 is modified.
[info] org.xwiki.component.embed.EmbeddableComponentManager:260 is modified.
[info] org.xwiki.component.embed.EmbeddableComponentManager:394 is modified.
[info] org.xwiki.component.embed.EmbeddableComponentManager:399 is modified.
[info] org.xwiki.component.embed.EmbeddableComponentManager:401 is modified.
[info] org.xwiki.component.embed.EmbeddableComponentManager:500 is modified.
[info] org.xwiki.component.embed.EmbeddableComponentManager:298 is modified.
[info] org.xwiki.component.embed.EmbeddableComponentManager:688 is modified.
[info] org.xwiki.component.embed.EmbeddableComponentManager:214 is modified.
[info] org.xwiki.component.embed.EmbeddableComponentManager:205 is modified.
[info] org.xwiki.component.embed.EmbeddableComponentManager:260 is modified.
[info] org.xwiki.component.embed.EmbeddableComponentManager:394 is modified.
[info] org.xwiki.component.embed.EmbeddableComponentManager:399 is modified.
[info] org.xwiki.component.embed.EmbeddableComponentManager:401 is modified.
[info] org.xwiki.component.embed.EmbeddableComponentManager:502 is modified.
[info] org.xwiki.component.embed.EmbeddableComponentManager:689 is modified.
[info] org.xwiki.component.embed.EmbeddableComponentManager:239 is modified.
[info] org.xwiki.component.embed.EmbeddableComponentManager:240 is modified.
[info] org.xwiki.component.embed.EmbeddableComponentManager:237 is modified.
[info] org.xwiki.component.embed.EmbeddableComponentManager:394 is modified.
[info] org.xwiki.component.embed.EmbeddableComponentManager:248 is modified.
[info] org.xwiki.component.embed.EmbeddableComponentManager:399 is modified.
[info] org.xwiki.component.embed.EmbeddableComponentManager:399 is modified.
[info] org.xwiki.component.embed.EmbeddableComponentManager:661 is modified.
[info] org.xwiki.component.embed.EmbeddableComponentManager:200 is modified.
[info] org.xwiki.component.embed.EmbeddableComponentManager:395 is modified.
[info] org.xwiki.component.embed.EmbeddableComponentManager:399 is modified.
[info] org.xwiki.component.embed.EmbeddableComponentManager:174 is modified.
[info] org.xwiki.component.embed.EmbeddableComponentManager:192 is modified.
[info] org.xwiki.component.embed.EmbeddableComponentManager:192 is modified.
[info] org.xwiki.component.embed.EmbeddableComponentManager:192 is modified.
[info] org.xwiki.component.embed.EmbeddableComponentManager:199 is modified.
[info] org.xwiki.component.embed.EmbeddableComponentManager:198 is modified.
[info] org.xwiki.component.embed.EmbeddableComponentManager:198 is modified.
[info] org.xwiki.component.embed.EmbeddableComponentManager:195 is modified.
[info] org.xwiki.component.embed.EmbeddableComponentManager:205 is modified.
[info] org.xwiki.component.embed.EmbeddableComponentManager:205 is modified.
[info] org.xwiki.component.embed.EmbeddableComponentManager:207 is modified.
[info] org.xwiki.component.embed.EmbeddableComponentManager:207 is modified.
[info] org.xwiki.component.embed.EmbeddableComponentManager:204 is modified.
[info] org.xwiki.component.embed.EmbeddableComponentManager:194 is modified.
[info] org.xwiki.component.embed.EmbeddableComponentManager:231 is modified.
[info] org.xwiki.component.embed.EmbeddableComponentManager:231 is modified.
[info] org.xwiki.component.embed.EmbeddableComponentManager:235 is modified.
[info] org.xwiki.component.embed.EmbeddableComponentManager:236 is modified.
[info] org.xwiki.component.embed.EmbeddableComponentManager:235 is modified.
[info] org.xwiki.component.embed.EmbeddableComponentManager:234 is modified.
[info] org.xwiki.component.embed.EmbeddableComponentManager:263 is modified.
[info] org.xwiki.component.embed.EmbeddableComponentManager:263 is modified.
[info] org.xwiki.component.embed.EmbeddableComponentManager:260 is modified.
[info] org.xwiki.component.embed.EmbeddableComponentManager:260 is modified.
[info] org.xwiki.component.embed.EmbeddableComponentManager:262 is modified.
[info] org.xwiki.component.embed.EmbeddableComponentManager:266 is modified.
[info] org.xwiki.component.embed.EmbeddableComponentManager:297 is modified.
[info] org.xwiki.component.embed.EmbeddableComponentManager:298 is modified.
[info] org.xwiki.component.embed.EmbeddableComponentManager:297 is modified.
[info] org.xwiki.component.embed.EmbeddableComponentManager:472 is modified.
[info] org.xwiki.component.embed.EmbeddableComponentManager:472 is modified.
[info] org.xwiki.component.embed.EmbeddableComponentManager:472 is modified.
[info] org.xwiki.component.embed.EmbeddableComponentManager:472 is modified.
[info] org.xwiki.component.embed.EmbeddableComponentManager:474 is modified.
[info] org.xwiki.component.embed.EmbeddableComponentManager:474 is modified.
[info] org.xwiki.component.embed.EmbeddableComponentManager:475 is modified.
[info] org.xwiki.component.embed.EmbeddableComponentManager:475 is modified.
[info] org.xwiki.component.embed.EmbeddableComponentManager:473 is modified.
[info] org.xwiki.component.embed.EmbeddableComponentManager:477 is modified.
[info] org.xwiki.component.embed.EmbeddableComponentManager:507 is modified.
[info] org.xwiki.component.embed.EmbeddableComponentManager:508 is modified.
[info] org.xwiki.component.embed.EmbeddableComponentManager:508 is modified.
[info] org.xwiki.component.embed.EmbeddableComponentManager:507 is modified.
[info] org.xwiki.component.embed.EmbeddableComponentManager:532 is modified.
[info] org.xwiki.component.embed.EmbeddableComponentManager:531 is modified.
[info] org.xwiki.component.embed.EmbeddableComponentManager:564 is modified.
[info] org.xwiki.component.embed.EmbeddableComponentManager:564 is modified.
[info] org.xwiki.component.embed.EmbeddableComponentManager:567 is modified.
[info] org.xwiki.component.embed.EmbeddableComponentManager:567 is modified.
[info] org.xwiki.component.embed.EmbeddableComponentManager:566 is modified.
[info] org.xwiki.component.embed.EmbeddableComponentManager:606 is modified.
[info] org.xwiki.component.embed.EmbeddableComponentManager:606 is modified.
[info] org.xwiki.component.embed.EmbeddableComponentManager:631 is modified.
[info] org.xwiki.component.embed.EmbeddableComponentManager:631 is modified.
[info] org.xwiki.component.embed.EmbeddableComponentManager:632 is modified.
[info] org.xwiki.component.embed.EmbeddableComponentManager:632 is modified.
[info] org.xwiki.component.embed.EmbeddableComponentManager:633 is modified.
[info] org.xwiki.component.embed.EmbeddableComponentManager:633 is modified.
[info] org.xwiki.component.embed.EmbeddableComponentManager:633 is modified.
[info] org.xwiki.component.embed.EmbeddableComponentManager:634 is modified.
[info] org.xwiki.component.embed.EmbeddableComponentManager:634 is modified.
[info] org.xwiki.component.embed.EmbeddableComponentManager:634 is modified.
[info] org.xwiki.component.embed.EmbeddableComponentManager:633 is modified.
[info] org.xwiki.component.embed.EmbeddableComponentManager:632 is modified.
[info] org.xwiki.component.embed.EmbeddableComponentManager:640 is modified.
[info] org.xwiki.component.embed.EmbeddableComponentManager:640 is modified.
[info] org.xwiki.component.embed.EmbeddableComponentManager:640 is modified.
[info] org.xwiki.component.embed.EmbeddableComponentManager:661 is modified.
[info] org.xwiki.component.embed.EmbeddableComponentManager:661 is modified.
[info] org.xwiki.component.embed.EmbeddableComponentManager:675 is modified.
[info] org.xwiki.component.embed.EmbeddableComponentManager:675 is modified.
[info] org.xwiki.component.embed.EmbeddableComponentManager:675 is modified.
[info] org.xwiki.component.embed.EmbeddableComponentManager:699 is modified.
[info] org.xwiki.component.embed.EmbeddableComponentManager:699 is modified.
[info] org.xwiki.component.embed.EmbeddableComponentManager:699 is modified.
[info] org.xwiki.component.embed.EmbeddableComponentManager:709 is modified.
[info] org.xwiki.component.embed.EmbeddableComponentManager:438 covered.
[info] org.xwiki.component.embed.EmbeddableComponentManager:190 covered.
[info] org.xwiki.component.embed.EmbeddableComponentManager:229 covered.
[info] org.xwiki.component.embed.EmbeddableComponentManager:212 covered.
[info] org.xwiki.component.embed.EmbeddableComponentManager:461 covered.
[info] org.xwiki.component.embed.EmbeddableComponentManager:464 covered.
[info] org.xwiki.component.embed.EmbeddableComponentManager:477 covered.
[info] org.xwiki.component.embed.EmbeddableComponentManager:569 covered.
[info] org.xwiki.component.embed.EmbeddableComponentManager:174 covered.
[info] org.xwiki.component.embed.EmbeddableComponentManager:184 covered.
[info] org.xwiki.component.embed.EmbeddableComponentManager:235 covered.
[info] org.xwiki.component.embed.EmbeddableComponentManager:255 covered.
[info] org.xwiki.component.embed.EmbeddableComponentManager:260 covered.
[info] org.xwiki.component.embed.EmbeddableComponentManager:383 covered.
[info] org.xwiki.component.embed.EmbeddableComponentManager:194 covered.
[info] org.xwiki.component.embed.EmbeddableComponentManager:469 covered.
[info] org.xwiki.component.embed.EmbeddableComponentManager:472 covered.
[info] org.xwiki.component.embed.EmbeddableComponentManager:567 covered.
[info] org.xwiki.component.embed.EmbeddableComponentManager:564 covered.
[info] org.xwiki.component.embed.EmbeddableComponentManager:594 covered.
[info] org.xwiki.component.embed.EmbeddableComponentManager:231 covered.
[info] org.xwiki.component.embed.EmbeddableComponentManager:262 covered.
[info] org.xwiki.component.embed.EmbeddableComponentManager:475 covered.
[info] org.xwiki.component.embed.EmbeddableComponentManager:391 covered.
[info] org.xwiki.component.embed.EmbeddableComponentManager:178 covered.
[info] org.xwiki.component.embed.EmbeddableComponentManager:196 covered.
[info] org.xwiki.component.embed.EmbeddableComponentManager:393 covered.
[info] org.xwiki.component.embed.EmbeddableComponentManager:246 covered.
[info] org.xwiki.component.embed.EmbeddableComponentManager:237 covered.
[info] org.xwiki.component.embed.EmbeddableComponentManager:263 covered.
[info] org.xwiki.component.embed.EmbeddableComponentManager:394 covered.
[info] org.xwiki.component.embed.EmbeddableComponentManager:192 covered.
[info] org.xwiki.component.embed.EmbeddableComponentManager:195 covered.
[info] org.xwiki.component.embed.EmbeddableComponentManager:234 covered.
[info] org.xwiki.component.embed.EmbeddableComponentManager:236 covered.
[info] org.xwiki.component.embed.EmbeddableComponentManager:266 covered.
[info] org.xwiki.component.embed.EmbeddableComponentManager:473 covered.
[info] org.xwiki.component.embed.EmbeddableComponentManager:474 covered.
[info] org.xwiki.component.embed.EmbeddableComponentManager:566 covered.
[info] org.xwiki.component.embed.EmbeddableComponentManager:198 covered.
[info] org.xwiki.component.embed.EmbeddableComponentManager:490 covered.
[info] org.xwiki.component.embed.EmbeddableComponentManager:204 covered.
[info] org.xwiki.component.embed.EmbeddableComponentManager:205 covered.
[info] org.xwiki.component.embed.EmbeddableComponentManager:248 covered.
[info] org.xwiki.component.embed.EmbeddableComponentManager:249 covered.
[info] org.xwiki.component.embed.EmbeddableComponentManager:207 covered.
[info] org.xwiki.component.embed.EmbeddableComponentManager:606 covered.
[info] org.xwiki.component.embed.EmbeddableComponentManager:631 covered.
[info] org.xwiki.component.embed.EmbeddableComponentManager:675 covered.
[info] org.xwiki.component.embed.EmbeddableComponentManager:682 covered.
[info] org.xwiki.component.embed.EmbeddableComponentManager:699 covered.
[info] org.xwiki.component.embed.EmbeddableComponentManager:634 covered.
[info] org.xwiki.component.embed.EmbeddableComponentManager:632 covered.
[info] org.xwiki.component.embed.EmbeddableComponentManager:651 covered.
[info] org.xwiki.component.embed.EmbeddableComponentManager:633 covered.
[info] org.xwiki.component.embed.EmbeddableComponentManager:640 covered.
[info] org.xwiki.component.embed.EmbeddableComponentManager:292 covered.
[info] org.xwiki.component.embed.EmbeddableComponentManager:303 covered.
[info] org.xwiki.component.embed.EmbeddableComponentManager:313 covered.
[info] org.xwiki.component.embed.EmbeddableComponentManager:295 covered.
[info] org.xwiki.component.embed.EmbeddableComponentManager:297 covered.
[info] org.xwiki.component.embed.EmbeddableComponentManager:296 covered.
[info] org.xwiki.component.embed.EmbeddableComponentManager:298 covered.
[info] org.xwiki.component.embed.EmbeddableComponentManager:709 covered.
[info] org.xwiki.component.embed.EmbeddableComponentManager:506 covered.
[info] org.xwiki.component.embed.EmbeddableComponentManager:507 covered.
[info] org.xwiki.component.embed.EmbeddableComponentManager:508 covered.
[info] org.xwiki.component.embed.EmbeddableComponentManager:509 covered.
[info] org.xwiki.component.embed.EmbeddableComponentManager:519 covered.
[info] org.xwiki.component.embed.EmbeddableComponentManager:521 covered.
[info] org.xwiki.component.embed.EmbeddableComponentManager:533 covered.
[info] org.xwiki.component.embed.EmbeddableComponentManager:510 covered.
[info] org.xwiki.component.embed.EmbeddableComponentManager:531 covered.
[info] org.xwiki.component.embed.EmbeddableComponentManager:532 covered.
[info] org.xwiki.component.embed.EmbeddableComponentManager:398 covered.
[info] org.xwiki.component.embed.EmbeddableComponentManager:399 covered.
[info] org.xwiki.component.embed.EmbeddableComponentManager:168 covered.
[info] org.xwiki.component.embed.EmbeddableComponentManager:683 covered.
[info] org.xwiki.component.embed.EmbeddableComponentManager:686 covered.
[info] org.xwiki.component.embed.EmbeddableComponentManager:275 covered.
[info] org.xwiki.component.embed.EmbeddableComponentManager:661 covered.
[INFO] /tmp/icst-2019/september-2018/dataset/xwiki-commons/xwiki-commons-core/xwiki-commons-component/xwiki-commons-component-default/src/main/java/org/xwiki/component/internal/RoleHint.java
[INFO] /tmp/icst-2019/september-2018/dataset/xwiki-commons_parent/xwiki-commons-core/xwiki-commons-component/xwiki-commons-component-default/src/main/java/org/xwiki/component/internal/RoleHint.java
[info] org.xwiki.component.internal.RoleHint:69 covered.
[INFO] /tmp/icst-2019/september-2018/dataset/xwiki-commons/xwiki-commons-core/xwiki-commons-component/xwiki-commons-component-default/src/test/java/org/xwiki/component/ProviderTest.java
[INFO] /tmp/icst-2019/september-2018/dataset/xwiki-commons_parent/xwiki-commons-core/xwiki-commons-component/xwiki-commons-component-default/src/test/java/org/xwiki/component/ProviderTest.java
[INFO] Saving result in /tmp/icst-2019/september-2018/result/xwiki-commons/commit_11_8f82e34/commit_coverage_testsThatExecuteTheChanges.csv ...
[INFO] org.xwiki.component.ProviderTest;loadAndInjectProviders;loadAndInjectProviderWhenExceptionInInitialize
org.xwiki.component.embed.EmbeddableComponentManagerTest;testUnregisterDisposableSingletonComponent;testGetInstanceWhenComponentInParent;testRegisterComponentNotificationOnSecondRegistration;testUnregisterComponentNotification;testRegisterComponentInstance;testGetInstanceListAndMapWhenSomeComponentsInParent;testRegisterInitializableComponent;testRegisterComponentNotification;testUnregisterComponent;diposeWhenImplementationIsECM;testGetComponentDescriptorList;testRelease;testComponentDescriptorInjection;testLookupThisComponentManager;testHasComponent;testDispose;testRegisterComponentOverExistingOne;testLoggingInjection;getComponentDescriptorWhenSomeComponentsInParent;getComponentDescriptorListInParent;testReleaseDisposableComponent;testHasComponentWhenComponentInParent;getComponentDescriptorInParent;testUnregisterDisposableSingletonComponentWithInstance
[INFO] Writing Coverage in /tmp/icst-2019/september-2018/result/xwiki-commons/commit_11_8f82e34/commit_coverage_testsThatExecuteTheChanges_coverage.csv
[INFO] org.xwiki.component.embed.EmbeddableComponentManager;81;96

[INFO] ------------------------------------------------------------------------
[INFO] BUILD FAILURE
[INFO] ------------------------------------------------------------------------
[INFO] Total time: 58.338 s
[INFO] Finished at: 2018-10-02T07:35:18+02:00
[INFO] ------------------------------------------------------------------------
[ERROR] Failed to execute goal eu.stamp-project:diff-test-selection:0.5-SNAPSHOT:list (default-cli) on project xwiki-commons-component-default: Execution default-cli of goal eu.stamp-project:diff-test-selection:0.5-SNAPSHOT:list failed.: NullPointerException -> [Help 1]
[ERROR] 
[ERROR] To see the full stack trace of the errors, re-run Maven with the -e switch.
[ERROR] Re-run Maven using the -X switch to enable full debug logging.
[ERROR] 
[ERROR] For more information about the errors and possible solutions, please read the following articles:
[ERROR] [Help 1] http://cwiki.apache.org/confluence/display/MAVEN/PluginExecutionException
[INFO] 2018-10-02 07:35:19 RepositoriesSetter - {/tmp/icst-2019/september-2018/dataset/xwiki-commons} Cleaning local repository...
[INFO] 2018-10-02 07:35:21 RepositoriesSetter - Checkout 7ee5210fed142e81b3323640a6bb478e7b8f7286 revision...
[INFO] 2018-10-02 07:35:22 RepositoriesSetter - {/tmp/icst-2019/september-2018/dataset/xwiki-commons_parent} Cleaning local repository...
[INFO] 2018-10-02 07:35:22 RepositoriesSetter - Checkout 6287cb5d5a0f3f0bbe7dcbe568f2531bdea91ed1 revision...
