[[1;34mINFO[m] Scanning for projects...
[[1;34mINFO[m] 
[[1;34mINFO[m] [1m--------------------------< [0;36morg.jsoup:jsoup[0;1m >---------------------------[m
[[1;34mINFO[m] [1mBuilding jsoup Java HTML Parser 1.12.1-SNAPSHOT[m
[[1;34mINFO[m] [1m--------------------------------[ jar ]---------------------------------[m
[[1;34mINFO[m] 
[[1;34mINFO[m] [1m--- [0;32mmaven-clean-plugin:2.5:clean[m [1m(default-clean)[m @ [36mjsoup[0;1m ---[m
[[1;34mINFO[m] 
[[1;34mINFO[m] [1m--- [0;32mdiff-test-selection:0.5-SNAPSHOT:list[m [1m(default-cli)[m @ [36mjsoup[0;1m ---[m
[[1;34mINFO[m] Computing coverage for /home/bdanglot/workspace/icst-2019/september-2018/dataset/jsoup_parent
[WARN] Maven will be executed in interactive mode, but no input stream has been configured for this MavenInvoker instance.
[[1;34mINFO[m] Scanning for projects...
[[1;34mINFO[m] 
[[1;34mINFO[m] [1m--------------------------< [0;36morg.jsoup:jsoup[0;1m >---------------------------[m
[[1;34mINFO[m] [1mBuilding jsoup Java HTML Parser 1.12.1-SNAPSHOT[m
[[1;34mINFO[m] [1m--------------------------------[ jar ]---------------------------------[m
Downloading from central: https://repo.maven.apache.org/maven2/org/codehaus/mojo/animal-sniffer-maven-plugin/1.16/animal-sniffer-maven-plugin-1.16.pom
Progress (1): 2.2/5.6 kB
Progress (1): 5.0/5.6 kB
Progress (1): 5.6 kB    
                    
Downloaded from central: https://repo.maven.apache.org/maven2/org/codehaus/mojo/animal-sniffer-maven-plugin/1.16/animal-sniffer-maven-plugin-1.16.pom (5.6 kB at 8.8 kB/s)
Downloading from central: https://repo.maven.apache.org/maven2/org/codehaus/mojo/animal-sniffer-parent/1.16/animal-sniffer-parent-1.16.pom
Progress (1): 2.2/5.6 kB
Progress (1): 5.0/5.6 kB
Progress (1): 5.6 kB    
                    
Downloaded from central: https://repo.maven.apache.org/maven2/org/codehaus/mojo/animal-sniffer-parent/1.16/animal-sniffer-parent-1.16.pom (5.6 kB at 154 kB/s)
Downloading from central: https://repo.maven.apache.org/maven2/org/codehaus/mojo/animal-sniffer-maven-plugin/1.16/animal-sniffer-maven-plugin-1.16.jar
Progress (1): 2.2/33 kB
Progress (1): 5.0/33 kB
Progress (1): 7.7/33 kB
Progress (1): 10/33 kB 
Progress (1): 13/33 kB
Progress (1): 16/33 kB
Progress (1): 19/33 kB
Progress (1): 21/33 kB
Progress (1): 24/33 kB
Progress (1): 27/33 kB
Progress (1): 30/33 kB
Progress (1): 32/33 kB
Progress (1): 33 kB   
                   
Downloaded from central: https://repo.maven.apache.org/maven2/org/codehaus/mojo/animal-sniffer-maven-plugin/1.16/animal-sniffer-maven-plugin-1.16.jar (33 kB at 887 kB/s)
Downloading from central: https://repo.maven.apache.org/maven2/org/apache/felix/maven-bundle-plugin/2.5.4/maven-bundle-plugin-2.5.4.pom
Progress (1): 2.2/5.7 kB
Progress (1): 5.0/5.7 kB
Progress (1): 5.7 kB    
                    
Downloaded from central: https://repo.maven.apache.org/maven2/org/apache/felix/maven-bundle-plugin/2.5.4/maven-bundle-plugin-2.5.4.pom (5.7 kB at 246 kB/s)
Downloading from central: https://repo.maven.apache.org/maven2/org/apache/felix/maven-bundle-plugin/2.5.4/maven-bundle-plugin-2.5.4.jar
Progress (1): 2.2/170 kB
Progress (1): 5.0/170 kB
Progress (1): 7.7/170 kB
Progress (1): 10/170 kB 
Progress (1): 13/170 kB
Progress (1): 16/170 kB
Progress (1): 19/170 kB
Progress (1): 21/170 kB
Progress (1): 24/170 kB
Progress (1): 27/170 kB
Progress (1): 30/170 kB
Progress (1): 32/170 kB
Progress (1): 36/170 kB
Progress (1): 40/170 kB
Progress (1): 45/170 kB
Progress (1): 49/170 kB
Progress (1): 53/170 kB
Progress (1): 57/170 kB
Progress (1): 61/170 kB
Progress (1): 65/170 kB
Progress (1): 69/170 kB
Progress (1): 73/170 kB
Progress (1): 77/170 kB
Progress (1): 81/170 kB
Progress (1): 85/170 kB
Progress (1): 90/170 kB
Progress (1): 94/170 kB
Progress (1): 98/170 kB
Progress (1): 102/170 kB
Progress (1): 106/170 kB
Progress (1): 110/170 kB
Progress (1): 114/170 kB
Progress (1): 118/170 kB
Progress (1): 122/170 kB
Progress (1): 126/170 kB
Progress (1): 131/170 kB
Progress (1): 135/170 kB
Progress (1): 139/170 kB
Progress (1): 143/170 kB
Progress (1): 147/170 kB
Progress (1): 151/170 kB
Progress (1): 155/170 kB
Progress (1): 159/170 kB
Progress (1): 163/170 kB
Progress (1): 167/170 kB
Progress (1): 170 kB    
                    
Downloaded from central: https://repo.maven.apache.org/maven2/org/apache/felix/maven-bundle-plugin/2.5.4/maven-bundle-plugin-2.5.4.jar (170 kB at 2.7 MB/s)
Downloading from central: https://repo.maven.apache.org/maven2/org/eclipse/jetty/jetty-server/9.2.22.v20170606/jetty-server-9.2.22.v20170606.pom
Progress (1): 2.2/4.1 kB
Progress (1): 4.1 kB    
                    
Downloaded from central: https://repo.maven.apache.org/maven2/org/eclipse/jetty/jetty-server/9.2.22.v20170606/jetty-server-9.2.22.v20170606.pom (4.1 kB at 146 kB/s)
Downloading from central: https://repo.maven.apache.org/maven2/org/eclipse/jetty/jetty-project/9.2.22.v20170606/jetty-project-9.2.22.v20170606.pom
Progress (1): 2.2/44 kB
Progress (1): 5.0/44 kB
Progress (1): 7.8/44 kB
Progress (1): 11/44 kB 
Progress (1): 13/44 kB
Progress (1): 16/44 kB
Progress (1): 19/44 kB
Progress (1): 21/44 kB
Progress (1): 24/44 kB
Progress (1): 27/44 kB
Progress (1): 30/44 kB
Progress (1): 32/44 kB
Progress (1): 36/44 kB
Progress (1): 40/44 kB
Progress (1): 44 kB   
                   
Downloaded from central: https://repo.maven.apache.org/maven2/org/eclipse/jetty/jetty-project/9.2.22.v20170606/jetty-project-9.2.22.v20170606.pom (44 kB at 1.7 MB/s)
Downloading from central: https://repo.maven.apache.org/maven2/org/eclipse/jetty/jetty-parent/23/jetty-parent-23.pom
Progress (1): 4.1/22 kB
Progress (1): 8.2/22 kB
Progress (1): 12/22 kB 
Progress (1): 16/22 kB
Progress (1): 20/22 kB
Progress (1): 22 kB   
                   
Downloaded from central: https://repo.maven.apache.org/maven2/org/eclipse/jetty/jetty-parent/23/jetty-parent-23.pom (22 kB at 1.4 MB/s)
Downloading from central: https://repo.maven.apache.org/maven2/javax/servlet/javax.servlet-api/3.1.0/javax.servlet-api-3.1.0.pom
Progress (1): 2.8/14 kB
Progress (1): 5.5/14 kB
Progress (1): 8.3/14 kB
Progress (1): 11/14 kB 
Progress (1): 14 kB   
                   
Downloaded from central: https://repo.maven.apache.org/maven2/javax/servlet/javax.servlet-api/3.1.0/javax.servlet-api-3.1.0.pom (14 kB at 796 kB/s)
Downloading from central: https://repo.maven.apache.org/maven2/org/eclipse/jetty/jetty-http/9.2.22.v20170606/jetty-http-9.2.22.v20170606.pom
Progress (1): 2.2/2.5 kB
Progress (1): 2.5 kB    
                    
Downloaded from central: https://repo.maven.apache.org/maven2/org/eclipse/jetty/jetty-http/9.2.22.v20170606/jetty-http-9.2.22.v20170606.pom (2.5 kB at 133 kB/s)
Downloading from central: https://repo.maven.apache.org/maven2/org/eclipse/jetty/jetty-util/9.2.22.v20170606/jetty-util-9.2.22.v20170606.pom
Progress (1): 2.2/3.6 kB
Progress (1): 3.6 kB    
                    
Downloaded from central: https://repo.maven.apache.org/maven2/org/eclipse/jetty/jetty-util/9.2.22.v20170606/jetty-util-9.2.22.v20170606.pom (3.6 kB at 225 kB/s)
Downloading from central: https://repo.maven.apache.org/maven2/org/eclipse/jetty/jetty-io/9.2.22.v20170606/jetty-io-9.2.22.v20170606.pom
Progress (1): 2.2/2.3 kB
Progress (1): 2.3 kB    
                    
Downloaded from central: https://repo.maven.apache.org/maven2/org/eclipse/jetty/jetty-io/9.2.22.v20170606/jetty-io-9.2.22.v20170606.pom (2.3 kB at 153 kB/s)
Downloading from central: https://repo.maven.apache.org/maven2/org/eclipse/jetty/jetty-servlet/9.2.22.v20170606/jetty-servlet-9.2.22.v20170606.pom
Progress (1): 2.2/3.3 kB
Progress (1): 3.3 kB    
                    
Downloaded from central: https://repo.maven.apache.org/maven2/org/eclipse/jetty/jetty-servlet/9.2.22.v20170606/jetty-servlet-9.2.22.v20170606.pom (3.3 kB at 164 kB/s)
Downloading from central: https://repo.maven.apache.org/maven2/org/eclipse/jetty/jetty-security/9.2.22.v20170606/jetty-security-9.2.22.v20170606.pom
Progress (1): 2.2/2.8 kB
Progress (1): 2.8 kB    
                    
Downloaded from central: https://repo.maven.apache.org/maven2/org/eclipse/jetty/jetty-security/9.2.22.v20170606/jetty-security-9.2.22.v20170606.pom (2.8 kB at 214 kB/s)
Downloading from central: https://repo.maven.apache.org/maven2/org/eclipse/jetty/jetty-server/9.2.22.v20170606/jetty-server-9.2.22.v20170606.jar
Downloading from central: https://repo.maven.apache.org/maven2/javax/servlet/javax.servlet-api/3.1.0/javax.servlet-api-3.1.0.jar
Downloading from central: https://repo.maven.apache.org/maven2/org/eclipse/jetty/jetty-util/9.2.22.v20170606/jetty-util-9.2.22.v20170606.jar
Downloading from central: https://repo.maven.apache.org/maven2/org/eclipse/jetty/jetty-io/9.2.22.v20170606/jetty-io-9.2.22.v20170606.jar
Downloading from central: https://repo.maven.apache.org/maven2/org/eclipse/jetty/jetty-http/9.2.22.v20170606/jetty-http-9.2.22.v20170606.jar
Progress (1): 2.2/421 kB
Progress (1): 5.0/421 kB
Progress (1): 7.7/421 kB
Progress (1): 10/421 kB 
Progress (1): 13/421 kB
Progress (1): 16/421 kB
Progress (1): 19/421 kB
Progress (2): 19/421 kB | 2.2/96 kB
Progress (2): 21/421 kB | 2.2/96 kB
Progress (2): 24/421 kB | 2.2/96 kB
Progress (2): 27/421 kB | 2.2/96 kB
Progress (2): 30/421 kB | 2.2/96 kB
Progress (2): 32/421 kB | 2.2/96 kB
Progress (2): 32/421 kB | 5.0/96 kB
Progress (3): 32/421 kB | 5.0/96 kB | 2.2/382 kB
Progress (3): 32/421 kB | 5.0/96 kB | 5.0/382 kB
Progress (3): 32/421 kB | 7.7/96 kB | 5.0/382 kB
Progress (3): 32/421 kB | 10/96 kB | 5.0/382 kB 
Progress (3): 32/421 kB | 13/96 kB | 5.0/382 kB
Progress (3): 32/421 kB | 16/96 kB | 5.0/382 kB
Progress (3): 32/421 kB | 19/96 kB | 5.0/382 kB
Progress (3): 32/421 kB | 19/96 kB | 7.7/382 kB
Progress (4): 32/421 kB | 19/96 kB | 7.7/382 kB | 2.2/108 kB
Progress (4): 36/421 kB | 19/96 kB | 7.7/382 kB | 2.2/108 kB
Progress (5): 36/421 kB | 19/96 kB | 7.7/382 kB | 2.2/108 kB | 2.2/127 kB
Progress (5): 40/421 kB | 19/96 kB | 7.7/382 kB | 2.2/108 kB | 2.2/127 kB
Progress (5): 40/421 kB | 21/96 kB | 7.7/382 kB | 2.2/108 kB | 2.2/127 kB
Progress (5): 40/421 kB | 21/96 kB | 10/382 kB | 2.2/108 kB | 2.2/127 kB 
Progress (5): 40/421 kB | 24/96 kB | 10/382 kB | 2.2/108 kB | 2.2/127 kB
Progress (5): 45/421 kB | 24/96 kB | 10/382 kB | 2.2/108 kB | 2.2/127 kB
Progress (5): 45/421 kB | 24/96 kB | 10/382 kB | 2.2/108 kB | 5.0/127 kB
Progress (5): 45/421 kB | 24/96 kB | 10/382 kB | 5.0/108 kB | 5.0/127 kB
Progress (5): 49/421 kB | 24/96 kB | 10/382 kB | 5.0/108 kB | 5.0/127 kB
Progress (5): 49/421 kB | 24/96 kB | 10/382 kB | 5.0/108 kB | 7.7/127 kB
Progress (5): 49/421 kB | 27/96 kB | 10/382 kB | 5.0/108 kB | 7.7/127 kB
Progress (5): 49/421 kB | 27/96 kB | 13/382 kB | 5.0/108 kB | 7.7/127 kB
Progress (5): 53/421 kB | 27/96 kB | 13/382 kB | 5.0/108 kB | 7.7/127 kB
Progress (5): 53/421 kB | 30/96 kB | 13/382 kB | 5.0/108 kB | 7.7/127 kB
Progress (5): 53/421 kB | 30/96 kB | 13/382 kB | 5.0/108 kB | 10/127 kB 
Progress (5): 53/421 kB | 30/96 kB | 13/382 kB | 7.7/108 kB | 10/127 kB
Progress (5): 53/421 kB | 30/96 kB | 13/382 kB | 7.7/108 kB | 13/127 kB
Progress (5): 53/421 kB | 30/96 kB | 16/382 kB | 7.7/108 kB | 13/127 kB
Progress (5): 57/421 kB | 30/96 kB | 16/382 kB | 7.7/108 kB | 13/127 kB
Progress (5): 61/421 kB | 30/96 kB | 16/382 kB | 7.7/108 kB | 13/127 kB
Progress (5): 61/421 kB | 30/96 kB | 19/382 kB | 7.7/108 kB | 13/127 kB
Progress (5): 61/421 kB | 32/96 kB | 19/382 kB | 7.7/108 kB | 13/127 kB
Progress (5): 61/421 kB | 32/96 kB | 19/382 kB | 7.7/108 kB | 16/127 kB
Progress (5): 61/421 kB | 32/96 kB | 19/382 kB | 10/108 kB | 16/127 kB 
Progress (5): 61/421 kB | 32/96 kB | 19/382 kB | 10/108 kB | 19/127 kB
Progress (5): 61/421 kB | 32/96 kB | 21/382 kB | 10/108 kB | 19/127 kB
Progress (5): 65/421 kB | 32/96 kB | 21/382 kB | 10/108 kB | 19/127 kB
Progress (5): 65/421 kB | 32/96 kB | 24/382 kB | 10/108 kB | 19/127 kB
Progress (5): 65/421 kB | 32/96 kB | 24/382 kB | 10/108 kB | 21/127 kB
Progress (5): 65/421 kB | 36/96 kB | 24/382 kB | 10/108 kB | 21/127 kB
Progress (5): 65/421 kB | 36/96 kB | 24/382 kB | 13/108 kB | 21/127 kB
Progress (5): 65/421 kB | 36/96 kB | 24/382 kB | 13/108 kB | 24/127 kB
Progress (5): 65/421 kB | 40/96 kB | 24/382 kB | 13/108 kB | 24/127 kB
Progress (5): 69/421 kB | 40/96 kB | 24/382 kB | 13/108 kB | 24/127 kB
Progress (5): 69/421 kB | 40/96 kB | 27/382 kB | 13/108 kB | 24/127 kB
Progress (5): 73/421 kB | 40/96 kB | 27/382 kB | 13/108 kB | 24/127 kB
Progress (5): 77/421 kB | 40/96 kB | 27/382 kB | 13/108 kB | 24/127 kB
Progress (5): 77/421 kB | 45/96 kB | 27/382 kB | 13/108 kB | 24/127 kB
Progress (5): 77/421 kB | 45/96 kB | 27/382 kB | 13/108 kB | 27/127 kB
Progress (5): 77/421 kB | 45/96 kB | 27/382 kB | 16/108 kB | 27/127 kB
Progress (5): 77/421 kB | 45/96 kB | 27/382 kB | 16/108 kB | 30/127 kB
Progress (5): 77/421 kB | 49/96 kB | 27/382 kB | 16/108 kB | 30/127 kB
Progress (5): 81/421 kB | 49/96 kB | 27/382 kB | 16/108 kB | 30/127 kB
Progress (5): 81/421 kB | 49/96 kB | 30/382 kB | 16/108 kB | 30/127 kB
Progress (5): 81/421 kB | 53/96 kB | 30/382 kB | 16/108 kB | 30/127 kB
Progress (5): 85/421 kB | 53/96 kB | 30/382 kB | 16/108 kB | 30/127 kB
Progress (5): 85/421 kB | 53/96 kB | 30/382 kB | 19/108 kB | 30/127 kB
Progress (5): 85/421 kB | 53/96 kB | 30/382 kB | 19/108 kB | 32/127 kB
Progress (5): 85/421 kB | 53/96 kB | 30/382 kB | 21/108 kB | 32/127 kB
Progress (5): 85/421 kB | 53/96 kB | 30/382 kB | 21/108 kB | 36/127 kB
Progress (5): 85/421 kB | 57/96 kB | 30/382 kB | 21/108 kB | 36/127 kB
Progress (5): 90/421 kB | 57/96 kB | 30/382 kB | 21/108 kB | 36/127 kB
Progress (5): 90/421 kB | 57/96 kB | 32/382 kB | 21/108 kB | 36/127 kB
Progress (5): 94/421 kB | 57/96 kB | 32/382 kB | 21/108 kB | 36/127 kB
Progress (5): 94/421 kB | 61/96 kB | 32/382 kB | 21/108 kB | 36/127 kB
Progress (5): 94/421 kB | 65/96 kB | 32/382 kB | 21/108 kB | 36/127 kB
Progress (5): 94/421 kB | 65/96 kB | 32/382 kB | 21/108 kB | 40/127 kB
Progress (5): 94/421 kB | 65/96 kB | 32/382 kB | 24/108 kB | 40/127 kB
Progress (5): 94/421 kB | 65/96 kB | 32/382 kB | 24/108 kB | 45/127 kB
Progress (5): 94/421 kB | 65/96 kB | 36/382 kB | 24/108 kB | 45/127 kB
Progress (5): 98/421 kB | 65/96 kB | 36/382 kB | 24/108 kB | 45/127 kB
Progress (5): 98/421 kB | 69/96 kB | 36/382 kB | 24/108 kB | 45/127 kB
Progress (5): 98/421 kB | 69/96 kB | 40/382 kB | 24/108 kB | 45/127 kB
Progress (5): 98/421 kB | 69/96 kB | 40/382 kB | 24/108 kB | 49/127 kB
Progress (5): 98/421 kB | 69/96 kB | 40/382 kB | 27/108 kB | 49/127 kB
Progress (5): 98/421 kB | 69/96 kB | 40/382 kB | 30/108 kB | 49/127 kB
Progress (5): 98/421 kB | 73/96 kB | 40/382 kB | 30/108 kB | 49/127 kB
Progress (5): 98/421 kB | 73/96 kB | 45/382 kB | 30/108 kB | 49/127 kB
Progress (5): 102/421 kB | 73/96 kB | 45/382 kB | 30/108 kB | 49/127 kB
Progress (5): 102/421 kB | 73/96 kB | 49/382 kB | 30/108 kB | 49/127 kB
Progress (5): 102/421 kB | 77/96 kB | 49/382 kB | 30/108 kB | 49/127 kB
Progress (5): 102/421 kB | 77/96 kB | 49/382 kB | 30/108 kB | 53/127 kB
Progress (5): 102/421 kB | 77/96 kB | 49/382 kB | 32/108 kB | 53/127 kB
Progress (5): 106/421 kB | 77/96 kB | 49/382 kB | 32/108 kB | 53/127 kB
Progress (5): 106/421 kB | 77/96 kB | 53/382 kB | 32/108 kB | 53/127 kB
Progress (5): 106/421 kB | 77/96 kB | 53/382 kB | 32/108 kB | 57/127 kB
Progress (5): 106/421 kB | 81/96 kB | 53/382 kB | 32/108 kB | 57/127 kB
Progress (5): 106/421 kB | 81/96 kB | 57/382 kB | 32/108 kB | 57/127 kB
Progress (5): 106/421 kB | 81/96 kB | 57/382 kB | 36/108 kB | 57/127 kB
Progress (5): 110/421 kB | 81/96 kB | 57/382 kB | 36/108 kB | 57/127 kB
Progress (5): 110/421 kB | 81/96 kB | 57/382 kB | 40/108 kB | 57/127 kB
Progress (5): 110/421 kB | 85/96 kB | 57/382 kB | 40/108 kB | 57/127 kB
Progress (5): 110/421 kB | 85/96 kB | 61/382 kB | 40/108 kB | 57/127 kB
Progress (5): 110/421 kB | 90/96 kB | 61/382 kB | 40/108 kB | 57/127 kB
Progress (5): 110/421 kB | 90/96 kB | 61/382 kB | 45/108 kB | 57/127 kB
Progress (5): 114/421 kB | 90/96 kB | 61/382 kB | 45/108 kB | 57/127 kB
Progress (5): 114/421 kB | 90/96 kB | 61/382 kB | 49/108 kB | 57/127 kB
Progress (5): 114/421 kB | 94/96 kB | 61/382 kB | 49/108 kB | 57/127 kB
Progress (5): 114/421 kB | 94/96 kB | 61/382 kB | 49/108 kB | 61/127 kB
Progress (5): 114/421 kB | 94/96 kB | 65/382 kB | 49/108 kB | 61/127 kB
Progress (5): 114/421 kB | 94/96 kB | 65/382 kB | 53/108 kB | 61/127 kB
Progress (5): 114/421 kB | 94/96 kB | 65/382 kB | 53/108 kB | 65/127 kB
Progress (5): 114/421 kB | 96 kB | 65/382 kB | 53/108 kB | 65/127 kB   
Progress (5): 114/421 kB | 96 kB | 65/382 kB | 53/108 kB | 69/127 kB
Progress (5): 114/421 kB | 96 kB | 65/382 kB | 57/108 kB | 69/127 kB
Progress (5): 114/421 kB | 96 kB | 65/382 kB | 57/108 kB | 73/127 kB
Progress (5): 114/421 kB | 96 kB | 65/382 kB | 61/108 kB | 73/127 kB
Progress (5): 114/421 kB | 96 kB | 65/382 kB | 61/108 kB | 77/127 kB
Progress (5): 118/421 kB | 96 kB | 65/382 kB | 61/108 kB | 77/127 kB
Progress (5): 118/421 kB | 96 kB | 65/382 kB | 65/108 kB | 77/127 kB
Progress (5): 118/421 kB | 96 kB | 69/382 kB | 65/108 kB | 77/127 kB
Progress (5): 122/421 kB | 96 kB | 69/382 kB | 65/108 kB | 77/127 kB
Progress (5): 122/421 kB | 96 kB | 69/382 kB | 65/108 kB | 81/127 kB
Progress (5): 126/421 kB | 96 kB | 69/382 kB | 65/108 kB | 81/127 kB
Progress (5): 126/421 kB | 96 kB | 73/382 kB | 65/108 kB | 81/127 kB
Progress (5): 131/421 kB | 96 kB | 73/382 kB | 65/108 kB | 81/127 kB
Progress (5): 131/421 kB | 96 kB | 77/382 kB | 65/108 kB | 81/127 kB
Progress (5): 131/421 kB | 96 kB | 77/382 kB | 69/108 kB | 81/127 kB
Progress (5): 131/421 kB | 96 kB | 81/382 kB | 69/108 kB | 81/127 kB
Progress (5): 131/421 kB | 96 kB | 81/382 kB | 73/108 kB | 81/127 kB
Progress (5): 135/421 kB | 96 kB | 81/382 kB | 73/108 kB | 81/127 kB
Progress (5): 135/421 kB | 96 kB | 81/382 kB | 77/108 kB | 81/127 kB
Progress (5): 139/421 kB | 96 kB | 81/382 kB | 77/108 kB | 81/127 kB
Progress (5): 139/421 kB | 96 kB | 85/382 kB | 77/108 kB | 81/127 kB
Progress (5): 139/421 kB | 96 kB | 85/382 kB | 81/108 kB | 81/127 kB
Progress (5): 139/421 kB | 96 kB | 90/382 kB | 81/108 kB | 81/127 kB
Progress (5): 139/421 kB | 96 kB | 90/382 kB | 85/108 kB | 81/127 kB
Progress (5): 139/421 kB | 96 kB | 90/382 kB | 90/108 kB | 81/127 kB
Progress (5): 143/421 kB | 96 kB | 90/382 kB | 90/108 kB | 81/127 kB
Progress (5): 147/421 kB | 96 kB | 90/382 kB | 90/108 kB | 81/127 kB
Progress (5): 147/421 kB | 96 kB | 90/382 kB | 94/108 kB | 81/127 kB
Progress (5): 151/421 kB | 96 kB | 90/382 kB | 94/108 kB | 81/127 kB
Progress (5): 151/421 kB | 96 kB | 94/382 kB | 94/108 kB | 81/127 kB
                                                                    
Downloaded from central: https://repo.maven.apache.org/maven2/javax/servlet/javax.servlet-api/3.1.0/javax.servlet-api-3.1.0.jar (96 kB at 679 kB/s)
Progress (4): 151/421 kB | 94/382 kB | 94/108 kB | 85/127 kB
                                                            
Downloading from central: https://repo.maven.apache.org/maven2/org/eclipse/jetty/jetty-servlet/9.2.22.v20170606/jetty-servlet-9.2.22.v20170606.jar
Progress (4): 151/421 kB | 98/382 kB | 94/108 kB | 85/127 kB
Progress (4): 155/421 kB | 98/382 kB | 94/108 kB | 85/127 kB
Progress (4): 159/421 kB | 98/382 kB | 94/108 kB | 85/127 kB
Progress (4): 159/421 kB | 98/382 kB | 98/108 kB | 85/127 kB
Progress (4): 159/421 kB | 102/382 kB | 98/108 kB | 85/127 kB
Progress (4): 163/421 kB | 102/382 kB | 98/108 kB | 85/127 kB
Progress (4): 163/421 kB | 102/382 kB | 98/108 kB | 90/127 kB
Progress (4): 163/421 kB | 102/382 kB | 98/108 kB | 94/127 kB
Progress (4): 163/421 kB | 106/382 kB | 98/108 kB | 94/127 kB
Progress (4): 167/421 kB | 106/382 kB | 98/108 kB | 94/127 kB
Progress (4): 167/421 kB | 106/382 kB | 98/108 kB | 98/127 kB
Progress (4): 167/421 kB | 106/382 kB | 98/108 kB | 102/127 kB
Progress (4): 167/421 kB | 106/382 kB | 98/108 kB | 106/127 kB
Progress (4): 167/421 kB | 106/382 kB | 98/108 kB | 110/127 kB
Progress (5): 167/421 kB | 106/382 kB | 98/108 kB | 110/127 kB | 4.1/116 kB
Progress (5): 171/421 kB | 106/382 kB | 98/108 kB | 110/127 kB | 4.1/116 kB
Progress (5): 171/421 kB | 110/382 kB | 98/108 kB | 110/127 kB | 4.1/116 kB
Progress (5): 171/421 kB | 110/382 kB | 102/108 kB | 110/127 kB | 4.1/116 kB
Progress (5): 171/421 kB | 114/382 kB | 102/108 kB | 110/127 kB | 4.1/116 kB
Progress (5): 171/421 kB | 114/382 kB | 106/108 kB | 110/127 kB | 4.1/116 kB
Progress (5): 171/421 kB | 114/382 kB | 108 kB | 110/127 kB | 4.1/116 kB    
Progress (5): 176/421 kB | 114/382 kB | 108 kB | 110/127 kB | 4.1/116 kB
Progress (5): 180/421 kB | 114/382 kB | 108 kB | 110/127 kB | 4.1/116 kB
Progress (5): 180/421 kB | 114/382 kB | 108 kB | 110/127 kB | 7.7/116 kB
Progress (5): 180/421 kB | 114/382 kB | 108 kB | 114/127 kB | 7.7/116 kB
Progress (5): 180/421 kB | 114/382 kB | 108 kB | 114/127 kB | 12/116 kB 
Progress (5): 184/421 kB | 114/382 kB | 108 kB | 114/127 kB | 12/116 kB
Progress (5): 184/421 kB | 114/382 kB | 108 kB | 114/127 kB | 16/116 kB
Progress (5): 188/421 kB | 114/382 kB | 108 kB | 114/127 kB | 16/116 kB
Progress (5): 192/421 kB | 114/382 kB | 108 kB | 114/127 kB | 16/116 kB
Progress (5): 192/421 kB | 118/382 kB | 108 kB | 114/127 kB | 16/116 kB
Progress (5): 192/421 kB | 118/382 kB | 108 kB | 114/127 kB | 20/116 kB
Progress (5): 192/421 kB | 118/382 kB | 108 kB | 118/127 kB | 20/116 kB
Progress (5): 192/421 kB | 118/382 kB | 108 kB | 118/127 kB | 24/116 kB
Progress (5): 192/421 kB | 122/382 kB | 108 kB | 118/127 kB | 24/116 kB
Progress (5): 196/421 kB | 122/382 kB | 108 kB | 118/127 kB | 24/116 kB
Progress (5): 196/421 kB | 126/382 kB | 108 kB | 118/127 kB | 24/116 kB
Progress (5): 196/421 kB | 126/382 kB | 108 kB | 118/127 kB | 28/116 kB
Progress (5): 196/421 kB | 126/382 kB | 108 kB | 122/127 kB | 28/116 kB
Progress (5): 196/421 kB | 126/382 kB | 108 kB | 122/127 kB | 32/116 kB
Progress (5): 196/421 kB | 131/382 kB | 108 kB | 122/127 kB | 32/116 kB
Progress (5): 196/421 kB | 131/382 kB | 108 kB | 126/127 kB | 32/116 kB
Progress (5): 196/421 kB | 131/382 kB | 108 kB | 127 kB | 32/116 kB    
Progress (5): 196/421 kB | 135/382 kB | 108 kB | 127 kB | 32/116 kB
Progress (5): 196/421 kB | 139/382 kB | 108 kB | 127 kB | 32/116 kB
Progress (5): 196/421 kB | 143/382 kB | 108 kB | 127 kB | 32/116 kB
Progress (5): 196/421 kB | 147/382 kB | 108 kB | 127 kB | 32/116 kB
                                                                   
Downloaded from central: https://repo.maven.apache.org/maven2/org/eclipse/jetty/jetty-io/9.2.22.v20170606/jetty-io-9.2.22.v20170606.jar (108 kB at 690 kB/s)
Downloading from central: https://repo.maven.apache.org/maven2/org/eclipse/jetty/jetty-security/9.2.22.v20170606/jetty-security-9.2.22.v20170606.jar
Progress (4): 200/421 kB | 147/382 kB | 127 kB | 32/116 kB
Progress (4): 204/421 kB | 147/382 kB | 127 kB | 32/116 kB
Progress (4): 208/421 kB | 147/382 kB | 127 kB | 32/116 kB
Progress (4): 212/421 kB | 147/382 kB | 127 kB | 32/116 kB
Progress (4): 217/421 kB | 147/382 kB | 127 kB | 32/116 kB
Progress (4): 221/421 kB | 147/382 kB | 127 kB | 32/116 kB
Progress (4): 225/421 kB | 147/382 kB | 127 kB | 32/116 kB
Progress (4): 229/421 kB | 147/382 kB | 127 kB | 32/116 kB
Progress (4): 229/421 kB | 147/382 kB | 127 kB | 36/116 kB
Progress (4): 229/421 kB | 147/382 kB | 127 kB | 40/116 kB
Progress (4): 229/421 kB | 147/382 kB | 127 kB | 45/116 kB
Progress (4): 229/421 kB | 147/382 kB | 127 kB | 49/116 kB
Progress (4): 233/421 kB | 147/382 kB | 127 kB | 49/116 kB
Progress (5): 233/421 kB | 147/382 kB | 127 kB | 49/116 kB | 4.1/96 kB
Progress (5): 237/421 kB | 147/382 kB | 127 kB | 49/116 kB | 4.1/96 kB
                                                                      
Downloaded from central: https://repo.maven.apache.org/maven2/org/eclipse/jetty/jetty-http/9.2.22.v20170606/jetty-http-9.2.22.v20170606.jar (127 kB at 749 kB/s)
Progress (4): 237/421 kB | 151/382 kB | 49/116 kB | 4.1/96 kB
Progress (4): 237/421 kB | 151/382 kB | 53/116 kB | 4.1/96 kB
Progress (4): 237/421 kB | 155/382 kB | 53/116 kB | 4.1/96 kB
Progress (4): 241/421 kB | 155/382 kB | 53/116 kB | 4.1/96 kB
Progress (4): 241/421 kB | 155/382 kB | 53/116 kB | 7.7/96 kB
Progress (4): 245/421 kB | 155/382 kB | 53/116 kB | 7.7/96 kB
Progress (4): 245/421 kB | 159/382 kB | 53/116 kB | 7.7/96 kB
Progress (4): 245/421 kB | 159/382 kB | 57/116 kB | 7.7/96 kB
Progress (4): 245/421 kB | 163/382 kB | 57/116 kB | 7.7/96 kB
Progress (4): 245/421 kB | 163/382 kB | 57/116 kB | 12/96 kB 
Progress (4): 245/421 kB | 163/382 kB | 61/116 kB | 12/96 kB
Progress (4): 245/421 kB | 163/382 kB | 61/116 kB | 16/96 kB
Progress (4): 249/421 kB | 163/382 kB | 61/116 kB | 16/96 kB
Progress (4): 249/421 kB | 163/382 kB | 65/116 kB | 16/96 kB
Progress (4): 253/421 kB | 163/382 kB | 65/116 kB | 16/96 kB
Progress (4): 253/421 kB | 167/382 kB | 65/116 kB | 16/96 kB
Progress (4): 258/421 kB | 167/382 kB | 65/116 kB | 16/96 kB
Progress (4): 258/421 kB | 171/382 kB | 65/116 kB | 16/96 kB
Progress (4): 258/421 kB | 176/382 kB | 65/116 kB | 16/96 kB
Progress (4): 258/421 kB | 176/382 kB | 65/116 kB | 20/96 kB
Progress (4): 262/421 kB | 176/382 kB | 65/116 kB | 20/96 kB
Progress (4): 262/421 kB | 176/382 kB | 65/116 kB | 24/96 kB
Progress (4): 262/421 kB | 180/382 kB | 65/116 kB | 24/96 kB
Progress (4): 262/421 kB | 180/382 kB | 69/116 kB | 24/96 kB
Progress (4): 262/421 kB | 180/382 kB | 73/116 kB | 24/96 kB
Progress (4): 262/421 kB | 180/382 kB | 73/116 kB | 28/96 kB
Progress (4): 262/421 kB | 180/382 kB | 77/116 kB | 28/96 kB
Progress (4): 266/421 kB | 180/382 kB | 77/116 kB | 28/96 kB
Progress (4): 270/421 kB | 180/382 kB | 77/116 kB | 28/96 kB
Progress (4): 274/421 kB | 180/382 kB | 77/116 kB | 28/96 kB
Progress (4): 274/421 kB | 184/382 kB | 77/116 kB | 28/96 kB
Progress (4): 278/421 kB | 184/382 kB | 77/116 kB | 28/96 kB
Progress (4): 278/421 kB | 184/382 kB | 81/116 kB | 28/96 kB
Progress (4): 278/421 kB | 184/382 kB | 81/116 kB | 32/96 kB
Progress (4): 278/421 kB | 184/382 kB | 85/116 kB | 32/96 kB
Progress (4): 282/421 kB | 184/382 kB | 85/116 kB | 32/96 kB
Progress (4): 282/421 kB | 188/382 kB | 85/116 kB | 32/96 kB
Progress (4): 286/421 kB | 188/382 kB | 85/116 kB | 32/96 kB
Progress (4): 286/421 kB | 188/382 kB | 85/116 kB | 36/96 kB
Progress (4): 286/421 kB | 188/382 kB | 90/116 kB | 36/96 kB
Progress (4): 286/421 kB | 188/382 kB | 90/116 kB | 40/96 kB
Progress (4): 290/421 kB | 188/382 kB | 90/116 kB | 40/96 kB
Progress (4): 290/421 kB | 192/382 kB | 90/116 kB | 40/96 kB
Progress (4): 294/421 kB | 192/382 kB | 90/116 kB | 40/96 kB
Progress (4): 294/421 kB | 192/382 kB | 94/116 kB | 40/96 kB
Progress (4): 294/421 kB | 192/382 kB | 94/116 kB | 45/96 kB
Progress (4): 294/421 kB | 192/382 kB | 98/116 kB | 45/96 kB
Progress (4): 294/421 kB | 192/382 kB | 98/116 kB | 49/96 kB
Progress (4): 294/421 kB | 196/382 kB | 98/116 kB | 49/96 kB
Progress (4): 294/421 kB | 196/382 kB | 102/116 kB | 49/96 kB
Progress (4): 294/421 kB | 200/382 kB | 102/116 kB | 49/96 kB
Progress (4): 294/421 kB | 200/382 kB | 106/116 kB | 49/96 kB
Progress (4): 294/421 kB | 204/382 kB | 106/116 kB | 49/96 kB
Progress (4): 294/421 kB | 204/382 kB | 106/116 kB | 53/96 kB
Progress (4): 294/421 kB | 208/382 kB | 106/116 kB | 53/96 kB
Progress (4): 294/421 kB | 208/382 kB | 106/116 kB | 57/96 kB
Progress (4): 294/421 kB | 208/382 kB | 106/116 kB | 61/96 kB
Progress (4): 294/421 kB | 212/382 kB | 106/116 kB | 61/96 kB
Progress (4): 294/421 kB | 217/382 kB | 106/116 kB | 61/96 kB
Progress (4): 298/421 kB | 217/382 kB | 106/116 kB | 61/96 kB
Progress (4): 303/421 kB | 217/382 kB | 106/116 kB | 61/96 kB
Progress (4): 307/421 kB | 217/382 kB | 106/116 kB | 61/96 kB
Progress (4): 311/421 kB | 217/382 kB | 106/116 kB | 61/96 kB
Progress (4): 315/421 kB | 217/382 kB | 106/116 kB | 61/96 kB
Progress (4): 315/421 kB | 217/382 kB | 110/116 kB | 61/96 kB
Progress (4): 315/421 kB | 217/382 kB | 114/116 kB | 61/96 kB
Progress (4): 315/421 kB | 217/382 kB | 116 kB | 61/96 kB    
Progress (4): 315/421 kB | 217/382 kB | 116 kB | 65/96 kB
Progress (4): 319/421 kB | 217/382 kB | 116 kB | 65/96 kB
Progress (4): 323/421 kB | 217/382 kB | 116 kB | 65/96 kB
Progress (4): 327/421 kB | 217/382 kB | 116 kB | 65/96 kB
Progress (4): 327/421 kB | 217/382 kB | 116 kB | 69/96 kB
Progress (4): 327/421 kB | 221/382 kB | 116 kB | 69/96 kB
Progress (4): 327/421 kB | 221/382 kB | 116 kB | 73/96 kB
Progress (4): 327/421 kB | 225/382 kB | 116 kB | 73/96 kB
Progress (4): 327/421 kB | 225/382 kB | 116 kB | 77/96 kB
Progress (4): 327/421 kB | 229/382 kB | 116 kB | 77/96 kB
Progress (4): 327/421 kB | 229/382 kB | 116 kB | 81/96 kB
Progress (4): 327/421 kB | 233/382 kB | 116 kB | 81/96 kB
Progress (4): 327/421 kB | 233/382 kB | 116 kB | 85/96 kB
Progress (4): 327/421 kB | 237/382 kB | 116 kB | 85/96 kB
Progress (4): 327/421 kB | 237/382 kB | 116 kB | 90/96 kB
Progress (4): 327/421 kB | 241/382 kB | 116 kB | 90/96 kB
Progress (4): 327/421 kB | 241/382 kB | 116 kB | 94/96 kB
Progress (4): 327/421 kB | 245/382 kB | 116 kB | 94/96 kB
Progress (4): 327/421 kB | 245/382 kB | 116 kB | 96 kB   
                                                      
Downloaded from central: https://repo.maven.apache.org/maven2/org/eclipse/jetty/jetty-servlet/9.2.22.v20170606/jetty-servlet-9.2.22.v20170606.jar (116 kB at 609 kB/s)
Progress (3): 327/421 kB | 249/382 kB | 96 kB
Progress (3): 327/421 kB | 253/382 kB | 96 kB
Progress (3): 327/421 kB | 258/382 kB | 96 kB
Progress (3): 327/421 kB | 262/382 kB | 96 kB
Progress (3): 331/421 kB | 262/382 kB | 96 kB
Progress (3): 335/421 kB | 262/382 kB | 96 kB
Progress (3): 339/421 kB | 262/382 kB | 96 kB
Progress (3): 339/421 kB | 266/382 kB | 96 kB
Progress (3): 344/421 kB | 266/382 kB | 96 kB
Progress (3): 344/421 kB | 270/382 kB | 96 kB
Progress (3): 344/421 kB | 274/382 kB | 96 kB
Progress (3): 344/421 kB | 278/382 kB | 96 kB
Progress (3): 348/421 kB | 278/382 kB | 96 kB
Progress (3): 352/421 kB | 278/382 kB | 96 kB
Progress (3): 356/421 kB | 278/382 kB | 96 kB
Progress (3): 360/421 kB | 278/382 kB | 96 kB
Progress (3): 360/421 kB | 282/382 kB | 96 kB
Progress (3): 360/421 kB | 286/382 kB | 96 kB
Progress (3): 360/421 kB | 290/382 kB | 96 kB
Progress (3): 360/421 kB | 294/382 kB | 96 kB
Progress (3): 364/421 kB | 294/382 kB | 96 kB
Progress (3): 368/421 kB | 294/382 kB | 96 kB
Progress (3): 372/421 kB | 294/382 kB | 96 kB
Progress (3): 376/421 kB | 294/382 kB | 96 kB
Progress (3): 376/421 kB | 298/382 kB | 96 kB
Progress (3): 376/421 kB | 303/382 kB | 96 kB
Progress (3): 376/421 kB | 307/382 kB | 96 kB
Progress (3): 376/421 kB | 311/382 kB | 96 kB
Progress (3): 380/421 kB | 311/382 kB | 96 kB
Progress (3): 384/421 kB | 311/382 kB | 96 kB
Progress (3): 389/421 kB | 311/382 kB | 96 kB
Progress (3): 393/421 kB | 311/382 kB | 96 kB
Progress (3): 393/421 kB | 315/382 kB | 96 kB
Progress (3): 393/421 kB | 319/382 kB | 96 kB
Progress (3): 393/421 kB | 323/382 kB | 96 kB
Progress (3): 393/421 kB | 327/382 kB | 96 kB
                                             
Downloaded from central: https://repo.maven.apache.org/maven2/org/eclipse/jetty/jetty-security/9.2.22.v20170606/jetty-security-9.2.22.v20170606.jar (96 kB at 457 kB/s)
Progress (2): 397/421 kB | 327/382 kB
Progress (2): 401/421 kB | 327/382 kB
Progress (2): 405/421 kB | 327/382 kB
Progress (2): 405/421 kB | 331/382 kB
Progress (2): 409/421 kB | 331/382 kB
Progress (2): 409/421 kB | 335/382 kB
Progress (2): 409/421 kB | 339/382 kB
Progress (2): 409/421 kB | 344/382 kB
Progress (2): 413/421 kB | 344/382 kB
Progress (2): 417/421 kB | 344/382 kB
Progress (2): 417/421 kB | 348/382 kB
Progress (2): 421 kB | 348/382 kB    
Progress (2): 421 kB | 352/382 kB
Progress (2): 421 kB | 356/382 kB
Progress (2): 421 kB | 360/382 kB
Progress (2): 421 kB | 364/382 kB
Progress (2): 421 kB | 368/382 kB
Progress (2): 421 kB | 372/382 kB
Progress (2): 421 kB | 376/382 kB
Progress (2): 421 kB | 380/382 kB
Progress (2): 421 kB | 382 kB    
                             
Downloaded from central: https://repo.maven.apache.org/maven2/org/eclipse/jetty/jetty-server/9.2.22.v20170606/jetty-server-9.2.22.v20170606.jar (421 kB at 1.8 MB/s)
Downloaded from central: https://repo.maven.apache.org/maven2/org/eclipse/jetty/jetty-util/9.2.22.v20170606/jetty-util-9.2.22.v20170606.jar (382 kB at 1.6 MB/s)
[[1;34mINFO[m] 
[[1;34mINFO[m] [1m--- [0;32mmaven-clean-plugin:2.5:clean[m [1m(default-clean)[m @ [36mjsoup[0;1m ---[m
[[1;34mINFO[m] 
[[1;34mINFO[m] [1m--- [0;32mclover-maven-plugin:4.2.0:setup[m [1m(default-cli)[m @ [36mjsoup[0;1m ---[m
[[1;34mINFO[m] No 'maven.clover.licenseLocation' configured. Using default license.
[[1;34mINFO[m] OpenClover Version 4.2.0, built on April 30 2017 (build-1000)
[[1;34mINFO[m] Loaded from: /home/bdanglot/.m2/repository/org/openclover/clover/4.2.0/clover-4.2.0.jar
[[1;34mINFO[m] Clover free edition.
[[1;34mINFO[m] Creating new database at '/home/bdanglot/workspace/icst-2019/september-2018/dataset/jsoup_parent/target/clover/clover.db'.
[[1;34mINFO[m] Processing files at 1.8 source level.
[[1;34mINFO[m] Clover all over. Instrumented 68 files (8 packages).
[[1;34mINFO[m] Elapsed time = 1.744 secs. (38.991 files/sec, 10,411.124 srclines/sec)
[[1;34mINFO[m] OpenClover Version 4.2.0, built on April 30 2017 (build-1000)
[[1;34mINFO[m] Loaded from: /home/bdanglot/.m2/repository/org/openclover/clover/4.2.0/clover-4.2.0.jar
[[1;34mINFO[m] Clover free edition.
[[1;34mINFO[m] Updating existing database at '/home/bdanglot/workspace/icst-2019/september-2018/dataset/jsoup_parent/target/clover/clover.db'.
[[1;34mINFO[m] Processing files at 1.8 source level.
[[1;34mINFO[m] Clover all over. Instrumented 46 files (9 packages).
[[1;34mINFO[m] 713 test methods detected.
[[1;34mINFO[m] Elapsed time = 0.624 secs. (73.718 files/sec, 15,812.5 srclines/sec)
[[1;34mINFO[m] 
[[1;34mINFO[m] [1m--- [0;32mmaven-resources-plugin:3.0.1:resources[m [1m(default-resources)[m @ [36mjsoup[0;1m ---[m
[[1;34mINFO[m] Using 'UTF-8' encoding to copy filtered resources.
[[1;34mINFO[m] Copying 0 resource
[[1;34mINFO[m] Copying 3 resources to META-INF/
[[1;34mINFO[m] Copying 1 resource
[[1;34mINFO[m] 
[[1;34mINFO[m] [1m--- [0;32mmaven-compiler-plugin:3.5.1:compile[m [1m(default-compile)[m @ [36mjsoup[0;1m ---[m
[[1;34mINFO[m] Changes detected - recompiling the module!
[[1;34mINFO[m] Compiling 68 source files to /home/bdanglot/workspace/icst-2019/september-2018/dataset/jsoup_parent/target/classes
[[1;34mINFO[m] /home/bdanglot/workspace/icst-2019/september-2018/dataset/jsoup_parent/target/clover/src-instrumented/org/jsoup/nodes/Attributes.java: /home/bdanglot/workspace/icst-2019/september-2018/dataset/jsoup_parent/target/clover/src-instrumented/org/jsoup/nodes/Attributes.java uses or overrides a deprecated API.
[[1;34mINFO[m] /home/bdanglot/workspace/icst-2019/september-2018/dataset/jsoup_parent/target/clover/src-instrumented/org/jsoup/nodes/Attributes.java: Recompile with -Xlint:deprecation for details.
[[1;34mINFO[m] 
[[1;34mINFO[m] [1m--- [0;32manimal-sniffer-maven-plugin:1.16:check[m [1m(animal-sniffer)[m @ [36mjsoup[0;1m ---[m
Downloading from central: https://repo.maven.apache.org/maven2/org/codehaus/mojo/animal-sniffer/1.16/animal-sniffer-1.16.pom
Progress (1): 2.2/2.4 kB
Progress (1): 2.4 kB    
                    
Downloaded from central: https://repo.maven.apache.org/maven2/org/codehaus/mojo/animal-sniffer/1.16/animal-sniffer-1.16.pom (2.4 kB at 172 kB/s)
Downloading from central: https://repo.maven.apache.org/maven2/org/ow2/asm/asm-all/5.2/asm-all-5.2.pom
Progress (1): 2.0 kB
                    
Downloaded from central: https://repo.maven.apache.org/maven2/org/ow2/asm/asm-all/5.2/asm-all-5.2.pom (2.0 kB at 281 kB/s)
Downloading from central: https://repo.maven.apache.org/maven2/org/codehaus/mojo/java-boot-classpath-detector/1.16/java-boot-classpath-detector-1.16.pom
Progress (1): 2.2/2.5 kB
Progress (1): 2.5 kB    
                    
Downloaded from central: https://repo.maven.apache.org/maven2/org/codehaus/mojo/java-boot-classpath-detector/1.16/java-boot-classpath-detector-1.16.pom (2.5 kB at 167 kB/s)
Downloading from central: https://repo.maven.apache.org/maven2/org/codehaus/mojo/animal-sniffer/1.16/animal-sniffer-1.16.jar
Downloading from central: https://repo.maven.apache.org/maven2/org/ow2/asm/asm-all/5.2/asm-all-5.2.jar
Downloading from central: https://repo.maven.apache.org/maven2/org/codehaus/mojo/java-boot-classpath-detector/1.16/java-boot-classpath-detector-1.16.jar
Progress (1): 2.2/248 kB
Progress (2): 2.2/248 kB | 2.2/35 kB
Progress (2): 2.2/248 kB | 5.0/35 kB
Progress (2): 5.0/248 kB | 5.0/35 kB
Progress (2): 5.0/248 kB | 7.7/35 kB
Progress (2): 7.7/248 kB | 7.7/35 kB
Progress (2): 7.7/248 kB | 10/35 kB 
Progress (2): 10/248 kB | 10/35 kB 
Progress (2): 10/248 kB | 13/35 kB
Progress (2): 13/248 kB | 13/35 kB
Progress (2): 16/248 kB | 13/35 kB
Progress (3): 16/248 kB | 13/35 kB | 2.2/5.0 kB
Progress (3): 16/248 kB | 13/35 kB | 5.0/5.0 kB
Progress (3): 16/248 kB | 13/35 kB | 5.0 kB    
Progress (3): 16/248 kB | 16/35 kB | 5.0 kB
Progress (3): 16/248 kB | 19/35 kB | 5.0 kB
Progress (3): 16/248 kB | 21/35 kB | 5.0 kB
Progress (3): 16/248 kB | 24/35 kB | 5.0 kB
Progress (3): 19/248 kB | 24/35 kB | 5.0 kB
Progress (3): 19/248 kB | 27/35 kB | 5.0 kB
Progress (3): 21/248 kB | 27/35 kB | 5.0 kB
Progress (3): 21/248 kB | 30/35 kB | 5.0 kB
Progress (3): 24/248 kB | 30/35 kB | 5.0 kB
Progress (3): 24/248 kB | 32/35 kB | 5.0 kB
Progress (3): 27/248 kB | 32/35 kB | 5.0 kB
Progress (3): 27/248 kB | 35 kB | 5.0 kB   
Progress (3): 30/248 kB | 35 kB | 5.0 kB
Progress (3): 32/248 kB | 35 kB | 5.0 kB
Progress (3): 36/248 kB | 35 kB | 5.0 kB
Progress (3): 40/248 kB | 35 kB | 5.0 kB
Progress (3): 45/248 kB | 35 kB | 5.0 kB
Progress (3): 49/248 kB | 35 kB | 5.0 kB
Progress (3): 53/248 kB | 35 kB | 5.0 kB
Progress (3): 57/248 kB | 35 kB | 5.0 kB
                                        
Downloaded from central: https://repo.maven.apache.org/maven2/org/codehaus/mojo/java-boot-classpath-detector/1.16/java-boot-classpath-detector-1.16.jar (5.0 kB at 312 kB/s)
Progress (2): 61/248 kB | 35 kB
Progress (2): 65/248 kB | 35 kB
Progress (2): 69/248 kB | 35 kB
Progress (2): 73/248 kB | 35 kB
Progress (2): 77/248 kB | 35 kB
Progress (2): 81/248 kB | 35 kB
                               
Downloaded from central: https://repo.maven.apache.org/maven2/org/codehaus/mojo/animal-sniffer/1.16/animal-sniffer-1.16.jar (35 kB at 1.9 MB/s)
Progress (1): 85/248 kB
Progress (1): 90/248 kB
Progress (1): 94/248 kB
Progress (1): 98/248 kB
Progress (1): 102/248 kB
Progress (1): 106/248 kB
Progress (1): 110/248 kB
Progress (1): 114/248 kB
Progress (1): 118/248 kB
Progress (1): 122/248 kB
Progress (1): 126/248 kB
Progress (1): 131/248 kB
Progress (1): 135/248 kB
Progress (1): 139/248 kB
Progress (1): 143/248 kB
Progress (1): 147/248 kB
Progress (1): 151/248 kB
Progress (1): 155/248 kB
Progress (1): 159/248 kB
Progress (1): 163/248 kB
Progress (1): 167/248 kB
Progress (1): 171/248 kB
Progress (1): 176/248 kB
Progress (1): 180/248 kB
Progress (1): 184/248 kB
Progress (1): 188/248 kB
Progress (1): 192/248 kB
Progress (1): 196/248 kB
Progress (1): 200/248 kB
Progress (1): 204/248 kB
Progress (1): 208/248 kB
Progress (1): 212/248 kB
Progress (1): 217/248 kB
Progress (1): 221/248 kB
Progress (1): 225/248 kB
Progress (1): 229/248 kB
Progress (1): 233/248 kB
Progress (1): 237/248 kB
Progress (1): 241/248 kB
Progress (1): 245/248 kB
Progress (1): 248 kB    
                    
Downloaded from central: https://repo.maven.apache.org/maven2/org/ow2/asm/asm-all/5.2/asm-all-5.2.jar (248 kB at 7.5 MB/s)
[[1;34mINFO[m] Checking unresolved references to net.sf.androidscents.signature:android-api-level-8:2.2_r3
Downloading from central: https://repo.maven.apache.org/maven2/net/sf/androidscents/signature/android-api-level-8/2.2_r3/android-api-level-8-2.2_r3.signature
Progress (1): 4.1/262 kB
Progress (1): 7.7/262 kB
Progress (1): 12/262 kB 
Progress (1): 16/262 kB
Progress (1): 20/262 kB
Progress (1): 24/262 kB
Progress (1): 28/262 kB
Progress (1): 32/262 kB
Progress (1): 36/262 kB
Progress (1): 40/262 kB
Progress (1): 45/262 kB
Progress (1): 49/262 kB
Progress (1): 53/262 kB
Progress (1): 57/262 kB
Progress (1): 61/262 kB
Progress (1): 65/262 kB
Progress (1): 69/262 kB
Progress (1): 73/262 kB
Progress (1): 77/262 kB
Progress (1): 81/262 kB
Progress (1): 85/262 kB
Progress (1): 90/262 kB
Progress (1): 94/262 kB
Progress (1): 98/262 kB
Progress (1): 102/262 kB
Progress (1): 106/262 kB
Progress (1): 110/262 kB
Progress (1): 114/262 kB
Progress (1): 118/262 kB
Progress (1): 122/262 kB
Progress (1): 126/262 kB
Progress (1): 131/262 kB
Progress (1): 135/262 kB
Progress (1): 139/262 kB
Progress (1): 143/262 kB
Progress (1): 147/262 kB
Progress (1): 151/262 kB
Progress (1): 155/262 kB
Progress (1): 159/262 kB
Progress (1): 163/262 kB
Progress (1): 167/262 kB
Progress (1): 171/262 kB
Progress (1): 176/262 kB
Progress (1): 180/262 kB
Progress (1): 184/262 kB
Progress (1): 188/262 kB
Progress (1): 192/262 kB
Progress (1): 196/262 kB
Progress (1): 200/262 kB
Progress (1): 204/262 kB
Progress (1): 208/262 kB
Progress (1): 212/262 kB
Progress (1): 217/262 kB
Progress (1): 221/262 kB
Progress (1): 225/262 kB
Progress (1): 229/262 kB
Progress (1): 233/262 kB
Progress (1): 237/262 kB
Progress (1): 241/262 kB
Progress (1): 245/262 kB
Progress (1): 249/262 kB
Progress (1): 253/262 kB
Progress (1): 258/262 kB
Progress (1): 262/262 kB
Progress (1): 262 kB    
                    
Downloaded from central: https://repo.maven.apache.org/maven2/net/sf/androidscents/signature/android-api-level-8/2.2_r3/android-api-level-8-2.2_r3.signature (262 kB at 10 MB/s)
[[1;34mINFO[m] 
[[1;34mINFO[m] [1m>>> [0;32mmaven-bundle-plugin:2.5.4:manifest[m [1m(bundle-manifest)[0;1m > [0;1mprocess-classes[m @ [36mjsoup[0;1m >>>[m
[[1;34mINFO[m] 
[[1;34mINFO[m] [1m--- [0;32mmaven-resources-plugin:3.0.1:resources[m [1m(default-resources)[m @ [36mjsoup[0;1m ---[m
[[1;34mINFO[m] Using 'UTF-8' encoding to copy filtered resources.
[[1;34mINFO[m] Copying 0 resource
[[1;34mINFO[m] Copying 3 resources to META-INF/
[[1;34mINFO[m] Copying 1 resource
[[1;34mINFO[m] 
[[1;34mINFO[m] [1m--- [0;32mmaven-compiler-plugin:3.5.1:compile[m [1m(default-compile)[m @ [36mjsoup[0;1m ---[m
[[1;34mINFO[m] Changes detected - recompiling the module!
[[1;34mINFO[m] Compiling 68 source files to /home/bdanglot/workspace/icst-2019/september-2018/dataset/jsoup_parent/target/classes
[[1;34mINFO[m] /home/bdanglot/workspace/icst-2019/september-2018/dataset/jsoup_parent/target/clover/src-instrumented/org/jsoup/nodes/Attributes.java: /home/bdanglot/workspace/icst-2019/september-2018/dataset/jsoup_parent/target/clover/src-instrumented/org/jsoup/nodes/Attributes.java uses or overrides a deprecated API.
[[1;34mINFO[m] /home/bdanglot/workspace/icst-2019/september-2018/dataset/jsoup_parent/target/clover/src-instrumented/org/jsoup/nodes/Attributes.java: Recompile with -Xlint:deprecation for details.
[[1;34mINFO[m] 
[[1;34mINFO[m] [1m--- [0;32manimal-sniffer-maven-plugin:1.16:check[m [1m(animal-sniffer)[m @ [36mjsoup[0;1m ---[m
[[1;34mINFO[m] Checking unresolved references to net.sf.androidscents.signature:android-api-level-8:2.2_r3
[[1;34mINFO[m] 
[[1;34mINFO[m] [1m<<< [0;32mmaven-bundle-plugin:2.5.4:manifest[m [1m(bundle-manifest)[0;1m < [0;1mprocess-classes[m @ [36mjsoup[0;1m <<<[m
[[1;34mINFO[m] 
[[1;34mINFO[m] 
[[1;34mINFO[m] [1m--- [0;32mmaven-bundle-plugin:2.5.4:manifest[m [1m(bundle-manifest)[m @ [36mjsoup[0;1m ---[m
Downloading from central: https://repo.maven.apache.org/maven2/biz/aQute/bnd/biz.aQute.bndlib/2.4.1/biz.aQute.bndlib-2.4.1.pom
Progress (1): 1.3 kB
                    
Downloaded from central: https://repo.maven.apache.org/maven2/biz/aQute/bnd/biz.aQute.bndlib/2.4.1/biz.aQute.bndlib-2.4.1.pom (1.3 kB at 118 kB/s)
Downloading from central: https://repo.maven.apache.org/maven2/biz/aQute/bnd/biz.aQute.bndlib/2.4.1/biz.aQute.bndlib-2.4.1.jar
Progress (1): 0/2.0 MB
Progress (1): 0/2.0 MB
Progress (1): 0/2.0 MB
Progress (1): 0/2.0 MB
Progress (1): 0/2.0 MB
Progress (1): 0/2.0 MB
Progress (1): 0/2.0 MB
Progress (1): 0/2.0 MB
Progress (1): 0/2.0 MB
Progress (1): 0/2.0 MB
Progress (1): 0/2.0 MB
Progress (1): 0/2.0 MB
Progress (1): 0/2.0 MB
Progress (1): 0/2.0 MB
Progress (1): 0/2.0 MB
Progress (1): 0/2.0 MB
Progress (1): 0.1/2.0 MB
Progress (1): 0.1/2.0 MB
Progress (1): 0.1/2.0 MB
Progress (1): 0.1/2.0 MB
Progress (1): 0.1/2.0 MB
Progress (1): 0.1/2.0 MB
Progress (1): 0.1/2.0 MB
Progress (1): 0.1/2.0 MB
Progress (1): 0.1/2.0 MB
Progress (1): 0.1/2.0 MB
Progress (1): 0.1/2.0 MB
Progress (1): 0.1/2.0 MB
Progress (1): 0.1/2.0 MB
Progress (1): 0.1/2.0 MB
Progress (1): 0.1/2.0 MB
Progress (1): 0.1/2.0 MB
Progress (1): 0.1/2.0 MB
Progress (1): 0.1/2.0 MB
Progress (1): 0.1/2.0 MB
Progress (1): 0.1/2.0 MB
Progress (1): 0.1/2.0 MB
Progress (1): 0.1/2.0 MB
Progress (1): 0.1/2.0 MB
Progress (1): 0.1/2.0 MB
Progress (1): 0.2/2.0 MB
Progress (1): 0.2/2.0 MB
Progress (1): 0.2/2.0 MB
Progress (1): 0.2/2.0 MB
Progress (1): 0.2/2.0 MB
Progress (1): 0.2/2.0 MB
Progress (1): 0.2/2.0 MB
Progress (1): 0.2/2.0 MB
Progress (1): 0.2/2.0 MB
Progress (1): 0.2/2.0 MB
Progress (1): 0.2/2.0 MB
Progress (1): 0.2/2.0 MB
Progress (1): 0.2/2.0 MB
Progress (1): 0.2/2.0 MB
Progress (1): 0.2/2.0 MB
Progress (1): 0.2/2.0 MB
Progress (1): 0.2/2.0 MB
Progress (1): 0.2/2.0 MB
Progress (1): 0.2/2.0 MB
Progress (1): 0.2/2.0 MB
Progress (1): 0.2/2.0 MB
Progress (1): 0.2/2.0 MB
Progress (1): 0.2/2.0 MB
Progress (1): 0.2/2.0 MB
Progress (1): 0.2/2.0 MB
Progress (1): 0.3/2.0 MB
Progress (1): 0.3/2.0 MB
Progress (1): 0.3/2.0 MB
Progress (1): 0.3/2.0 MB
Progress (1): 0.3/2.0 MB
Progress (1): 0.3/2.0 MB
Progress (1): 0.3/2.0 MB
Progress (1): 0.3/2.0 MB
Progress (1): 0.3/2.0 MB
Progress (1): 0.3/2.0 MB
Progress (1): 0.3/2.0 MB
Progress (1): 0.3/2.0 MB
Progress (1): 0.3/2.0 MB
Progress (1): 0.3/2.0 MB
Progress (1): 0.3/2.0 MB
Progress (1): 0.3/2.0 MB
Progress (1): 0.3/2.0 MB
Progress (1): 0.3/2.0 MB
Progress (1): 0.3/2.0 MB
Progress (1): 0.3/2.0 MB
Progress (1): 0.3/2.0 MB
Progress (1): 0.3/2.0 MB
Progress (1): 0.3/2.0 MB
Progress (1): 0.3/2.0 MB
Progress (1): 0.4/2.0 MB
Progress (1): 0.4/2.0 MB
Progress (1): 0.4/2.0 MB
Progress (1): 0.4/2.0 MB
Progress (1): 0.4/2.0 MB
Progress (1): 0.4/2.0 MB
Progress (1): 0.4/2.0 MB
Progress (1): 0.4/2.0 MB
Progress (1): 0.4/2.0 MB
Progress (1): 0.4/2.0 MB
Progress (1): 0.4/2.0 MB
Progress (1): 0.4/2.0 MB
Progress (1): 0.4/2.0 MB
Progress (1): 0.4/2.0 MB
Progress (1): 0.4/2.0 MB
Progress (1): 0.4/2.0 MB
Progress (1): 0.4/2.0 MB
Progress (1): 0.4/2.0 MB
Progress (1): 0.4/2.0 MB
Progress (1): 0.4/2.0 MB
Progress (1): 0.4/2.0 MB
Progress (1): 0.4/2.0 MB
Progress (1): 0.4/2.0 MB
Progress (1): 0.4/2.0 MB
Progress (1): 0.5/2.0 MB
Progress (1): 0.5/2.0 MB
Progress (1): 0.5/2.0 MB
Progress (1): 0.5/2.0 MB
Progress (1): 0.5/2.0 MB
Progress (1): 0.5/2.0 MB
Progress (1): 0.5/2.0 MB
Progress (1): 0.5/2.0 MB
Progress (1): 0.5/2.0 MB
Progress (1): 0.5/2.0 MB
Progress (1): 0.5/2.0 MB
Progress (1): 0.5/2.0 MB
Progress (1): 0.5/2.0 MB
Progress (1): 0.5/2.0 MB
Progress (1): 0.5/2.0 MB
Progress (1): 0.5/2.0 MB
Progress (1): 0.5/2.0 MB
Progress (1): 0.5/2.0 MB
Progress (1): 0.5/2.0 MB
Progress (1): 0.5/2.0 MB
Progress (1): 0.5/2.0 MB
Progress (1): 0.5/2.0 MB
Progress (1): 0.5/2.0 MB
Progress (1): 0.5/2.0 MB
Progress (1): 0.5/2.0 MB
Progress (1): 0.6/2.0 MB
Progress (1): 0.6/2.0 MB
Progress (1): 0.6/2.0 MB
Progress (1): 0.6/2.0 MB
Progress (1): 0.6/2.0 MB
Progress (1): 0.6/2.0 MB
Progress (1): 0.6/2.0 MB
Progress (1): 0.6/2.0 MB
Progress (1): 0.6/2.0 MB
Progress (1): 0.6/2.0 MB
Progress (1): 0.6/2.0 MB
Progress (1): 0.6/2.0 MB
Progress (1): 0.6/2.0 MB
Progress (1): 0.6/2.0 MB
Progress (1): 0.6/2.0 MB
Progress (1): 0.6/2.0 MB
Progress (1): 0.6/2.0 MB
Progress (1): 0.6/2.0 MB
Progress (1): 0.6/2.0 MB
Progress (1): 0.6/2.0 MB
Progress (1): 0.6/2.0 MB
Progress (1): 0.6/2.0 MB
Progress (1): 0.6/2.0 MB
Progress (1): 0.6/2.0 MB
Progress (1): 0.7/2.0 MB
Progress (1): 0.7/2.0 MB
Progress (1): 0.7/2.0 MB
Progress (1): 0.7/2.0 MB
Progress (1): 0.7/2.0 MB
Progress (1): 0.7/2.0 MB
Progress (1): 0.7/2.0 MB
Progress (1): 0.7/2.0 MB
Progress (1): 0.7/2.0 MB
Progress (1): 0.7/2.0 MB
Progress (1): 0.7/2.0 MB
Progress (1): 0.7/2.0 MB
Progress (1): 0.7/2.0 MB
Progress (1): 0.7/2.0 MB
Progress (1): 0.7/2.0 MB
Progress (1): 0.7/2.0 MB
Progress (1): 0.7/2.0 MB
Progress (1): 0.7/2.0 MB
Progress (1): 0.7/2.0 MB
Progress (1): 0.7/2.0 MB
Progress (1): 0.7/2.0 MB
Progress (1): 0.7/2.0 MB
Progress (1): 0.7/2.0 MB
Progress (1): 0.7/2.0 MB
Progress (1): 0.7/2.0 MB
Progress (1): 0.8/2.0 MB
Progress (1): 0.8/2.0 MB
Progress (1): 0.8/2.0 MB
Progress (1): 0.8/2.0 MB
Progress (1): 0.8/2.0 MB
Progress (1): 0.8/2.0 MB
Progress (1): 0.8/2.0 MB
Progress (1): 0.8/2.0 MB
Progress (1): 0.8/2.0 MB
Progress (1): 0.8/2.0 MB
Progress (1): 0.8/2.0 MB
Progress (1): 0.8/2.0 MB
Progress (1): 0.8/2.0 MB
Progress (1): 0.8/2.0 MB
Progress (1): 0.8/2.0 MB
Progress (1): 0.8/2.0 MB
Progress (1): 0.8/2.0 MB
Progress (1): 0.8/2.0 MB
Progress (1): 0.8/2.0 MB
Progress (1): 0.8/2.0 MB
Progress (1): 0.8/2.0 MB
Progress (1): 0.8/2.0 MB
Progress (1): 0.8/2.0 MB
Progress (1): 0.8/2.0 MB
Progress (1): 0.9/2.0 MB
Progress (1): 0.9/2.0 MB
Progress (1): 0.9/2.0 MB
Progress (1): 0.9/2.0 MB
Progress (1): 0.9/2.0 MB
Progress (1): 0.9/2.0 MB
Progress (1): 0.9/2.0 MB
Progress (1): 0.9/2.0 MB
Progress (1): 0.9/2.0 MB
Progress (1): 0.9/2.0 MB
Progress (1): 0.9/2.0 MB
Progress (1): 0.9/2.0 MB
Progress (1): 0.9/2.0 MB
Progress (1): 0.9/2.0 MB
Progress (1): 0.9/2.0 MB
Progress (1): 0.9/2.0 MB
Progress (1): 0.9/2.0 MB
Progress (1): 0.9/2.0 MB
Progress (1): 0.9/2.0 MB
Progress (1): 0.9/2.0 MB
Progress (1): 0.9/2.0 MB
Progress (1): 0.9/2.0 MB
Progress (1): 0.9/2.0 MB
Progress (1): 0.9/2.0 MB
Progress (1): 0.9/2.0 MB
Progress (1): 1.0/2.0 MB
Progress (1): 1.0/2.0 MB
Progress (1): 1.0/2.0 MB
Progress (1): 1.0/2.0 MB
Progress (1): 1.0/2.0 MB
Progress (1): 1.0/2.0 MB
Progress (1): 1.0/2.0 MB
Progress (1): 1.0/2.0 MB
Progress (1): 1.0/2.0 MB
Progress (1): 1.0/2.0 MB
Progress (1): 1.0/2.0 MB
Progress (1): 1.0/2.0 MB
Progress (1): 1.0/2.0 MB
Progress (1): 1.0/2.0 MB
Progress (1): 1.0/2.0 MB
Progress (1): 1.0/2.0 MB
Progress (1): 1.0/2.0 MB
Progress (1): 1.0/2.0 MB
Progress (1): 1.0/2.0 MB
Progress (1): 1.0/2.0 MB
Progress (1): 1.0/2.0 MB
Progress (1): 1.0/2.0 MB
Progress (1): 1.0/2.0 MB
Progress (1): 1.0/2.0 MB
Progress (1): 1.1/2.0 MB
Progress (1): 1.1/2.0 MB
Progress (1): 1.1/2.0 MB
Progress (1): 1.1/2.0 MB
Progress (1): 1.1/2.0 MB
Progress (1): 1.1/2.0 MB
Progress (1): 1.1/2.0 MB
Progress (1): 1.1/2.0 MB
Progress (1): 1.1/2.0 MB
Progress (1): 1.1/2.0 MB
Progress (1): 1.1/2.0 MB
Progress (1): 1.1/2.0 MB
Progress (1): 1.1/2.0 MB
Progress (1): 1.1/2.0 MB
Progress (1): 1.1/2.0 MB
Progress (1): 1.1/2.0 MB
Progress (1): 1.1/2.0 MB
Progress (1): 1.1/2.0 MB
Progress (1): 1.1/2.0 MB
Progress (1): 1.1/2.0 MB
Progress (1): 1.1/2.0 MB
Progress (1): 1.1/2.0 MB
Progress (1): 1.1/2.0 MB
Progress (1): 1.1/2.0 MB
Progress (1): 1.2/2.0 MB
Progress (1): 1.2/2.0 MB
Progress (1): 1.2/2.0 MB
Progress (1): 1.2/2.0 MB
Progress (1): 1.2/2.0 MB
Progress (1): 1.2/2.0 MB
Progress (1): 1.2/2.0 MB
Progress (1): 1.2/2.0 MB
Progress (1): 1.2/2.0 MB
Progress (1): 1.2/2.0 MB
Progress (1): 1.2/2.0 MB
Progress (1): 1.2/2.0 MB
Progress (1): 1.2/2.0 MB
Progress (1): 1.2/2.0 MB
Progress (1): 1.2/2.0 MB
Progress (1): 1.2/2.0 MB
Progress (1): 1.2/2.0 MB
Progress (1): 1.2/2.0 MB
Progress (1): 1.2/2.0 MB
Progress (1): 1.2/2.0 MB
Progress (1): 1.2/2.0 MB
Progress (1): 1.2/2.0 MB
Progress (1): 1.2/2.0 MB
Progress (1): 1.2/2.0 MB
Progress (1): 1.2/2.0 MB
Progress (1): 1.3/2.0 MB
Progress (1): 1.3/2.0 MB
Progress (1): 1.3/2.0 MB
Progress (1): 1.3/2.0 MB
Progress (1): 1.3/2.0 MB
Progress (1): 1.3/2.0 MB
Progress (1): 1.3/2.0 MB
Progress (1): 1.3/2.0 MB
Progress (1): 1.3/2.0 MB
Progress (1): 1.3/2.0 MB
Progress (1): 1.3/2.0 MB
Progress (1): 1.3/2.0 MB
Progress (1): 1.3/2.0 MB
Progress (1): 1.3/2.0 MB
Progress (1): 1.3/2.0 MB
Progress (1): 1.3/2.0 MB
Progress (1): 1.3/2.0 MB
Progress (1): 1.3/2.0 MB
Progress (1): 1.3/2.0 MB
Progress (1): 1.3/2.0 MB
Progress (1): 1.3/2.0 MB
Progress (1): 1.3/2.0 MB
Progress (1): 1.3/2.0 MB
Progress (1): 1.3/2.0 MB
Progress (1): 1.4/2.0 MB
Progress (1): 1.4/2.0 MB
Progress (1): 1.4/2.0 MB
Progress (1): 1.4/2.0 MB
Progress (1): 1.4/2.0 MB
Progress (1): 1.4/2.0 MB
Progress (1): 1.4/2.0 MB
Progress (1): 1.4/2.0 MB
Progress (1): 1.4/2.0 MB
Progress (1): 1.4/2.0 MB
Progress (1): 1.4/2.0 MB
Progress (1): 1.4/2.0 MB
Progress (1): 1.4/2.0 MB
Progress (1): 1.4/2.0 MB
Progress (1): 1.4/2.0 MB
Progress (1): 1.4/2.0 MB
Progress (1): 1.4/2.0 MB
Progress (1): 1.4/2.0 MB
Progress (1): 1.4/2.0 MB
Progress (1): 1.4/2.0 MB
Progress (1): 1.4/2.0 MB
Progress (1): 1.4/2.0 MB
Progress (1): 1.4/2.0 MB
Progress (1): 1.4/2.0 MB
Progress (1): 1.4/2.0 MB
Progress (1): 1.5/2.0 MB
Progress (1): 1.5/2.0 MB
Progress (1): 1.5/2.0 MB
Progress (1): 1.5/2.0 MB
Progress (1): 1.5/2.0 MB
Progress (1): 1.5/2.0 MB
Progress (1): 1.5/2.0 MB
Progress (1): 1.5/2.0 MB
Progress (1): 1.5/2.0 MB
Progress (1): 1.5/2.0 MB
Progress (1): 1.5/2.0 MB
Progress (1): 1.5/2.0 MB
Progress (1): 1.5/2.0 MB
Progress (1): 1.5/2.0 MB
Progress (1): 1.5/2.0 MB
Progress (1): 1.5/2.0 MB
Progress (1): 1.5/2.0 MB
Progress (1): 1.5/2.0 MB
Progress (1): 1.5/2.0 MB
Progress (1): 1.5/2.0 MB
Progress (1): 1.5/2.0 MB
Progress (1): 1.5/2.0 MB
Progress (1): 1.5/2.0 MB
Progress (1): 1.5/2.0 MB
Progress (1): 1.6/2.0 MB
Progress (1): 1.6/2.0 MB
Progress (1): 1.6/2.0 MB
Progress (1): 1.6/2.0 MB
Progress (1): 1.6/2.0 MB
Progress (1): 1.6/2.0 MB
Progress (1): 1.6/2.0 MB
Progress (1): 1.6/2.0 MB
Progress (1): 1.6/2.0 MB
Progress (1): 1.6/2.0 MB
Progress (1): 1.6/2.0 MB
Progress (1): 1.6/2.0 MB
Progress (1): 1.6/2.0 MB
Progress (1): 1.6/2.0 MB
Progress (1): 1.6/2.0 MB
Progress (1): 1.6/2.0 MB
Progress (1): 1.6/2.0 MB
Progress (1): 1.6/2.0 MB
Progress (1): 1.6/2.0 MB
Progress (1): 1.6/2.0 MB
Progress (1): 1.6/2.0 MB
Progress (1): 1.6/2.0 MB
Progress (1): 1.6/2.0 MB
Progress (1): 1.6/2.0 MB
Progress (1): 1.7/2.0 MB
Progress (1): 1.7/2.0 MB
Progress (1): 1.7/2.0 MB
Progress (1): 1.7/2.0 MB
Progress (1): 1.7/2.0 MB
Progress (1): 1.7/2.0 MB
Progress (1): 1.7/2.0 MB
Progress (1): 1.7/2.0 MB
Progress (1): 1.7/2.0 MB
Progress (1): 1.7/2.0 MB
Progress (1): 1.7/2.0 MB
Progress (1): 1.7/2.0 MB
Progress (1): 1.7/2.0 MB
Progress (1): 1.7/2.0 MB
Progress (1): 1.7/2.0 MB
Progress (1): 1.7/2.0 MB
Progress (1): 1.7/2.0 MB
Progress (1): 1.7/2.0 MB
Progress (1): 1.7/2.0 MB
Progress (1): 1.7/2.0 MB
Progress (1): 1.7/2.0 MB
Progress (1): 1.7/2.0 MB
Progress (1): 1.7/2.0 MB
Progress (1): 1.7/2.0 MB
Progress (1): 1.7/2.0 MB
Progress (1): 1.8/2.0 MB
Progress (1): 1.8/2.0 MB
Progress (1): 1.8/2.0 MB
Progress (1): 1.8/2.0 MB
Progress (1): 1.8/2.0 MB
Progress (1): 1.8/2.0 MB
Progress (1): 1.8/2.0 MB
Progress (1): 1.8/2.0 MB
Progress (1): 1.8/2.0 MB
Progress (1): 1.8/2.0 MB
Progress (1): 1.8/2.0 MB
Progress (1): 1.8/2.0 MB
Progress (1): 1.8/2.0 MB
Progress (1): 1.8/2.0 MB
Progress (1): 1.8/2.0 MB
Progress (1): 1.8/2.0 MB
Progress (1): 1.8/2.0 MB
Progress (1): 1.8/2.0 MB
Progress (1): 1.8/2.0 MB
Progress (1): 1.8/2.0 MB
Progress (1): 1.8/2.0 MB
Progress (1): 1.8/2.0 MB
Progress (1): 1.8/2.0 MB
Progress (1): 1.8/2.0 MB
Progress (1): 1.9/2.0 MB
Progress (1): 1.9/2.0 MB
Progress (1): 1.9/2.0 MB
Progress (1): 1.9/2.0 MB
Progress (1): 1.9/2.0 MB
Progress (1): 1.9/2.0 MB
Progress (1): 1.9/2.0 MB
Progress (1): 1.9/2.0 MB
Progress (1): 1.9/2.0 MB
Progress (1): 1.9/2.0 MB
Progress (1): 1.9/2.0 MB
Progress (1): 1.9/2.0 MB
Progress (1): 1.9/2.0 MB
Progress (1): 1.9/2.0 MB
Progress (1): 1.9/2.0 MB
Progress (1): 1.9/2.0 MB
Progress (1): 1.9/2.0 MB
Progress (1): 1.9/2.0 MB
Progress (1): 1.9/2.0 MB
Progress (1): 1.9/2.0 MB
Progress (1): 1.9/2.0 MB
Progress (1): 1.9/2.0 MB
Progress (1): 1.9/2.0 MB
Progress (1): 1.9/2.0 MB
Progress (1): 1.9/2.0 MB
Progress (1): 2.0/2.0 MB
Progress (1): 2.0/2.0 MB
Progress (1): 2.0 MB    
                    
Downloaded from central: https://repo.maven.apache.org/maven2/biz/aQute/bnd/biz.aQute.bndlib/2.4.1/biz.aQute.bndlib-2.4.1.jar (2.0 MB at 20 MB/s)
[[1;34mINFO[m] 
[[1;34mINFO[m] [1m--- [0;32mmaven-resources-plugin:3.0.1:testResources[m [1m(default-testResources)[m @ [36mjsoup[0;1m ---[m
[[1;34mINFO[m] Using 'UTF-8' encoding to copy filtered resources.
[[1;34mINFO[m] Copying 25 resources
[[1;34mINFO[m] 
[[1;34mINFO[m] [1m--- [0;32mmaven-compiler-plugin:3.5.1:testCompile[m [1m(default-testCompile)[m @ [36mjsoup[0;1m ---[m
[[1;34mINFO[m] Changes detected - recompiling the module!
[[1;34mINFO[m] Compiling 46 source files to /home/bdanglot/workspace/icst-2019/september-2018/dataset/jsoup_parent/target/test-classes
[[1;34mINFO[m] /home/bdanglot/workspace/icst-2019/september-2018/dataset/jsoup_parent/target/clover/src-test-instrumented/org/jsoup/parser/AttributeParseTest.java: Some input files use or override a deprecated API.
[[1;34mINFO[m] /home/bdanglot/workspace/icst-2019/september-2018/dataset/jsoup_parent/target/clover/src-test-instrumented/org/jsoup/parser/AttributeParseTest.java: Recompile with -Xlint:deprecation for details.
[[1;34mINFO[m] 
[[1;34mINFO[m] [1m--- [0;32mmaven-surefire-plugin:2.12.4:test[m [1m(default-test)[m @ [36mjsoup[0;1m ---[m
[[1;34mINFO[m] Surefire report directory: /home/bdanglot/workspace/icst-2019/september-2018/dataset/jsoup_parent/target/surefire-reports

-------------------------------------------------------
 T E S T S
-------------------------------------------------------
Running org.jsoup.parser.ParserSettingsTest
Tests run: 3, Failures: 0, Errors: 0, Skipped: 0, Time elapsed: 0.121 sec
Running org.jsoup.parser.HtmlParserTest
Tests run: 129, Failures: 0, Errors: 0, Skipped: 1, Time elapsed: 2.304 sec
Running org.jsoup.parser.TokenQueueTest
Tests run: 8, Failures: 0, Errors: 0, Skipped: 0, Time elapsed: 0.01 sec
Running org.jsoup.parser.HtmlTreeBuilderTest
Tests run: 1, Failures: 0, Errors: 0, Skipped: 0, Time elapsed: 0.003 sec
Running org.jsoup.parser.AttributeParseTest
Tests run: 8, Failures: 0, Errors: 0, Skipped: 0, Time elapsed: 0.012 sec
Running org.jsoup.parser.CharacterReaderTest
Tests run: 22, Failures: 0, Errors: 0, Skipped: 1, Time elapsed: 0.022 sec
Running org.jsoup.parser.TokeniserTest
Tests run: 10, Failures: 0, Errors: 0, Skipped: 0, Time elapsed: 0.107 sec
Running org.jsoup.parser.HtmlTreeBuilderStateTest
Tests run: 1, Failures: 0, Errors: 0, Skipped: 0, Time elapsed: 0.004 sec
Running org.jsoup.parser.TokeniserStateTest
Tests run: 12, Failures: 0, Errors: 0, Skipped: 0, Time elapsed: 0.06 sec
Running org.jsoup.parser.TagTest
Tests run: 10, Failures: 0, Errors: 0, Skipped: 0, Time elapsed: 0.006 sec
Running org.jsoup.parser.XmlTreeBuilderTest
Tests run: 22, Failures: 0, Errors: 0, Skipped: 1, Time elapsed: 0.028 sec
Running org.jsoup.internal.ConstrainableInputStreamTest
Tests run: 1, Failures: 0, Errors: 0, Skipped: 1, Time elapsed: 0 sec
Running org.jsoup.internal.StringUtilTest
Tests run: 9, Failures: 0, Errors: 0, Skipped: 0, Time elapsed: 0.008 sec
Running org.jsoup.nodes.DocumentTypeTest
Tests run: 5, Failures: 0, Errors: 0, Skipped: 0, Time elapsed: 0.006 sec
Running org.jsoup.nodes.ElementTest
Tests run: 91, Failures: 0, Errors: 0, Skipped: 0, Time elapsed: 0.13 sec
Running org.jsoup.nodes.AttributeTest
Tests run: 2, Failures: 0, Errors: 0, Skipped: 0, Time elapsed: 0.003 sec
Running org.jsoup.nodes.FormElementTest
Tests run: 10, Failures: 0, Errors: 0, Skipped: 0, Time elapsed: 0.041 sec
Running org.jsoup.nodes.AttributesTest
Tests run: 8, Failures: 0, Errors: 0, Skipped: 0, Time elapsed: 0.006 sec
Running org.jsoup.nodes.EntitiesTest
Tests run: 15, Failures: 0, Errors: 0, Skipped: 0, Time elapsed: 0.019 sec
Running org.jsoup.nodes.DocumentTest
Tests run: 29, Failures: 0, Errors: 0, Skipped: 1, Time elapsed: 0.118 sec
Running org.jsoup.nodes.TextNodeTest
Tests run: 6, Failures: 0, Errors: 0, Skipped: 0, Time elapsed: 0.007 sec
Running org.jsoup.nodes.NodeTest
Tests run: 25, Failures: 0, Errors: 0, Skipped: 0, Time elapsed: 0.021 sec
Running org.jsoup.integration.ConnectTest
2018-09-27 12:44:33.775:INFO::main: Logging initialized @3388ms
2018-09-27 12:44:33.812:INFO:oejs.Server:main: jetty-9.2.22.v20170606
2018-09-27 12:44:33.857:INFO:oejs.ServerConnector:main: Started ServerConnector@3486b8e2{HTTP/1.1}{0.0.0.0:38719}
2018-09-27 12:44:33.857:INFO:oejs.Server:main: Started @3470ms
2018-09-27 12:44:35.261:INFO:oejs.ServerConnector:main: Stopped ServerConnector@3486b8e2{HTTP/1.1}{0.0.0.0:0}
Tests run: 29, Failures: 0, Errors: 0, Skipped: 5, Time elapsed: 1.526 sec
Running org.jsoup.integration.ParseTest
Tests run: 12, Failures: 0, Errors: 0, Skipped: 0, Time elapsed: 0.256 sec
Running org.jsoup.integration.UrlConnectTest
Tests run: 1, Failures: 0, Errors: 0, Skipped: 1, Time elapsed: 0 sec
Running org.jsoup.select.CssTest
Tests run: 17, Failures: 0, Errors: 0, Skipped: 0, Time elapsed: 0.081 sec
Running org.jsoup.select.ElementsTest
Tests run: 34, Failures: 0, Errors: 0, Skipped: 0, Time elapsed: 0.038 sec
Running org.jsoup.select.QueryParserTest
Tests run: 4, Failures: 0, Errors: 0, Skipped: 0, Time elapsed: 0.004 sec
Running org.jsoup.select.SelectorTest
Tests run: 62, Failures: 0, Errors: 0, Skipped: 0, Time elapsed: 0.083 sec
Running org.jsoup.select.TraversorTest
Tests run: 5, Failures: 0, Errors: 0, Skipped: 0, Time elapsed: 0.006 sec
Running org.jsoup.safety.CleanerTest
Tests run: 33, Failures: 0, Errors: 0, Skipped: 0, Time elapsed: 0.055 sec
Running org.jsoup.helper.HttpConnectionTest
Tests run: 22, Failures: 0, Errors: 0, Skipped: 0, Time elapsed: 0.018 sec
Running org.jsoup.helper.W3CDomTest
Tests run: 6, Failures: 0, Errors: 0, Skipped: 0, Time elapsed: 0.154 sec
Running org.jsoup.helper.DataUtilTest
Tests run: 15, Failures: 0, Errors: 0, Skipped: 0, Time elapsed: 0.02 sec

Results :

Tests run: 667, Failures: 0, Errors: 0, Skipped: 11

[[1;34mINFO[m] [1m------------------------------------------------------------------------[m
[[1;34mINFO[m] [1;32mBUILD SUCCESS[m
[[1;34mINFO[m] [1m------------------------------------------------------------------------[m
[[1;34mINFO[m] Total time: 22.357 s
[[1;34mINFO[m] Finished at: 2018-09-27T12:44:36+02:00
[[1;34mINFO[m] [1m------------------------------------------------------------------------[m
Writing HTML report to '/home/bdanglot/workspace/icst-2019/september-2018/dataset/jsoup_parent/target/clover/report'
Done. Processed 10 packages in 11426ms (1142ms per package).
[[1;34mINFO[m] /home/bdanglot/workspace/icst-2019/september-2018/dataset/jsoup_parent/src/main/java/org/jsoup/nodes/Element.java
[[1;34mINFO[m] /home/bdanglot/workspace/icst-2019/september-2018/dataset/jsoup/src/main/java/org/jsoup/nodes/Element.java
[info] org.jsoup.nodes.Element:696 is modified.
[info] org.jsoup.nodes.Element:721 is modified.
[info] org.jsoup.nodes.Element:725 is modified.
[info] org.jsoup.nodes.Element:726 is modified.
[info] org.jsoup.nodes.Element:728 is modified.
[info] org.jsoup.nodes.Element:729 is modified.
[info] org.jsoup.nodes.Element:727 is modified.
[info] org.jsoup.nodes.Element:696 covered.
[[1;34mINFO[m] /home/bdanglot/workspace/icst-2019/september-2018/dataset/jsoup_parent/src/main/java/org/jsoup/select/Elements.java
[[1;34mINFO[m] /home/bdanglot/workspace/icst-2019/september-2018/dataset/jsoup/src/main/java/org/jsoup/select/Elements.java
[[1;34mINFO[m] /home/bdanglot/workspace/icst-2019/september-2018/dataset/jsoup_parent/src/test/java/org/jsoup/nodes/ElementTest.java
[[1;34mINFO[m] /home/bdanglot/workspace/icst-2019/september-2018/dataset/jsoup/src/test/java/org/jsoup/nodes/ElementTest.java
[info] org.jsoup.nodes.ElementTest:1324 is modified.
[info] org.jsoup.nodes.ElementTest:1333 is modified.
[info] org.jsoup.nodes.ElementTest:1334 is modified.
[info] org.jsoup.nodes.ElementTest:1335 is modified.
[info] org.jsoup.nodes.ElementTest:1336 is modified.
[info] org.jsoup.nodes.ElementTest:1337 is modified.
[info] org.jsoup.nodes.ElementTest:1338 is modified.
[info] org.jsoup.nodes.ElementTest:1340 is modified.
[info] org.jsoup.nodes.ElementTest:1341 is modified.
[info] org.jsoup.nodes.ElementTest:1342 is modified.
[info] org.jsoup.nodes.ElementTest:1343 is modified.
[info] org.jsoup.nodes.ElementTest:1344 is modified.
[info] org.jsoup.nodes.ElementTest:1346 is modified.
[info] org.jsoup.nodes.ElementTest:1347 is modified.
[info] org.jsoup.nodes.ElementTest:1348 is modified.
[info] org.jsoup.nodes.ElementTest:1350 is modified.
[info] org.jsoup.nodes.ElementTest:1351 is modified.
[info] org.jsoup.nodes.ElementTest:1352 is modified.
[info] org.jsoup.nodes.ElementTest:1353 is modified.
[info] org.jsoup.nodes.ElementTest:1354 is modified.
[info] org.jsoup.nodes.ElementTest:1356 is modified.
[info] org.jsoup.nodes.ElementTest:1357 is modified.
[info] org.jsoup.nodes.ElementTest:1358 is modified.
[info] org.jsoup.nodes.ElementTest:1363 is modified.
[info] org.jsoup.nodes.ElementTest:1372 is modified.
[info] org.jsoup.nodes.ElementTest:1373 is modified.
[info] org.jsoup.nodes.ElementTest:1374 is modified.
[info] org.jsoup.nodes.ElementTest:1375 is modified.
[info] org.jsoup.nodes.ElementTest:1376 is modified.
[info] org.jsoup.nodes.ElementTest:1378 is modified.
[info] org.jsoup.nodes.ElementTest:1379 is modified.
[info] org.jsoup.nodes.ElementTest:1380 is modified.
[info] org.jsoup.nodes.ElementTest:1382 is modified.
[info] org.jsoup.nodes.ElementTest:1383 is modified.
[info] org.jsoup.nodes.ElementTest:1384 is modified.
[info] org.jsoup.nodes.ElementTest:1385 is modified.
[info] org.jsoup.nodes.ElementTest:1386 is modified.
[info] org.jsoup.nodes.ElementTest:1387 is modified.
[info] org.jsoup.nodes.ElementTest:1389 is modified.
[info] org.jsoup.nodes.ElementTest:1390 is modified.
[info] org.jsoup.nodes.ElementTest:1391 is modified.
[[1;34mINFO[m] Saving result in /home/bdanglot/workspace/icst-2019/september-2018/result/jsoup/commit_0_26adfcb/parent_coverage_testsThatExecuteTheChanges.csv ...
[[1;34mINFO[m] org.jsoup.nodes.ElementTest;testGetSiblings;testIs;testGetSiblingsWithDuplicateContent
org.jsoup.nodes.NodeTest;orphanNodeReturnsNullForSiblingElements
org.jsoup.select.SelectorTest;adjacentSiblings;mixCombinator;notAdjacent;testCombinedWithContains;generalSiblings;matchText;adjacentSiblingsWithId;findBetweenSpan;mixCombinatorGroup
org.jsoup.select.ElementsTest;siblings;hasText
org.jsoup.integration.ConnectTest;doesGet;doesPost;doesPostFor307;sendsRequestBody;multiCookieSet;postFiles;sendsRequestBodyJsonWithData;doesPut;doesNotPostFor302;sendsRequestBodyWithUrlParams;sendsRequestBodyJsonWithoutData
[[1;34mINFO[m] Writing Coverage in /home/bdanglot/workspace/icst-2019/september-2018/result/jsoup/commit_0_26adfcb/parent_coverage_testsThatExecuteTheChanges_coverage.csv
[[1;34mINFO[m] org.jsoup.nodes.Element;1;7

[[1;34mINFO[m] total;1;7

[[1;34mINFO[m] [1m------------------------------------------------------------------------[m
[[1;34mINFO[m] [1;32mBUILD SUCCESS[m
[[1;34mINFO[m] [1m------------------------------------------------------------------------[m
[[1;34mINFO[m] Total time: 45.761 s
[[1;34mINFO[m] Finished at: 2018-09-27T12:44:56+02:00
[[1;34mINFO[m] [1m------------------------------------------------------------------------[m
