[1mApache Maven 3.5.3[m
Maven home: /usr/share/maven
Java version: 1.8.0_181, vendor: Oracle Corporation
Java home: /home/bdanglot/Documents/jdk1.8.0_181/jre
Default locale: en_GB, platform encoding: UTF-8
OS name: "linux", version: "4.18.0-6.1-liquorix-amd64", arch: "amd64", family: "unix"
[[1;36mDEBUG[m] Created new class realm maven.api
[[1;36mDEBUG[m] Importing foreign packages into class realm maven.api
[[1;36mDEBUG[m]   Imported: javax.annotation.* < plexus.core
[[1;36mDEBUG[m]   Imported: javax.annotation.security.* < plexus.core
[[1;36mDEBUG[m]   Imported: javax.enterprise.inject.* < plexus.core
[[1;36mDEBUG[m]   Imported: javax.enterprise.util.* < plexus.core
[[1;36mDEBUG[m]   Imported: javax.inject.* < plexus.core
[[1;36mDEBUG[m]   Imported: org.apache.maven.* < plexus.core
[[1;36mDEBUG[m]   Imported: org.apache.maven.artifact < plexus.core
[[1;36mDEBUG[m]   Imported: org.apache.maven.classrealm < plexus.core
[[1;36mDEBUG[m]   Imported: org.apache.maven.cli < plexus.core
[[1;36mDEBUG[m]   Imported: org.apache.maven.configuration < plexus.core
[[1;36mDEBUG[m]   Imported: org.apache.maven.exception < plexus.core
[[1;36mDEBUG[m]   Imported: org.apache.maven.execution < plexus.core
[[1;36mDEBUG[m]   Imported: org.apache.maven.execution.scope < plexus.core
[[1;36mDEBUG[m]   Imported: org.apache.maven.lifecycle < plexus.core
[[1;36mDEBUG[m]   Imported: org.apache.maven.model < plexus.core
[[1;36mDEBUG[m]   Imported: org.apache.maven.monitor < plexus.core
[[1;36mDEBUG[m]   Imported: org.apache.maven.plugin < plexus.core
[[1;36mDEBUG[m]   Imported: org.apache.maven.profiles < plexus.core
[[1;36mDEBUG[m]   Imported: org.apache.maven.project < plexus.core
[[1;36mDEBUG[m]   Imported: org.apache.maven.reporting < plexus.core
[[1;36mDEBUG[m]   Imported: org.apache.maven.repository < plexus.core
[[1;36mDEBUG[m]   Imported: org.apache.maven.rtinfo < plexus.core
[[1;36mDEBUG[m]   Imported: org.apache.maven.settings < plexus.core
[[1;36mDEBUG[m]   Imported: org.apache.maven.toolchain < plexus.core
[[1;36mDEBUG[m]   Imported: org.apache.maven.usability < plexus.core
[[1;36mDEBUG[m]   Imported: org.apache.maven.wagon.* < plexus.core
[[1;36mDEBUG[m]   Imported: org.apache.maven.wagon.authentication < plexus.core
[[1;36mDEBUG[m]   Imported: org.apache.maven.wagon.authorization < plexus.core
[[1;36mDEBUG[m]   Imported: org.apache.maven.wagon.events < plexus.core
[[1;36mDEBUG[m]   Imported: org.apache.maven.wagon.observers < plexus.core
[[1;36mDEBUG[m]   Imported: org.apache.maven.wagon.proxy < plexus.core
[[1;36mDEBUG[m]   Imported: org.apache.maven.wagon.repository < plexus.core
[[1;36mDEBUG[m]   Imported: org.apache.maven.wagon.resource < plexus.core
[[1;36mDEBUG[m]   Imported: org.codehaus.classworlds < plexus.core
[[1;36mDEBUG[m]   Imported: org.codehaus.plexus.* < plexus.core
[[1;36mDEBUG[m]   Imported: org.codehaus.plexus.classworlds < plexus.core
[[1;36mDEBUG[m]   Imported: org.codehaus.plexus.component < plexus.core
[[1;36mDEBUG[m]   Imported: org.codehaus.plexus.configuration < plexus.core
[[1;36mDEBUG[m]   Imported: org.codehaus.plexus.container < plexus.core
[[1;36mDEBUG[m]   Imported: org.codehaus.plexus.context < plexus.core
[[1;36mDEBUG[m]   Imported: org.codehaus.plexus.lifecycle < plexus.core
[[1;36mDEBUG[m]   Imported: org.codehaus.plexus.logging < plexus.core
[[1;36mDEBUG[m]   Imported: org.codehaus.plexus.personality < plexus.core
[[1;36mDEBUG[m]   Imported: org.codehaus.plexus.util.xml.Xpp3Dom < plexus.core
[[1;36mDEBUG[m]   Imported: org.codehaus.plexus.util.xml.pull.XmlPullParser < plexus.core
[[1;36mDEBUG[m]   Imported: org.codehaus.plexus.util.xml.pull.XmlPullParserException < plexus.core
[[1;36mDEBUG[m]   Imported: org.codehaus.plexus.util.xml.pull.XmlSerializer < plexus.core
[[1;36mDEBUG[m]   Imported: org.eclipse.aether.* < plexus.core
[[1;36mDEBUG[m]   Imported: org.eclipse.aether.artifact < plexus.core
[[1;36mDEBUG[m]   Imported: org.eclipse.aether.collection < plexus.core
[[1;36mDEBUG[m]   Imported: org.eclipse.aether.deployment < plexus.core
[[1;36mDEBUG[m]   Imported: org.eclipse.aether.graph < plexus.core
[[1;36mDEBUG[m]   Imported: org.eclipse.aether.impl < plexus.core
[[1;36mDEBUG[m]   Imported: org.eclipse.aether.installation < plexus.core
[[1;36mDEBUG[m]   Imported: org.eclipse.aether.internal.impl < plexus.core
[[1;36mDEBUG[m]   Imported: org.eclipse.aether.metadata < plexus.core
[[1;36mDEBUG[m]   Imported: org.eclipse.aether.repository < plexus.core
[[1;36mDEBUG[m]   Imported: org.eclipse.aether.resolution < plexus.core
[[1;36mDEBUG[m]   Imported: org.eclipse.aether.spi < plexus.core
[[1;36mDEBUG[m]   Imported: org.eclipse.aether.transfer < plexus.core
[[1;36mDEBUG[m]   Imported: org.eclipse.aether.version < plexus.core
[[1;36mDEBUG[m]   Imported: org.fusesource.jansi.* < plexus.core
[[1;36mDEBUG[m]   Imported: org.slf4j.* < plexus.core
[[1;36mDEBUG[m]   Imported: org.slf4j.helpers.* < plexus.core
[[1;36mDEBUG[m]   Imported: org.slf4j.spi.* < plexus.core
[[1;36mDEBUG[m] Populating class realm maven.api
[[1;34mINFO[m] Error stacktraces are turned on.
[[1;36mDEBUG[m] Message scheme: color
[[1;36mDEBUG[m] Message styles: [1;36mdebug[m [1;34minfo[m [1;33mwarning[m [1;31merror[m [1;32msuccess[m [1;31mfailure[m [1mstrong[m [32mmojo[m [36mproject[m
[[1;36mDEBUG[m] Reading global settings from /usr/share/maven/conf/settings.xml
[[1;36mDEBUG[m] Reading user settings from /home/bdanglot/.m2/settings.xml
[[1;36mDEBUG[m] Reading global toolchains from /usr/share/maven/conf/toolchains.xml
[[1;36mDEBUG[m] Reading user toolchains from /home/bdanglot/.m2/toolchains.xml
[[1;36mDEBUG[m] Using local repository at /home/bdanglot/.m2/repository
[[1;36mDEBUG[m] Using manager EnhancedLocalRepositoryManager with priority 10.0 for /home/bdanglot/.m2/repository
[[1;34mINFO[m] Scanning for projects...
[[1;36mDEBUG[m] Extension realms for project org.xwiki.commons:xwiki-commons-component-api:jar:9.12-SNAPSHOT: (none)
[[1;36mDEBUG[m] Looking up lifecycle mappings for packaging jar from ClassRealm[plexus.core, parent: null]
[[1;36mDEBUG[m] Extension realms for project org.xwiki.commons:xwiki-commons-component:pom:9.12-SNAPSHOT: (none)
[[1;36mDEBUG[m] Looking up lifecycle mappings for packaging pom from ClassRealm[plexus.core, parent: null]
[[1;36mDEBUG[m] Extension realms for project org.xwiki.commons:xwiki-commons-core:pom:9.12-SNAPSHOT: (none)
[[1;36mDEBUG[m] Looking up lifecycle mappings for packaging pom from ClassRealm[plexus.core, parent: null]
[[1;36mDEBUG[m] Extension realms for project org.xwiki.commons:xwiki-commons-pom:pom:9.12-SNAPSHOT: (none)
[[1;36mDEBUG[m] Looking up lifecycle mappings for packaging pom from ClassRealm[plexus.core, parent: null]
[[1;36mDEBUG[m] Extension realms for project org.xwiki.commons:xwiki-commons:pom:9.12-SNAPSHOT: (none)
[[1;36mDEBUG[m] Looking up lifecycle mappings for packaging pom from ClassRealm[plexus.core, parent: null]
[[1;33mWARNING[m] 
[[1;33mWARNING[m] Some problems were encountered while building the effective model for org.xwiki.commons:xwiki-commons-component-api:jar:9.12-SNAPSHOT
[[1;33mWARNING[m] Reporting configuration should be done in <reporting> section, not in maven-site-plugin <configuration> as reportPlugins parameter.
[[1;33mWARNING[m] 
[[1;33mWARNING[m] It is highly recommended to fix these problems because they threaten the stability of your build.
[[1;33mWARNING[m] 
[[1;33mWARNING[m] For this reason, future Maven versions might no longer support building such malformed projects.
[[1;33mWARNING[m] 
[[1;36mDEBUG[m] === REACTOR BUILD PLAN ================================================
[[1;36mDEBUG[m] Project: org.xwiki.commons:xwiki-commons-component-api:jar:9.12-SNAPSHOT
[[1;36mDEBUG[m] Tasks:   [clean, eu.stamp-project:diff-test-selection:0.5-SNAPSHOT:list]
[[1;36mDEBUG[m] Style:   Regular
[[1;36mDEBUG[m] =======================================================================
[[1;34mINFO[m] 
[[1;34mINFO[m] [1m-----------< [0;36morg.xwiki.commons:xwiki-commons-component-api[0;1m >------------[m
[[1;34mINFO[m] [1mBuilding XWiki Commons - Component - API 9.12-SNAPSHOT[m
[[1;34mINFO[m] [1m--------------------------------[ jar ]---------------------------------[m
[[1;36mDEBUG[m] Lifecycle default -> [validate, initialize, generate-sources, process-sources, generate-resources, process-resources, compile, process-classes, generate-test-sources, process-test-sources, generate-test-resources, process-test-resources, test-compile, process-test-classes, test, prepare-package, package, pre-integration-test, integration-test, post-integration-test, verify, install, deploy]
[[1;36mDEBUG[m] Lifecycle clean -> [pre-clean, clean, post-clean]
[[1;36mDEBUG[m] Lifecycle site -> [pre-site, site, post-site, site-deploy]
[[1;36mDEBUG[m] Lifecycle default -> [validate, initialize, generate-sources, process-sources, generate-resources, process-resources, compile, process-classes, generate-test-sources, process-test-sources, generate-test-resources, process-test-resources, test-compile, process-test-classes, test, prepare-package, package, pre-integration-test, integration-test, post-integration-test, verify, install, deploy]
[[1;36mDEBUG[m] Lifecycle clean -> [pre-clean, clean, post-clean]
[[1;36mDEBUG[m] Lifecycle site -> [pre-site, site, post-site, site-deploy]
[[1;36mDEBUG[m] Lifecycle default -> [validate, initialize, generate-sources, process-sources, generate-resources, process-resources, compile, process-classes, generate-test-sources, process-test-sources, generate-test-resources, process-test-resources, test-compile, process-test-classes, test, prepare-package, package, pre-integration-test, integration-test, post-integration-test, verify, install, deploy]
[[1;36mDEBUG[m] Lifecycle clean -> [pre-clean, clean, post-clean]
[[1;36mDEBUG[m] Lifecycle site -> [pre-site, site, post-site, site-deploy]
[[1;36mDEBUG[m] === PROJECT BUILD PLAN ================================================
[[1;36mDEBUG[m] Project:       org.xwiki.commons:xwiki-commons-component-api:9.12-SNAPSHOT
[[1;36mDEBUG[m] Dependencies (collect): []
[[1;36mDEBUG[m] Dependencies (resolve): []
[[1;36mDEBUG[m] Repositories (dependencies): [central (https://repo.maven.apache.org/maven2, default, releases)]
[[1;36mDEBUG[m] Repositories (plugins)     : [central (https://repo.maven.apache.org/maven2, default, releases)]
[[1;36mDEBUG[m] -----------------------------------------------------------------------
[[1;36mDEBUG[m] Goal:          org.apache.maven.plugins:maven-clean-plugin:3.0.0:clean (default-clean)
[[1;36mDEBUG[m] Style:         Regular
[[1;36mDEBUG[m] Configuration: <?xml version="1.0" encoding="UTF-8"?>
<configuration>
  <directory default-value="${project.build.directory}"/>
  <excludeDefaultDirectories default-value="false">${maven.clean.excludeDefaultDirectories}</excludeDefaultDirectories>
  <failOnError default-value="true">${maven.clean.failOnError}</failOnError>
  <followSymLinks default-value="false">${maven.clean.followSymLinks}</followSymLinks>
  <outputDirectory default-value="${project.build.outputDirectory}"/>
  <reportDirectory default-value="${project.build.outputDirectory}"/>
  <retryOnError default-value="true">${maven.clean.retryOnError}</retryOnError>
  <skip default-value="false">${maven.clean.skip}</skip>
  <testOutputDirectory default-value="${project.build.testOutputDirectory}"/>
  <verbose>${maven.clean.verbose}</verbose>
</configuration>
[[1;36mDEBUG[m] -----------------------------------------------------------------------
[[1;36mDEBUG[m] Goal:          eu.stamp-project:diff-test-selection:0.5-SNAPSHOT:list (default-cli)
[[1;36mDEBUG[m] Style:         Regular
[[1;36mDEBUG[m] Configuration: <?xml version="1.0" encoding="UTF-8"?>
<configuration>
  <module default-value="">${module}</module>
  <outputPath default-value="">${outputPath}</outputPath>
  <pathToDiff>${pathToDiff}</pathToDiff>
  <pathToOtherVersion>${pathToOtherVersion}</pathToOtherVersion>
  <project default-value="${project}"/>
  <report default-value="CSV">${report}</report>
  <skipCoverage>${skipCoverage}</skipCoverage>
</configuration>
[[1;36mDEBUG[m] =======================================================================
[[1;34mINFO[m] 
[[1;34mINFO[m] [1m--- [0;32mmaven-clean-plugin:3.0.0:clean[m [1m(default-clean)[m @ [36mxwiki-commons-component-api[0;1m ---[m
[[1;36mDEBUG[m] Dependency collection stats: {ConflictMarker.analyzeTime=781158, ConflictMarker.markTime=371798, ConflictMarker.nodeCount=15, ConflictIdSorter.graphTime=345693, ConflictIdSorter.topsortTime=272470, ConflictIdSorter.conflictIdCount=13, ConflictIdSorter.conflictIdCycleCount=0, ConflictResolver.totalTime=2847068, ConflictResolver.conflictItemCount=15, DefaultDependencyCollector.collectTime=74603260, DefaultDependencyCollector.transformTime=6832245}
[[1;36mDEBUG[m] org.apache.maven.plugins:maven-clean-plugin:jar:3.0.0:
[[1;36mDEBUG[m]    org.apache.maven:maven-plugin-api:jar:3.0:compile
[[1;36mDEBUG[m]       org.apache.maven:maven-model:jar:3.0:compile
[[1;36mDEBUG[m]          org.codehaus.plexus:plexus-utils:jar:2.0.4:compile
[[1;36mDEBUG[m]       org.apache.maven:maven-artifact:jar:3.0:compile
[[1;36mDEBUG[m]       org.sonatype.sisu:sisu-inject-plexus:jar:1.4.2:compile
[[1;36mDEBUG[m]          org.codehaus.plexus:plexus-component-annotations:jar:1.5.5:compile
[[1;36mDEBUG[m]          org.codehaus.plexus:plexus-classworlds:jar:2.2.3:compile
[[1;36mDEBUG[m]          org.sonatype.sisu:sisu-inject-bean:jar:1.4.2:compile
[[1;36mDEBUG[m]             org.sonatype.sisu:sisu-guice:jar:noaop:2.1.7:compile
[[1;36mDEBUG[m]    org.apache.maven.shared:maven-shared-utils:jar:3.0.0:compile
[[1;36mDEBUG[m]       commons-io:commons-io:jar:2.4:compile
[[1;36mDEBUG[m]       com.google.code.findbugs:jsr305:jar:2.0.1:compile
[[1;36mDEBUG[m] Created new class realm plugin>org.apache.maven.plugins:maven-clean-plugin:3.0.0
[[1;36mDEBUG[m] Importing foreign packages into class realm plugin>org.apache.maven.plugins:maven-clean-plugin:3.0.0
[[1;36mDEBUG[m]   Imported:  < maven.api
[[1;36mDEBUG[m] Populating class realm plugin>org.apache.maven.plugins:maven-clean-plugin:3.0.0
[[1;36mDEBUG[m]   Included: org.apache.maven.plugins:maven-clean-plugin:jar:3.0.0
[[1;36mDEBUG[m]   Included: org.codehaus.plexus:plexus-utils:jar:2.0.4
[[1;36mDEBUG[m]   Included: org.codehaus.plexus:plexus-component-annotations:jar:1.5.5
[[1;36mDEBUG[m]   Included: org.sonatype.sisu:sisu-inject-bean:jar:1.4.2
[[1;36mDEBUG[m]   Included: org.sonatype.sisu:sisu-guice:jar:noaop:2.1.7
[[1;36mDEBUG[m]   Included: org.apache.maven.shared:maven-shared-utils:jar:3.0.0
[[1;36mDEBUG[m]   Included: commons-io:commons-io:jar:2.4
[[1;36mDEBUG[m]   Included: com.google.code.findbugs:jsr305:jar:2.0.1
[[1;36mDEBUG[m] Configuring mojo org.apache.maven.plugins:maven-clean-plugin:3.0.0:clean from plugin realm ClassRealm[plugin>org.apache.maven.plugins:maven-clean-plugin:3.0.0, parent: sun.misc.Launcher$AppClassLoader@5c647e05]
[[1;36mDEBUG[m] Configuring mojo 'org.apache.maven.plugins:maven-clean-plugin:3.0.0:clean' with basic configurator -->
[[1;36mDEBUG[m]   (f) directory = /home/bdanglot/workspace/icst-2019/september-2018/dataset/xwiki-commons/xwiki-commons-core/xwiki-commons-component/xwiki-commons-component-api/target
[[1;36mDEBUG[m]   (f) excludeDefaultDirectories = false
[[1;36mDEBUG[m]   (f) failOnError = true
[[1;36mDEBUG[m]   (f) followSymLinks = false
[[1;36mDEBUG[m]   (f) outputDirectory = /home/bdanglot/workspace/icst-2019/september-2018/dataset/xwiki-commons/xwiki-commons-core/xwiki-commons-component/xwiki-commons-component-api/target/classes
[[1;36mDEBUG[m]   (f) reportDirectory = /home/bdanglot/workspace/icst-2019/september-2018/dataset/xwiki-commons/xwiki-commons-core/xwiki-commons-component/xwiki-commons-component-api/target/classes
[[1;36mDEBUG[m]   (f) retryOnError = true
[[1;36mDEBUG[m]   (f) skip = false
[[1;36mDEBUG[m]   (f) testOutputDirectory = /home/bdanglot/workspace/icst-2019/september-2018/dataset/xwiki-commons/xwiki-commons-core/xwiki-commons-component/xwiki-commons-component-api/target/test-classes
[[1;36mDEBUG[m] -- end configuration --
[[1;34mINFO[m] Deleting /home/bdanglot/workspace/icst-2019/september-2018/dataset/xwiki-commons/xwiki-commons-core/xwiki-commons-component/xwiki-commons-component-api/target
[[1;34mINFO[m] Deleting file /home/bdanglot/workspace/icst-2019/september-2018/dataset/xwiki-commons/xwiki-commons-core/xwiki-commons-component/xwiki-commons-component-api/target/classes/org/xwiki/component/util/ObjectUtils.class
[[1;34mINFO[m] Deleting file /home/bdanglot/workspace/icst-2019/september-2018/dataset/xwiki-commons/xwiki-commons-core/xwiki-commons-component/xwiki-commons-component-api/target/classes/org/xwiki/component/util/DefaultParameterizedType.class
[[1;34mINFO[m] Deleting file /home/bdanglot/workspace/icst-2019/september-2018/dataset/xwiki-commons/xwiki-commons-core/xwiki-commons-component/xwiki-commons-component-api/target/classes/org/xwiki/component/util/ReflectionMethodUtils.class
[[1;34mINFO[m] Deleting file /home/bdanglot/workspace/icst-2019/september-2018/dataset/xwiki-commons/xwiki-commons-core/xwiki-commons-component/xwiki-commons-component-api/target/classes/org/xwiki/component/util/ReflectionUtils.class
[[1;34mINFO[m] Deleting directory /home/bdanglot/workspace/icst-2019/september-2018/dataset/xwiki-commons/xwiki-commons-core/xwiki-commons-component/xwiki-commons-component-api/target/classes/org/xwiki/component/util
[[1;34mINFO[m] Deleting file /home/bdanglot/workspace/icst-2019/september-2018/dataset/xwiki-commons/xwiki-commons-core/xwiki-commons-component/xwiki-commons-component-api/target/classes/org/xwiki/component/annotation/Role.class
[[1;34mINFO[m] Deleting file /home/bdanglot/workspace/icst-2019/september-2018/dataset/xwiki-commons/xwiki-commons-core/xwiki-commons-component/xwiki-commons-component-api/target/classes/org/xwiki/component/annotation/Component.class
[[1;34mINFO[m] Deleting file /home/bdanglot/workspace/icst-2019/september-2018/dataset/xwiki-commons/xwiki-commons-core/xwiki-commons-component/xwiki-commons-component-api/target/classes/org/xwiki/component/annotation/InstantiationStrategy.class
[[1;34mINFO[m] Deleting file /home/bdanglot/workspace/icst-2019/september-2018/dataset/xwiki-commons/xwiki-commons-core/xwiki-commons-component/xwiki-commons-component-api/target/classes/org/xwiki/component/annotation/DisposePriority.class
[[1;34mINFO[m] Deleting file /home/bdanglot/workspace/icst-2019/september-2018/dataset/xwiki-commons/xwiki-commons-core/xwiki-commons-component/xwiki-commons-component-api/target/classes/org/xwiki/component/annotation/ComponentRole.class
[[1;34mINFO[m] Deleting directory /home/bdanglot/workspace/icst-2019/september-2018/dataset/xwiki-commons/xwiki-commons-core/xwiki-commons-component/xwiki-commons-component-api/target/classes/org/xwiki/component/annotation
[[1;34mINFO[m] Deleting file /home/bdanglot/workspace/icst-2019/september-2018/dataset/xwiki-commons/xwiki-commons-core/xwiki-commons-component/xwiki-commons-component-api/target/classes/org/xwiki/component/namespace/Namespace.class
[[1;34mINFO[m] Deleting file /home/bdanglot/workspace/icst-2019/september-2018/dataset/xwiki-commons/xwiki-commons-core/xwiki-commons-component/xwiki-commons-component-api/target/classes/org/xwiki/component/namespace/NamespaceNotAllowedException.class
[[1;34mINFO[m] Deleting file /home/bdanglot/workspace/icst-2019/september-2018/dataset/xwiki-commons/xwiki-commons-core/xwiki-commons-component/xwiki-commons-component-api/target/classes/org/xwiki/component/namespace/NamespaceValidator.class
[[1;34mINFO[m] Deleting file /home/bdanglot/workspace/icst-2019/september-2018/dataset/xwiki-commons/xwiki-commons-core/xwiki-commons-component/xwiki-commons-component-api/target/classes/org/xwiki/component/namespace/NamespaceUtils.class
[[1;34mINFO[m] Deleting directory /home/bdanglot/workspace/icst-2019/september-2018/dataset/xwiki-commons/xwiki-commons-core/xwiki-commons-component/xwiki-commons-component-api/target/classes/org/xwiki/component/namespace
[[1;34mINFO[m] Deleting file /home/bdanglot/workspace/icst-2019/september-2018/dataset/xwiki-commons/xwiki-commons-core/xwiki-commons-component/xwiki-commons-component-api/target/classes/org/xwiki/component/phase/Initializable.class
[[1;34mINFO[m] Deleting file /home/bdanglot/workspace/icst-2019/september-2018/dataset/xwiki-commons/xwiki-commons-core/xwiki-commons-component/xwiki-commons-component-api/target/classes/org/xwiki/component/phase/InitializationException.class
[[1;34mINFO[m] Deleting file /home/bdanglot/workspace/icst-2019/september-2018/dataset/xwiki-commons/xwiki-commons-core/xwiki-commons-component/xwiki-commons-component-api/target/classes/org/xwiki/component/phase/Disposable.class
[[1;34mINFO[m] Deleting directory /home/bdanglot/workspace/icst-2019/september-2018/dataset/xwiki-commons/xwiki-commons-core/xwiki-commons-component/xwiki-commons-component-api/target/classes/org/xwiki/component/phase
[[1;34mINFO[m] Deleting file /home/bdanglot/workspace/icst-2019/september-2018/dataset/xwiki-commons/xwiki-commons-core/xwiki-commons-component/xwiki-commons-component-api/target/classes/org/xwiki/component/manager/ComponentRepositoryException.class
[[1;34mINFO[m] Deleting file /home/bdanglot/workspace/icst-2019/september-2018/dataset/xwiki-commons/xwiki-commons-core/xwiki-commons-component/xwiki-commons-component-api/target/classes/org/xwiki/component/manager/ComponentManagerInitializer.class
[[1;34mINFO[m] Deleting file /home/bdanglot/workspace/icst-2019/september-2018/dataset/xwiki-commons/xwiki-commons-core/xwiki-commons-component/xwiki-commons-component-api/target/classes/org/xwiki/component/manager/ProviderLookupException.class
[[1;34mINFO[m] Deleting file /home/bdanglot/workspace/icst-2019/september-2018/dataset/xwiki-commons/xwiki-commons-core/xwiki-commons-component/xwiki-commons-component-api/target/classes/org/xwiki/component/manager/ComponentManager.class
[[1;34mINFO[m] Deleting file /home/bdanglot/workspace/icst-2019/september-2018/dataset/xwiki-commons/xwiki-commons-core/xwiki-commons-component/xwiki-commons-component-api/target/classes/org/xwiki/component/manager/ComponentLifecycleException.class
[[1;34mINFO[m] Deleting file /home/bdanglot/workspace/icst-2019/september-2018/dataset/xwiki-commons/xwiki-commons-core/xwiki-commons-component/xwiki-commons-component-api/target/classes/org/xwiki/component/manager/ComponentLookupException.class
[[1;34mINFO[m] Deleting file /home/bdanglot/workspace/icst-2019/september-2018/dataset/xwiki-commons/xwiki-commons-core/xwiki-commons-component/xwiki-commons-component-api/target/classes/org/xwiki/component/manager/ComponentEventManager.class
[[1;34mINFO[m] Deleting file /home/bdanglot/workspace/icst-2019/september-2018/dataset/xwiki-commons/xwiki-commons-core/xwiki-commons-component/xwiki-commons-component-api/target/classes/org/xwiki/component/manager/NamespacedComponentManager.class
[[1;34mINFO[m] Deleting directory /home/bdanglot/workspace/icst-2019/september-2018/dataset/xwiki-commons/xwiki-commons-core/xwiki-commons-component/xwiki-commons-component-api/target/classes/org/xwiki/component/manager
[[1;34mINFO[m] Deleting file /home/bdanglot/workspace/icst-2019/september-2018/dataset/xwiki-commons/xwiki-commons-core/xwiki-commons-component/xwiki-commons-component-api/target/classes/org/xwiki/component/internal/namespace/DefaultNamespaceValidator.class
[[1;34mINFO[m] Deleting directory /home/bdanglot/workspace/icst-2019/september-2018/dataset/xwiki-commons/xwiki-commons-core/xwiki-commons-component/xwiki-commons-component-api/target/classes/org/xwiki/component/internal/namespace
[[1;34mINFO[m] Deleting file /home/bdanglot/workspace/icst-2019/september-2018/dataset/xwiki-commons/xwiki-commons-core/xwiki-commons-component/xwiki-commons-component-api/target/classes/org/xwiki/component/internal/multi/AbstractGenericComponentManager.class
[[1;34mINFO[m] Deleting file /home/bdanglot/workspace/icst-2019/september-2018/dataset/xwiki-commons/xwiki-commons-core/xwiki-commons-component/xwiki-commons-component-api/target/classes/org/xwiki/component/internal/multi/DefaultComponentManagerManager.class
[[1;34mINFO[m] Deleting file /home/bdanglot/workspace/icst-2019/september-2018/dataset/xwiki-commons/xwiki-commons-core/xwiki-commons-component/xwiki-commons-component-api/target/classes/org/xwiki/component/internal/multi/ComponentManagerFactory.class
[[1;34mINFO[m] Deleting file /home/bdanglot/workspace/icst-2019/september-2018/dataset/xwiki-commons/xwiki-commons-core/xwiki-commons-component/xwiki-commons-component-api/target/classes/org/xwiki/component/internal/multi/ComponentManagerManager.class
[[1;34mINFO[m] Deleting file /home/bdanglot/workspace/icst-2019/september-2018/dataset/xwiki-commons/xwiki-commons-core/xwiki-commons-component/xwiki-commons-component-api/target/classes/org/xwiki/component/internal/multi/DelegateComponentManager.class
[[1;34mINFO[m] Deleting directory /home/bdanglot/workspace/icst-2019/september-2018/dataset/xwiki-commons/xwiki-commons-core/xwiki-commons-component/xwiki-commons-component-api/target/classes/org/xwiki/component/internal/multi
[[1;34mINFO[m] Deleting directory /home/bdanglot/workspace/icst-2019/september-2018/dataset/xwiki-commons/xwiki-commons-core/xwiki-commons-component/xwiki-commons-component-api/target/classes/org/xwiki/component/internal
[[1;34mINFO[m] Deleting file /home/bdanglot/workspace/icst-2019/september-2018/dataset/xwiki-commons/xwiki-commons-core/xwiki-commons-component/xwiki-commons-component-api/target/classes/org/xwiki/component/descriptor/DefaultComponentRole.class
[[1;34mINFO[m] Deleting file /home/bdanglot/workspace/icst-2019/september-2018/dataset/xwiki-commons/xwiki-commons-core/xwiki-commons-component/xwiki-commons-component-api/target/classes/org/xwiki/component/descriptor/ComponentInstantiationStrategy.class
[[1;34mINFO[m] Deleting file /home/bdanglot/workspace/icst-2019/september-2018/dataset/xwiki-commons/xwiki-commons-core/xwiki-commons-component/xwiki-commons-component-api/target/classes/org/xwiki/component/descriptor/ComponentDescriptor.class
[[1;34mINFO[m] Deleting file /home/bdanglot/workspace/icst-2019/september-2018/dataset/xwiki-commons/xwiki-commons-core/xwiki-commons-component/xwiki-commons-component-api/target/classes/org/xwiki/component/descriptor/DefaultComponentDependency.class
[[1;34mINFO[m] Deleting file /home/bdanglot/workspace/icst-2019/september-2018/dataset/xwiki-commons/xwiki-commons-core/xwiki-commons-component/xwiki-commons-component-api/target/classes/org/xwiki/component/descriptor/DefaultComponentDescriptor.class
[[1;34mINFO[m] Deleting file /home/bdanglot/workspace/icst-2019/september-2018/dataset/xwiki-commons/xwiki-commons-core/xwiki-commons-component/xwiki-commons-component-api/target/classes/org/xwiki/component/descriptor/ComponentDependency.class
[[1;34mINFO[m] Deleting file /home/bdanglot/workspace/icst-2019/september-2018/dataset/xwiki-commons/xwiki-commons-core/xwiki-commons-component/xwiki-commons-component-api/target/classes/org/xwiki/component/descriptor/ComponentRole.class
[[1;34mINFO[m] Deleting directory /home/bdanglot/workspace/icst-2019/september-2018/dataset/xwiki-commons/xwiki-commons-core/xwiki-commons-component/xwiki-commons-component-api/target/classes/org/xwiki/component/descriptor
[[1;34mINFO[m] Deleting directory /home/bdanglot/workspace/icst-2019/september-2018/dataset/xwiki-commons/xwiki-commons-core/xwiki-commons-component/xwiki-commons-component-api/target/classes/org/xwiki/component
[[1;34mINFO[m] Deleting directory /home/bdanglot/workspace/icst-2019/september-2018/dataset/xwiki-commons/xwiki-commons-core/xwiki-commons-component/xwiki-commons-component-api/target/classes/org/xwiki
[[1;34mINFO[m] Deleting directory /home/bdanglot/workspace/icst-2019/september-2018/dataset/xwiki-commons/xwiki-commons-core/xwiki-commons-component/xwiki-commons-component-api/target/classes/org
[[1;34mINFO[m] Deleting file /home/bdanglot/workspace/icst-2019/september-2018/dataset/xwiki-commons/xwiki-commons-core/xwiki-commons-component/xwiki-commons-component-api/target/classes/META-INF/components.txt
[[1;34mINFO[m] Deleting file /home/bdanglot/workspace/icst-2019/september-2018/dataset/xwiki-commons/xwiki-commons-core/xwiki-commons-component/xwiki-commons-component-api/target/classes/META-INF/LICENSE
[[1;34mINFO[m] Deleting file /home/bdanglot/workspace/icst-2019/september-2018/dataset/xwiki-commons/xwiki-commons-core/xwiki-commons-component/xwiki-commons-component-api/target/classes/META-INF/NOTICE
[[1;34mINFO[m] Deleting file /home/bdanglot/workspace/icst-2019/september-2018/dataset/xwiki-commons/xwiki-commons-core/xwiki-commons-component/xwiki-commons-component-api/target/classes/META-INF/MANIFEST.MF
[[1;34mINFO[m] Deleting directory /home/bdanglot/workspace/icst-2019/september-2018/dataset/xwiki-commons/xwiki-commons-core/xwiki-commons-component/xwiki-commons-component-api/target/classes/META-INF
[[1;34mINFO[m] Deleting directory /home/bdanglot/workspace/icst-2019/september-2018/dataset/xwiki-commons/xwiki-commons-core/xwiki-commons-component/xwiki-commons-component-api/target/classes
[[1;34mINFO[m] Deleting file /home/bdanglot/workspace/icst-2019/september-2018/dataset/xwiki-commons/xwiki-commons-core/xwiki-commons-component/xwiki-commons-component-api/target/maven-shared-archive-resources/META-INF/LICENSE
[[1;34mINFO[m] Deleting file /home/bdanglot/workspace/icst-2019/september-2018/dataset/xwiki-commons/xwiki-commons-core/xwiki-commons-component/xwiki-commons-component-api/target/maven-shared-archive-resources/META-INF/NOTICE
[[1;34mINFO[m] Deleting directory /home/bdanglot/workspace/icst-2019/september-2018/dataset/xwiki-commons/xwiki-commons-core/xwiki-commons-component/xwiki-commons-component-api/target/maven-shared-archive-resources/META-INF
[[1;34mINFO[m] Deleting directory /home/bdanglot/workspace/icst-2019/september-2018/dataset/xwiki-commons/xwiki-commons-core/xwiki-commons-component/xwiki-commons-component-api/target/maven-shared-archive-resources
[[1;34mINFO[m] Deleting file /home/bdanglot/workspace/icst-2019/september-2018/dataset/xwiki-commons/xwiki-commons-core/xwiki-commons-component/xwiki-commons-component-api/target/checkstyle-checker.xml
[[1;34mINFO[m] Deleting file /home/bdanglot/workspace/icst-2019/september-2018/dataset/xwiki-commons/xwiki-commons-core/xwiki-commons-component/xwiki-commons-component-api/target/checkstyle-result.xml
[[1;34mINFO[m] Deleting file /home/bdanglot/workspace/icst-2019/september-2018/dataset/xwiki-commons/xwiki-commons-core/xwiki-commons-component/xwiki-commons-component-api/target/maven-archiver/pom.properties
[[1;34mINFO[m] Deleting directory /home/bdanglot/workspace/icst-2019/september-2018/dataset/xwiki-commons/xwiki-commons-core/xwiki-commons-component/xwiki-commons-component-api/target/maven-archiver
[[1;34mINFO[m] Deleting file /home/bdanglot/workspace/icst-2019/september-2018/dataset/xwiki-commons/xwiki-commons-core/xwiki-commons-component/xwiki-commons-component-api/target/.plxarc
[[1;34mINFO[m] Deleting file /home/bdanglot/workspace/icst-2019/september-2018/dataset/xwiki-commons/xwiki-commons-core/xwiki-commons-component/xwiki-commons-component-api/target/generated-sources/spoon/org/xwiki/component/util/ObjectUtils.java
[[1;34mINFO[m] Deleting file /home/bdanglot/workspace/icst-2019/september-2018/dataset/xwiki-commons/xwiki-commons-core/xwiki-commons-component/xwiki-commons-component-api/target/generated-sources/spoon/org/xwiki/component/util/ReflectionUtils.java
[[1;34mINFO[m] Deleting file /home/bdanglot/workspace/icst-2019/september-2018/dataset/xwiki-commons/xwiki-commons-core/xwiki-commons-component/xwiki-commons-component-api/target/generated-sources/spoon/org/xwiki/component/util/ReflectionMethodUtils.java
[[1;34mINFO[m] Deleting file /home/bdanglot/workspace/icst-2019/september-2018/dataset/xwiki-commons/xwiki-commons-core/xwiki-commons-component/xwiki-commons-component-api/target/generated-sources/spoon/org/xwiki/component/util/DefaultParameterizedType.java
[[1;34mINFO[m] Deleting directory /home/bdanglot/workspace/icst-2019/september-2018/dataset/xwiki-commons/xwiki-commons-core/xwiki-commons-component/xwiki-commons-component-api/target/generated-sources/spoon/org/xwiki/component/util
[[1;34mINFO[m] Deleting file /home/bdanglot/workspace/icst-2019/september-2018/dataset/xwiki-commons/xwiki-commons-core/xwiki-commons-component/xwiki-commons-component-api/target/generated-sources/spoon/org/xwiki/component/annotation/DisposePriority.java
[[1;34mINFO[m] Deleting file /home/bdanglot/workspace/icst-2019/september-2018/dataset/xwiki-commons/xwiki-commons-core/xwiki-commons-component/xwiki-commons-component-api/target/generated-sources/spoon/org/xwiki/component/annotation/ComponentRole.java
[[1;34mINFO[m] Deleting file /home/bdanglot/workspace/icst-2019/september-2018/dataset/xwiki-commons/xwiki-commons-core/xwiki-commons-component/xwiki-commons-component-api/target/generated-sources/spoon/org/xwiki/component/annotation/InstantiationStrategy.java
[[1;34mINFO[m] Deleting file /home/bdanglot/workspace/icst-2019/september-2018/dataset/xwiki-commons/xwiki-commons-core/xwiki-commons-component/xwiki-commons-component-api/target/generated-sources/spoon/org/xwiki/component/annotation/Role.java
[[1;34mINFO[m] Deleting file /home/bdanglot/workspace/icst-2019/september-2018/dataset/xwiki-commons/xwiki-commons-core/xwiki-commons-component/xwiki-commons-component-api/target/generated-sources/spoon/org/xwiki/component/annotation/Component.java
[[1;34mINFO[m] Deleting directory /home/bdanglot/workspace/icst-2019/september-2018/dataset/xwiki-commons/xwiki-commons-core/xwiki-commons-component/xwiki-commons-component-api/target/generated-sources/spoon/org/xwiki/component/annotation
[[1;34mINFO[m] Deleting file /home/bdanglot/workspace/icst-2019/september-2018/dataset/xwiki-commons/xwiki-commons-core/xwiki-commons-component/xwiki-commons-component-api/target/generated-sources/spoon/org/xwiki/component/namespace/NamespaceNotAllowedException.java
[[1;34mINFO[m] Deleting file /home/bdanglot/workspace/icst-2019/september-2018/dataset/xwiki-commons/xwiki-commons-core/xwiki-commons-component/xwiki-commons-component-api/target/generated-sources/spoon/org/xwiki/component/namespace/Namespace.java
[[1;34mINFO[m] Deleting file /home/bdanglot/workspace/icst-2019/september-2018/dataset/xwiki-commons/xwiki-commons-core/xwiki-commons-component/xwiki-commons-component-api/target/generated-sources/spoon/org/xwiki/component/namespace/NamespaceUtils.java
[[1;34mINFO[m] Deleting file /home/bdanglot/workspace/icst-2019/september-2018/dataset/xwiki-commons/xwiki-commons-core/xwiki-commons-component/xwiki-commons-component-api/target/generated-sources/spoon/org/xwiki/component/namespace/NamespaceValidator.java
[[1;34mINFO[m] Deleting directory /home/bdanglot/workspace/icst-2019/september-2018/dataset/xwiki-commons/xwiki-commons-core/xwiki-commons-component/xwiki-commons-component-api/target/generated-sources/spoon/org/xwiki/component/namespace
[[1;34mINFO[m] Deleting file /home/bdanglot/workspace/icst-2019/september-2018/dataset/xwiki-commons/xwiki-commons-core/xwiki-commons-component/xwiki-commons-component-api/target/generated-sources/spoon/org/xwiki/component/phase/Initializable.java
[[1;34mINFO[m] Deleting file /home/bdanglot/workspace/icst-2019/september-2018/dataset/xwiki-commons/xwiki-commons-core/xwiki-commons-component/xwiki-commons-component-api/target/generated-sources/spoon/org/xwiki/component/phase/InitializationException.java
[[1;34mINFO[m] Deleting file /home/bdanglot/workspace/icst-2019/september-2018/dataset/xwiki-commons/xwiki-commons-core/xwiki-commons-component/xwiki-commons-component-api/target/generated-sources/spoon/org/xwiki/component/phase/Disposable.java
[[1;34mINFO[m] Deleting directory /home/bdanglot/workspace/icst-2019/september-2018/dataset/xwiki-commons/xwiki-commons-core/xwiki-commons-component/xwiki-commons-component-api/target/generated-sources/spoon/org/xwiki/component/phase
[[1;34mINFO[m] Deleting file /home/bdanglot/workspace/icst-2019/september-2018/dataset/xwiki-commons/xwiki-commons-core/xwiki-commons-component/xwiki-commons-component-api/target/generated-sources/spoon/org/xwiki/component/manager/ProviderLookupException.java
[[1;34mINFO[m] Deleting file /home/bdanglot/workspace/icst-2019/september-2018/dataset/xwiki-commons/xwiki-commons-core/xwiki-commons-component/xwiki-commons-component-api/target/generated-sources/spoon/org/xwiki/component/manager/ComponentLifecycleException.java
[[1;34mINFO[m] Deleting file /home/bdanglot/workspace/icst-2019/september-2018/dataset/xwiki-commons/xwiki-commons-core/xwiki-commons-component/xwiki-commons-component-api/target/generated-sources/spoon/org/xwiki/component/manager/ComponentManager.java
[[1;34mINFO[m] Deleting file /home/bdanglot/workspace/icst-2019/september-2018/dataset/xwiki-commons/xwiki-commons-core/xwiki-commons-component/xwiki-commons-component-api/target/generated-sources/spoon/org/xwiki/component/manager/NamespacedComponentManager.java
[[1;34mINFO[m] Deleting file /home/bdanglot/workspace/icst-2019/september-2018/dataset/xwiki-commons/xwiki-commons-core/xwiki-commons-component/xwiki-commons-component-api/target/generated-sources/spoon/org/xwiki/component/manager/ComponentLookupException.java
[[1;34mINFO[m] Deleting file /home/bdanglot/workspace/icst-2019/september-2018/dataset/xwiki-commons/xwiki-commons-core/xwiki-commons-component/xwiki-commons-component-api/target/generated-sources/spoon/org/xwiki/component/manager/ComponentEventManager.java
[[1;34mINFO[m] Deleting file /home/bdanglot/workspace/icst-2019/september-2018/dataset/xwiki-commons/xwiki-commons-core/xwiki-commons-component/xwiki-commons-component-api/target/generated-sources/spoon/org/xwiki/component/manager/ComponentManagerInitializer.java
[[1;34mINFO[m] Deleting file /home/bdanglot/workspace/icst-2019/september-2018/dataset/xwiki-commons/xwiki-commons-core/xwiki-commons-component/xwiki-commons-component-api/target/generated-sources/spoon/org/xwiki/component/manager/ComponentRepositoryException.java
[[1;34mINFO[m] Deleting directory /home/bdanglot/workspace/icst-2019/september-2018/dataset/xwiki-commons/xwiki-commons-core/xwiki-commons-component/xwiki-commons-component-api/target/generated-sources/spoon/org/xwiki/component/manager
[[1;34mINFO[m] Deleting file /home/bdanglot/workspace/icst-2019/september-2018/dataset/xwiki-commons/xwiki-commons-core/xwiki-commons-component/xwiki-commons-component-api/target/generated-sources/spoon/org/xwiki/component/internal/namespace/DefaultNamespaceValidator.java
[[1;34mINFO[m] Deleting directory /home/bdanglot/workspace/icst-2019/september-2018/dataset/xwiki-commons/xwiki-commons-core/xwiki-commons-component/xwiki-commons-component-api/target/generated-sources/spoon/org/xwiki/component/internal/namespace
[[1;34mINFO[m] Deleting file /home/bdanglot/workspace/icst-2019/september-2018/dataset/xwiki-commons/xwiki-commons-core/xwiki-commons-component/xwiki-commons-component-api/target/generated-sources/spoon/org/xwiki/component/internal/multi/DefaultComponentManagerManager.java
[[1;34mINFO[m] Deleting file /home/bdanglot/workspace/icst-2019/september-2018/dataset/xwiki-commons/xwiki-commons-core/xwiki-commons-component/xwiki-commons-component-api/target/generated-sources/spoon/org/xwiki/component/internal/multi/ComponentManagerFactory.java
[[1;34mINFO[m] Deleting file /home/bdanglot/workspace/icst-2019/september-2018/dataset/xwiki-commons/xwiki-commons-core/xwiki-commons-component/xwiki-commons-component-api/target/generated-sources/spoon/org/xwiki/component/internal/multi/DelegateComponentManager.java
[[1;34mINFO[m] Deleting file /home/bdanglot/workspace/icst-2019/september-2018/dataset/xwiki-commons/xwiki-commons-core/xwiki-commons-component/xwiki-commons-component-api/target/generated-sources/spoon/org/xwiki/component/internal/multi/ComponentManagerManager.java
[[1;34mINFO[m] Deleting file /home/bdanglot/workspace/icst-2019/september-2018/dataset/xwiki-commons/xwiki-commons-core/xwiki-commons-component/xwiki-commons-component-api/target/generated-sources/spoon/org/xwiki/component/internal/multi/AbstractGenericComponentManager.java
[[1;34mINFO[m] Deleting directory /home/bdanglot/workspace/icst-2019/september-2018/dataset/xwiki-commons/xwiki-commons-core/xwiki-commons-component/xwiki-commons-component-api/target/generated-sources/spoon/org/xwiki/component/internal/multi
[[1;34mINFO[m] Deleting directory /home/bdanglot/workspace/icst-2019/september-2018/dataset/xwiki-commons/xwiki-commons-core/xwiki-commons-component/xwiki-commons-component-api/target/generated-sources/spoon/org/xwiki/component/internal
[[1;34mINFO[m] Deleting file /home/bdanglot/workspace/icst-2019/september-2018/dataset/xwiki-commons/xwiki-commons-core/xwiki-commons-component/xwiki-commons-component-api/target/generated-sources/spoon/org/xwiki/component/descriptor/ComponentDescriptor.java
[[1;34mINFO[m] Deleting file /home/bdanglot/workspace/icst-2019/september-2018/dataset/xwiki-commons/xwiki-commons-core/xwiki-commons-component/xwiki-commons-component-api/target/generated-sources/spoon/org/xwiki/component/descriptor/DefaultComponentRole.java
[[1;34mINFO[m] Deleting file /home/bdanglot/workspace/icst-2019/september-2018/dataset/xwiki-commons/xwiki-commons-core/xwiki-commons-component/xwiki-commons-component-api/target/generated-sources/spoon/org/xwiki/component/descriptor/ComponentInstantiationStrategy.java
[[1;34mINFO[m] Deleting file /home/bdanglot/workspace/icst-2019/september-2018/dataset/xwiki-commons/xwiki-commons-core/xwiki-commons-component/xwiki-commons-component-api/target/generated-sources/spoon/org/xwiki/component/descriptor/ComponentDependency.java
[[1;34mINFO[m] Deleting file /home/bdanglot/workspace/icst-2019/september-2018/dataset/xwiki-commons/xwiki-commons-core/xwiki-commons-component/xwiki-commons-component-api/target/generated-sources/spoon/org/xwiki/component/descriptor/ComponentRole.java
[[1;34mINFO[m] Deleting file /home/bdanglot/workspace/icst-2019/september-2018/dataset/xwiki-commons/xwiki-commons-core/xwiki-commons-component/xwiki-commons-component-api/target/generated-sources/spoon/org/xwiki/component/descriptor/DefaultComponentDependency.java
[[1;34mINFO[m] Deleting file /home/bdanglot/workspace/icst-2019/september-2018/dataset/xwiki-commons/xwiki-commons-core/xwiki-commons-component/xwiki-commons-component-api/target/generated-sources/spoon/org/xwiki/component/descriptor/DefaultComponentDescriptor.java
[[1;34mINFO[m] Deleting directory /home/bdanglot/workspace/icst-2019/september-2018/dataset/xwiki-commons/xwiki-commons-core/xwiki-commons-component/xwiki-commons-component-api/target/generated-sources/spoon/org/xwiki/component/descriptor
[[1;34mINFO[m] Deleting directory /home/bdanglot/workspace/icst-2019/september-2018/dataset/xwiki-commons/xwiki-commons-core/xwiki-commons-component/xwiki-commons-component-api/target/generated-sources/spoon/org/xwiki/component
[[1;34mINFO[m] Deleting directory /home/bdanglot/workspace/icst-2019/september-2018/dataset/xwiki-commons/xwiki-commons-core/xwiki-commons-component/xwiki-commons-component-api/target/generated-sources/spoon/org/xwiki
[[1;34mINFO[m] Deleting directory /home/bdanglot/workspace/icst-2019/september-2018/dataset/xwiki-commons/xwiki-commons-core/xwiki-commons-component/xwiki-commons-component-api/target/generated-sources/spoon/org
[[1;34mINFO[m] Deleting directory /home/bdanglot/workspace/icst-2019/september-2018/dataset/xwiki-commons/xwiki-commons-core/xwiki-commons-component/xwiki-commons-component-api/target/generated-sources/spoon
[[1;34mINFO[m] Deleting directory /home/bdanglot/workspace/icst-2019/september-2018/dataset/xwiki-commons/xwiki-commons-core/xwiki-commons-component/xwiki-commons-component-api/target/generated-sources/annotations
[[1;34mINFO[m] Deleting directory /home/bdanglot/workspace/icst-2019/september-2018/dataset/xwiki-commons/xwiki-commons-core/xwiki-commons-component/xwiki-commons-component-api/target/generated-sources
[[1;34mINFO[m] Deleting directory /home/bdanglot/workspace/icst-2019/september-2018/dataset/xwiki-commons/xwiki-commons-core/xwiki-commons-component/xwiki-commons-component-api/target/generated-test-sources/test-annotations
[[1;34mINFO[m] Deleting directory /home/bdanglot/workspace/icst-2019/september-2018/dataset/xwiki-commons/xwiki-commons-core/xwiki-commons-component/xwiki-commons-component-api/target/generated-test-sources
[[1;34mINFO[m] Deleting file /home/bdanglot/workspace/icst-2019/september-2018/dataset/xwiki-commons/xwiki-commons-core/xwiki-commons-component/xwiki-commons-component-api/target/xwiki-commons-component-api-9.12-SNAPSHOT.jar
[[1;34mINFO[m] Deleting file /home/bdanglot/workspace/icst-2019/september-2018/dataset/xwiki-commons/xwiki-commons-core/xwiki-commons-component/xwiki-commons-component-api/target/test-classes/org/xwiki/component/util/ReflectionUtilsTest$TestClass2.class
[[1;34mINFO[m] Deleting file /home/bdanglot/workspace/icst-2019/september-2018/dataset/xwiki-commons/xwiki-commons-core/xwiki-commons-component/xwiki-commons-component-api/target/test-classes/org/xwiki/component/util/ReflectionUtilsTest$TestClass3.class
[[1;34mINFO[m] Deleting file /home/bdanglot/workspace/icst-2019/september-2018/dataset/xwiki-commons/xwiki-commons-core/xwiki-commons-component/xwiki-commons-component-api/target/test-classes/org/xwiki/component/util/ReflectionUtilsTest.class
[[1;34mINFO[m] Deleting file /home/bdanglot/workspace/icst-2019/september-2018/dataset/xwiki-commons/xwiki-commons-core/xwiki-commons-component/xwiki-commons-component-api/target/test-classes/org/xwiki/component/util/ReflectionUtilsTest$TestInterfaceSimple.class
[[1;34mINFO[m] Deleting file /home/bdanglot/workspace/icst-2019/september-2018/dataset/xwiki-commons/xwiki-commons-core/xwiki-commons-component/xwiki-commons-component-api/target/test-classes/org/xwiki/component/util/ReflectionUtilsTest$TestFieldClass.class
[[1;34mINFO[m] Deleting file /home/bdanglot/workspace/icst-2019/september-2018/dataset/xwiki-commons/xwiki-commons-core/xwiki-commons-component/xwiki-commons-component-api/target/test-classes/org/xwiki/component/util/ReflectionUtilsTest$AbstractTestFieldClass.class
[[1;34mINFO[m] Deleting file /home/bdanglot/workspace/icst-2019/september-2018/dataset/xwiki-commons/xwiki-commons-core/xwiki-commons-component/xwiki-commons-component-api/target/test-classes/org/xwiki/component/util/ReflectionUtilsTest$1.class
[[1;34mINFO[m] Deleting file /home/bdanglot/workspace/icst-2019/september-2018/dataset/xwiki-commons/xwiki-commons-core/xwiki-commons-component/xwiki-commons-component-api/target/test-classes/org/xwiki/component/util/ReflectionUtilsTest$TestClass.class
[[1;34mINFO[m] Deleting file /home/bdanglot/workspace/icst-2019/september-2018/dataset/xwiki-commons/xwiki-commons-core/xwiki-commons-component/xwiki-commons-component-api/target/test-classes/org/xwiki/component/util/ReflectionUtilsTest$TestInterface.class
[[1;34mINFO[m] Deleting file /home/bdanglot/workspace/icst-2019/september-2018/dataset/xwiki-commons/xwiki-commons-core/xwiki-commons-component/xwiki-commons-component-api/target/test-classes/org/xwiki/component/util/ReflectionMethodUtilsTest.class
[[1;34mINFO[m] Deleting file /home/bdanglot/workspace/icst-2019/september-2018/dataset/xwiki-commons/xwiki-commons-core/xwiki-commons-component/xwiki-commons-component-api/target/test-classes/org/xwiki/component/util/ReflectionUtilsTest$TestInterface2.class
[[1;34mINFO[m] Deleting file /home/bdanglot/workspace/icst-2019/september-2018/dataset/xwiki-commons/xwiki-commons-core/xwiki-commons-component/xwiki-commons-component-api/target/test-classes/org/xwiki/component/util/ReflectionUtilsTest$TestClass4.class
[[1;34mINFO[m] Deleting directory /home/bdanglot/workspace/icst-2019/september-2018/dataset/xwiki-commons/xwiki-commons-core/xwiki-commons-component/xwiki-commons-component-api/target/test-classes/org/xwiki/component/util
[[1;34mINFO[m] Deleting file /home/bdanglot/workspace/icst-2019/september-2018/dataset/xwiki-commons/xwiki-commons-core/xwiki-commons-component/xwiki-commons-component-api/target/test-classes/org/xwiki/component/test/TestInterface.class
[[1;34mINFO[m] Deleting file /home/bdanglot/workspace/icst-2019/september-2018/dataset/xwiki-commons/xwiki-commons-core/xwiki-commons-component/xwiki-commons-component-api/target/test-classes/org/xwiki/component/test/TestImplementation.class
[[1;34mINFO[m] Deleting file /home/bdanglot/workspace/icst-2019/september-2018/dataset/xwiki-commons/xwiki-commons-core/xwiki-commons-component/xwiki-commons-component-api/target/test-classes/org/xwiki/component/test/TestInheritedAnnotation.class
[[1;34mINFO[m] Deleting directory /home/bdanglot/workspace/icst-2019/september-2018/dataset/xwiki-commons/xwiki-commons-core/xwiki-commons-component/xwiki-commons-component-api/target/test-classes/org/xwiki/component/test
[[1;34mINFO[m] Deleting file /home/bdanglot/workspace/icst-2019/september-2018/dataset/xwiki-commons/xwiki-commons-core/xwiki-commons-component/xwiki-commons-component-api/target/test-classes/org/xwiki/component/internal/namespace/NamespaceUtilsTest.class
[[1;34mINFO[m] Deleting file /home/bdanglot/workspace/icst-2019/september-2018/dataset/xwiki-commons/xwiki-commons-core/xwiki-commons-component/xwiki-commons-component-api/target/test-classes/org/xwiki/component/internal/namespace/DefaultNamespaceValidatorTest.class
[[1;34mINFO[m] Deleting directory /home/bdanglot/workspace/icst-2019/september-2018/dataset/xwiki-commons/xwiki-commons-core/xwiki-commons-component/xwiki-commons-component-api/target/test-classes/org/xwiki/component/internal/namespace
[[1;34mINFO[m] Deleting directory /home/bdanglot/workspace/icst-2019/september-2018/dataset/xwiki-commons/xwiki-commons-core/xwiki-commons-component/xwiki-commons-component-api/target/test-classes/org/xwiki/component/internal
[[1;34mINFO[m] Deleting file /home/bdanglot/workspace/icst-2019/september-2018/dataset/xwiki-commons/xwiki-commons-core/xwiki-commons-component/xwiki-commons-component-api/target/test-classes/org/xwiki/component/descriptor/DefaultComponentRoleTest$Role.class
[[1;34mINFO[m] Deleting file /home/bdanglot/workspace/icst-2019/september-2018/dataset/xwiki-commons/xwiki-commons-core/xwiki-commons-component/xwiki-commons-component-api/target/test-classes/org/xwiki/component/descriptor/DefaultComponentDescriptorTest$ImplOtherRole.class
[[1;34mINFO[m] Deleting file /home/bdanglot/workspace/icst-2019/september-2018/dataset/xwiki-commons/xwiki-commons-core/xwiki-commons-component/xwiki-commons-component-api/target/test-classes/org/xwiki/component/descriptor/DefaultComponentRoleTest.class
[[1;34mINFO[m] Deleting file /home/bdanglot/workspace/icst-2019/september-2018/dataset/xwiki-commons/xwiki-commons-core/xwiki-commons-component/xwiki-commons-component-api/target/test-classes/org/xwiki/component/descriptor/DefaultComponentDescriptorTest.class
[[1;34mINFO[m] Deleting file /home/bdanglot/workspace/icst-2019/september-2018/dataset/xwiki-commons/xwiki-commons-core/xwiki-commons-component/xwiki-commons-component-api/target/test-classes/org/xwiki/component/descriptor/DefaultComponentDescriptorTest$OtherRole.class
[[1;34mINFO[m] Deleting file /home/bdanglot/workspace/icst-2019/september-2018/dataset/xwiki-commons/xwiki-commons-core/xwiki-commons-component/xwiki-commons-component-api/target/test-classes/org/xwiki/component/descriptor/DefaultComponentDescriptorTest$ImplRole.class
[[1;34mINFO[m] Deleting file /home/bdanglot/workspace/icst-2019/september-2018/dataset/xwiki-commons/xwiki-commons-core/xwiki-commons-component/xwiki-commons-component-api/target/test-classes/org/xwiki/component/descriptor/DefaultComponentDescriptorTest$Role.class
[[1;34mINFO[m] Deleting file /home/bdanglot/workspace/icst-2019/september-2018/dataset/xwiki-commons/xwiki-commons-core/xwiki-commons-component/xwiki-commons-component-api/target/test-classes/org/xwiki/component/descriptor/DefaultComponentRoleTest$OtherRole.class
[[1;34mINFO[m] Deleting directory /home/bdanglot/workspace/icst-2019/september-2018/dataset/xwiki-commons/xwiki-commons-core/xwiki-commons-component/xwiki-commons-component-api/target/test-classes/org/xwiki/component/descriptor
[[1;34mINFO[m] Deleting directory /home/bdanglot/workspace/icst-2019/september-2018/dataset/xwiki-commons/xwiki-commons-core/xwiki-commons-component/xwiki-commons-component-api/target/test-classes/org/xwiki/component
[[1;34mINFO[m] Deleting directory /home/bdanglot/workspace/icst-2019/september-2018/dataset/xwiki-commons/xwiki-commons-core/xwiki-commons-component/xwiki-commons-component-api/target/test-classes/org/xwiki
[[1;34mINFO[m] Deleting directory /home/bdanglot/workspace/icst-2019/september-2018/dataset/xwiki-commons/xwiki-commons-core/xwiki-commons-component/xwiki-commons-component-api/target/test-classes/org
[[1;34mINFO[m] Deleting file /home/bdanglot/workspace/icst-2019/september-2018/dataset/xwiki-commons/xwiki-commons-core/xwiki-commons-component/xwiki-commons-component-api/target/test-classes/META-INF/LICENSE
[[1;34mINFO[m] Deleting file /home/bdanglot/workspace/icst-2019/september-2018/dataset/xwiki-commons/xwiki-commons-core/xwiki-commons-component/xwiki-commons-component-api/target/test-classes/META-INF/NOTICE
[[1;34mINFO[m] Deleting directory /home/bdanglot/workspace/icst-2019/september-2018/dataset/xwiki-commons/xwiki-commons-core/xwiki-commons-component/xwiki-commons-component-api/target/test-classes/META-INF
[[1;34mINFO[m] Deleting directory /home/bdanglot/workspace/icst-2019/september-2018/dataset/xwiki-commons/xwiki-commons-core/xwiki-commons-component/xwiki-commons-component-api/target/test-classes
[[1;34mINFO[m] Deleting file /home/bdanglot/workspace/icst-2019/september-2018/dataset/xwiki-commons/xwiki-commons-core/xwiki-commons-component/xwiki-commons-component-api/target/maven-status/maven-compiler-plugin/testCompile/default-testCompile/inputFiles.lst
[[1;34mINFO[m] Deleting file /home/bdanglot/workspace/icst-2019/september-2018/dataset/xwiki-commons/xwiki-commons-core/xwiki-commons-component/xwiki-commons-component-api/target/maven-status/maven-compiler-plugin/testCompile/default-testCompile/createdFiles.lst
[[1;34mINFO[m] Deleting directory /home/bdanglot/workspace/icst-2019/september-2018/dataset/xwiki-commons/xwiki-commons-core/xwiki-commons-component/xwiki-commons-component-api/target/maven-status/maven-compiler-plugin/testCompile/default-testCompile
[[1;34mINFO[m] Deleting directory /home/bdanglot/workspace/icst-2019/september-2018/dataset/xwiki-commons/xwiki-commons-core/xwiki-commons-component/xwiki-commons-component-api/target/maven-status/maven-compiler-plugin/testCompile
[[1;34mINFO[m] Deleting file /home/bdanglot/workspace/icst-2019/september-2018/dataset/xwiki-commons/xwiki-commons-core/xwiki-commons-component/xwiki-commons-component-api/target/maven-status/maven-compiler-plugin/compile/default-compile/inputFiles.lst
[[1;34mINFO[m] Deleting file /home/bdanglot/workspace/icst-2019/september-2018/dataset/xwiki-commons/xwiki-commons-core/xwiki-commons-component/xwiki-commons-component-api/target/maven-status/maven-compiler-plugin/compile/default-compile/createdFiles.lst
[[1;34mINFO[m] Deleting directory /home/bdanglot/workspace/icst-2019/september-2018/dataset/xwiki-commons/xwiki-commons-core/xwiki-commons-component/xwiki-commons-component-api/target/maven-status/maven-compiler-plugin/compile/default-compile
[[1;34mINFO[m] Deleting directory /home/bdanglot/workspace/icst-2019/september-2018/dataset/xwiki-commons/xwiki-commons-core/xwiki-commons-component/xwiki-commons-component-api/target/maven-status/maven-compiler-plugin/compile
[[1;34mINFO[m] Deleting directory /home/bdanglot/workspace/icst-2019/september-2018/dataset/xwiki-commons/xwiki-commons-core/xwiki-commons-component/xwiki-commons-component-api/target/maven-status/maven-compiler-plugin
[[1;34mINFO[m] Deleting directory /home/bdanglot/workspace/icst-2019/september-2018/dataset/xwiki-commons/xwiki-commons-core/xwiki-commons-component/xwiki-commons-component-api/target/maven-status
[[1;34mINFO[m] Deleting file /home/bdanglot/workspace/icst-2019/september-2018/dataset/xwiki-commons/xwiki-commons-core/xwiki-commons-component/xwiki-commons-component-api/target/spoon-maven-plugin/result-spoon-1538426225829.xml
[[1;34mINFO[m] Deleting directory /home/bdanglot/workspace/icst-2019/september-2018/dataset/xwiki-commons/xwiki-commons-core/xwiki-commons-component/xwiki-commons-component-api/target/spoon-maven-plugin
[[1;34mINFO[m] Deleting directory /home/bdanglot/workspace/icst-2019/september-2018/dataset/xwiki-commons/xwiki-commons-core/xwiki-commons-component/xwiki-commons-component-api/target
[[1;36mDEBUG[m] Skipping non-existing directory /home/bdanglot/workspace/icst-2019/september-2018/dataset/xwiki-commons/xwiki-commons-core/xwiki-commons-component/xwiki-commons-component-api/target/classes
[[1;36mDEBUG[m] Skipping non-existing directory /home/bdanglot/workspace/icst-2019/september-2018/dataset/xwiki-commons/xwiki-commons-core/xwiki-commons-component/xwiki-commons-component-api/target/test-classes
[[1;36mDEBUG[m] Skipping non-existing directory /home/bdanglot/workspace/icst-2019/september-2018/dataset/xwiki-commons/xwiki-commons-core/xwiki-commons-component/xwiki-commons-component-api/target/classes
[[1;34mINFO[m] 
[[1;34mINFO[m] [1m--- [0;32mdiff-test-selection:0.5-SNAPSHOT:list[m [1m(default-cli)[m @ [36mxwiki-commons-component-api[0;1m ---[m
[[1;36mDEBUG[m] Could not find metadata org.eclipse.platform:org.eclipse.core.resources/maven-metadata.xml in local (/home/bdanglot/.m2/repository)
[[1;36mDEBUG[m] Skipped remote request for org.eclipse.platform:org.eclipse.core.resources/maven-metadata.xml, locally cached metadata up-to-date.
[[1;36mDEBUG[m] Failure to find org.eclipse.platform:org.eclipse.core.resources/maven-metadata.xml in https://oss.sonatype.org/content/repositories/snapshots was cached in the local repository, resolution will not be reattempted until the update interval of sonatype-nexus-snapshots has elapsed or updates are forced
[[1;36mDEBUG[m] Failure to find org.eclipse.platform:org.eclipse.core.resources/maven-metadata.xml in http://maven.inria.fr/artifactory/spoon-public-snapshot/ was cached in the local repository, resolution will not be reattempted until the update interval of gforge.inria.fr-release has elapsed or updates are forced
[[1;36mDEBUG[m] Failure to find org.eclipse.platform:org.eclipse.core.resources/maven-metadata.xml in http://maven.inria.fr/artifactory/spoon-public-snapshot was cached in the local repository, resolution will not be reattempted until the update interval of maven.inria.fr-snapshot has elapsed or updates are forced
[[1;36mDEBUG[m] Could not find metadata org.eclipse.platform:org.eclipse.core.expressions/maven-metadata.xml in local (/home/bdanglot/.m2/repository)
[[1;36mDEBUG[m] Skipped remote request for org.eclipse.platform:org.eclipse.core.expressions/maven-metadata.xml, locally cached metadata up-to-date.
[[1;36mDEBUG[m] Failure to find org.eclipse.platform:org.eclipse.core.expressions/maven-metadata.xml in https://oss.sonatype.org/content/repositories/snapshots was cached in the local repository, resolution will not be reattempted until the update interval of sonatype-nexus-snapshots has elapsed or updates are forced
[[1;36mDEBUG[m] Failure to find org.eclipse.platform:org.eclipse.core.expressions/maven-metadata.xml in http://maven.inria.fr/artifactory/spoon-public-snapshot/ was cached in the local repository, resolution will not be reattempted until the update interval of gforge.inria.fr-release has elapsed or updates are forced
[[1;36mDEBUG[m] Failure to find org.eclipse.platform:org.eclipse.core.expressions/maven-metadata.xml in http://maven.inria.fr/artifactory/spoon-public-snapshot was cached in the local repository, resolution will not be reattempted until the update interval of maven.inria.fr-snapshot has elapsed or updates are forced
[[1;36mDEBUG[m] Could not find metadata org.eclipse.platform:org.eclipse.core.runtime/maven-metadata.xml in local (/home/bdanglot/.m2/repository)
[[1;36mDEBUG[m] Skipped remote request for org.eclipse.platform:org.eclipse.core.runtime/maven-metadata.xml, locally cached metadata up-to-date.
[[1;36mDEBUG[m] Failure to find org.eclipse.platform:org.eclipse.core.runtime/maven-metadata.xml in https://oss.sonatype.org/content/repositories/snapshots was cached in the local repository, resolution will not be reattempted until the update interval of sonatype-nexus-snapshots has elapsed or updates are forced
[[1;36mDEBUG[m] Failure to find org.eclipse.platform:org.eclipse.core.runtime/maven-metadata.xml in http://maven.inria.fr/artifactory/spoon-public-snapshot/ was cached in the local repository, resolution will not be reattempted until the update interval of gforge.inria.fr-release has elapsed or updates are forced
[[1;36mDEBUG[m] Failure to find org.eclipse.platform:org.eclipse.core.runtime/maven-metadata.xml in http://maven.inria.fr/artifactory/spoon-public-snapshot was cached in the local repository, resolution will not be reattempted until the update interval of maven.inria.fr-snapshot has elapsed or updates are forced
[[1;36mDEBUG[m] Could not find metadata org.eclipse.platform:org.eclipse.osgi/maven-metadata.xml in local (/home/bdanglot/.m2/repository)
[[1;36mDEBUG[m] Skipped remote request for org.eclipse.platform:org.eclipse.osgi/maven-metadata.xml, locally cached metadata up-to-date.
[[1;36mDEBUG[m] Failure to find org.eclipse.platform:org.eclipse.osgi/maven-metadata.xml in https://oss.sonatype.org/content/repositories/snapshots was cached in the local repository, resolution will not be reattempted until the update interval of sonatype-nexus-snapshots has elapsed or updates are forced
[[1;36mDEBUG[m] Failure to find org.eclipse.platform:org.eclipse.osgi/maven-metadata.xml in http://maven.inria.fr/artifactory/spoon-public-snapshot/ was cached in the local repository, resolution will not be reattempted until the update interval of gforge.inria.fr-release has elapsed or updates are forced
[[1;36mDEBUG[m] Failure to find org.eclipse.platform:org.eclipse.osgi/maven-metadata.xml in http://maven.inria.fr/artifactory/spoon-public-snapshot was cached in the local repository, resolution will not be reattempted until the update interval of maven.inria.fr-snapshot has elapsed or updates are forced
[[1;36mDEBUG[m] Could not find metadata org.eclipse.platform:org.eclipse.equinox.common/maven-metadata.xml in local (/home/bdanglot/.m2/repository)
[[1;36mDEBUG[m] Skipped remote request for org.eclipse.platform:org.eclipse.equinox.common/maven-metadata.xml, locally cached metadata up-to-date.
[[1;36mDEBUG[m] Failure to find org.eclipse.platform:org.eclipse.equinox.common/maven-metadata.xml in https://oss.sonatype.org/content/repositories/snapshots was cached in the local repository, resolution will not be reattempted until the update interval of sonatype-nexus-snapshots has elapsed or updates are forced
[[1;36mDEBUG[m] Failure to find org.eclipse.platform:org.eclipse.equinox.common/maven-metadata.xml in http://maven.inria.fr/artifactory/spoon-public-snapshot/ was cached in the local repository, resolution will not be reattempted until the update interval of gforge.inria.fr-release has elapsed or updates are forced
[[1;36mDEBUG[m] Failure to find org.eclipse.platform:org.eclipse.equinox.common/maven-metadata.xml in http://maven.inria.fr/artifactory/spoon-public-snapshot was cached in the local repository, resolution will not be reattempted until the update interval of maven.inria.fr-snapshot has elapsed or updates are forced
[[1;36mDEBUG[m] Could not find metadata org.eclipse.platform:org.eclipse.core.jobs/maven-metadata.xml in local (/home/bdanglot/.m2/repository)
[[1;36mDEBUG[m] Skipped remote request for org.eclipse.platform:org.eclipse.core.jobs/maven-metadata.xml, locally cached metadata up-to-date.
[[1;36mDEBUG[m] Failure to find org.eclipse.platform:org.eclipse.core.jobs/maven-metadata.xml in https://oss.sonatype.org/content/repositories/snapshots was cached in the local repository, resolution will not be reattempted until the update interval of sonatype-nexus-snapshots has elapsed or updates are forced
[[1;36mDEBUG[m] Failure to find org.eclipse.platform:org.eclipse.core.jobs/maven-metadata.xml in http://maven.inria.fr/artifactory/spoon-public-snapshot/ was cached in the local repository, resolution will not be reattempted until the update interval of gforge.inria.fr-release has elapsed or updates are forced
[[1;36mDEBUG[m] Failure to find org.eclipse.platform:org.eclipse.core.jobs/maven-metadata.xml in http://maven.inria.fr/artifactory/spoon-public-snapshot was cached in the local repository, resolution will not be reattempted until the update interval of maven.inria.fr-snapshot has elapsed or updates are forced
[[1;36mDEBUG[m] Could not find metadata org.eclipse.platform:org.eclipse.equinox.registry/maven-metadata.xml in local (/home/bdanglot/.m2/repository)
[[1;36mDEBUG[m] Skipped remote request for org.eclipse.platform:org.eclipse.equinox.registry/maven-metadata.xml, locally cached metadata up-to-date.
[[1;36mDEBUG[m] Failure to find org.eclipse.platform:org.eclipse.equinox.registry/maven-metadata.xml in https://oss.sonatype.org/content/repositories/snapshots was cached in the local repository, resolution will not be reattempted until the update interval of sonatype-nexus-snapshots has elapsed or updates are forced
[[1;36mDEBUG[m] Failure to find org.eclipse.platform:org.eclipse.equinox.registry/maven-metadata.xml in http://maven.inria.fr/artifactory/spoon-public-snapshot/ was cached in the local repository, resolution will not be reattempted until the update interval of gforge.inria.fr-release has elapsed or updates are forced
[[1;36mDEBUG[m] Failure to find org.eclipse.platform:org.eclipse.equinox.registry/maven-metadata.xml in http://maven.inria.fr/artifactory/spoon-public-snapshot was cached in the local repository, resolution will not be reattempted until the update interval of maven.inria.fr-snapshot has elapsed or updates are forced
[[1;36mDEBUG[m] Could not find metadata org.eclipse.platform:org.eclipse.equinox.common/maven-metadata.xml in local (/home/bdanglot/.m2/repository)
[[1;36mDEBUG[m] Skipped remote request for org.eclipse.platform:org.eclipse.equinox.common/maven-metadata.xml, locally cached metadata up-to-date.
[[1;36mDEBUG[m] Failure to find org.eclipse.platform:org.eclipse.equinox.common/maven-metadata.xml in https://oss.sonatype.org/content/repositories/snapshots was cached in the local repository, resolution will not be reattempted until the update interval of sonatype-nexus-snapshots has elapsed or updates are forced
[[1;36mDEBUG[m] Failure to find org.eclipse.platform:org.eclipse.equinox.common/maven-metadata.xml in http://maven.inria.fr/artifactory/spoon-public-snapshot/ was cached in the local repository, resolution will not be reattempted until the update interval of gforge.inria.fr-release has elapsed or updates are forced
[[1;36mDEBUG[m] Failure to find org.eclipse.platform:org.eclipse.equinox.common/maven-metadata.xml in http://maven.inria.fr/artifactory/spoon-public-snapshot was cached in the local repository, resolution will not be reattempted until the update interval of maven.inria.fr-snapshot has elapsed or updates are forced
[[1;36mDEBUG[m] Could not find metadata org.eclipse.platform:org.eclipse.equinox.preferences/maven-metadata.xml in local (/home/bdanglot/.m2/repository)
[[1;36mDEBUG[m] Skipped remote request for org.eclipse.platform:org.eclipse.equinox.preferences/maven-metadata.xml, locally cached metadata up-to-date.
[[1;36mDEBUG[m] Failure to find org.eclipse.platform:org.eclipse.equinox.preferences/maven-metadata.xml in https://oss.sonatype.org/content/repositories/snapshots was cached in the local repository, resolution will not be reattempted until the update interval of sonatype-nexus-snapshots has elapsed or updates are forced
[[1;36mDEBUG[m] Failure to find org.eclipse.platform:org.eclipse.equinox.preferences/maven-metadata.xml in http://maven.inria.fr/artifactory/spoon-public-snapshot/ was cached in the local repository, resolution will not be reattempted until the update interval of gforge.inria.fr-release has elapsed or updates are forced
[[1;36mDEBUG[m] Failure to find org.eclipse.platform:org.eclipse.equinox.preferences/maven-metadata.xml in http://maven.inria.fr/artifactory/spoon-public-snapshot was cached in the local repository, resolution will not be reattempted until the update interval of maven.inria.fr-snapshot has elapsed or updates are forced
[[1;36mDEBUG[m] Could not find metadata org.eclipse.platform:org.eclipse.equinox.common/maven-metadata.xml in local (/home/bdanglot/.m2/repository)
[[1;36mDEBUG[m] Skipped remote request for org.eclipse.platform:org.eclipse.equinox.common/maven-metadata.xml, locally cached metadata up-to-date.
[[1;36mDEBUG[m] Failure to find org.eclipse.platform:org.eclipse.equinox.common/maven-metadata.xml in https://oss.sonatype.org/content/repositories/snapshots was cached in the local repository, resolution will not be reattempted until the update interval of sonatype-nexus-snapshots has elapsed or updates are forced
[[1;36mDEBUG[m] Failure to find org.eclipse.platform:org.eclipse.equinox.common/maven-metadata.xml in http://maven.inria.fr/artifactory/spoon-public-snapshot/ was cached in the local repository, resolution will not be reattempted until the update interval of gforge.inria.fr-release has elapsed or updates are forced
[[1;36mDEBUG[m] Failure to find org.eclipse.platform:org.eclipse.equinox.common/maven-metadata.xml in http://maven.inria.fr/artifactory/spoon-public-snapshot was cached in the local repository, resolution will not be reattempted until the update interval of maven.inria.fr-snapshot has elapsed or updates are forced
[[1;36mDEBUG[m] Could not find metadata org.eclipse.platform:org.eclipse.core.contenttype/maven-metadata.xml in local (/home/bdanglot/.m2/repository)
[[1;36mDEBUG[m] Skipped remote request for org.eclipse.platform:org.eclipse.core.contenttype/maven-metadata.xml, locally cached metadata up-to-date.
[[1;36mDEBUG[m] Failure to find org.eclipse.platform:org.eclipse.core.contenttype/maven-metadata.xml in https://oss.sonatype.org/content/repositories/snapshots was cached in the local repository, resolution will not be reattempted until the update interval of sonatype-nexus-snapshots has elapsed or updates are forced
[[1;36mDEBUG[m] Failure to find org.eclipse.platform:org.eclipse.core.contenttype/maven-metadata.xml in http://maven.inria.fr/artifactory/spoon-public-snapshot/ was cached in the local repository, resolution will not be reattempted until the update interval of gforge.inria.fr-release has elapsed or updates are forced
[[1;36mDEBUG[m] Failure to find org.eclipse.platform:org.eclipse.core.contenttype/maven-metadata.xml in http://maven.inria.fr/artifactory/spoon-public-snapshot was cached in the local repository, resolution will not be reattempted until the update interval of maven.inria.fr-snapshot has elapsed or updates are forced
[[1;36mDEBUG[m] Could not find metadata org.eclipse.platform:org.eclipse.equinox.preferences/maven-metadata.xml in local (/home/bdanglot/.m2/repository)
[[1;36mDEBUG[m] Skipped remote request for org.eclipse.platform:org.eclipse.equinox.preferences/maven-metadata.xml, locally cached metadata up-to-date.
[[1;36mDEBUG[m] Failure to find org.eclipse.platform:org.eclipse.equinox.preferences/maven-metadata.xml in https://oss.sonatype.org/content/repositories/snapshots was cached in the local repository, resolution will not be reattempted until the update interval of sonatype-nexus-snapshots has elapsed or updates are forced
[[1;36mDEBUG[m] Failure to find org.eclipse.platform:org.eclipse.equinox.preferences/maven-metadata.xml in http://maven.inria.fr/artifactory/spoon-public-snapshot/ was cached in the local repository, resolution will not be reattempted until the update interval of gforge.inria.fr-release has elapsed or updates are forced
[[1;36mDEBUG[m] Failure to find org.eclipse.platform:org.eclipse.equinox.preferences/maven-metadata.xml in http://maven.inria.fr/artifactory/spoon-public-snapshot was cached in the local repository, resolution will not be reattempted until the update interval of maven.inria.fr-snapshot has elapsed or updates are forced
[[1;36mDEBUG[m] Could not find metadata org.eclipse.platform:org.eclipse.equinox.registry/maven-metadata.xml in local (/home/bdanglot/.m2/repository)
[[1;36mDEBUG[m] Skipped remote request for org.eclipse.platform:org.eclipse.equinox.registry/maven-metadata.xml, locally cached metadata up-to-date.
[[1;36mDEBUG[m] Failure to find org.eclipse.platform:org.eclipse.equinox.registry/maven-metadata.xml in https://oss.sonatype.org/content/repositories/snapshots was cached in the local repository, resolution will not be reattempted until the update interval of sonatype-nexus-snapshots has elapsed or updates are forced
[[1;36mDEBUG[m] Failure to find org.eclipse.platform:org.eclipse.equinox.registry/maven-metadata.xml in http://maven.inria.fr/artifactory/spoon-public-snapshot/ was cached in the local repository, resolution will not be reattempted until the update interval of gforge.inria.fr-release has elapsed or updates are forced
[[1;36mDEBUG[m] Failure to find org.eclipse.platform:org.eclipse.equinox.registry/maven-metadata.xml in http://maven.inria.fr/artifactory/spoon-public-snapshot was cached in the local repository, resolution will not be reattempted until the update interval of maven.inria.fr-snapshot has elapsed or updates are forced
[[1;36mDEBUG[m] Could not find metadata org.eclipse.platform:org.eclipse.equinox.app/maven-metadata.xml in local (/home/bdanglot/.m2/repository)
[[1;36mDEBUG[m] Skipped remote request for org.eclipse.platform:org.eclipse.equinox.app/maven-metadata.xml, locally cached metadata up-to-date.
[[1;36mDEBUG[m] Failure to find org.eclipse.platform:org.eclipse.equinox.app/maven-metadata.xml in https://oss.sonatype.org/content/repositories/snapshots was cached in the local repository, resolution will not be reattempted until the update interval of sonatype-nexus-snapshots has elapsed or updates are forced
[[1;36mDEBUG[m] Failure to find org.eclipse.platform:org.eclipse.equinox.app/maven-metadata.xml in http://maven.inria.fr/artifactory/spoon-public-snapshot/ was cached in the local repository, resolution will not be reattempted until the update interval of gforge.inria.fr-release has elapsed or updates are forced
[[1;36mDEBUG[m] Failure to find org.eclipse.platform:org.eclipse.equinox.app/maven-metadata.xml in http://maven.inria.fr/artifactory/spoon-public-snapshot was cached in the local repository, resolution will not be reattempted until the update interval of maven.inria.fr-snapshot has elapsed or updates are forced
[[1;36mDEBUG[m] Could not find metadata org.eclipse.platform:org.eclipse.equinox.registry/maven-metadata.xml in local (/home/bdanglot/.m2/repository)
[[1;36mDEBUG[m] Skipped remote request for org.eclipse.platform:org.eclipse.equinox.registry/maven-metadata.xml, locally cached metadata up-to-date.
[[1;36mDEBUG[m] Failure to find org.eclipse.platform:org.eclipse.equinox.registry/maven-metadata.xml in https://oss.sonatype.org/content/repositories/snapshots was cached in the local repository, resolution will not be reattempted until the update interval of sonatype-nexus-snapshots has elapsed or updates are forced
[[1;36mDEBUG[m] Failure to find org.eclipse.platform:org.eclipse.equinox.registry/maven-metadata.xml in http://maven.inria.fr/artifactory/spoon-public-snapshot/ was cached in the local repository, resolution will not be reattempted until the update interval of gforge.inria.fr-release has elapsed or updates are forced
[[1;36mDEBUG[m] Failure to find org.eclipse.platform:org.eclipse.equinox.registry/maven-metadata.xml in http://maven.inria.fr/artifactory/spoon-public-snapshot was cached in the local repository, resolution will not be reattempted until the update interval of maven.inria.fr-snapshot has elapsed or updates are forced
[[1;36mDEBUG[m] Could not find metadata org.eclipse.platform:org.eclipse.osgi/maven-metadata.xml in local (/home/bdanglot/.m2/repository)
[[1;36mDEBUG[m] Skipped remote request for org.eclipse.platform:org.eclipse.osgi/maven-metadata.xml, locally cached metadata up-to-date.
[[1;36mDEBUG[m] Failure to find org.eclipse.platform:org.eclipse.osgi/maven-metadata.xml in https://oss.sonatype.org/content/repositories/snapshots was cached in the local repository, resolution will not be reattempted until the update interval of sonatype-nexus-snapshots has elapsed or updates are forced
[[1;36mDEBUG[m] Failure to find org.eclipse.platform:org.eclipse.osgi/maven-metadata.xml in http://maven.inria.fr/artifactory/spoon-public-snapshot/ was cached in the local repository, resolution will not be reattempted until the update interval of gforge.inria.fr-release has elapsed or updates are forced
[[1;36mDEBUG[m] Failure to find org.eclipse.platform:org.eclipse.osgi/maven-metadata.xml in http://maven.inria.fr/artifactory/spoon-public-snapshot was cached in the local repository, resolution will not be reattempted until the update interval of maven.inria.fr-snapshot has elapsed or updates are forced
[[1;36mDEBUG[m] Could not find metadata org.eclipse.platform:org.eclipse.equinox.common/maven-metadata.xml in local (/home/bdanglot/.m2/repository)
[[1;36mDEBUG[m] Skipped remote request for org.eclipse.platform:org.eclipse.equinox.common/maven-metadata.xml, locally cached metadata up-to-date.
[[1;36mDEBUG[m] Failure to find org.eclipse.platform:org.eclipse.equinox.common/maven-metadata.xml in https://oss.sonatype.org/content/repositories/snapshots was cached in the local repository, resolution will not be reattempted until the update interval of sonatype-nexus-snapshots has elapsed or updates are forced
[[1;36mDEBUG[m] Failure to find org.eclipse.platform:org.eclipse.equinox.common/maven-metadata.xml in http://maven.inria.fr/artifactory/spoon-public-snapshot/ was cached in the local repository, resolution will not be reattempted until the update interval of gforge.inria.fr-release has elapsed or updates are forced
[[1;36mDEBUG[m] Failure to find org.eclipse.platform:org.eclipse.equinox.common/maven-metadata.xml in http://maven.inria.fr/artifactory/spoon-public-snapshot was cached in the local repository, resolution will not be reattempted until the update interval of maven.inria.fr-snapshot has elapsed or updates are forced
[[1;36mDEBUG[m] Could not find metadata org.eclipse.platform:org.eclipse.core.jobs/maven-metadata.xml in local (/home/bdanglot/.m2/repository)
[[1;36mDEBUG[m] Skipped remote request for org.eclipse.platform:org.eclipse.core.jobs/maven-metadata.xml, locally cached metadata up-to-date.
[[1;36mDEBUG[m] Failure to find org.eclipse.platform:org.eclipse.core.jobs/maven-metadata.xml in https://oss.sonatype.org/content/repositories/snapshots was cached in the local repository, resolution will not be reattempted until the update interval of sonatype-nexus-snapshots has elapsed or updates are forced
[[1;36mDEBUG[m] Failure to find org.eclipse.platform:org.eclipse.core.jobs/maven-metadata.xml in http://maven.inria.fr/artifactory/spoon-public-snapshot/ was cached in the local repository, resolution will not be reattempted until the update interval of gforge.inria.fr-release has elapsed or updates are forced
[[1;36mDEBUG[m] Failure to find org.eclipse.platform:org.eclipse.core.jobs/maven-metadata.xml in http://maven.inria.fr/artifactory/spoon-public-snapshot was cached in the local repository, resolution will not be reattempted until the update interval of maven.inria.fr-snapshot has elapsed or updates are forced
[[1;36mDEBUG[m] Could not find metadata org.eclipse.platform:org.eclipse.equinox.preferences/maven-metadata.xml in local (/home/bdanglot/.m2/repository)
[[1;36mDEBUG[m] Skipped remote request for org.eclipse.platform:org.eclipse.equinox.preferences/maven-metadata.xml, locally cached metadata up-to-date.
[[1;36mDEBUG[m] Failure to find org.eclipse.platform:org.eclipse.equinox.preferences/maven-metadata.xml in https://oss.sonatype.org/content/repositories/snapshots was cached in the local repository, resolution will not be reattempted until the update interval of sonatype-nexus-snapshots has elapsed or updates are forced
[[1;36mDEBUG[m] Failure to find org.eclipse.platform:org.eclipse.equinox.preferences/maven-metadata.xml in http://maven.inria.fr/artifactory/spoon-public-snapshot/ was cached in the local repository, resolution will not be reattempted until the update interval of gforge.inria.fr-release has elapsed or updates are forced
[[1;36mDEBUG[m] Failure to find org.eclipse.platform:org.eclipse.equinox.preferences/maven-metadata.xml in http://maven.inria.fr/artifactory/spoon-public-snapshot was cached in the local repository, resolution will not be reattempted until the update interval of maven.inria.fr-snapshot has elapsed or updates are forced
[[1;36mDEBUG[m] Could not find metadata org.eclipse.platform:org.eclipse.core.contenttype/maven-metadata.xml in local (/home/bdanglot/.m2/repository)
[[1;36mDEBUG[m] Skipped remote request for org.eclipse.platform:org.eclipse.core.contenttype/maven-metadata.xml, locally cached metadata up-to-date.
[[1;36mDEBUG[m] Failure to find org.eclipse.platform:org.eclipse.core.contenttype/maven-metadata.xml in https://oss.sonatype.org/content/repositories/snapshots was cached in the local repository, resolution will not be reattempted until the update interval of sonatype-nexus-snapshots has elapsed or updates are forced
[[1;36mDEBUG[m] Failure to find org.eclipse.platform:org.eclipse.core.contenttype/maven-metadata.xml in http://maven.inria.fr/artifactory/spoon-public-snapshot/ was cached in the local repository, resolution will not be reattempted until the update interval of gforge.inria.fr-release has elapsed or updates are forced
[[1;36mDEBUG[m] Failure to find org.eclipse.platform:org.eclipse.core.contenttype/maven-metadata.xml in http://maven.inria.fr/artifactory/spoon-public-snapshot was cached in the local repository, resolution will not be reattempted until the update interval of maven.inria.fr-snapshot has elapsed or updates are forced
[[1;36mDEBUG[m] Could not find metadata org.eclipse.platform:org.eclipse.equinox.app/maven-metadata.xml in local (/home/bdanglot/.m2/repository)
[[1;36mDEBUG[m] Skipped remote request for org.eclipse.platform:org.eclipse.equinox.app/maven-metadata.xml, locally cached metadata up-to-date.
[[1;36mDEBUG[m] Failure to find org.eclipse.platform:org.eclipse.equinox.app/maven-metadata.xml in https://oss.sonatype.org/content/repositories/snapshots was cached in the local repository, resolution will not be reattempted until the update interval of sonatype-nexus-snapshots has elapsed or updates are forced
[[1;36mDEBUG[m] Failure to find org.eclipse.platform:org.eclipse.equinox.app/maven-metadata.xml in http://maven.inria.fr/artifactory/spoon-public-snapshot/ was cached in the local repository, resolution will not be reattempted until the update interval of gforge.inria.fr-release has elapsed or updates are forced
[[1;36mDEBUG[m] Failure to find org.eclipse.platform:org.eclipse.equinox.app/maven-metadata.xml in http://maven.inria.fr/artifactory/spoon-public-snapshot was cached in the local repository, resolution will not be reattempted until the update interval of maven.inria.fr-snapshot has elapsed or updates are forced
[[1;36mDEBUG[m] Could not find metadata org.eclipse.platform:org.eclipse.core.filesystem/maven-metadata.xml in local (/home/bdanglot/.m2/repository)
[[1;36mDEBUG[m] Skipped remote request for org.eclipse.platform:org.eclipse.core.filesystem/maven-metadata.xml, locally cached metadata up-to-date.
[[1;36mDEBUG[m] Failure to find org.eclipse.platform:org.eclipse.core.filesystem/maven-metadata.xml in https://oss.sonatype.org/content/repositories/snapshots was cached in the local repository, resolution will not be reattempted until the update interval of sonatype-nexus-snapshots has elapsed or updates are forced
[[1;36mDEBUG[m] Failure to find org.eclipse.platform:org.eclipse.core.filesystem/maven-metadata.xml in http://maven.inria.fr/artifactory/spoon-public-snapshot/ was cached in the local repository, resolution will not be reattempted until the update interval of gforge.inria.fr-release has elapsed or updates are forced
[[1;36mDEBUG[m] Failure to find org.eclipse.platform:org.eclipse.core.filesystem/maven-metadata.xml in http://maven.inria.fr/artifactory/spoon-public-snapshot was cached in the local repository, resolution will not be reattempted until the update interval of maven.inria.fr-snapshot has elapsed or updates are forced
[[1;36mDEBUG[m] Could not find metadata org.eclipse.platform:org.eclipse.osgi/maven-metadata.xml in local (/home/bdanglot/.m2/repository)
[[1;36mDEBUG[m] Skipped remote request for org.eclipse.platform:org.eclipse.osgi/maven-metadata.xml, locally cached metadata up-to-date.
[[1;36mDEBUG[m] Failure to find org.eclipse.platform:org.eclipse.osgi/maven-metadata.xml in https://oss.sonatype.org/content/repositories/snapshots was cached in the local repository, resolution will not be reattempted until the update interval of sonatype-nexus-snapshots has elapsed or updates are forced
[[1;36mDEBUG[m] Failure to find org.eclipse.platform:org.eclipse.osgi/maven-metadata.xml in http://maven.inria.fr/artifactory/spoon-public-snapshot/ was cached in the local repository, resolution will not be reattempted until the update interval of gforge.inria.fr-release has elapsed or updates are forced
[[1;36mDEBUG[m] Failure to find org.eclipse.platform:org.eclipse.osgi/maven-metadata.xml in http://maven.inria.fr/artifactory/spoon-public-snapshot was cached in the local repository, resolution will not be reattempted until the update interval of maven.inria.fr-snapshot has elapsed or updates are forced
[[1;36mDEBUG[m] Could not find metadata org.eclipse.platform:org.eclipse.core.runtime/maven-metadata.xml in local (/home/bdanglot/.m2/repository)
[[1;36mDEBUG[m] Skipped remote request for org.eclipse.platform:org.eclipse.core.runtime/maven-metadata.xml, locally cached metadata up-to-date.
[[1;36mDEBUG[m] Failure to find org.eclipse.platform:org.eclipse.core.runtime/maven-metadata.xml in https://oss.sonatype.org/content/repositories/snapshots was cached in the local repository, resolution will not be reattempted until the update interval of sonatype-nexus-snapshots has elapsed or updates are forced
[[1;36mDEBUG[m] Failure to find org.eclipse.platform:org.eclipse.core.runtime/maven-metadata.xml in http://maven.inria.fr/artifactory/spoon-public-snapshot/ was cached in the local repository, resolution will not be reattempted until the update interval of gforge.inria.fr-release has elapsed or updates are forced
[[1;36mDEBUG[m] Failure to find org.eclipse.platform:org.eclipse.core.runtime/maven-metadata.xml in http://maven.inria.fr/artifactory/spoon-public-snapshot was cached in the local repository, resolution will not be reattempted until the update interval of maven.inria.fr-snapshot has elapsed or updates are forced
[[1;36mDEBUG[m] Could not find metadata org.eclipse.platform:org.eclipse.core.runtime/maven-metadata.xml in local (/home/bdanglot/.m2/repository)
[[1;36mDEBUG[m] Skipped remote request for org.eclipse.platform:org.eclipse.core.runtime/maven-metadata.xml, locally cached metadata up-to-date.
[[1;36mDEBUG[m] Failure to find org.eclipse.platform:org.eclipse.core.runtime/maven-metadata.xml in https://oss.sonatype.org/content/repositories/snapshots was cached in the local repository, resolution will not be reattempted until the update interval of sonatype-nexus-snapshots has elapsed or updates are forced
[[1;36mDEBUG[m] Failure to find org.eclipse.platform:org.eclipse.core.runtime/maven-metadata.xml in http://maven.inria.fr/artifactory/spoon-public-snapshot/ was cached in the local repository, resolution will not be reattempted until the update interval of gforge.inria.fr-release has elapsed or updates are forced
[[1;36mDEBUG[m] Failure to find org.eclipse.platform:org.eclipse.core.runtime/maven-metadata.xml in http://maven.inria.fr/artifactory/spoon-public-snapshot was cached in the local repository, resolution will not be reattempted until the update interval of maven.inria.fr-snapshot has elapsed or updates are forced
[[1;36mDEBUG[m] Could not find metadata org.eclipse.platform:org.eclipse.core.filesystem/maven-metadata.xml in local (/home/bdanglot/.m2/repository)
[[1;36mDEBUG[m] Skipped remote request for org.eclipse.platform:org.eclipse.core.filesystem/maven-metadata.xml, locally cached metadata up-to-date.
[[1;36mDEBUG[m] Failure to find org.eclipse.platform:org.eclipse.core.filesystem/maven-metadata.xml in https://oss.sonatype.org/content/repositories/snapshots was cached in the local repository, resolution will not be reattempted until the update interval of sonatype-nexus-snapshots has elapsed or updates are forced
[[1;36mDEBUG[m] Failure to find org.eclipse.platform:org.eclipse.core.filesystem/maven-metadata.xml in http://maven.inria.fr/artifactory/spoon-public-snapshot/ was cached in the local repository, resolution will not be reattempted until the update interval of gforge.inria.fr-release has elapsed or updates are forced
[[1;36mDEBUG[m] Failure to find org.eclipse.platform:org.eclipse.core.filesystem/maven-metadata.xml in http://maven.inria.fr/artifactory/spoon-public-snapshot was cached in the local repository, resolution will not be reattempted until the update interval of maven.inria.fr-snapshot has elapsed or updates are forced
[[1;36mDEBUG[m] Could not find metadata org.eclipse.platform:org.eclipse.text/maven-metadata.xml in local (/home/bdanglot/.m2/repository)
[[1;36mDEBUG[m] Skipped remote request for org.eclipse.platform:org.eclipse.text/maven-metadata.xml, locally cached metadata up-to-date.
[[1;36mDEBUG[m] Failure to find org.eclipse.platform:org.eclipse.text/maven-metadata.xml in https://oss.sonatype.org/content/repositories/snapshots was cached in the local repository, resolution will not be reattempted until the update interval of sonatype-nexus-snapshots has elapsed or updates are forced
[[1;36mDEBUG[m] Failure to find org.eclipse.platform:org.eclipse.text/maven-metadata.xml in http://maven.inria.fr/artifactory/spoon-public-snapshot/ was cached in the local repository, resolution will not be reattempted until the update interval of gforge.inria.fr-release has elapsed or updates are forced
[[1;36mDEBUG[m] Failure to find org.eclipse.platform:org.eclipse.text/maven-metadata.xml in http://maven.inria.fr/artifactory/spoon-public-snapshot was cached in the local repository, resolution will not be reattempted until the update interval of maven.inria.fr-snapshot has elapsed or updates are forced
[[1;36mDEBUG[m] Could not find metadata org.eclipse.platform:org.eclipse.core.commands/maven-metadata.xml in local (/home/bdanglot/.m2/repository)
[[1;36mDEBUG[m] Skipped remote request for org.eclipse.platform:org.eclipse.core.commands/maven-metadata.xml, locally cached metadata up-to-date.
[[1;36mDEBUG[m] Failure to find org.eclipse.platform:org.eclipse.core.commands/maven-metadata.xml in https://oss.sonatype.org/content/repositories/snapshots was cached in the local repository, resolution will not be reattempted until the update interval of sonatype-nexus-snapshots has elapsed or updates are forced
[[1;36mDEBUG[m] Failure to find org.eclipse.platform:org.eclipse.core.commands/maven-metadata.xml in http://maven.inria.fr/artifactory/spoon-public-snapshot/ was cached in the local repository, resolution will not be reattempted until the update interval of gforge.inria.fr-release has elapsed or updates are forced
[[1;36mDEBUG[m] Failure to find org.eclipse.platform:org.eclipse.core.commands/maven-metadata.xml in http://maven.inria.fr/artifactory/spoon-public-snapshot was cached in the local repository, resolution will not be reattempted until the update interval of maven.inria.fr-snapshot has elapsed or updates are forced
[[1;36mDEBUG[m] Could not find metadata org.eclipse.platform:org.eclipse.equinox.common/maven-metadata.xml in local (/home/bdanglot/.m2/repository)
[[1;36mDEBUG[m] Skipped remote request for org.eclipse.platform:org.eclipse.equinox.common/maven-metadata.xml, locally cached metadata up-to-date.
[[1;36mDEBUG[m] Failure to find org.eclipse.platform:org.eclipse.equinox.common/maven-metadata.xml in https://oss.sonatype.org/content/repositories/snapshots was cached in the local repository, resolution will not be reattempted until the update interval of sonatype-nexus-snapshots has elapsed or updates are forced
[[1;36mDEBUG[m] Failure to find org.eclipse.platform:org.eclipse.equinox.common/maven-metadata.xml in http://maven.inria.fr/artifactory/spoon-public-snapshot/ was cached in the local repository, resolution will not be reattempted until the update interval of gforge.inria.fr-release has elapsed or updates are forced
[[1;36mDEBUG[m] Failure to find org.eclipse.platform:org.eclipse.equinox.common/maven-metadata.xml in http://maven.inria.fr/artifactory/spoon-public-snapshot was cached in the local repository, resolution will not be reattempted until the update interval of maven.inria.fr-snapshot has elapsed or updates are forced
[[1;36mDEBUG[m] Could not find metadata org.eclipse.platform:org.eclipse.core.runtime/maven-metadata.xml in local (/home/bdanglot/.m2/repository)
[[1;36mDEBUG[m] Skipped remote request for org.eclipse.platform:org.eclipse.core.runtime/maven-metadata.xml, locally cached metadata up-to-date.
[[1;36mDEBUG[m] Failure to find org.eclipse.platform:org.eclipse.core.runtime/maven-metadata.xml in https://oss.sonatype.org/content/repositories/snapshots was cached in the local repository, resolution will not be reattempted until the update interval of sonatype-nexus-snapshots has elapsed or updates are forced
[[1;36mDEBUG[m] Failure to find org.eclipse.platform:org.eclipse.core.runtime/maven-metadata.xml in http://maven.inria.fr/artifactory/spoon-public-snapshot/ was cached in the local repository, resolution will not be reattempted until the update interval of gforge.inria.fr-release has elapsed or updates are forced
[[1;36mDEBUG[m] Failure to find org.eclipse.platform:org.eclipse.core.runtime/maven-metadata.xml in http://maven.inria.fr/artifactory/spoon-public-snapshot was cached in the local repository, resolution will not be reattempted until the update interval of maven.inria.fr-snapshot has elapsed or updates are forced
[[1;36mDEBUG[m] Dependency collection stats: {ConflictMarker.analyzeTime=2469870, ConflictMarker.markTime=841809, ConflictMarker.nodeCount=553, ConflictIdSorter.graphTime=2229234, ConflictIdSorter.topsortTime=98913, ConflictIdSorter.conflictIdCount=69, ConflictIdSorter.conflictIdCycleCount=0, ConflictResolver.totalTime=7556878, ConflictResolver.conflictItemCount=214, DefaultDependencyCollector.collectTime=414303385, DefaultDependencyCollector.transformTime=13226896}
[[1;36mDEBUG[m] eu.stamp-project:diff-test-selection:jar:0.5-SNAPSHOT:
[[1;36mDEBUG[m]    org.apache.maven.shared:maven-invoker:jar:3.0.0:compile
[[1;36mDEBUG[m]       org.codehaus.plexus:plexus-utils:jar:3.0.24:compile
[[1;36mDEBUG[m]       org.codehaus.plexus:plexus-component-annotations:jar:1.7:compile
[[1;36mDEBUG[m]    org.openclover:clover:jar:4.2.1:compile
[[1;36mDEBUG[m]    org.apache.maven:maven-plugin-api:jar:3.0:compile
[[1;36mDEBUG[m]       org.apache.maven:maven-model:jar:3.0:compile
[[1;36mDEBUG[m]       org.apache.maven:maven-artifact:jar:3.0:compile
[[1;36mDEBUG[m]       org.sonatype.sisu:sisu-inject-plexus:jar:1.4.2:compile
[[1;36mDEBUG[m]          org.sonatype.sisu:sisu-inject-bean:jar:1.4.2:compile
[[1;36mDEBUG[m]             org.sonatype.sisu:sisu-guice:jar:noaop:2.1.7:compile
[[1;36mDEBUG[m]    org.apache.maven:maven-core:jar:3.5.4:compile
[[1;36mDEBUG[m]       org.apache.maven:maven-settings:jar:3.5.4:compile
[[1;36mDEBUG[m]       org.apache.maven:maven-settings-builder:jar:3.5.4:compile
[[1;36mDEBUG[m]          org.codehaus.plexus:plexus-interpolation:jar:1.24:compile
[[1;36mDEBUG[m]          org.sonatype.plexus:plexus-sec-dispatcher:jar:1.4:compile
[[1;36mDEBUG[m]             org.sonatype.plexus:plexus-cipher:jar:1.4:compile
[[1;36mDEBUG[m]       org.apache.maven:maven-builder-support:jar:3.5.4:compile
[[1;36mDEBUG[m]       org.apache.maven:maven-repository-metadata:jar:3.5.4:compile
[[1;36mDEBUG[m]       org.apache.maven:maven-model-builder:jar:3.5.4:compile
[[1;36mDEBUG[m]       org.apache.maven:maven-resolver-provider:jar:3.5.4:compile
[[1;36mDEBUG[m]       org.apache.maven.resolver:maven-resolver-impl:jar:1.1.1:compile
[[1;36mDEBUG[m]       org.apache.maven.resolver:maven-resolver-api:jar:1.1.1:compile
[[1;36mDEBUG[m]       org.apache.maven.resolver:maven-resolver-spi:jar:1.1.1:compile
[[1;36mDEBUG[m]       org.apache.maven.resolver:maven-resolver-util:jar:1.1.1:compile
[[1;36mDEBUG[m]       org.apache.maven.shared:maven-shared-utils:jar:3.2.1:compile
[[1;36mDEBUG[m]          commons-io:commons-io:jar:2.5:compile
[[1;36mDEBUG[m]       org.eclipse.sisu:org.eclipse.sisu.plexus:jar:0.3.3:compile
[[1;36mDEBUG[m]          javax.enterprise:cdi-api:jar:1.0:compile
[[1;36mDEBUG[m]             javax.annotation:jsr250-api:jar:1.0:compile
[[1;36mDEBUG[m]       org.eclipse.sisu:org.eclipse.sisu.inject:jar:0.3.3:compile
[[1;36mDEBUG[m]       com.google.inject:guice:jar:no_aop:4.2.0:compile
[[1;36mDEBUG[m]          aopalliance:aopalliance:jar:1.0:compile
[[1;36mDEBUG[m]       com.google.guava:guava:jar:20.0:compile
[[1;36mDEBUG[m]       javax.inject:javax.inject:jar:1:compile
[[1;36mDEBUG[m]       org.codehaus.plexus:plexus-classworlds:jar:2.5.2:compile
[[1;36mDEBUG[m]       org.apache.commons:commons-lang3:jar:3.5:compile
[[1;36mDEBUG[m]    fr.inria.gforge.spoon.labs:gumtree-spoon-ast-diff:jar:1.5:compile
[[1;36mDEBUG[m]       fr.inria.gforge.spoon:spoon-core:jar:7.0.0:compile
[[1;36mDEBUG[m]          org.eclipse.jdt:org.eclipse.jdt.core:jar:3.13.102:compile
[[1;36mDEBUG[m]             org.eclipse.platform:org.eclipse.core.resources:jar:3.13.100:compile
[[1;36mDEBUG[m]                org.eclipse.platform:org.eclipse.core.expressions:jar:3.6.200:compile
[[1;36mDEBUG[m]             org.eclipse.platform:org.eclipse.core.runtime:jar:3.15.0:compile
[[1;36mDEBUG[m]                org.eclipse.platform:org.eclipse.osgi:jar:3.13.100:compile
[[1;36mDEBUG[m]                org.eclipse.platform:org.eclipse.equinox.common:jar:3.10.100:compile
[[1;36mDEBUG[m]                org.eclipse.platform:org.eclipse.core.jobs:jar:3.10.100:compile
[[1;36mDEBUG[m]                org.eclipse.platform:org.eclipse.equinox.registry:jar:3.8.100:compile
[[1;36mDEBUG[m]                org.eclipse.platform:org.eclipse.equinox.preferences:jar:3.7.200:compile
[[1;36mDEBUG[m]                org.eclipse.platform:org.eclipse.core.contenttype:jar:3.7.100:compile
[[1;36mDEBUG[m]                org.eclipse.platform:org.eclipse.equinox.app:jar:1.3.600:compile
[[1;36mDEBUG[m]             org.eclipse.platform:org.eclipse.core.filesystem:jar:1.7.200:compile
[[1;36mDEBUG[m]             org.eclipse.platform:org.eclipse.text:jar:3.7.0:compile
[[1;36mDEBUG[m]                org.eclipse.platform:org.eclipse.core.commands:jar:3.9.200:compile
[[1;36mDEBUG[m]          com.martiansoftware:jsap:jar:2.1:compile
[[1;36mDEBUG[m]          log4j:log4j:jar:1.2.17:compile
[[1;36mDEBUG[m]          com.fasterxml.jackson.core:jackson-databind:jar:2.9.2:compile
[[1;36mDEBUG[m]             com.fasterxml.jackson.core:jackson-annotations:jar:2.9.0:compile
[[1;36mDEBUG[m]             com.fasterxml.jackson.core:jackson-core:jar:2.9.2:compile
[[1;36mDEBUG[m]       com.github.gumtreediff:core:jar:2.1.0:compile
[[1;36mDEBUG[m]          com.github.mpkorstanje:simmetrics-core:jar:3.2.3:compile
[[1;36mDEBUG[m]             commons-codec:commons-codec:jar:1.10:compile
[[1;36mDEBUG[m]          net.sf.trove4j:trove4j:jar:3.0.3:compile
[[1;36mDEBUG[m]          com.google.code.gson:gson:jar:2.8.2:compile
[[1;36mDEBUG[m]          org.jgrapht:jgrapht-core:jar:1.0.1:compile
[[1;36mDEBUG[m] Created new class realm plugin>eu.stamp-project:diff-test-selection:0.5-SNAPSHOT
[[1;36mDEBUG[m] Importing foreign packages into class realm plugin>eu.stamp-project:diff-test-selection:0.5-SNAPSHOT
[[1;36mDEBUG[m]   Imported:  < maven.api
[[1;36mDEBUG[m] Populating class realm plugin>eu.stamp-project:diff-test-selection:0.5-SNAPSHOT
[[1;36mDEBUG[m]   Included: eu.stamp-project:diff-test-selection:jar:0.5-SNAPSHOT
[[1;36mDEBUG[m]   Included: org.apache.maven.shared:maven-invoker:jar:3.0.0
[[1;36mDEBUG[m]   Included: org.codehaus.plexus:plexus-utils:jar:3.0.24
[[1;36mDEBUG[m]   Included: org.codehaus.plexus:plexus-component-annotations:jar:1.7
[[1;36mDEBUG[m]   Included: org.openclover:clover:jar:4.2.1
[[1;36mDEBUG[m]   Included: org.sonatype.sisu:sisu-inject-bean:jar:1.4.2
[[1;36mDEBUG[m]   Included: org.sonatype.sisu:sisu-guice:jar:noaop:2.1.7
[[1;36mDEBUG[m]   Included: org.codehaus.plexus:plexus-interpolation:jar:1.24
[[1;36mDEBUG[m]   Included: org.sonatype.plexus:plexus-sec-dispatcher:jar:1.4
[[1;36mDEBUG[m]   Included: org.sonatype.plexus:plexus-cipher:jar:1.4
[[1;36mDEBUG[m]   Included: org.apache.maven:maven-builder-support:jar:3.5.4
[[1;36mDEBUG[m]   Included: org.apache.maven.resolver:maven-resolver-util:jar:1.1.1
[[1;36mDEBUG[m]   Included: org.apache.maven.shared:maven-shared-utils:jar:3.2.1
[[1;36mDEBUG[m]   Included: commons-io:commons-io:jar:2.5
[[1;36mDEBUG[m]   Included: javax.enterprise:cdi-api:jar:1.0
[[1;36mDEBUG[m]   Included: org.eclipse.sisu:org.eclipse.sisu.inject:jar:0.3.3
[[1;36mDEBUG[m]   Included: com.google.inject:guice:jar:no_aop:4.2.0
[[1;36mDEBUG[m]   Included: aopalliance:aopalliance:jar:1.0
[[1;36mDEBUG[m]   Included: com.google.guava:guava:jar:20.0
[[1;36mDEBUG[m]   Included: org.apache.commons:commons-lang3:jar:3.5
[[1;36mDEBUG[m]   Included: fr.inria.gforge.spoon.labs:gumtree-spoon-ast-diff:jar:1.5
[[1;36mDEBUG[m]   Included: fr.inria.gforge.spoon:spoon-core:jar:7.0.0
[[1;36mDEBUG[m]   Included: org.eclipse.jdt:org.eclipse.jdt.core:jar:3.13.102
[[1;36mDEBUG[m]   Included: org.eclipse.platform:org.eclipse.core.resources:jar:3.13.100
[[1;36mDEBUG[m]   Included: org.eclipse.platform:org.eclipse.core.expressions:jar:3.6.200
[[1;36mDEBUG[m]   Included: org.eclipse.platform:org.eclipse.core.runtime:jar:3.15.0
[[1;36mDEBUG[m]   Included: org.eclipse.platform:org.eclipse.osgi:jar:3.13.100
[[1;36mDEBUG[m]   Included: org.eclipse.platform:org.eclipse.equinox.common:jar:3.10.100
[[1;36mDEBUG[m]   Included: org.eclipse.platform:org.eclipse.core.jobs:jar:3.10.100
[[1;36mDEBUG[m]   Included: org.eclipse.platform:org.eclipse.equinox.registry:jar:3.8.100
[[1;36mDEBUG[m]   Included: org.eclipse.platform:org.eclipse.equinox.preferences:jar:3.7.200
[[1;36mDEBUG[m]   Included: org.eclipse.platform:org.eclipse.core.contenttype:jar:3.7.100
[[1;36mDEBUG[m]   Included: org.eclipse.platform:org.eclipse.equinox.app:jar:1.3.600
[[1;36mDEBUG[m]   Included: org.eclipse.platform:org.eclipse.core.filesystem:jar:1.7.200
[[1;36mDEBUG[m]   Included: org.eclipse.platform:org.eclipse.text:jar:3.7.0
[[1;36mDEBUG[m]   Included: org.eclipse.platform:org.eclipse.core.commands:jar:3.9.200
[[1;36mDEBUG[m]   Included: com.martiansoftware:jsap:jar:2.1
[[1;36mDEBUG[m]   Included: log4j:log4j:jar:1.2.17
[[1;36mDEBUG[m]   Included: com.fasterxml.jackson.core:jackson-databind:jar:2.9.2
[[1;36mDEBUG[m]   Included: com.fasterxml.jackson.core:jackson-annotations:jar:2.9.0
[[1;36mDEBUG[m]   Included: com.fasterxml.jackson.core:jackson-core:jar:2.9.2
[[1;36mDEBUG[m]   Included: com.github.gumtreediff:core:jar:2.1.0
[[1;36mDEBUG[m]   Included: com.github.mpkorstanje:simmetrics-core:jar:3.2.3
[[1;36mDEBUG[m]   Included: commons-codec:commons-codec:jar:1.10
[[1;36mDEBUG[m]   Included: net.sf.trove4j:trove4j:jar:3.0.3
[[1;36mDEBUG[m]   Included: com.google.code.gson:gson:jar:2.8.2
[[1;36mDEBUG[m]   Included: org.jgrapht:jgrapht-core:jar:1.0.1
[[1;36mDEBUG[m] Configuring mojo eu.stamp-project:diff-test-selection:0.5-SNAPSHOT:list from plugin realm ClassRealm[plugin>eu.stamp-project:diff-test-selection:0.5-SNAPSHOT, parent: sun.misc.Launcher$AppClassLoader@5c647e05]
[[1;36mDEBUG[m] Configuring mojo 'eu.stamp-project:diff-test-selection:0.5-SNAPSHOT:list' with basic configurator -->
[[1;36mDEBUG[m]   (f) module = xwiki-commons-core/xwiki-commons-component/xwiki-commons-component-api/
[[1;36mDEBUG[m]   (f) outputPath = /home/bdanglot/workspace/icst-2019/september-2018/result/xwiki-commons/commit_7_78ff099/commit_coverage_testsThatExecuteTheChanges.csv
[[1;36mDEBUG[m]   (f) pathToDiff = patch.diff
[[1;36mDEBUG[m]   (f) pathToOtherVersion = /home/bdanglot/workspace/icst-2019/september-2018/dataset/xwiki-commons_parent/xwiki-commons-core/xwiki-commons-component/xwiki-commons-component-api
[[1;36mDEBUG[m]   (f) project = MavenProject: org.xwiki.commons:xwiki-commons-component-api:9.12-SNAPSHOT @ /home/bdanglot/workspace/icst-2019/september-2018/dataset/xwiki-commons/xwiki-commons-core/xwiki-commons-component/xwiki-commons-component-api/pom.xml
[[1;36mDEBUG[m]   (f) report = CSV
[[1;36mDEBUG[m] -- end configuration --
[[1;34mINFO[m] Computing coverage for /home/bdanglot/workspace/icst-2019/september-2018/dataset/xwiki-commons/xwiki-commons-core/xwiki-commons-component/xwiki-commons-component-api
[WARN] Maven will be executed in interactive mode, but no input stream has been configured for this MavenInvoker instance.
[[1;34mINFO[m] Scanning for projects...
[[1;33mWARNING[m] 
[[1;33mWARNING[m] Some problems were encountered while building the effective model for org.xwiki.commons:xwiki-commons-component-api:jar:9.12-SNAPSHOT
[[1;33mWARNING[m] Reporting configuration should be done in <reporting> section, not in maven-site-plugin <configuration> as reportPlugins parameter.
[[1;33mWARNING[m] 
[[1;33mWARNING[m] It is highly recommended to fix these problems because they threaten the stability of your build.
[[1;33mWARNING[m] 
[[1;33mWARNING[m] For this reason, future Maven versions might no longer support building such malformed projects.
[[1;33mWARNING[m] 
[[1;34mINFO[m] 
[[1;34mINFO[m] [1m-----------< [0;36morg.xwiki.commons:xwiki-commons-component-api[0;1m >------------[m
[[1;34mINFO[m] [1mBuilding XWiki Commons - Component - API 9.12-SNAPSHOT[m
[[1;34mINFO[m] [1m--------------------------------[ jar ]---------------------------------[m
[[1;34mINFO[m] 
[[1;34mINFO[m] [1m--- [0;32mmaven-clean-plugin:3.0.0:clean[m [1m(default-clean)[m @ [36mxwiki-commons-component-api[0;1m ---[m
[[1;34mINFO[m] 
[[1;34mINFO[m] [1m--- [0;32mclover-maven-plugin:4.2.0:setup[m [1m(default-cli)[m @ [36mxwiki-commons-component-api[0;1m ---[m
[[1;34mINFO[m] No 'maven.clover.licenseLocation' configured. Using default license.
[[1;34mINFO[m] OpenClover Version 4.2.0, built on April 30 2017 (build-1000)
[[1;34mINFO[m] Loaded from: /home/bdanglot/.m2/repository/org/openclover/clover/4.2.0/clover-4.2.0.jar
[[1;34mINFO[m] Clover free edition.
[[1;34mINFO[m] Creating new database at '/home/bdanglot/workspace/icst-2019/september-2018/dataset/xwiki-commons/xwiki-commons-core/xwiki-commons-component/xwiki-commons-component-api/target/clover/clover.db'.
[[1;34mINFO[m] Processing files at 1.8 source level.
[[1;34mINFO[m] Clover all over. Instrumented 37 files (8 packages).
[[1;34mINFO[m] Elapsed time = 0.553 secs. (66.908 files/sec, 6,535.262 srclines/sec)
[[1;34mINFO[m] OpenClover Version 4.2.0, built on April 30 2017 (build-1000)
[[1;34mINFO[m] Loaded from: /home/bdanglot/.m2/repository/org/openclover/clover/4.2.0/clover-4.2.0.jar
[[1;34mINFO[m] Clover free edition.
[[1;34mINFO[m] Updating existing database at '/home/bdanglot/workspace/icst-2019/september-2018/dataset/xwiki-commons/xwiki-commons-core/xwiki-commons-component/xwiki-commons-component-api/target/clover/clover.db'.
[[1;34mINFO[m] Processing files at 1.8 source level.
[[1;34mINFO[m] Clover all over. Instrumented 9 files (4 packages).
[[1;34mINFO[m] 20 test methods detected.
[[1;34mINFO[m] Elapsed time = 0.066 secs. (136.364 files/sec, 10,060.606 srclines/sec)
[[1;34mINFO[m] 
[[1;34mINFO[m] [1m--- [0;32mmaven-enforcer-plugin:1.4.1:enforce[m [1m(enforce-plugins)[m @ [36mxwiki-commons-component-api[0;1m ---[m
[[1;34mINFO[m] Skipping Rule Enforcement.
[[1;34mINFO[m] 
[[1;34mINFO[m] [1m--- [0;32mmaven-enforcer-plugin:1.4.1:enforce[m [1m(enforce-jcl-log4j-isolation)[m @ [36mxwiki-commons-component-api[0;1m ---[m
[[1;34mINFO[m] Skipping Rule Enforcement.
[[1;34mINFO[m] 
[[1;34mINFO[m] [1m--- [0;32mmaven-enforcer-plugin:1.4.1:enforce[m [1m(enforce-glasshfish-jaxb)[m @ [36mxwiki-commons-component-api[0;1m ---[m
[[1;34mINFO[m] Skipping Rule Enforcement.
[[1;34mINFO[m] 
[[1;34mINFO[m] [1m--- [0;32mmaven-enforcer-plugin:1.4.1:enforce[m [1m(enforce-commons-lang3)[m @ [36mxwiki-commons-component-api[0;1m ---[m
[[1;34mINFO[m] Skipping Rule Enforcement.
[[1;34mINFO[m] 
[[1;34mINFO[m] [1m--- [0;32mmaven-enforcer-plugin:1.4.1:enforce[m [1m(enforce-commons-configuration2)[m @ [36mxwiki-commons-component-api[0;1m ---[m
[[1;34mINFO[m] Skipping Rule Enforcement.
[[1;34mINFO[m] 
[[1;34mINFO[m] [1m--- [0;32mmaven-enforcer-plugin:1.4.1:enforce[m [1m(enforce-bouncycastle-ids)[m @ [36mxwiki-commons-component-api[0;1m ---[m
[[1;34mINFO[m] Skipping Rule Enforcement.
[[1;34mINFO[m] 
[[1;34mINFO[m] [1m--- [0;32mmaven-enforcer-plugin:1.4.1:enforce[m [1m(enforce-javase-dependencies)[m @ [36mxwiki-commons-component-api[0;1m ---[m
[[1;34mINFO[m] Skipping Rule Enforcement.
[[1;34mINFO[m] 
[[1;34mINFO[m] [1m--- [0;32mmaven-enforcer-plugin:1.4.1:enforce[m [1m(enforce-upper-bounds)[m @ [36mxwiki-commons-component-api[0;1m ---[m
[[1;34mINFO[m] Skipping Rule Enforcement.
[[1;34mINFO[m] 
[[1;34mINFO[m] [1m--- [0;32mmaven-enforcer-plugin:1.4.1:enforce[m [1m(enforce-no-legacy-dependencies)[m @ [36mxwiki-commons-component-api[0;1m ---[m
[[1;34mINFO[m] 
[[1;34mINFO[m] [1m--- [0;32mmaven-enforcer-plugin:1.4.1:enforce[m [1m(enforce-valid-poms)[m @ [36mxwiki-commons-component-api[0;1m ---[m
[[1;34mINFO[m] Skipping Rule Enforcement.
[[1;34mINFO[m] 
[[1;34mINFO[m] [1m--- [0;32mmaven-enforcer-plugin:1.4.1:enforce[m [1m(enforce-platform-rendering-isolation)[m @ [36mxwiki-commons-component-api[0;1m ---[m
[[1;34mINFO[m] Skipping Rule Enforcement.
[[1;34mINFO[m] 
[[1;34mINFO[m] [1m--- [0;32mmaven-enforcer-plugin:1.4.1:enforce[m [1m(check-dependency-version)[m @ [36mxwiki-commons-component-api[0;1m ---[m
[[1;34mINFO[m] Skipping Rule Enforcement.
[[1;34mINFO[m] 
[[1;34mINFO[m] [1m--- [0;32mspoon-maven-plugin:2.5:generate[m [1m(default)[m @ [36mxwiki-commons-component-api[0;1m ---[m
2018-10-01 22:38:18,431 INFO spoon.Launcher - Spoon version 5.9.0
2018-10-01 22:38:18,432 INFO spoon.Launcher - running Spoon...
2018-10-01 22:38:18,432 INFO spoon.Launcher - start processing...
2018-10-01 22:38:19,699 INFO spoon.Launcher - org.xwiki.tool.spoon.ForbiddenInvocationProcessor
2018-10-01 22:38:19,735 INFO spoon.Launcher - spoon.support.JavaOutputProcessor
2018-10-01 22:38:20,296 INFO spoon.Launcher - end of processing: 
2018-10-01 22:38:20,296 INFO spoon.Launcher - no errors, no warnings
[[1;34mINFO[m] 
[[1;34mINFO[m] [1m--- [0;32mmaven-remote-resources-plugin:1.5:process[m [1m(xwiki-license-resources)[m @ [36mxwiki-commons-component-api[0;1m ---[m
[[1;34mINFO[m] 
[[1;34mINFO[m] [1m--- [0;32mmaven-resources-plugin:3.0.2:resources[m [1m(default-resources)[m @ [36mxwiki-commons-component-api[0;1m ---[m
[[1;34mINFO[m] Using 'UTF-8' encoding to copy filtered resources.
[[1;34mINFO[m] Copying 1 resource
[[1;34mINFO[m] Copying 1 resource
[[1;34mINFO[m] Copying 2 resources
[[1;34mINFO[m] 
[[1;34mINFO[m] [1m--- [0;32mmaven-compiler-plugin:3.7.0:compile[m [1m(default-compile)[m @ [36mxwiki-commons-component-api[0;1m ---[m
[[1;34mINFO[m] Changes detected - recompiling the module!
[[1;34mINFO[m] Compiling 37 source files to /home/bdanglot/workspace/icst-2019/september-2018/dataset/xwiki-commons/xwiki-commons-core/xwiki-commons-component/xwiki-commons-component-api/target/classes
[[1;33mWARNING[m] /home/bdanglot/workspace/icst-2019/september-2018/dataset/xwiki-commons/xwiki-commons-core/xwiki-commons-component/xwiki-commons-component-api/target/clover/src-instrumented/org/xwiki/component/descriptor/DefaultComponentRole.java:[150,78] unchecked conversion
  required: java.lang.Class<T>
  found:    java.lang.Class
[[1;33mWARNING[m] /home/bdanglot/workspace/icst-2019/september-2018/dataset/xwiki-commons/xwiki-commons-core/xwiki-commons-component/xwiki-commons-component-api/target/clover/src-instrumented/org/xwiki/component/namespace/NamespaceNotAllowedException.java:[28,8] serializable class org.xwiki.component.namespace.NamespaceNotAllowedException has no definition of serialVersionUID
[[1;33mWARNING[m] /home/bdanglot/workspace/icst-2019/september-2018/dataset/xwiki-commons/xwiki-commons-core/xwiki-commons-component/xwiki-commons-component-api/target/clover/src-instrumented/org/xwiki/component/descriptor/DefaultComponentDescriptor.java:[75,73] found raw type: org.xwiki.component.descriptor.DefaultComponentDependency
  missing type arguments for generic class org.xwiki.component.descriptor.DefaultComponentDependency<T>
[[1;33mWARNING[m] /home/bdanglot/workspace/icst-2019/september-2018/dataset/xwiki-commons/xwiki-commons-core/xwiki-commons-component/xwiki-commons-component-api/target/clover/src-instrumented/org/xwiki/component/descriptor/DefaultComponentDescriptor.java:[75,69] unchecked call to DefaultComponentDependency(org.xwiki.component.descriptor.ComponentDependency<T>) as a member of the raw type org.xwiki.component.descriptor.DefaultComponentDependency
[[1;33mWARNING[m] /home/bdanglot/workspace/icst-2019/september-2018/dataset/xwiki-commons/xwiki-commons-core/xwiki-commons-component/xwiki-commons-component-api/target/clover/src-instrumented/org/xwiki/component/descriptor/DefaultComponentDescriptor.java:[163,51] found raw type: org.xwiki.component.descriptor.ComponentDescriptor
  missing type arguments for generic class org.xwiki.component.descriptor.ComponentDescriptor<T>
[[1;33mWARNING[m] /home/bdanglot/workspace/icst-2019/september-2018/dataset/xwiki-commons/xwiki-commons-core/xwiki-commons-component/xwiki-commons-component-api/target/clover/src-instrumented/org/xwiki/component/util/ReflectionUtils.java:[124,19] found raw type: java.lang.Class
  missing type arguments for generic class java.lang.Class<T>
[[1;33mWARNING[m] /home/bdanglot/workspace/icst-2019/september-2018/dataset/xwiki-commons/xwiki-commons-core/xwiki-commons-component/xwiki-commons-component-api/target/clover/src-instrumented/org/xwiki/component/util/ReflectionUtils.java:[126,43] found raw type: java.lang.Class
  missing type arguments for generic class java.lang.Class<T>
[[1;33mWARNING[m] /home/bdanglot/workspace/icst-2019/september-2018/dataset/xwiki-commons/xwiki-commons-core/xwiki-commons-component/xwiki-commons-component-api/target/clover/src-instrumented/org/xwiki/component/util/ReflectionUtils.java:[234,52] found raw type: java.lang.Class
  missing type arguments for generic class java.lang.Class<T>
[[1;33mWARNING[m] /home/bdanglot/workspace/icst-2019/september-2018/dataset/xwiki-commons/xwiki-commons-core/xwiki-commons-component/xwiki-commons-component-api/target/clover/src-instrumented/org/xwiki/component/util/ReflectionUtils.java:[234,65] found raw type: java.lang.Class
  missing type arguments for generic class java.lang.Class<T>
[[1;33mWARNING[m] /home/bdanglot/workspace/icst-2019/september-2018/dataset/xwiki-commons/xwiki-commons-core/xwiki-commons-component/xwiki-commons-component-api/target/clover/src-instrumented/org/xwiki/component/util/ReflectionUtils.java:[240,82] unchecked call to isAssignableFrom(java.lang.Class<?>) as a member of the raw type java.lang.Class
[[1;33mWARNING[m] /home/bdanglot/workspace/icst-2019/september-2018/dataset/xwiki-commons/xwiki-commons-core/xwiki-commons-component/xwiki-commons-component-api/target/clover/src-instrumented/org/xwiki/component/util/ReflectionUtils.java:[261,44] found raw type: java.lang.Class
  missing type arguments for generic class java.lang.Class<T>
[[1;33mWARNING[m] /home/bdanglot/workspace/icst-2019/september-2018/dataset/xwiki-commons/xwiki-commons-core/xwiki-commons-component/xwiki-commons-component-api/target/clover/src-instrumented/org/xwiki/component/util/ReflectionUtils.java:[261,57] found raw type: java.lang.Class
  missing type arguments for generic class java.lang.Class<T>
[[1;33mWARNING[m] /home/bdanglot/workspace/icst-2019/september-2018/dataset/xwiki-commons/xwiki-commons-core/xwiki-commons-component/xwiki-commons-component-api/target/clover/src-instrumented/org/xwiki/component/util/ReflectionUtils.java:[268,86] unchecked call to isAssignableFrom(java.lang.Class<?>) as a member of the raw type java.lang.Class
[[1;33mWARNING[m] /home/bdanglot/workspace/icst-2019/september-2018/dataset/xwiki-commons/xwiki-commons-core/xwiki-commons-component/xwiki-commons-component-api/target/clover/src-instrumented/org/xwiki/component/util/ReflectionUtils.java:[302,67] found raw type: java.lang.Class
  missing type arguments for generic class java.lang.Class<T>
[[1;33mWARNING[m] /home/bdanglot/workspace/icst-2019/september-2018/dataset/xwiki-commons/xwiki-commons-core/xwiki-commons-component/xwiki-commons-component-api/target/clover/src-instrumented/org/xwiki/component/util/ReflectionUtils.java:[304,47] found raw type: java.lang.reflect.TypeVariable
  missing type arguments for generic class java.lang.reflect.TypeVariable<D>
[[1;33mWARNING[m] /home/bdanglot/workspace/icst-2019/september-2018/dataset/xwiki-commons/xwiki-commons-core/xwiki-commons-component/xwiki-commons-component-api/target/clover/src-instrumented/org/xwiki/component/util/ReflectionUtils.java:[306,60] found raw type: java.lang.Class
  missing type arguments for generic class java.lang.Class<T>
[[1;33mWARNING[m] /home/bdanglot/workspace/icst-2019/september-2018/dataset/xwiki-commons/xwiki-commons-core/xwiki-commons-component/xwiki-commons-component-api/target/clover/src-instrumented/org/xwiki/component/util/ReflectionUtils.java:[306,123] unchecked conversion
  required: java.lang.reflect.TypeVariable<java.lang.Class>[]
  found:    java.lang.reflect.TypeVariable[]
[[1;33mWARNING[m] /home/bdanglot/workspace/icst-2019/september-2018/dataset/xwiki-commons/xwiki-commons-core/xwiki-commons-component/xwiki-commons-component-api/target/clover/src-instrumented/org/xwiki/component/util/ReflectionUtils.java:[308,73] found raw type: java.lang.reflect.TypeVariable
  missing type arguments for generic class java.lang.reflect.TypeVariable<D>
[[1;33mWARNING[m] /home/bdanglot/workspace/icst-2019/september-2018/dataset/xwiki-commons/xwiki-commons-core/xwiki-commons-component/xwiki-commons-component-api/target/clover/src-instrumented/org/xwiki/component/util/ReflectionUtils.java:[324,51] found raw type: java.lang.reflect.TypeVariable
  missing type arguments for generic class java.lang.reflect.TypeVariable<D>
[[1;33mWARNING[m] /home/bdanglot/workspace/icst-2019/september-2018/dataset/xwiki-commons/xwiki-commons-core/xwiki-commons-component/xwiki-commons-component-api/target/clover/src-instrumented/org/xwiki/component/util/ReflectionUtils.java:[357,58] found raw type: java.lang.reflect.TypeVariable
  missing type arguments for generic class java.lang.reflect.TypeVariable<D>
[[1;33mWARNING[m] /home/bdanglot/workspace/icst-2019/september-2018/dataset/xwiki-commons/xwiki-commons-core/xwiki-commons-component/xwiki-commons-component-api/target/clover/src-instrumented/org/xwiki/component/util/ReflectionUtils.java:[557,62] unchecked cast
  required: T
  found:    java.lang.annotation.Annotation
[[1;33mWARNING[m] /home/bdanglot/workspace/icst-2019/september-2018/dataset/xwiki-commons/xwiki-commons-core/xwiki-commons-component/xwiki-commons-component-api/target/clover/src-instrumented/org/xwiki/component/util/ReflectionMethodUtils.java:[63,76] unchecked cast
  required: A
  found:    java.lang.annotation.Annotation
[[1;33mWARNING[m] /home/bdanglot/workspace/icst-2019/september-2018/dataset/xwiki-commons/xwiki-commons-core/xwiki-commons-component/xwiki-commons-component-api/target/clover/src-instrumented/org/xwiki/component/descriptor/DefaultComponentDependency.java:[136,28] found raw type: org.xwiki.component.descriptor.ComponentDependency
  missing type arguments for generic class org.xwiki.component.descriptor.ComponentDependency<T>
[[1;33mWARNING[m] /home/bdanglot/workspace/icst-2019/september-2018/dataset/xwiki-commons/xwiki-commons-core/xwiki-commons-component/xwiki-commons-component-api/target/clover/src-instrumented/org/xwiki/component/descriptor/DefaultComponentDependency.java:[191,21] getRole() in org.xwiki.component.descriptor.DefaultComponentRole has been deprecated
[[1;33mWARNING[m] /home/bdanglot/workspace/icst-2019/september-2018/dataset/xwiki-commons/xwiki-commons-core/xwiki-commons-component/xwiki-commons-component-api/target/clover/src-instrumented/org/xwiki/component/descriptor/DefaultComponentDependency.java:[193,40] found raw type: java.lang.Class
  missing type arguments for generic class java.lang.Class<T>
[[1;33mWARNING[m] /home/bdanglot/workspace/icst-2019/september-2018/dataset/xwiki-commons/xwiki-commons-core/xwiki-commons-component/xwiki-commons-component-api/target/clover/src-instrumented/org/xwiki/component/descriptor/DefaultComponentDependency.java:[196,79] unchecked conversion
  required: java.lang.Class<T>
  found:    java.lang.Class
[[1;33mWARNING[m] /home/bdanglot/workspace/icst-2019/september-2018/dataset/xwiki-commons/xwiki-commons-core/xwiki-commons-component/xwiki-commons-component-api/target/clover/src-instrumented/org/xwiki/component/descriptor/DefaultComponentDependency.java:[198,51] unchecked conversion
  required: java.lang.Class<T>
  found:    java.lang.Class
[[1;33mWARNING[m] /home/bdanglot/workspace/icst-2019/september-2018/dataset/xwiki-commons/xwiki-commons-core/xwiki-commons-component/xwiki-commons-component-api/target/clover/src-instrumented/org/xwiki/component/descriptor/DefaultComponentDependency.java:[203,17] setRole(java.lang.Class<T>) in org.xwiki.component.descriptor.DefaultComponentRole has been deprecated
[[1;33mWARNING[m] /home/bdanglot/workspace/icst-2019/september-2018/dataset/xwiki-commons/xwiki-commons-core/xwiki-commons-component/xwiki-commons-component-api/target/clover/src-instrumented/org/xwiki/component/descriptor/DefaultComponentDependency.java:[205,40] found raw type: java.lang.Class
  missing type arguments for generic class java.lang.Class<T>
[[1;33mWARNING[m] /home/bdanglot/workspace/icst-2019/september-2018/dataset/xwiki-commons/xwiki-commons-core/xwiki-commons-component/xwiki-commons-component-api/target/clover/src-instrumented/org/xwiki/component/descriptor/DefaultComponentDependency.java:[221,49] setRole(java.lang.Class<T>) in org.xwiki.component.descriptor.DefaultComponentRole has been deprecated
[[1;34mINFO[m] 
[[1;34mINFO[m] [1m--- [0;32mmaven-bundle-plugin:2.5.3:manifest[m [1m(bundle-manifest)[m @ [36mxwiki-commons-component-api[0;1m ---[m
[[1;34mINFO[m] 
[[1;34mINFO[m] [1m--- [0;32mmaven-resources-plugin:3.0.2:testResources[m [1m(default-testResources)[m @ [36mxwiki-commons-component-api[0;1m ---[m
[[1;34mINFO[m] Using 'UTF-8' encoding to copy filtered resources.
[[1;34mINFO[m] skip non existing resourceDirectory /home/bdanglot/workspace/icst-2019/september-2018/dataset/xwiki-commons/xwiki-commons-core/xwiki-commons-component/xwiki-commons-component-api/src/test/resources
[[1;34mINFO[m] Copying 2 resources
[[1;34mINFO[m] 
[[1;34mINFO[m] [1m--- [0;32mmaven-compiler-plugin:3.7.0:testCompile[m [1m(default-testCompile)[m @ [36mxwiki-commons-component-api[0;1m ---[m
[[1;34mINFO[m] Changes detected - recompiling the module!
[[1;34mINFO[m] Compiling 9 source files to /home/bdanglot/workspace/icst-2019/september-2018/dataset/xwiki-commons/xwiki-commons-core/xwiki-commons-component/xwiki-commons-component-api/target/test-classes
[[1;33mWARNING[m] /home/bdanglot/workspace/icst-2019/september-2018/dataset/xwiki-commons/xwiki-commons-core/xwiki-commons-component/xwiki-commons-component-api/target/clover/src-test-instrumented/org/xwiki/component/descriptor/DefaultComponentRoleTest.java:[44,43] found raw type: org.xwiki.component.descriptor.DefaultComponentRole
  missing type arguments for generic class org.xwiki.component.descriptor.DefaultComponentRole<T>
[[1;33mWARNING[m] /home/bdanglot/workspace/icst-2019/september-2018/dataset/xwiki-commons/xwiki-commons-core/xwiki-commons-component/xwiki-commons-component-api/target/clover/src-test-instrumented/org/xwiki/component/descriptor/DefaultComponentRoleTest.java:[44,74] found raw type: org.xwiki.component.descriptor.DefaultComponentRole
  missing type arguments for generic class org.xwiki.component.descriptor.DefaultComponentRole<T>
[[1;33mWARNING[m] /home/bdanglot/workspace/icst-2019/september-2018/dataset/xwiki-commons/xwiki-commons-core/xwiki-commons-component/xwiki-commons-component-api/target/clover/src-test-instrumented/org/xwiki/component/descriptor/DefaultComponentRoleTest.java:[50,43] found raw type: org.xwiki.component.descriptor.DefaultComponentRole
  missing type arguments for generic class org.xwiki.component.descriptor.DefaultComponentRole<T>
[[1;33mWARNING[m] /home/bdanglot/workspace/icst-2019/september-2018/dataset/xwiki-commons/xwiki-commons-core/xwiki-commons-component/xwiki-commons-component-api/target/clover/src-test-instrumented/org/xwiki/component/descriptor/DefaultComponentRoleTest.java:[50,74] found raw type: org.xwiki.component.descriptor.DefaultComponentRole
  missing type arguments for generic class org.xwiki.component.descriptor.DefaultComponentRole<T>
[[1;33mWARNING[m] /home/bdanglot/workspace/icst-2019/september-2018/dataset/xwiki-commons/xwiki-commons-core/xwiki-commons-component/xwiki-commons-component-api/target/clover/src-test-instrumented/org/xwiki/component/descriptor/DefaultComponentRoleTest.java:[56,43] found raw type: org.xwiki.component.descriptor.DefaultComponentRole
  missing type arguments for generic class org.xwiki.component.descriptor.DefaultComponentRole<T>
[[1;33mWARNING[m] /home/bdanglot/workspace/icst-2019/september-2018/dataset/xwiki-commons/xwiki-commons-core/xwiki-commons-component/xwiki-commons-component-api/target/clover/src-test-instrumented/org/xwiki/component/descriptor/DefaultComponentRoleTest.java:[56,74] found raw type: org.xwiki.component.descriptor.DefaultComponentRole
  missing type arguments for generic class org.xwiki.component.descriptor.DefaultComponentRole<T>
[[1;33mWARNING[m] /home/bdanglot/workspace/icst-2019/september-2018/dataset/xwiki-commons/xwiki-commons-core/xwiki-commons-component/xwiki-commons-component-api/target/clover/src-test-instrumented/org/xwiki/component/descriptor/DefaultComponentRoleTest.java:[62,43] found raw type: org.xwiki.component.descriptor.DefaultComponentRole
  missing type arguments for generic class org.xwiki.component.descriptor.DefaultComponentRole<T>
[[1;33mWARNING[m] /home/bdanglot/workspace/icst-2019/september-2018/dataset/xwiki-commons/xwiki-commons-core/xwiki-commons-component/xwiki-commons-component-api/target/clover/src-test-instrumented/org/xwiki/component/descriptor/DefaultComponentRoleTest.java:[62,74] found raw type: org.xwiki.component.descriptor.DefaultComponentRole
  missing type arguments for generic class org.xwiki.component.descriptor.DefaultComponentRole<T>
[[1;33mWARNING[m] /home/bdanglot/workspace/icst-2019/september-2018/dataset/xwiki-commons/xwiki-commons-core/xwiki-commons-component/xwiki-commons-component-api/target/clover/src-test-instrumented/org/xwiki/component/descriptor/DefaultComponentDescriptorTest.java:[52,43] found raw type: org.xwiki.component.descriptor.DefaultComponentDescriptor
  missing type arguments for generic class org.xwiki.component.descriptor.DefaultComponentDescriptor<T>
[[1;33mWARNING[m] /home/bdanglot/workspace/icst-2019/september-2018/dataset/xwiki-commons/xwiki-commons-core/xwiki-commons-component/xwiki-commons-component-api/target/clover/src-test-instrumented/org/xwiki/component/descriptor/DefaultComponentDescriptorTest.java:[52,80] found raw type: org.xwiki.component.descriptor.DefaultComponentDescriptor
  missing type arguments for generic class org.xwiki.component.descriptor.DefaultComponentDescriptor<T>
[[1;33mWARNING[m] /home/bdanglot/workspace/icst-2019/september-2018/dataset/xwiki-commons/xwiki-commons-core/xwiki-commons-component/xwiki-commons-component-api/target/clover/src-test-instrumented/org/xwiki/component/descriptor/DefaultComponentDescriptorTest.java:[53,64] unchecked call to setImplementation(java.lang.Class<? extends T>) as a member of the raw type org.xwiki.component.descriptor.DefaultComponentDescriptor
[[1;33mWARNING[m] /home/bdanglot/workspace/icst-2019/september-2018/dataset/xwiki-commons/xwiki-commons-core/xwiki-commons-component/xwiki-commons-component-api/target/clover/src-test-instrumented/org/xwiki/component/descriptor/DefaultComponentDescriptorTest.java:[59,43] found raw type: org.xwiki.component.descriptor.DefaultComponentDescriptor
  missing type arguments for generic class org.xwiki.component.descriptor.DefaultComponentDescriptor<T>
[[1;33mWARNING[m] /home/bdanglot/workspace/icst-2019/september-2018/dataset/xwiki-commons/xwiki-commons-core/xwiki-commons-component/xwiki-commons-component-api/target/clover/src-test-instrumented/org/xwiki/component/descriptor/DefaultComponentDescriptorTest.java:[59,80] found raw type: org.xwiki.component.descriptor.DefaultComponentDescriptor
  missing type arguments for generic class org.xwiki.component.descriptor.DefaultComponentDescriptor<T>
[[1;33mWARNING[m] /home/bdanglot/workspace/icst-2019/september-2018/dataset/xwiki-commons/xwiki-commons-core/xwiki-commons-component/xwiki-commons-component-api/target/clover/src-test-instrumented/org/xwiki/component/descriptor/DefaultComponentDescriptorTest.java:[60,64] unchecked call to setImplementation(java.lang.Class<? extends T>) as a member of the raw type org.xwiki.component.descriptor.DefaultComponentDescriptor
[[1;33mWARNING[m] /home/bdanglot/workspace/icst-2019/september-2018/dataset/xwiki-commons/xwiki-commons-core/xwiki-commons-component/xwiki-commons-component-api/target/clover/src-test-instrumented/org/xwiki/component/descriptor/DefaultComponentDescriptorTest.java:[66,43] found raw type: org.xwiki.component.descriptor.DefaultComponentDescriptor
  missing type arguments for generic class org.xwiki.component.descriptor.DefaultComponentDescriptor<T>
[[1;33mWARNING[m] /home/bdanglot/workspace/icst-2019/september-2018/dataset/xwiki-commons/xwiki-commons-core/xwiki-commons-component/xwiki-commons-component-api/target/clover/src-test-instrumented/org/xwiki/component/descriptor/DefaultComponentDescriptorTest.java:[66,80] found raw type: org.xwiki.component.descriptor.DefaultComponentDescriptor
  missing type arguments for generic class org.xwiki.component.descriptor.DefaultComponentDescriptor<T>
[[1;33mWARNING[m] /home/bdanglot/workspace/icst-2019/september-2018/dataset/xwiki-commons/xwiki-commons-core/xwiki-commons-component/xwiki-commons-component-api/target/clover/src-test-instrumented/org/xwiki/component/descriptor/DefaultComponentDescriptorTest.java:[67,64] unchecked call to setImplementation(java.lang.Class<? extends T>) as a member of the raw type org.xwiki.component.descriptor.DefaultComponentDescriptor
[[1;33mWARNING[m] /home/bdanglot/workspace/icst-2019/september-2018/dataset/xwiki-commons/xwiki-commons-core/xwiki-commons-component/xwiki-commons-component-api/target/clover/src-test-instrumented/org/xwiki/component/descriptor/DefaultComponentDescriptorTest.java:[73,43] found raw type: org.xwiki.component.descriptor.DefaultComponentDescriptor
  missing type arguments for generic class org.xwiki.component.descriptor.DefaultComponentDescriptor<T>
[[1;33mWARNING[m] /home/bdanglot/workspace/icst-2019/september-2018/dataset/xwiki-commons/xwiki-commons-core/xwiki-commons-component/xwiki-commons-component-api/target/clover/src-test-instrumented/org/xwiki/component/descriptor/DefaultComponentDescriptorTest.java:[73,80] found raw type: org.xwiki.component.descriptor.DefaultComponentDescriptor
  missing type arguments for generic class org.xwiki.component.descriptor.DefaultComponentDescriptor<T>
[[1;33mWARNING[m] /home/bdanglot/workspace/icst-2019/september-2018/dataset/xwiki-commons/xwiki-commons-core/xwiki-commons-component/xwiki-commons-component-api/target/clover/src-test-instrumented/org/xwiki/component/descriptor/DefaultComponentDescriptorTest.java:[74,64] unchecked call to setImplementation(java.lang.Class<? extends T>) as a member of the raw type org.xwiki.component.descriptor.DefaultComponentDescriptor
[[1;33mWARNING[m] /home/bdanglot/workspace/icst-2019/september-2018/dataset/xwiki-commons/xwiki-commons-core/xwiki-commons-component/xwiki-commons-component-api/target/clover/src-test-instrumented/org/xwiki/component/descriptor/DefaultComponentDescriptorTest.java:[80,43] found raw type: org.xwiki.component.descriptor.DefaultComponentDescriptor
  missing type arguments for generic class org.xwiki.component.descriptor.DefaultComponentDescriptor<T>
[[1;33mWARNING[m] /home/bdanglot/workspace/icst-2019/september-2018/dataset/xwiki-commons/xwiki-commons-core/xwiki-commons-component/xwiki-commons-component-api/target/clover/src-test-instrumented/org/xwiki/component/descriptor/DefaultComponentDescriptorTest.java:[80,80] found raw type: org.xwiki.component.descriptor.DefaultComponentDescriptor
  missing type arguments for generic class org.xwiki.component.descriptor.DefaultComponentDescriptor<T>
[[1;33mWARNING[m] /home/bdanglot/workspace/icst-2019/september-2018/dataset/xwiki-commons/xwiki-commons-core/xwiki-commons-component/xwiki-commons-component-api/target/clover/src-test-instrumented/org/xwiki/component/descriptor/DefaultComponentDescriptorTest.java:[81,64] unchecked call to setImplementation(java.lang.Class<? extends T>) as a member of the raw type org.xwiki.component.descriptor.DefaultComponentDescriptor
[[1;33mWARNING[m] /home/bdanglot/workspace/icst-2019/september-2018/dataset/xwiki-commons/xwiki-commons-core/xwiki-commons-component/xwiki-commons-component-api/target/clover/src-test-instrumented/org/xwiki/component/descriptor/DefaultComponentDescriptorTest.java:[88,43] found raw type: org.xwiki.component.descriptor.DefaultComponentDescriptor
  missing type arguments for generic class org.xwiki.component.descriptor.DefaultComponentDescriptor<T>
[[1;33mWARNING[m] /home/bdanglot/workspace/icst-2019/september-2018/dataset/xwiki-commons/xwiki-commons-core/xwiki-commons-component/xwiki-commons-component-api/target/clover/src-test-instrumented/org/xwiki/component/descriptor/DefaultComponentDescriptorTest.java:[88,80] found raw type: org.xwiki.component.descriptor.DefaultComponentDescriptor
  missing type arguments for generic class org.xwiki.component.descriptor.DefaultComponentDescriptor<T>
[[1;33mWARNING[m] /home/bdanglot/workspace/icst-2019/september-2018/dataset/xwiki-commons/xwiki-commons-core/xwiki-commons-component/xwiki-commons-component-api/target/clover/src-test-instrumented/org/xwiki/component/descriptor/DefaultComponentDescriptorTest.java:[89,64] unchecked call to setImplementation(java.lang.Class<? extends T>) as a member of the raw type org.xwiki.component.descriptor.DefaultComponentDescriptor
[[1;33mWARNING[m] /home/bdanglot/workspace/icst-2019/september-2018/dataset/xwiki-commons/xwiki-commons-core/xwiki-commons-component/xwiki-commons-component-api/target/clover/src-test-instrumented/org/xwiki/component/descriptor/DefaultComponentDescriptorTest.java:[92,43] found raw type: org.xwiki.component.descriptor.DefaultComponentDependency
  missing type arguments for generic class org.xwiki.component.descriptor.DefaultComponentDependency<T>
[[1;33mWARNING[m] /home/bdanglot/workspace/icst-2019/september-2018/dataset/xwiki-commons/xwiki-commons-core/xwiki-commons-component/xwiki-commons-component-api/target/clover/src-test-instrumented/org/xwiki/component/descriptor/DefaultComponentDescriptorTest.java:[92,80] found raw type: org.xwiki.component.descriptor.DefaultComponentDependency
  missing type arguments for generic class org.xwiki.component.descriptor.DefaultComponentDependency<T>
[[1;33mWARNING[m] /home/bdanglot/workspace/icst-2019/september-2018/dataset/xwiki-commons/xwiki-commons-core/xwiki-commons-component/xwiki-commons-component-api/target/clover/src-test-instrumented/org/xwiki/component/descriptor/DefaultComponentDescriptorTest.java:[94,61] unchecked call to setMappingType(java.lang.Class<?>) as a member of the raw type org.xwiki.component.descriptor.DefaultComponentDependency
[[1;33mWARNING[m] /home/bdanglot/workspace/icst-2019/september-2018/dataset/xwiki-commons/xwiki-commons-core/xwiki-commons-component/xwiki-commons-component-api/target/clover/src-test-instrumented/org/xwiki/component/descriptor/DefaultComponentDescriptorTest.java:[94,46] setMappingType(java.lang.Class<?>) in org.xwiki.component.descriptor.DefaultComponentDependency has been deprecated
[[1;33mWARNING[m] /home/bdanglot/workspace/icst-2019/september-2018/dataset/xwiki-commons/xwiki-commons-core/xwiki-commons-component/xwiki-commons-component-api/target/clover/src-test-instrumented/org/xwiki/component/descriptor/DefaultComponentDescriptorTest.java:[95,69] unchecked call to addComponentDependency(org.xwiki.component.descriptor.ComponentDependency<?>) as a member of the raw type org.xwiki.component.descriptor.DefaultComponentDescriptor
[[1;33mWARNING[m] /home/bdanglot/workspace/icst-2019/september-2018/dataset/xwiki-commons/xwiki-commons-core/xwiki-commons-component/xwiki-commons-component-api/target/clover/src-test-instrumented/org/xwiki/component/descriptor/DefaultComponentDescriptorTest.java:[99,43] found raw type: org.xwiki.component.descriptor.DefaultComponentDescriptor
  missing type arguments for generic class org.xwiki.component.descriptor.DefaultComponentDescriptor<T>
[[1;33mWARNING[m] /home/bdanglot/workspace/icst-2019/september-2018/dataset/xwiki-commons/xwiki-commons-core/xwiki-commons-component/xwiki-commons-component-api/target/clover/src-test-instrumented/org/xwiki/component/descriptor/DefaultComponentDescriptorTest.java:[99,80] found raw type: org.xwiki.component.descriptor.DefaultComponentDescriptor
  missing type arguments for generic class org.xwiki.component.descriptor.DefaultComponentDescriptor<T>
[[1;33mWARNING[m] /home/bdanglot/workspace/icst-2019/september-2018/dataset/xwiki-commons/xwiki-commons-core/xwiki-commons-component/xwiki-commons-component-api/target/clover/src-test-instrumented/org/xwiki/component/descriptor/DefaultComponentDescriptorTest.java:[100,64] unchecked call to setImplementation(java.lang.Class<? extends T>) as a member of the raw type org.xwiki.component.descriptor.DefaultComponentDescriptor
[[1;33mWARNING[m] /home/bdanglot/workspace/icst-2019/september-2018/dataset/xwiki-commons/xwiki-commons-core/xwiki-commons-component/xwiki-commons-component-api/target/clover/src-test-instrumented/org/xwiki/component/descriptor/DefaultComponentDescriptorTest.java:[103,43] found raw type: org.xwiki.component.descriptor.DefaultComponentDependency
  missing type arguments for generic class org.xwiki.component.descriptor.DefaultComponentDependency<T>
[[1;33mWARNING[m] /home/bdanglot/workspace/icst-2019/september-2018/dataset/xwiki-commons/xwiki-commons-core/xwiki-commons-component/xwiki-commons-component-api/target/clover/src-test-instrumented/org/xwiki/component/descriptor/DefaultComponentDescriptorTest.java:[103,81] found raw type: org.xwiki.component.descriptor.DefaultComponentDependency
  missing type arguments for generic class org.xwiki.component.descriptor.DefaultComponentDependency<T>
[[1;33mWARNING[m] /home/bdanglot/workspace/icst-2019/september-2018/dataset/xwiki-commons/xwiki-commons-core/xwiki-commons-component/xwiki-commons-component-api/target/clover/src-test-instrumented/org/xwiki/component/descriptor/DefaultComponentDescriptorTest.java:[105,62] unchecked call to setMappingType(java.lang.Class<?>) as a member of the raw type org.xwiki.component.descriptor.DefaultComponentDependency
[[1;33mWARNING[m] /home/bdanglot/workspace/icst-2019/september-2018/dataset/xwiki-commons/xwiki-commons-core/xwiki-commons-component/xwiki-commons-component-api/target/clover/src-test-instrumented/org/xwiki/component/descriptor/DefaultComponentDescriptorTest.java:[105,47] setMappingType(java.lang.Class<?>) in org.xwiki.component.descriptor.DefaultComponentDependency has been deprecated
[[1;33mWARNING[m] /home/bdanglot/workspace/icst-2019/september-2018/dataset/xwiki-commons/xwiki-commons-core/xwiki-commons-component/xwiki-commons-component-api/target/clover/src-test-instrumented/org/xwiki/component/descriptor/DefaultComponentDescriptorTest.java:[106,69] unchecked call to addComponentDependency(org.xwiki.component.descriptor.ComponentDependency<?>) as a member of the raw type org.xwiki.component.descriptor.DefaultComponentDescriptor
[[1;33mWARNING[m] /home/bdanglot/workspace/icst-2019/september-2018/dataset/xwiki-commons/xwiki-commons-core/xwiki-commons-component/xwiki-commons-component-api/target/clover/src-test-instrumented/org/xwiki/component/descriptor/DefaultComponentDescriptorTest.java:[110,43] found raw type: org.xwiki.component.descriptor.DefaultComponentDescriptor
  missing type arguments for generic class org.xwiki.component.descriptor.DefaultComponentDescriptor<T>
[[1;33mWARNING[m] /home/bdanglot/workspace/icst-2019/september-2018/dataset/xwiki-commons/xwiki-commons-core/xwiki-commons-component/xwiki-commons-component-api/target/clover/src-test-instrumented/org/xwiki/component/descriptor/DefaultComponentDescriptorTest.java:[110,80] found raw type: org.xwiki.component.descriptor.DefaultComponentDescriptor
  missing type arguments for generic class org.xwiki.component.descriptor.DefaultComponentDescriptor<T>
[[1;33mWARNING[m] /home/bdanglot/workspace/icst-2019/september-2018/dataset/xwiki-commons/xwiki-commons-core/xwiki-commons-component/xwiki-commons-component-api/target/clover/src-test-instrumented/org/xwiki/component/descriptor/DefaultComponentDescriptorTest.java:[111,64] unchecked call to setImplementation(java.lang.Class<? extends T>) as a member of the raw type org.xwiki.component.descriptor.DefaultComponentDescriptor
[[1;33mWARNING[m] /home/bdanglot/workspace/icst-2019/september-2018/dataset/xwiki-commons/xwiki-commons-core/xwiki-commons-component/xwiki-commons-component-api/target/clover/src-test-instrumented/org/xwiki/component/descriptor/DefaultComponentDescriptorTest.java:[114,43] found raw type: org.xwiki.component.descriptor.DefaultComponentDependency
  missing type arguments for generic class org.xwiki.component.descriptor.DefaultComponentDependency<T>
[[1;33mWARNING[m] /home/bdanglot/workspace/icst-2019/september-2018/dataset/xwiki-commons/xwiki-commons-core/xwiki-commons-component/xwiki-commons-component-api/target/clover/src-test-instrumented/org/xwiki/component/descriptor/DefaultComponentDescriptorTest.java:[114,81] found raw type: org.xwiki.component.descriptor.DefaultComponentDependency
  missing type arguments for generic class org.xwiki.component.descriptor.DefaultComponentDependency<T>
[[1;33mWARNING[m] /home/bdanglot/workspace/icst-2019/september-2018/dataset/xwiki-commons/xwiki-commons-core/xwiki-commons-component/xwiki-commons-component-api/target/clover/src-test-instrumented/org/xwiki/component/descriptor/DefaultComponentDescriptorTest.java:[116,62] unchecked call to setMappingType(java.lang.Class<?>) as a member of the raw type org.xwiki.component.descriptor.DefaultComponentDependency
[[1;33mWARNING[m] /home/bdanglot/workspace/icst-2019/september-2018/dataset/xwiki-commons/xwiki-commons-core/xwiki-commons-component/xwiki-commons-component-api/target/clover/src-test-instrumented/org/xwiki/component/descriptor/DefaultComponentDescriptorTest.java:[116,47] setMappingType(java.lang.Class<?>) in org.xwiki.component.descriptor.DefaultComponentDependency has been deprecated
[[1;33mWARNING[m] /home/bdanglot/workspace/icst-2019/september-2018/dataset/xwiki-commons/xwiki-commons-core/xwiki-commons-component/xwiki-commons-component-api/target/clover/src-test-instrumented/org/xwiki/component/descriptor/DefaultComponentDescriptorTest.java:[117,69] unchecked call to addComponentDependency(org.xwiki.component.descriptor.ComponentDependency<?>) as a member of the raw type org.xwiki.component.descriptor.DefaultComponentDescriptor
[[1;33mWARNING[m] /home/bdanglot/workspace/icst-2019/september-2018/dataset/xwiki-commons/xwiki-commons-core/xwiki-commons-component/xwiki-commons-component-api/target/clover/src-test-instrumented/org/xwiki/component/descriptor/DefaultComponentDescriptorTest.java:[118,69] unchecked call to addComponentDependency(org.xwiki.component.descriptor.ComponentDependency<?>) as a member of the raw type org.xwiki.component.descriptor.DefaultComponentDescriptor
[[1;34mINFO[m] 
[[1;34mINFO[m] [1m--- [0;32mmaven-surefire-plugin:2.19.1:test[m [1m(default-test)[m @ [36mxwiki-commons-component-api[0;1m ---[m

-------------------------------------------------------
 T E S T S
-------------------------------------------------------
Running org.xwiki.component.descriptor.DefaultComponentDescriptorTest
Tests run: 1, Failures: 0, Errors: 0, Skipped: 0, Time elapsed: 0.086 sec - in org.xwiki.component.descriptor.DefaultComponentDescriptorTest
Running org.xwiki.component.descriptor.DefaultComponentRoleTest
Tests run: 1, Failures: 0, Errors: 0, Skipped: 0, Time elapsed: 0 sec - in org.xwiki.component.descriptor.DefaultComponentRoleTest
Running org.xwiki.component.internal.namespace.DefaultNamespaceValidatorTest
Tests run: 3, Failures: 0, Errors: 0, Skipped: 0, Time elapsed: 0.01 sec - in org.xwiki.component.internal.namespace.DefaultNamespaceValidatorTest
Running org.xwiki.component.internal.namespace.NamespaceUtilsTest
Tests run: 2, Failures: 0, Errors: 0, Skipped: 0, Time elapsed: 0.006 sec - in org.xwiki.component.internal.namespace.NamespaceUtilsTest
Running org.xwiki.component.util.ReflectionMethodUtilsTest
Tests run: 1, Failures: 0, Errors: 0, Skipped: 0, Time elapsed: 0.011 sec - in org.xwiki.component.util.ReflectionMethodUtilsTest
Running org.xwiki.component.util.ReflectionUtilsTest
Tests run: 12, Failures: 0, Errors: 0, Skipped: 0, Time elapsed: 0.066 sec - in org.xwiki.component.util.ReflectionUtilsTest

Results :

Tests run: 20, Failures: 0, Errors: 0, Skipped: 0

[[1;34mINFO[m] [1m------------------------------------------------------------------------[m
[[1;34mINFO[m] [1;32mBUILD SUCCESS[m
[[1;34mINFO[m] [1m------------------------------------------------------------------------[m
[[1;34mINFO[m] Total time: 9.875 s
[[1;34mINFO[m] Finished at: 2018-10-01T22:38:25+02:00
[[1;34mINFO[m] [1m------------------------------------------------------------------------[m
Writing HTML report to '/home/bdanglot/workspace/icst-2019/september-2018/dataset/xwiki-commons/xwiki-commons-core/xwiki-commons-component/xwiki-commons-component-api/target/clover/report'
Done. Processed 9 packages in 1400ms (155ms per package).
[[1;34mINFO[m] /home/bdanglot/workspace/icst-2019/september-2018/dataset/xwiki-commons/xwiki-commons-core/xwiki-commons-component/xwiki-commons-component-api/src/main/java/org/xwiki/component/namespace/NamespaceUtils.java
[[1;34mINFO[m] /home/bdanglot/workspace/icst-2019/september-2018/dataset/xwiki-commons_parent/xwiki-commons-core/xwiki-commons-component/xwiki-commons-component-api/src/main/java/org/xwiki/component/namespace/NamespaceUtils.java
[info] org.xwiki.component.namespace.NamespaceUtils:33 is modified.
[info] org.xwiki.component.namespace.NamespaceUtils:36 is modified.
[info] org.xwiki.component.namespace.NamespaceUtils:37 is modified.
[info] org.xwiki.component.namespace.NamespaceUtils:38 is modified.
[info] org.xwiki.component.namespace.NamespaceUtils:73 is modified.
[info] org.xwiki.component.namespace.NamespaceUtils:73 is modified.
[info] org.xwiki.component.namespace.NamespaceUtils:74 is modified.
[info] org.xwiki.component.namespace.NamespaceUtils:73 covered.
[info] org.xwiki.component.namespace.NamespaceUtils:36 covered.
[info] org.xwiki.component.namespace.NamespaceUtils:37 covered.
[info] org.xwiki.component.namespace.NamespaceUtils:38 covered.
[info] org.xwiki.component.namespace.NamespaceUtils:74 covered.
[[1;34mINFO[m] /home/bdanglot/workspace/icst-2019/september-2018/dataset/xwiki-commons/xwiki-commons-core/xwiki-commons-component/xwiki-commons-component-api/src/test/java/org/xwiki/component/internal/namespace/NamespaceUtilsTest.java
[[1;34mINFO[m] /home/bdanglot/workspace/icst-2019/september-2018/dataset/xwiki-commons_parent/xwiki-commons-core/xwiki-commons-component/xwiki-commons-component-api/src/test/java/org/xwiki/component/internal/namespace/NamespaceUtilsTest.java
[info] org.xwiki.component.internal.namespace.NamespaceUtilsTest:54 is modified.
[info] org.xwiki.component.internal.namespace.NamespaceUtilsTest:54 is modified.
[info] org.xwiki.component.internal.namespace.NamespaceUtilsTest:54 covered.
[[1;34mINFO[m] Saving result in /home/bdanglot/workspace/icst-2019/september-2018/result/xwiki-commons/commit_7_78ff099/commit_coverage_testsThatExecuteTheChanges.csv ...
[[1;34mINFO[m] org.xwiki.component.internal.namespace.NamespaceUtilsTest;getPrefix;toNamespace
[[1;34mINFO[m] Writing Coverage in /home/bdanglot/workspace/icst-2019/september-2018/result/xwiki-commons/commit_7_78ff099/commit_coverage_testsThatExecuteTheChanges_coverage.csv
[[1;34mINFO[m] org.xwiki.component.namespace.NamespaceUtils;5;6

[[1;34mINFO[m] org.xwiki.component.internal.namespace.NamespaceUtilsTest;1;1

[[1;34mINFO[m] total;6;7

[[1;34mINFO[m] [1m------------------------------------------------------------------------[m
[[1;34mINFO[m] [1;32mBUILD SUCCESS[m
[[1;34mINFO[m] [1m------------------------------------------------------------------------[m
[[1;34mINFO[m] Total time: 15.318 s
[[1;34mINFO[m] Finished at: 2018-10-01T22:38:28+02:00
[[1;34mINFO[m] [1m------------------------------------------------------------------------[m
