[[1;34mINFO[m] Scanning for projects...
[[1;33mWARNING[m] 
[[1;33mWARNING[m] Some problems were encountered while building the effective model for org.xwiki.commons:xwiki-commons-job:jar:9.0-SNAPSHOT
[[1;33mWARNING[m] Reporting configuration should be done in <reporting> section, not in maven-site-plugin <configuration> as reportPlugins parameter.
[[1;33mWARNING[m] 
[[1;33mWARNING[m] It is highly recommended to fix these problems because they threaten the stability of your build.
[[1;33mWARNING[m] 
[[1;33mWARNING[m] For this reason, future Maven versions might no longer support building such malformed projects.
[[1;33mWARNING[m] 
[[1;34mINFO[m] 
[[1;34mINFO[m] [1m----------------< [0;36morg.xwiki.commons:xwiki-commons-job[0;1m >-----------------[m
[[1;34mINFO[m] [1mBuilding XWiki Commons - Job 9.0-SNAPSHOT[m
[[1;34mINFO[m] [1m--------------------------------[ jar ]---------------------------------[m
[[1;34mINFO[m] 
[[1;34mINFO[m] [1m--- [0;32mmaven-clean-plugin:3.0.0:clean[m [1m(default-clean)[m @ [36mxwiki-commons-job[0;1m ---[m
[[1;34mINFO[m] Deleting /home/bdanglot/workspace/icst-2019/september-2018/dataset/xwiki-commons_parent/xwiki-commons-core/xwiki-commons-job/target
[[1;34mINFO[m] 
[[1;34mINFO[m] [1m--- [0;32mdiff-test-selection:0.5-SNAPSHOT:list[m [1m(default-cli)[m @ [36mxwiki-commons-job[0;1m ---[m
[[1;34mINFO[m] Computing coverage for /home/bdanglot/workspace/icst-2019/september-2018/dataset/xwiki-commons_parent/xwiki-commons-core/xwiki-commons-job
[WARN] Maven will be executed in interactive mode, but no input stream has been configured for this MavenInvoker instance.
[[1;34mINFO[m] Scanning for projects...
[[1;33mWARNING[m] 
[[1;33mWARNING[m] Some problems were encountered while building the effective model for org.xwiki.commons:xwiki-commons-job:jar:9.0-SNAPSHOT
[[1;33mWARNING[m] Reporting configuration should be done in <reporting> section, not in maven-site-plugin <configuration> as reportPlugins parameter.
[[1;33mWARNING[m] 
[[1;33mWARNING[m] It is highly recommended to fix these problems because they threaten the stability of your build.
[[1;33mWARNING[m] 
[[1;33mWARNING[m] For this reason, future Maven versions might no longer support building such malformed projects.
[[1;33mWARNING[m] 
[[1;34mINFO[m] 
[[1;34mINFO[m] [1m----------------< [0;36morg.xwiki.commons:xwiki-commons-job[0;1m >-----------------[m
[[1;34mINFO[m] [1mBuilding XWiki Commons - Job 9.0-SNAPSHOT[m
[[1;34mINFO[m] [1m--------------------------------[ jar ]---------------------------------[m
[[1;34mINFO[m] 
[[1;34mINFO[m] [1m--- [0;32mmaven-clean-plugin:3.0.0:clean[m [1m(default-clean)[m @ [36mxwiki-commons-job[0;1m ---[m
[[1;34mINFO[m] 
[[1;34mINFO[m] [1m--- [0;32mclover-maven-plugin:4.2.0:setup[m [1m(default-cli)[m @ [36mxwiki-commons-job[0;1m ---[m
[[1;34mINFO[m] No 'maven.clover.licenseLocation' configured. Using default license.
[[1;34mINFO[m] OpenClover Version 4.2.0, built on April 30 2017 (build-1000)
[[1;34mINFO[m] Loaded from: /home/bdanglot/.m2/repository/org/openclover/clover/4.2.0/clover-4.2.0.jar
[[1;34mINFO[m] Clover free edition.
[[1;34mINFO[m] Creating new database at '/home/bdanglot/workspace/icst-2019/september-2018/dataset/xwiki-commons_parent/xwiki-commons-core/xwiki-commons-job/target/clover/clover.db'.
[[1;34mINFO[m] Processing files at 1.8 source level.
[[1;34mINFO[m] Clover all over. Instrumented 65 files (8 packages).
[[1;34mINFO[m] Elapsed time = 0.85 secs. (76.471 files/sec, 8,301.176 srclines/sec)
[[1;34mINFO[m] OpenClover Version 4.2.0, built on April 30 2017 (build-1000)
[[1;34mINFO[m] Loaded from: /home/bdanglot/.m2/repository/org/openclover/clover/4.2.0/clover-4.2.0.jar
[[1;34mINFO[m] Clover free edition.
[[1;34mINFO[m] Updating existing database at '/home/bdanglot/workspace/icst-2019/september-2018/dataset/xwiki-commons_parent/xwiki-commons-core/xwiki-commons-job/target/clover/clover.db'.
[[1;34mINFO[m] Processing files at 1.8 source level.
[[1;34mINFO[m] Clover all over. Instrumented 15 files (3 packages).
[[1;34mINFO[m] 54 test methods detected.
[[1;34mINFO[m] Elapsed time = 0.189 secs. (79.365 files/sec, 10,925.926 srclines/sec)
[[1;34mINFO[m] 
[[1;34mINFO[m] [1m--- [0;32mmaven-enforcer-plugin:1.3.1:enforce[m [1m(enforce-plugins)[m @ [36mxwiki-commons-job[0;1m ---[m
[[1;34mINFO[m] Skipping Rule Enforcement.
[[1;34mINFO[m] 
[[1;34mINFO[m] [1m--- [0;32mmaven-enforcer-plugin:1.3.1:enforce[m [1m(enforce-jcl-log4j-isolation)[m @ [36mxwiki-commons-job[0;1m ---[m
[[1;34mINFO[m] Skipping Rule Enforcement.
[[1;34mINFO[m] 
[[1;34mINFO[m] [1m--- [0;32mmaven-enforcer-plugin:1.3.1:enforce[m [1m(enforce-commons-lang3)[m @ [36mxwiki-commons-job[0;1m ---[m
[[1;34mINFO[m] Skipping Rule Enforcement.
[[1;34mINFO[m] 
[[1;34mINFO[m] [1m--- [0;32mmaven-enforcer-plugin:1.3.1:enforce[m [1m(enforce-upper-bounds)[m @ [36mxwiki-commons-job[0;1m ---[m
[[1;34mINFO[m] Skipping Rule Enforcement.
[[1;34mINFO[m] 
[[1;34mINFO[m] [1m--- [0;32mmaven-enforcer-plugin:1.3.1:enforce[m [1m(enforce-no-legacy-dependencies)[m @ [36mxwiki-commons-job[0;1m ---[m
[[1;34mINFO[m] 
[[1;34mINFO[m] [1m--- [0;32mmaven-enforcer-plugin:1.3.1:enforce[m [1m(enforce-valid-poms)[m @ [36mxwiki-commons-job[0;1m ---[m
[[1;34mINFO[m] Skipping Rule Enforcement.
[[1;34mINFO[m] 
[[1;34mINFO[m] [1m--- [0;32mmaven-enforcer-plugin:1.3.1:enforce[m [1m(enforce-platform-rendering-isolation)[m @ [36mxwiki-commons-job[0;1m ---[m
[[1;34mINFO[m] Skipping Rule Enforcement.
[[1;34mINFO[m] 
[[1;34mINFO[m] [1m--- [0;32mmaven-enforcer-plugin:1.3.1:enforce[m [1m(check-dependency-version)[m @ [36mxwiki-commons-job[0;1m ---[m
[[1;34mINFO[m] Skipping Rule Enforcement.
[[1;34mINFO[m] 
[[1;34mINFO[m] [1m--- [0;32mmaven-remote-resources-plugin:1.5:process[m [1m(xwiki-license-resources)[m @ [36mxwiki-commons-job[0;1m ---[m
[[1;34mINFO[m] 
[[1;34mINFO[m] [1m--- [0;32mmaven-resources-plugin:3.0.1:resources[m [1m(default-resources)[m @ [36mxwiki-commons-job[0;1m ---[m
[[1;34mINFO[m] Using 'UTF-8' encoding to copy filtered resources.
[[1;34mINFO[m] Copying 6 resources
[[1;34mINFO[m] Copying 1 resource
[[1;34mINFO[m] Copying 2 resources
[[1;34mINFO[m] 
[[1;34mINFO[m] [1m--- [0;32mmaven-compiler-plugin:3.6.0:compile[m [1m(default-compile)[m @ [36mxwiki-commons-job[0;1m ---[m
[[1;34mINFO[m] Changes detected - recompiling the module!
[[1;34mINFO[m] Compiling 65 source files to /home/bdanglot/workspace/icst-2019/september-2018/dataset/xwiki-commons_parent/xwiki-commons-core/xwiki-commons-job/target/classes
[[1;33mWARNING[m] /home/bdanglot/workspace/icst-2019/september-2018/dataset/xwiki-commons_parent/xwiki-commons-core/xwiki-commons-job/target/clover/src-instrumented/org/xwiki/job/internal/DefaultJobProgress.java:[32,34] org.xwiki.job.event.status.StepProgressEvent in org.xwiki.job.event.status has been deprecated
[[1;33mWARNING[m] /home/bdanglot/workspace/icst-2019/september-2018/dataset/xwiki-commons_parent/xwiki-commons-core/xwiki-commons-job/target/clover/src-instrumented/org/xwiki/job/internal/DefaultJobManager.java:[44,21] org.xwiki.job.JobManager in org.xwiki.job has been deprecated
[[1;33mWARNING[m] /home/bdanglot/workspace/icst-2019/september-2018/dataset/xwiki-commons_parent/xwiki-commons-core/xwiki-commons-job/target/clover/src-instrumented/org/xwiki/job/internal/DefaultJobProgressManager.java:[33,34] org.xwiki.job.event.status.StepProgressEvent in org.xwiki.job.event.status has been deprecated
[[1;33mWARNING[m] /home/bdanglot/workspace/icst-2019/september-2018/dataset/xwiki-commons_parent/xwiki-commons-core/xwiki-commons-job/target/clover/src-instrumented/org/xwiki/job/internal/xstream/SafeThrowableConverter.java:[53,37] found raw type: java.lang.Class
  missing type arguments for generic class java.lang.Class<T>
[[1;33mWARNING[m] /home/bdanglot/workspace/icst-2019/september-2018/dataset/xwiki-commons_parent/xwiki-commons-core/xwiki-commons-job/target/clover/src-instrumented/org/xwiki/job/internal/xstream/SafeWriter.java:[52,40] found raw type: java.lang.Class
  missing type arguments for generic class java.lang.Class<T>
[[1;33mWARNING[m] /home/bdanglot/workspace/icst-2019/september-2018/dataset/xwiki-commons_parent/xwiki-commons-core/xwiki-commons-job/target/clover/src-instrumented/org/xwiki/job/internal/DefaultJobProgress.java:[52,41] org.xwiki.job.event.status.StepProgressEvent in org.xwiki.job.event.status has been deprecated
[[1;33mWARNING[m] /home/bdanglot/workspace/icst-2019/september-2018/dataset/xwiki-commons_parent/xwiki-commons-core/xwiki-commons-job/target/clover/src-instrumented/org/xwiki/job/internal/DefaultJobProgress.java:[106,76] org.xwiki.job.event.status.StepProgressEvent in org.xwiki.job.event.status has been deprecated
[[1;33mWARNING[m] /home/bdanglot/workspace/icst-2019/september-2018/dataset/xwiki-commons_parent/xwiki-commons-core/xwiki-commons-job/target/clover/src-instrumented/org/xwiki/job/internal/DefaultJobProgressStep.java:[104,41] getChildren() in org.xwiki.job.internal.DefaultJobProgressStep implements <S>getChildren() in org.xwiki.job.event.status.JobProgressStep
  return type requires unchecked conversion from java.util.List<org.xwiki.job.internal.DefaultJobProgressStep> to java.util.List<S>
[[1;33mWARNING[m] /home/bdanglot/workspace/icst-2019/september-2018/dataset/xwiki-commons_parent/xwiki-commons-core/xwiki-commons-job/target/clover/src-instrumented/org/xwiki/job/AbstractRequest.java:[155,76] unchecked cast
  required: T
  found:    java.lang.Object
[[1;33mWARNING[m] /home/bdanglot/workspace/icst-2019/september-2018/dataset/xwiki-commons_parent/xwiki-commons-core/xwiki-commons-job/target/clover/src-instrumented/org/xwiki/job/AbstractRequest.java:[169,169] unchecked cast
  required: T
  found:    java.lang.Object
[[1;33mWARNING[m] /home/bdanglot/workspace/icst-2019/september-2018/dataset/xwiki-commons_parent/xwiki-commons-core/xwiki-commons-job/target/clover/src-instrumented/org/xwiki/job/AbstractJob.java:[225,72] unchecked cast
  required: org.xwiki.job.AbstractJobStatus<R>
  found:    S
[[1;33mWARNING[m] /home/bdanglot/workspace/icst-2019/september-2018/dataset/xwiki-commons_parent/xwiki-commons-core/xwiki-commons-job/target/clover/src-instrumented/org/xwiki/job/AbstractJob.java:[226,72] unchecked cast
  required: org.xwiki.job.AbstractJobStatus<R>
  found:    S
[[1;33mWARNING[m] /home/bdanglot/workspace/icst-2019/september-2018/dataset/xwiki-commons_parent/xwiki-commons-core/xwiki-commons-job/target/clover/src-instrumented/org/xwiki/job/AbstractJob.java:[319,51] unchecked cast
  required: S
  found:    org.xwiki.job.DefaultJobStatus<R>
[[1;33mWARNING[m] /home/bdanglot/workspace/icst-2019/september-2018/dataset/xwiki-commons_parent/xwiki-commons-core/xwiki-commons-job/target/clover/src-instrumented/org/xwiki/job/internal/DefaultJobContext.java:[63,98] unchecked cast
  required: java.util.Stack<org.xwiki.job.Job>
  found:    java.lang.Object
[[1;33mWARNING[m] /home/bdanglot/workspace/icst-2019/september-2018/dataset/xwiki-commons_parent/xwiki-commons-core/xwiki-commons-job/target/clover/src-instrumented/org/xwiki/job/internal/xstream/SafeReflectionConverter.java:[64,15] found raw type: java.lang.Class
  missing type arguments for generic class java.lang.Class<T>
[[1;33mWARNING[m] /home/bdanglot/workspace/icst-2019/september-2018/dataset/xwiki-commons_parent/xwiki-commons-core/xwiki-commons-job/target/clover/src-instrumented/org/xwiki/job/internal/xstream/SafeReflectionConverter.java:[66,15] found raw type: java.lang.Class
  missing type arguments for generic class java.lang.Class<T>
[[1;33mWARNING[m] /home/bdanglot/workspace/icst-2019/september-2018/dataset/xwiki-commons_parent/xwiki-commons-core/xwiki-commons-job/target/clover/src-instrumented/org/xwiki/job/internal/xstream/SafeReflectionConverter.java:[70,37] found raw type: java.lang.Class
  missing type arguments for generic class java.lang.Class<T>
[[1;33mWARNING[m] /home/bdanglot/workspace/icst-2019/september-2018/dataset/xwiki-commons_parent/xwiki-commons-core/xwiki-commons-job/target/clover/src-instrumented/org/xwiki/job/internal/xstream/SafeReflectionConverter.java:[70,49] found raw type: java.lang.Class
  missing type arguments for generic class java.lang.Class<T>
[[1;33mWARNING[m] /home/bdanglot/workspace/icst-2019/september-2018/dataset/xwiki-commons_parent/xwiki-commons-core/xwiki-commons-job/target/clover/src-instrumented/org/xwiki/job/internal/xstream/SafeReflectionConverter.java:[93,50] found raw type: java.util.List
  missing type arguments for generic class java.util.List<E>
[[1;33mWARNING[m] /home/bdanglot/workspace/icst-2019/september-2018/dataset/xwiki-commons_parent/xwiki-commons-core/xwiki-commons-job/target/clover/src-instrumented/org/xwiki/job/internal/xstream/SafeReflectionConverter.java:[93,68] found raw type: java.util.ArrayList
  missing type arguments for generic class java.util.ArrayList<E>
[[1;33mWARNING[m] /home/bdanglot/workspace/icst-2019/september-2018/dataset/xwiki-commons_parent/xwiki-commons-core/xwiki-commons-job/target/clover/src-instrumented/org/xwiki/job/internal/xstream/SafeReflectionConverter.java:[94,50] found raw type: java.util.Map
  missing type arguments for generic class java.util.Map<K,V>
[[1;33mWARNING[m] /home/bdanglot/workspace/icst-2019/september-2018/dataset/xwiki-commons_parent/xwiki-commons-core/xwiki-commons-job/target/clover/src-instrumented/org/xwiki/job/internal/xstream/SafeReflectionConverter.java:[94,83] found raw type: java.util.HashMap
  missing type arguments for generic class java.util.HashMap<K,V>
[[1;33mWARNING[m] /home/bdanglot/workspace/icst-2019/september-2018/dataset/xwiki-commons_parent/xwiki-commons-core/xwiki-commons-job/target/clover/src-instrumented/org/xwiki/job/internal/xstream/SafeReflectionConverter.java:[98,19] found raw type: java.util.Set
  missing type arguments for generic class java.util.Set<E>
[[1;33mWARNING[m] /home/bdanglot/workspace/icst-2019/september-2018/dataset/xwiki-commons_parent/xwiki-commons-core/xwiki-commons-job/target/clover/src-instrumented/org/xwiki/job/internal/xstream/SafeReflectionConverter.java:[98,47] found raw type: java.util.HashSet
  missing type arguments for generic class java.util.HashSet<E>
[[1;33mWARNING[m] /home/bdanglot/workspace/icst-2019/september-2018/dataset/xwiki-commons_parent/xwiki-commons-core/xwiki-commons-job/target/clover/src-instrumented/org/xwiki/job/internal/xstream/SafeReflectionConverter.java:[100,49] found raw type: java.lang.Class
  missing type arguments for generic class java.lang.Class<T>
[[1;33mWARNING[m] /home/bdanglot/workspace/icst-2019/september-2018/dataset/xwiki-commons_parent/xwiki-commons-core/xwiki-commons-job/target/clover/src-instrumented/org/xwiki/job/internal/xstream/SafeReflectionConverter.java:[100,61] found raw type: java.lang.Class
  missing type arguments for generic class java.lang.Class<T>
[[1;33mWARNING[m] /home/bdanglot/workspace/icst-2019/september-2018/dataset/xwiki-commons_parent/xwiki-commons-core/xwiki-commons-job/target/clover/src-instrumented/org/xwiki/job/internal/xstream/SafeReflectionConverter.java:[105,56] found raw type: java.lang.Class
  missing type arguments for generic class java.lang.Class<T>
[[1;33mWARNING[m] /home/bdanglot/workspace/icst-2019/september-2018/dataset/xwiki-commons_parent/xwiki-commons-core/xwiki-commons-job/target/clover/src-instrumented/org/xwiki/job/internal/xstream/SafeReflectionConverter.java:[111,83] unchecked call to put(K,V) as a member of the raw type java.util.Map
[[1;33mWARNING[m] /home/bdanglot/workspace/icst-2019/september-2018/dataset/xwiki-commons_parent/xwiki-commons-core/xwiki-commons-job/target/clover/src-instrumented/org/xwiki/job/internal/xstream/SafeReflectionConverter.java:[132,78] unchecked call to add(E) as a member of the raw type java.util.Set
[[1;33mWARNING[m] /home/bdanglot/workspace/icst-2019/september-2018/dataset/xwiki-commons_parent/xwiki-commons-core/xwiki-commons-job/target/clover/src-instrumented/org/xwiki/job/internal/xstream/SafeReflectionConverter.java:[134,66] unchecked call to add(E) as a member of the raw type java.util.List
[[1;33mWARNING[m] /home/bdanglot/workspace/icst-2019/september-2018/dataset/xwiki-commons_parent/xwiki-commons-core/xwiki-commons-job/target/clover/src-instrumented/org/xwiki/job/internal/xstream/SafeReflectionConverter.java:[141,57] found raw type: java.util.Iterator
  missing type arguments for generic class java.util.Iterator<E>
[[1;33mWARNING[m] /home/bdanglot/workspace/icst-2019/september-2018/dataset/xwiki-commons_parent/xwiki-commons-core/xwiki-commons-job/target/clover/src-instrumented/org/xwiki/job/internal/xstream/SafeReflectionConverter.java:[160,69] found raw type: java.util.Iterator
  missing type arguments for generic class java.util.Iterator<E>
[[1;33mWARNING[m] /home/bdanglot/workspace/icst-2019/september-2018/dataset/xwiki-commons_parent/xwiki-commons-core/xwiki-commons-job/target/clover/src-instrumented/org/xwiki/job/internal/xstream/SafeReflectionConverter.java:[167,74] found raw type: java.lang.Class
  missing type arguments for generic class java.lang.Class<T>
[[1;33mWARNING[m] /home/bdanglot/workspace/icst-2019/september-2018/dataset/xwiki-commons_parent/xwiki-commons-core/xwiki-commons-job/target/clover/src-instrumented/org/xwiki/job/internal/xstream/SafeReflectionConverter.java:[175,75] found raw type: java.util.Map.Entry
  missing type arguments for generic class java.util.Map.Entry<K,V>
[[1;33mWARNING[m] /home/bdanglot/workspace/icst-2019/september-2018/dataset/xwiki-commons_parent/xwiki-commons-core/xwiki-commons-job/target/clover/src-instrumented/org/xwiki/job/internal/xstream/SafeReflectionConverter.java:[204,69] found raw type: java.lang.Class
  missing type arguments for generic class java.lang.Class<T>
[[1;33mWARNING[m] /home/bdanglot/workspace/icst-2019/september-2018/dataset/xwiki-commons_parent/xwiki-commons-core/xwiki-commons-job/target/clover/src-instrumented/org/xwiki/job/internal/xstream/SafeReflectionConverter.java:[204,86] found raw type: java.lang.Class
  missing type arguments for generic class java.lang.Class<T>
[[1;33mWARNING[m] /home/bdanglot/workspace/icst-2019/september-2018/dataset/xwiki-commons_parent/xwiki-commons-core/xwiki-commons-job/target/clover/src-instrumented/org/xwiki/job/internal/xstream/SafeReflectionConverter.java:[211,65] found raw type: java.lang.Class
  missing type arguments for generic class java.lang.Class<T>
[[1;33mWARNING[m] /home/bdanglot/workspace/icst-2019/september-2018/dataset/xwiki-commons_parent/xwiki-commons-core/xwiki-commons-job/target/clover/src-instrumented/org/xwiki/job/internal/xstream/SafeReflectionConverter.java:[212,17] found raw type: java.lang.Class
  missing type arguments for generic class java.lang.Class<T>
[[1;33mWARNING[m] /home/bdanglot/workspace/icst-2019/september-2018/dataset/xwiki-commons_parent/xwiki-commons-core/xwiki-commons-job/target/clover/src-instrumented/org/xwiki/job/internal/xstream/SafeReflectionConverter.java:[213,52] found raw type: java.lang.Class
  missing type arguments for generic class java.lang.Class<T>
[[1;33mWARNING[m] /home/bdanglot/workspace/icst-2019/september-2018/dataset/xwiki-commons_parent/xwiki-commons-core/xwiki-commons-job/target/clover/src-instrumented/org/xwiki/job/internal/xstream/SafeReflectionConverter.java:[219,56] found raw type: java.lang.Class
  missing type arguments for generic class java.lang.Class<T>
[[1;33mWARNING[m] /home/bdanglot/workspace/icst-2019/september-2018/dataset/xwiki-commons_parent/xwiki-commons-core/xwiki-commons-job/target/clover/src-instrumented/org/xwiki/job/internal/xstream/SafeArrayConverter.java:[53,31] found raw type: java.lang.Class
  missing type arguments for generic class java.lang.Class<T>
[[1;33mWARNING[m] /home/bdanglot/workspace/icst-2019/september-2018/dataset/xwiki-commons_parent/xwiki-commons-core/xwiki-commons-job/target/clover/src-instrumented/org/xwiki/job/internal/xstream/SafeMessageConverter.java:[62,31] found raw type: java.lang.Class
  missing type arguments for generic class java.lang.Class<T>
[[1;33mWARNING[m] /home/bdanglot/workspace/icst-2019/september-2018/dataset/xwiki-commons_parent/xwiki-commons-core/xwiki-commons-job/target/clover/src-instrumented/org/xwiki/job/internal/xstream/SafeMessageConverter.java:[160,77] unchecked cast
  required: T
  found:    java.lang.Object
[[1;33mWARNING[m] /home/bdanglot/workspace/icst-2019/september-2018/dataset/xwiki-commons_parent/xwiki-commons-core/xwiki-commons-job/target/clover/src-instrumented/org/xwiki/job/internal/xstream/SafeLogEventConverter.java:[56,31] found raw type: java.lang.Class
  missing type arguments for generic class java.lang.Class<T>
[[1;33mWARNING[m] /home/bdanglot/workspace/icst-2019/september-2018/dataset/xwiki-commons_parent/xwiki-commons-core/xwiki-commons-job/target/clover/src-instrumented/org/xwiki/job/internal/DefaultJobStatusStorage.java:[40,49] org.xwiki.job.internal.JobStatusStorage in org.xwiki.job.internal has been deprecated
[[1;33mWARNING[m] /home/bdanglot/workspace/icst-2019/september-2018/dataset/xwiki-commons_parent/xwiki-commons-core/xwiki-commons-job/target/clover/src-instrumented/org/xwiki/job/internal/xstream/SafeTreeUnmarshaller.java:[61,45] found raw type: java.lang.Class
  missing type arguments for generic class java.lang.Class<T>
[[1;33mWARNING[m] /home/bdanglot/workspace/icst-2019/september-2018/dataset/xwiki-commons_parent/xwiki-commons-core/xwiki-commons-job/target/clover/src-instrumented/org/xwiki/job/internal/script/safe/JobStatusScriptSafeProvider.java:[49,59] found raw type: org.xwiki.job.internal.script.safe.SafeJobStatus
  missing type arguments for generic class org.xwiki.job.internal.script.safe.SafeJobStatus<J>
[[1;33mWARNING[m] /home/bdanglot/workspace/icst-2019/september-2018/dataset/xwiki-commons_parent/xwiki-commons-core/xwiki-commons-job/target/clover/src-instrumented/org/xwiki/job/internal/script/safe/JobStatusScriptSafeProvider.java:[49,55] unchecked call to SafeJobStatus(J,org.xwiki.script.internal.safe.ScriptSafeProvider<?>) as a member of the raw type org.xwiki.job.internal.script.safe.SafeJobStatus
[[1;33mWARNING[m] /home/bdanglot/workspace/icst-2019/september-2018/dataset/xwiki-commons_parent/xwiki-commons-core/xwiki-commons-job/target/clover/src-instrumented/org/xwiki/job/internal/script/safe/JobStatusScriptSafeProvider.java:[49,55] unchecked cast
  required: S
  found:    org.xwiki.job.internal.script.safe.SafeJobStatus
[[1;34mINFO[m] 
[[1;34mINFO[m] [1m--- [0;32mmaven-bundle-plugin:2.5.3:manifest[m [1m(bundle-manifest)[m @ [36mxwiki-commons-job[0;1m ---[m
[[1;34mINFO[m] 
[[1;34mINFO[m] [1m--- [0;32mmaven-resources-plugin:3.0.1:testResources[m [1m(default-testResources)[m @ [36mxwiki-commons-job[0;1m ---[m
[[1;34mINFO[m] Using 'UTF-8' encoding to copy filtered resources.
[[1;34mINFO[m] Copying 13 resources
[[1;34mINFO[m] Copying 2 resources
[[1;34mINFO[m] 
[[1;34mINFO[m] [1m--- [0;32mmaven-compiler-plugin:3.6.0:testCompile[m [1m(default-testCompile)[m @ [36mxwiki-commons-job[0;1m ---[m
[[1;34mINFO[m] Changes detected - recompiling the module!
[[1;34mINFO[m] Compiling 15 source files to /home/bdanglot/workspace/icst-2019/september-2018/dataset/xwiki-commons_parent/xwiki-commons-core/xwiki-commons-job/target/test-classes
[[1;33mWARNING[m] /home/bdanglot/workspace/icst-2019/september-2018/dataset/xwiki-commons_parent/xwiki-commons-core/xwiki-commons-job/target/clover/src-test-instrumented/org/xwiki/job/internal/DefaultJobProgressTest.java:[30,34] org.xwiki.job.event.status.StepProgressEvent in org.xwiki.job.event.status has been deprecated
[[1;33mWARNING[m] /home/bdanglot/workspace/icst-2019/september-2018/dataset/xwiki-commons_parent/xwiki-commons-core/xwiki-commons-job/target/clover/src-test-instrumented/org/xwiki/job/internal/DefaultJobManagerTest.java:[32,21] org.xwiki.job.JobManager in org.xwiki.job has been deprecated
[[1;33mWARNING[m] /home/bdanglot/workspace/icst-2019/september-2018/dataset/xwiki-commons_parent/xwiki-commons-core/xwiki-commons-job/target/clover/src-test-instrumented/org/xwiki/job/internal/DefaultJobManagerTest.java:[35,28] org.xwiki.test.jmock.AbstractMockingComponentTestCase in org.xwiki.test.jmock has been deprecated
[[1;33mWARNING[m] /home/bdanglot/workspace/icst-2019/september-2018/dataset/xwiki-commons_parent/xwiki-commons-core/xwiki-commons-job/target/clover/src-test-instrumented/org/xwiki/job/internal/DefaultJobManagerTest.java:[36,39] org.xwiki.test.jmock.annotation.MockingRequirement in org.xwiki.test.jmock.annotation has been deprecated
[[1;33mWARNING[m] /home/bdanglot/workspace/icst-2019/september-2018/dataset/xwiki-commons_parent/xwiki-commons-core/xwiki-commons-job/target/clover/src-test-instrumented/org/xwiki/job/internal/DefaultJobStatusStoreTest.java:[160,72] found raw type: org.xwiki.job.DefaultJobStatus
  missing type arguments for generic class org.xwiki.job.DefaultJobStatus<R>
[[1;33mWARNING[m] /home/bdanglot/workspace/icst-2019/september-2018/dataset/xwiki-commons_parent/xwiki-commons-core/xwiki-commons-job/target/clover/src-test-instrumented/org/xwiki/job/internal/DefaultJobStatusStoreTest.java:[160,68] unchecked call to DefaultJobStatus(R,org.xwiki.job.event.status.JobStatus,org.xwiki.observation.ObservationManager,org.xwiki.logging.LoggerManager) as a member of the raw type org.xwiki.job.DefaultJobStatus
[[1;33mWARNING[m] /home/bdanglot/workspace/icst-2019/september-2018/dataset/xwiki-commons_parent/xwiki-commons-core/xwiki-commons-job/target/clover/src-test-instrumented/org/xwiki/job/internal/xstream/SafeXStreamTest.java:[77,12] serializable class org.xwiki.job.internal.xstream.SafeXStreamTest.FailToSerializeObject has no definition of serialVersionUID
[[1;33mWARNING[m] /home/bdanglot/workspace/icst-2019/september-2018/dataset/xwiki-commons_parent/xwiki-commons-core/xwiki-commons-job/target/clover/src-test-instrumented/org/xwiki/job/internal/xstream/SafeXStreamTest.java:[93,12] serializable class org.xwiki.job.internal.xstream.SafeXStreamTest.FailToSerializeField has no definition of serialVersionUID
[[1;33mWARNING[m] /home/bdanglot/workspace/icst-2019/september-2018/dataset/xwiki-commons_parent/xwiki-commons-core/xwiki-commons-job/target/clover/src-test-instrumented/org/xwiki/job/internal/xstream/SafeXStreamTest.java:[99,20] Class org.xwiki.job.internal.xstream.SafeXStreamTest.NotSerializableObject overrides equals, but neither it nor any superclass overrides hashCode method
[[1;33mWARNING[m] /home/bdanglot/workspace/icst-2019/september-2018/dataset/xwiki-commons_parent/xwiki-commons-core/xwiki-commons-job/target/clover/src-test-instrumented/org/xwiki/job/internal/xstream/SafeXStreamTest.java:[121,20] Class org.xwiki.job.internal.xstream.SafeXStreamTest.NotSerializableField overrides equals, but neither it nor any superclass overrides hashCode method
[[1;33mWARNING[m] /home/bdanglot/workspace/icst-2019/september-2018/dataset/xwiki-commons_parent/xwiki-commons-core/xwiki-commons-job/target/clover/src-test-instrumented/org/xwiki/job/internal/xstream/SafeXStreamTest.java:[165,74] toString(java.io.InputStream) in org.apache.commons.io.IOUtils has been deprecated
[[1;33mWARNING[m] /home/bdanglot/workspace/icst-2019/september-2018/dataset/xwiki-commons_parent/xwiki-commons-core/xwiki-commons-job/target/clover/src-test-instrumented/org/xwiki/job/internal/xstream/SafeXStreamTest.java:[175,70] toString(java.io.InputStream) in org.apache.commons.io.IOUtils has been deprecated
[[1;33mWARNING[m] /home/bdanglot/workspace/icst-2019/september-2018/dataset/xwiki-commons_parent/xwiki-commons-core/xwiki-commons-job/target/clover/src-test-instrumented/org/xwiki/job/internal/DefaultJobStatusTest.java:[69,112] <T>anyObject() in org.mockito.Mockito has been deprecated
[[1;33mWARNING[m] /home/bdanglot/workspace/icst-2019/september-2018/dataset/xwiki-commons_parent/xwiki-commons-core/xwiki-commons-job/target/clover/src-test-instrumented/org/xwiki/job/internal/DefaultJobStatusTest.java:[70,112] <T>anyObject() in org.mockito.Mockito has been deprecated
[[1;33mWARNING[m] /home/bdanglot/workspace/icst-2019/september-2018/dataset/xwiki-commons_parent/xwiki-commons-core/xwiki-commons-job/target/clover/src-test-instrumented/org/xwiki/job/internal/DefaultJobStatusTest.java:[70,125] <T>anyObject() in org.mockito.Mockito has been deprecated
[[1;33mWARNING[m] /home/bdanglot/workspace/icst-2019/september-2018/dataset/xwiki-commons_parent/xwiki-commons-core/xwiki-commons-job/target/clover/src-test-instrumented/org/xwiki/job/internal/JobStatusSerializerTest.java:[82,20] Class org.xwiki.job.internal.JobStatusSerializerTest.CustomSerializableObject overrides equals, but neither it nor any superclass overrides hashCode method
[[1;33mWARNING[m] /home/bdanglot/workspace/icst-2019/september-2018/dataset/xwiki-commons_parent/xwiki-commons-core/xwiki-commons-job/target/clover/src-test-instrumented/org/xwiki/job/internal/JobStatusSerializerTest.java:[99,20] Class org.xwiki.job.internal.JobStatusSerializerTest.SerializableCustomObject overrides equals, but neither it nor any superclass overrides hashCode method
[[1;33mWARNING[m] /home/bdanglot/workspace/icst-2019/september-2018/dataset/xwiki-commons_parent/xwiki-commons-core/xwiki-commons-job/target/clover/src-test-instrumented/org/xwiki/job/internal/JobStatusSerializerTest.java:[116,20] Class org.xwiki.job.internal.JobStatusSerializerTest.NotSerializableCustomObject overrides equals, but neither it nor any superclass overrides hashCode method
[[1;33mWARNING[m] /home/bdanglot/workspace/icst-2019/september-2018/dataset/xwiki-commons_parent/xwiki-commons-core/xwiki-commons-job/target/clover/src-test-instrumented/org/xwiki/job/internal/JobStatusSerializerTest.java:[159,20] serializable class org.xwiki.job.internal.JobStatusSerializerTest.TestException has no definition of serialVersionUID
[[1;33mWARNING[m] /home/bdanglot/workspace/icst-2019/september-2018/dataset/xwiki-commons_parent/xwiki-commons-core/xwiki-commons-job/target/clover/src-test-instrumented/org/xwiki/job/internal/DefaultJobProgressTest.java:[107,74] org.xwiki.job.event.status.StepProgressEvent in org.xwiki.job.event.status has been deprecated
[[1;33mWARNING[m] /home/bdanglot/workspace/icst-2019/september-2018/dataset/xwiki-commons_parent/xwiki-commons-core/xwiki-commons-job/target/clover/src-test-instrumented/org/xwiki/job/internal/DefaultJobProgressTest.java:[117,74] org.xwiki.job.event.status.StepProgressEvent in org.xwiki.job.event.status has been deprecated
[[1;33mWARNING[m] /home/bdanglot/workspace/icst-2019/september-2018/dataset/xwiki-commons_parent/xwiki-commons-core/xwiki-commons-job/target/clover/src-test-instrumented/org/xwiki/job/internal/DefaultJobProgressTest.java:[153,74] org.xwiki.job.event.status.StepProgressEvent in org.xwiki.job.event.status has been deprecated
[[1;33mWARNING[m] /home/bdanglot/workspace/icst-2019/september-2018/dataset/xwiki-commons_parent/xwiki-commons-core/xwiki-commons-job/target/clover/src-test-instrumented/org/xwiki/job/internal/DefaultJobProgressTest.java:[159,74] org.xwiki.job.event.status.StepProgressEvent in org.xwiki.job.event.status has been deprecated
[[1;33mWARNING[m] /home/bdanglot/workspace/icst-2019/september-2018/dataset/xwiki-commons_parent/xwiki-commons-core/xwiki-commons-job/target/clover/src-test-instrumented/org/xwiki/job/internal/DefaultJobProgressTest.java:[164,74] org.xwiki.job.event.status.StepProgressEvent in org.xwiki.job.event.status has been deprecated
[[1;33mWARNING[m] /home/bdanglot/workspace/icst-2019/september-2018/dataset/xwiki-commons_parent/xwiki-commons-core/xwiki-commons-job/target/clover/src-test-instrumented/org/xwiki/job/internal/DefaultJobManagerTest.java:[48,44] org.xwiki.test.jmock.AbstractMockingComponentTestCase in org.xwiki.test.jmock has been deprecated
[[1;33mWARNING[m] /home/bdanglot/workspace/icst-2019/september-2018/dataset/xwiki-commons_parent/xwiki-commons-core/xwiki-commons-job/target/clover/src-test-instrumented/org/xwiki/job/internal/DefaultJobManagerTest.java:[48,77] org.xwiki.job.JobManager in org.xwiki.job has been deprecated
[[1;33mWARNING[m] /home/bdanglot/workspace/icst-2019/september-2018/dataset/xwiki-commons_parent/xwiki-commons-core/xwiki-commons-job/target/clover/src-test-instrumented/org/xwiki/job/internal/DefaultJobManagerTest.java:[43,2] org.xwiki.test.jmock.annotation.MockingRequirement in org.xwiki.test.jmock.annotation has been deprecated
[[1;33mWARNING[m] /home/bdanglot/workspace/icst-2019/september-2018/dataset/xwiki-commons_parent/xwiki-commons-core/xwiki-commons-job/target/clover/src-test-instrumented/org/xwiki/job/internal/DefaultJobManagerTest.java:[43,29] org.xwiki.job.internal.DefaultJobManager in org.xwiki.job.internal has been deprecated
[[1;34mINFO[m] 
[[1;34mINFO[m] [1m--- [0;32mmaven-surefire-plugin:2.19.1:test[m [1m(default-test)[m @ [36mxwiki-commons-job[0;1m ---[m

-------------------------------------------------------
 T E S T S
-------------------------------------------------------
Running org.xwiki.job.internal.DefaultJobStatusTest
Tests run: 3, Failures: 0, Errors: 0, Skipped: 0, Time elapsed: 0.718 sec - in org.xwiki.job.internal.DefaultJobStatusTest
Running org.xwiki.job.internal.xstream.XStreamUtilsTest
Tests run: 1, Failures: 0, Errors: 0, Skipped: 0, Time elapsed: 0.003 sec - in org.xwiki.job.internal.xstream.XStreamUtilsTest
Running org.xwiki.job.internal.xstream.SafeXStreamTest
Tests run: 9, Failures: 0, Errors: 0, Skipped: 0, Time elapsed: 0.216 sec - in org.xwiki.job.internal.xstream.SafeXStreamTest
Running org.xwiki.job.internal.DefaultJobManagerTest
Tests run: 1, Failures: 0, Errors: 0, Skipped: 0, Time elapsed: 0.046 sec - in org.xwiki.job.internal.DefaultJobManagerTest
Running org.xwiki.job.internal.DefaultJobExecutorTest
Tests run: 1, Failures: 0, Errors: 0, Skipped: 0, Time elapsed: 0.101 sec - in org.xwiki.job.internal.DefaultJobExecutorTest
Running org.xwiki.job.internal.JobStatusSerializerTest
Tests run: 19, Failures: 0, Errors: 0, Skipped: 0, Time elapsed: 0.534 sec - in org.xwiki.job.internal.JobStatusSerializerTest
Running org.xwiki.job.internal.DefaultRequestTest
Tests run: 1, Failures: 0, Errors: 0, Skipped: 0, Time elapsed: 0 sec - in org.xwiki.job.internal.DefaultRequestTest
Running org.xwiki.job.internal.DefaultJobStatusStoreTest
Tests run: 7, Failures: 0, Errors: 0, Skipped: 0, Time elapsed: 0.224 sec - in org.xwiki.job.internal.DefaultJobStatusStoreTest
Running org.xwiki.job.internal.DefaultJobProgressTest
Tests run: 12, Failures: 0, Errors: 0, Skipped: 0, Time elapsed: 0.096 sec - in org.xwiki.job.internal.DefaultJobProgressTest

Results :

Tests run: 54, Failures: 0, Errors: 0, Skipped: 0

[[1;34mINFO[m] [1m------------------------------------------------------------------------[m
[[1;34mINFO[m] [1;32mBUILD SUCCESS[m
[[1;34mINFO[m] [1m------------------------------------------------------------------------[m
[[1;34mINFO[m] Total time: 10.924 s
[[1;34mINFO[m] Finished at: 2018-09-27T12:08:33+02:00
[[1;34mINFO[m] [1m------------------------------------------------------------------------[m
Writing HTML report to '/home/bdanglot/workspace/icst-2019/september-2018/dataset/xwiki-commons_parent/xwiki-commons-core/xwiki-commons-job/target/clover/report'
Done. Processed 9 packages in 1959ms (217ms per package).
[[1;34mINFO[m] /home/bdanglot/workspace/icst-2019/september-2018/dataset/xwiki-commons_parent/xwiki-commons-core/xwiki-commons-job/src/main/java/org/xwiki/job/internal/xstream/SafeMessageConverter.java
[[1;34mINFO[m] /home/bdanglot/workspace/icst-2019/september-2018/dataset/xwiki-commons/xwiki-commons-core/xwiki-commons-job/src/main/java/org/xwiki/job/internal/xstream/SafeMessageConverter.java
[info] org.xwiki.job.internal.xstream.SafeMessageConverter:98 is modified.
[info] org.xwiki.job.internal.xstream.SafeMessageConverter:99 is modified.
[info] org.xwiki.job.internal.xstream.SafeMessageConverter:83 is modified.
[info] org.xwiki.job.internal.xstream.SafeMessageConverter:82 is modified.
[info] org.xwiki.job.internal.xstream.SafeMessageConverter:83 covered.
[info] org.xwiki.job.internal.xstream.SafeMessageConverter:82 covered.
[[1;34mINFO[m] /home/bdanglot/workspace/icst-2019/september-2018/dataset/xwiki-commons_parent/xwiki-commons-core/xwiki-commons-job/src/main/java/org/xwiki/job/internal/xstream/XStreamUtils.java
[[1;34mINFO[m] /home/bdanglot/workspace/icst-2019/september-2018/dataset/xwiki-commons/xwiki-commons-core/xwiki-commons-job/src/main/java/org/xwiki/job/internal/xstream/XStreamUtils.java
[info] org.xwiki.job.internal.xstream.XStreamUtils:92 is modified.
[[1;34mINFO[m] /home/bdanglot/workspace/icst-2019/september-2018/dataset/xwiki-commons_parent/xwiki-commons-core/xwiki-commons-job/src/test/java/org/xwiki/job/internal/JobStatusSerializerTest.java
[[1;34mINFO[m] /home/bdanglot/workspace/icst-2019/september-2018/dataset/xwiki-commons/xwiki-commons-core/xwiki-commons-job/src/test/java/org/xwiki/job/internal/JobStatusSerializerTest.java
[info] org.xwiki.job.internal.JobStatusSerializerTest:262 is modified.
[info] org.xwiki.job.internal.JobStatusSerializerTest:264 is modified.
[info] org.xwiki.job.internal.JobStatusSerializerTest:266 is modified.
[info] org.xwiki.job.internal.JobStatusSerializerTest:268 is modified.
[info] org.xwiki.job.internal.JobStatusSerializerTest:269 is modified.
[info] org.xwiki.job.internal.JobStatusSerializerTest:270 is modified.
[info] org.xwiki.job.internal.JobStatusSerializerTest:271 is modified.
[info] org.xwiki.job.internal.JobStatusSerializerTest:272 is modified.
[[1;34mINFO[m] Saving result in /home/bdanglot/workspace/icst-2019/september-2018/result/xwiki-commons/commit_14_f2feca6/parent_coverage_testsThatExecuteTheChanges.csv ...
[[1;34mINFO[m] org.xwiki.job.internal.JobStatusSerializerTest;testLogWithComponentManagerField;testLogMessage;testLogWithSerializableProviderField;testLogWithComponentArgument;test;testLogWithLoggerField;testLogWithSerializableStandaloneComponentArgument;testLogWithArguments;testLogWithProviderField;testLogWithException;testLogWithNotSerializableCustomObjectArgument;testLogWithSerializableImplementationProviderField;testLogWithCrossReference;testLogMarker;testLogWithStandaloneComponentField;testLogWithComponentField;testLogWithSerializableCustomObjectArgument;testLogWithCustomObjectArgument;testLogWithStandaloneComponentArgument
org.xwiki.job.internal.DefaultJobStatusStoreTest;storeJobStatus
[[1;34mINFO[m] Writing Coverage in /home/bdanglot/workspace/icst-2019/september-2018/result/xwiki-commons/commit_14_f2feca6/parent_coverage_testsThatExecuteTheChanges_coverage.csv
[[1;34mINFO[m] org.xwiki.job.internal.xstream.SafeMessageConverter;2;4

[[1;34mINFO[m] total;2;4

[[1;34mINFO[m] [1m------------------------------------------------------------------------[m
[[1;34mINFO[m] [1;32mBUILD SUCCESS[m
[[1;34mINFO[m] [1m------------------------------------------------------------------------[m
[[1;34mINFO[m] Total time: 17.816 s
[[1;34mINFO[m] Finished at: 2018-09-27T12:08:37+02:00
[[1;34mINFO[m] [1m------------------------------------------------------------------------[m
