java -cp target/experiments-0.1-SNAPSHOT-jar-with-dependencies.jar icst.experiments.commits.ProjectJSONBuilder --path-to-repository september-2018/dataset/xwiki-commons --owner xwiki --project xwiki-commons --output september-2018/dataset/ --size-goal 2 --maven-home /usr/share/maven 2>&1 | tee -a september-2018/result/xwiki-commons/test_selection.log
[INFO] 2018-09-20 14:13:22 ProjectJSONBuilder - /usr/share/maven
[WARN] 2018-09-20 14:13:22 ProjectJSONBuilder - There is no java file modified for 4ba6b24
[WARN] 2018-09-20 14:13:23 ProjectJSONBuilder - There is no java file modified for 244ee07
[WARN] 2018-09-20 14:13:23 ProjectJSONBuilder - There is no java file modified for b4cbf17
[INFO] 2018-09-20 14:13:23 ProjectJSONBuilder - The module does not contain any test: a0a2a89
[WARN] 2018-09-20 14:13:23 ProjectJSONBuilder - There is no java file modified for a2627c0
[INFO] 2018-09-20 14:13:23 RepositoriesSetterNoJSON - {september-2018/dataset/xwiki-commons} Cleaning local repository...
[INFO] 2018-09-20 14:13:23 RepositoriesSetterNoJSON - Checkout bdc33d7e07d86dc6600988bd71721068a76e9673 revision...
[INFO] 2018-09-20 14:13:23 RepositoriesSetterNoJSON - {september-2018/dataset/xwiki-commons_parent} Cleaning local repository...
[INFO] 2018-09-20 14:13:23 RepositoriesSetterNoJSON - Checkout 6d0808f16ca2f6f8a4df41db0c9c914256ee3885 revision...
[INFO] 2018-09-20 14:13:23 TestSelectionAccordingDiff - diff --git a/xwiki-commons-tools/xwiki-commons-tool-test/xwiki-commons-tool-test-component/src/main/java/org/xwiki/test/junit5/mockito/MockitoComponentManagerExtension.java b/xwiki-commons-tools/xwiki-commons-tool-test/xwiki-commons-tool-test-component/src/main/java/org/xwiki/test/junit5/mockito/MockitoComponentManagerExtension.java
[INFO] 2018-09-20 14:13:23 TestSelectionAccordingDiff - index 9b8fcf6e0..e8bad64c5 100644
[INFO] 2018-09-20 14:13:23 TestSelectionAccordingDiff - --- a/xwiki-commons-tools/xwiki-commons-tool-test/xwiki-commons-tool-test-component/src/main/java/org/xwiki/test/junit5/mockito/MockitoComponentManagerExtension.java
[INFO] 2018-09-20 14:13:23 TestSelectionAccordingDiff - +++ b/xwiki-commons-tools/xwiki-commons-tool-test/xwiki-commons-tool-test-component/src/main/java/org/xwiki/test/junit5/mockito/MockitoComponentManagerExtension.java
[INFO] 2018-09-20 14:13:23 TestSelectionAccordingDiff - @@ -118,6 +118,13 @@ public void postProcessTestInstance(Object testInstance, ExtensionContext contex
[INFO] 2018-09-20 14:13:23 TestSelectionAccordingDiff -              saveComponentManager(context, mcm);
[INFO] 2018-09-20 14:13:23 TestSelectionAccordingDiff -          }
[INFO] 2018-09-20 14:13:23 TestSelectionAccordingDiff -  
[INFO] 2018-09-20 14:13:23 TestSelectionAccordingDiff - +        // Inject the Mockito Component Manager in all fields annotated with @InjectComponentManager
[INFO] 2018-09-20 14:13:23 TestSelectionAccordingDiff - +        for (Field field : ReflectionUtils.getAllFields(testInstance.getClass())) {
[INFO] 2018-09-20 14:13:23 TestSelectionAccordingDiff - +            if (field.isAnnotationPresent(InjectComponentManager.class)) {
[INFO] 2018-09-20 14:13:23 TestSelectionAccordingDiff - +                ReflectionUtils.setFieldValue(testInstance, field.getName(), mcm);
[INFO] 2018-09-20 14:13:23 TestSelectionAccordingDiff - +            }
[INFO] 2018-09-20 14:13:23 TestSelectionAccordingDiff - +        }
[INFO] 2018-09-20 14:13:23 TestSelectionAccordingDiff - +
[INFO] 2018-09-20 14:13:23 TestSelectionAccordingDiff -          // Register a mock component for all fields annotated with @MockComponent
[INFO] 2018-09-20 14:13:23 TestSelectionAccordingDiff -          for (Field field : ReflectionUtils.getAllFields(testInstance.getClass())) {
[INFO] 2018-09-20 14:13:23 TestSelectionAccordingDiff -              if (field.isAnnotationPresent(MockComponent.class)) {
[INFO] 2018-09-20 14:13:23 TestSelectionAccordingDiff - @@ -146,13 +153,6 @@ public void postProcessTestInstance(Object testInstance, ExtensionContext contex
[INFO] 2018-09-20 14:13:23 TestSelectionAccordingDiff -              }
[INFO] 2018-09-20 14:13:23 TestSelectionAccordingDiff -          }
[INFO] 2018-09-20 14:13:23 TestSelectionAccordingDiff -  
[INFO] 2018-09-20 14:13:23 TestSelectionAccordingDiff - -        // Inject the Mockito Component Manager in all fields annotated with @InjectComponentManager
[INFO] 2018-09-20 14:13:23 TestSelectionAccordingDiff - -        for (Field field : ReflectionUtils.getAllFields(testInstance.getClass())) {
[INFO] 2018-09-20 14:13:23 TestSelectionAccordingDiff - -            if (field.isAnnotationPresent(InjectComponentManager.class)) {
[INFO] 2018-09-20 14:13:23 TestSelectionAccordingDiff - -                ReflectionUtils.setFieldValue(testInstance, field.getName(), mcm);
[INFO] 2018-09-20 14:13:23 TestSelectionAccordingDiff - -            }
[INFO] 2018-09-20 14:13:23 TestSelectionAccordingDiff - -        }
[INFO] 2018-09-20 14:13:23 TestSelectionAccordingDiff - -
[INFO] 2018-09-20 14:13:23 TestSelectionAccordingDiff -          // Make sure this is executed last since if we want to combine it with @InjectMockComponents annotation, we
[INFO] 2018-09-20 14:13:23 TestSelectionAccordingDiff -          // need the field to be non-null when this line executes or otherwise Mockito will not inject anything...
[INFO] 2018-09-20 14:13:23 TestSelectionAccordingDiff -          // Also note that all fields annotated with @InjectMocks will have their fields replaced by all mocks found
[INFO] 2018-09-20 14:13:23 TestSelectionAccordingDiff - diff --git a/xwiki-commons-tools/xwiki-commons-tool-test/xwiki-commons-tool-test-component/src/test/java/org/xwiki/test/junit5/mockito/MockitoComponentManagerExtensionTest.java b/xwiki-commons-tools/xwiki-commons-tool-test/xwiki-commons-tool-test-component/src/test/java/org/xwiki/test/junit5/mockito/MockitoComponentManagerExtensionTest.java
[INFO] 2018-09-20 14:13:23 TestSelectionAccordingDiff - index c4bf453cb..5b1760083 100644
[INFO] 2018-09-20 14:13:23 TestSelectionAccordingDiff - --- a/xwiki-commons-tools/xwiki-commons-tool-test/xwiki-commons-tool-test-component/src/test/java/org/xwiki/test/junit5/mockito/MockitoComponentManagerExtensionTest.java
[INFO] 2018-09-20 14:13:23 TestSelectionAccordingDiff - +++ b/xwiki-commons-tools/xwiki-commons-tool-test/xwiki-commons-tool-test-component/src/test/java/org/xwiki/test/junit5/mockito/MockitoComponentManagerExtensionTest.java
[INFO] 2018-09-20 14:13:23 TestSelectionAccordingDiff - @@ -76,7 +76,11 @@
[INFO] 2018-09-20 14:13:23 TestSelectionAccordingDiff -      @BeforeComponent
[INFO] 2018-09-20 14:13:23 TestSelectionAccordingDiff -      public void beforeComponent(MockitoComponentManager componentManager) throws Exception
[INFO] 2018-09-20 14:13:23 TestSelectionAccordingDiff -      {
[INFO] 2018-09-20 14:13:23 TestSelectionAccordingDiff - +        // Verify that we can pass a MockitoComponentManager in parameter
[INFO] 2018-09-20 14:13:23 TestSelectionAccordingDiff -          componentManager.registerComponent(Component2Role.class, mock(Component2Role.class, "beforeComponent"));
[INFO] 2018-09-20 14:13:23 TestSelectionAccordingDiff - +
[INFO] 2018-09-20 14:13:23 TestSelectionAccordingDiff - +        // Verify also that any fields annotated with @InjectComponentManager have been injected at this stage
[INFO] 2018-09-20 14:13:23 TestSelectionAccordingDiff - +        assertNotNull(this.componentManager);
[INFO] 2018-09-20 14:13:23 TestSelectionAccordingDiff -      }
[INFO] 2018-09-20 14:13:23 TestSelectionAccordingDiff -  
[INFO] 2018-09-20 14:13:23 TestSelectionAccordingDiff -      @BeforeEach
[INFO] 2018-09-20 14:13:23 TestSelectionAccordingDiff - Prepare for xwiki-commons
[INFO] 2018-09-20 14:13:23 TestSelectionAccordingDiff - Executing cmd python src/main/python/september-2018/preparation.py xwiki-commons
prepare xwiki-commons
[INFO] 2018-09-20 14:13:23 TestSelectionAccordingDiff - run maven clean install -DskipTests -Dcheckstyle.skip=true -Denforcer.skip=true --quiet
[WARN] Maven will be executed in interactive mode, but no input stream has been configured for this MavenInvoker instance.
[INFO] 2018-09-20 14:14:52 TestSelectionAccordingDiff - run maven clean eu.stamp-project:diff-test-selection:0.5-SNAPSHOT:list -DpathToDiff=/home/bdanglot/workspace/icst-2019/september-2018/dataset/xwiki-commons/patch.diff -DpathToOtherVersion=/home/bdanglot/workspace/icst-2019/september-2018/dataset/xwiki-commons_parent/xwiki-commons-tools/xwiki-commons-tool-test/xwiki-commons-tool-test-component -Dmodule=xwiki-commons-tools/xwiki-commons-tool-test/xwiki-commons-tool-test-component/ -DoutputPath=/home/bdanglot/workspace/icst-2019/september-2018/dataset/xwiki-commons/testsThatExecuteTheChanges.csv
[WARN] Maven will be executed in interactive mode, but no input stream has been configured for this MavenInvoker instance.
[[1;34mINFO[m] Scanning for projects...
[[1;33mWARNING[m] 
[[1;33mWARNING[m] Some problems were encountered while building the effective model for org.xwiki.commons:xwiki-commons-tool-test-component:jar:10.8-SNAPSHOT
[[1;33mWARNING[m] 'build.pluginManagement.plugins.plugin.(groupId:artifactId)' must be unique but found duplicate declaration of plugin org.codehaus.mojo:build-helper-maven-plugin @ org.xwiki.commons:xwiki-commons:10.8-SNAPSHOT, /home/bdanglot/workspace/icst-2019/september-2018/dataset/xwiki-commons/pom.xml, line 1839, column 17
[[1;33mWARNING[m] 
[[1;33mWARNING[m] It is highly recommended to fix these problems because they threaten the stability of your build.
[[1;33mWARNING[m] 
[[1;33mWARNING[m] For this reason, future Maven versions might no longer support building such malformed projects.
[[1;33mWARNING[m] 
[[1;34mINFO[m] 
[[1;34mINFO[m] [1m--------< [0;36morg.xwiki.commons:xwiki-commons-tool-test-component[0;1m >---------[m
[[1;34mINFO[m] [1mBuilding XWiki Commons - Tools - Test Framework - Component 10.8-SNAPSHOT[m
[[1;34mINFO[m] [1m--------------------------------[ jar ]---------------------------------[m
[[1;34mINFO[m] 
[[1;34mINFO[m] [1m--- [0;32mmaven-clean-plugin:3.1.0:clean[m [1m(default-clean)[m @ [36mxwiki-commons-tool-test-component[0;1m ---[m
[[1;34mINFO[m] Deleting /home/bdanglot/workspace/icst-2019/september-2018/dataset/xwiki-commons/xwiki-commons-tools/xwiki-commons-tool-test/xwiki-commons-tool-test-component/target
[[1;34mINFO[m] 
[[1;34mINFO[m] [1m--- [0;32mdiff-test-selection:0.5-SNAPSHOT:list[m [1m(default-cli)[m @ [36mxwiki-commons-tool-test-component[0;1m ---[m
[[1;34mINFO[m] Computing coverage for /home/bdanglot/workspace/icst-2019/september-2018/dataset/xwiki-commons/xwiki-commons-tools/xwiki-commons-tool-test/xwiki-commons-tool-test-component
[WARN] Maven will be executed in interactive mode, but no input stream has been configured for this MavenInvoker instance.
[[1;34mINFO[m] Scanning for projects...
[[1;33mWARNING[m] 
[[1;33mWARNING[m] Some problems were encountered while building the effective model for org.xwiki.commons:xwiki-commons-tool-test-component:jar:10.8-SNAPSHOT
[[1;33mWARNING[m] 'build.pluginManagement.plugins.plugin.(groupId:artifactId)' must be unique but found duplicate declaration of plugin org.codehaus.mojo:build-helper-maven-plugin @ org.xwiki.commons:xwiki-commons:10.8-SNAPSHOT, /home/bdanglot/workspace/icst-2019/september-2018/dataset/xwiki-commons/pom.xml, line 1839, column 17
[[1;33mWARNING[m] 
[[1;33mWARNING[m] It is highly recommended to fix these problems because they threaten the stability of your build.
[[1;33mWARNING[m] 
[[1;33mWARNING[m] For this reason, future Maven versions might no longer support building such malformed projects.
[[1;33mWARNING[m] 
[[1;34mINFO[m] 
[[1;34mINFO[m] [1m--------< [0;36morg.xwiki.commons:xwiki-commons-tool-test-component[0;1m >---------[m
[[1;34mINFO[m] [1mBuilding XWiki Commons - Tools - Test Framework - Component 10.8-SNAPSHOT[m
[[1;34mINFO[m] [1m--------------------------------[ jar ]---------------------------------[m
[[1;34mINFO[m] 
[[1;34mINFO[m] [1m--- [0;32mmaven-clean-plugin:3.1.0:clean[m [1m(default-clean)[m @ [36mxwiki-commons-tool-test-component[0;1m ---[m
[[1;34mINFO[m] 
[[1;34mINFO[m] [1m--- [0;32mclover-maven-plugin:4.2.0:setup[m [1m(default-cli)[m @ [36mxwiki-commons-tool-test-component[0;1m ---[m
[[1;34mINFO[m] No 'maven.clover.licenseLocation' configured. Using default license.
[[1;34mINFO[m] OpenClover Version 4.2.0, built on April 30 2017 (build-1000)
[[1;34mINFO[m] Loaded from: /home/bdanglot/.m2/repository/org/openclover/clover/4.2.0/clover-4.2.0.jar
[[1;34mINFO[m] Clover free edition.
[[1;34mINFO[m] Creating new database at '/home/bdanglot/workspace/icst-2019/september-2018/dataset/xwiki-commons/xwiki-commons-tools/xwiki-commons-tool-test/xwiki-commons-tool-test-component/target/clover/clover.db'.
[[1;34mINFO[m] Processing files at 1.8 source level.
[[1;34mINFO[m] Clover all over. Instrumented 24 files (7 packages).
[[1;34mINFO[m] Elapsed time = 0.772 secs. (31.088 files/sec, 3,608.808 srclines/sec)
[[1;34mINFO[m] OpenClover Version 4.2.0, built on April 30 2017 (build-1000)
[[1;34mINFO[m] Loaded from: /home/bdanglot/.m2/repository/org/openclover/clover/4.2.0/clover-4.2.0.jar
[[1;34mINFO[m] Clover free edition.
[[1;34mINFO[m] Updating existing database at '/home/bdanglot/workspace/icst-2019/september-2018/dataset/xwiki-commons/xwiki-commons-tools/xwiki-commons-tool-test/xwiki-commons-tool-test-component/target/clover/clover.db'.
[[1;34mINFO[m] Processing files at 1.8 source level.
[[1;34mINFO[m] Clover all over. Instrumented 8 files (1 package).
[[1;34mINFO[m] 6 test methods detected.
[[1;34mINFO[m] Elapsed time = 0.055 secs. (145.455 files/sec, 7,890.909 srclines/sec)
[[1;34mINFO[m] 
[[1;34mINFO[m] [1m--- [0;32mmaven-enforcer-plugin:1.4.1:enforce[m [1m(enforce-plugins)[m @ [36mxwiki-commons-tool-test-component[0;1m ---[m
[[1;34mINFO[m] Skipping Rule Enforcement.
[[1;34mINFO[m] 
[[1;34mINFO[m] [1m--- [0;32mmaven-enforcer-plugin:1.4.1:enforce[m [1m(enforce-jcl-log4j-isolation)[m @ [36mxwiki-commons-tool-test-component[0;1m ---[m
[[1;34mINFO[m] Skipping Rule Enforcement.
[[1;34mINFO[m] 
[[1;34mINFO[m] [1m--- [0;32mmaven-enforcer-plugin:1.4.1:enforce[m [1m(enforce-glasshfish-jaxb)[m @ [36mxwiki-commons-tool-test-component[0;1m ---[m
[[1;34mINFO[m] Skipping Rule Enforcement.
[[1;34mINFO[m] 
[[1;34mINFO[m] [1m--- [0;32mmaven-enforcer-plugin:1.4.1:enforce[m [1m(enforce-open-json)[m @ [36mxwiki-commons-tool-test-component[0;1m ---[m
[[1;34mINFO[m] Skipping Rule Enforcement.
[[1;34mINFO[m] 
[[1;34mINFO[m] [1m--- [0;32mmaven-enforcer-plugin:1.4.1:enforce[m [1m(enforce-glassfish-el)[m @ [36mxwiki-commons-tool-test-component[0;1m ---[m
[[1;34mINFO[m] Skipping Rule Enforcement.
[[1;34mINFO[m] 
[[1;34mINFO[m] [1m--- [0;32mmaven-enforcer-plugin:1.4.1:enforce[m [1m(enforce-commons-lang3)[m @ [36mxwiki-commons-tool-test-component[0;1m ---[m
[[1;34mINFO[m] Skipping Rule Enforcement.
[[1;34mINFO[m] 
[[1;34mINFO[m] [1m--- [0;32mmaven-enforcer-plugin:1.4.1:enforce[m [1m(enforce-commons-configuration2)[m @ [36mxwiki-commons-tool-test-component[0;1m ---[m
[[1;34mINFO[m] Skipping Rule Enforcement.
[[1;34mINFO[m] 
[[1;34mINFO[m] [1m--- [0;32mmaven-enforcer-plugin:1.4.1:enforce[m [1m(enforce-bouncycastle-ids)[m @ [36mxwiki-commons-tool-test-component[0;1m ---[m
[[1;34mINFO[m] Skipping Rule Enforcement.
[[1;34mINFO[m] 
[[1;34mINFO[m] [1m--- [0;32mmaven-enforcer-plugin:1.4.1:enforce[m [1m(enforce-javase-dependencies)[m @ [36mxwiki-commons-tool-test-component[0;1m ---[m
[[1;34mINFO[m] Skipping Rule Enforcement.
[[1;34mINFO[m] 
[[1;34mINFO[m] [1m--- [0;32mmaven-enforcer-plugin:1.4.1:enforce[m [1m(enforce-upper-bounds)[m @ [36mxwiki-commons-tool-test-component[0;1m ---[m
[[1;34mINFO[m] Skipping Rule Enforcement.
[[1;34mINFO[m] 
[[1;34mINFO[m] [1m--- [0;32mmaven-resources-plugin:3.1.0:resources[m [1m(default-resources)[m @ [36mxwiki-commons-tool-test-component[0;1m ---[m
[[1;34mINFO[m] Using 'UTF-8' encoding to copy filtered resources.
[[1;34mINFO[m] skip non existing resourceDirectory /home/bdanglot/workspace/icst-2019/september-2018/dataset/xwiki-commons/xwiki-commons-tools/xwiki-commons-tool-test/xwiki-commons-tool-test-component/src/main/resources
[[1;34mINFO[m] Copying 1 resource
[[1;34mINFO[m] 
[[1;34mINFO[m] [1m--- [0;32mmaven-compiler-plugin:3.8.0:compile[m [1m(default-compile)[m @ [36mxwiki-commons-tool-test-component[0;1m ---[m
[[1;34mINFO[m] Changes detected - recompiling the module!
[[1;34mINFO[m] Compiling 24 source files to /home/bdanglot/workspace/icst-2019/september-2018/dataset/xwiki-commons/xwiki-commons-tools/xwiki-commons-tool-test/xwiki-commons-tool-test-component/target/classes
[[1;34mINFO[m] /home/bdanglot/workspace/icst-2019/september-2018/dataset/xwiki-commons/xwiki-commons-tools/xwiki-commons-tool-test/xwiki-commons-tool-test-component/target/clover/src-instrumented/org/xwiki/test/jmock/AbstractMockingComponentTestCase.java: /home/bdanglot/workspace/icst-2019/september-2018/dataset/xwiki-commons/xwiki-commons-tools/xwiki-commons-tool-test/xwiki-commons-tool-test-component/target/clover/src-instrumented/org/xwiki/test/jmock/AbstractMockingComponentTestCase.java uses or overrides a deprecated API.
[[1;34mINFO[m] /home/bdanglot/workspace/icst-2019/september-2018/dataset/xwiki-commons/xwiki-commons-tools/xwiki-commons-tool-test/xwiki-commons-tool-test-component/target/clover/src-instrumented/org/xwiki/test/jmock/AbstractMockingComponentTestCase.java: Recompile with -Xlint:deprecation for details.
[[1;34mINFO[m] /home/bdanglot/workspace/icst-2019/september-2018/dataset/xwiki-commons/xwiki-commons-tools/xwiki-commons-tool-test/xwiki-commons-tool-test-component/target/clover/src-instrumented/org/xwiki/test/jmock/AbstractComponentTestCase.java: Some input files use unchecked or unsafe operations.
[[1;34mINFO[m] /home/bdanglot/workspace/icst-2019/september-2018/dataset/xwiki-commons/xwiki-commons-tools/xwiki-commons-tool-test/xwiki-commons-tool-test-component/target/clover/src-instrumented/org/xwiki/test/jmock/AbstractComponentTestCase.java: Recompile with -Xlint:unchecked for details.
[[1;34mINFO[m] 
[[1;34mINFO[m] [1m--- [0;32mmaven-resources-plugin:3.1.0:testResources[m [1m(default-testResources)[m @ [36mxwiki-commons-tool-test-component[0;1m ---[m
[[1;34mINFO[m] Using 'UTF-8' encoding to copy filtered resources.
[[1;34mINFO[m] skip non existing resourceDirectory /home/bdanglot/workspace/icst-2019/september-2018/dataset/xwiki-commons/xwiki-commons-tools/xwiki-commons-tool-test/xwiki-commons-tool-test-component/src/test/resources
[[1;34mINFO[m] 
[[1;34mINFO[m] [1m--- [0;32mmaven-compiler-plugin:3.8.0:testCompile[m [1m(default-testCompile)[m @ [36mxwiki-commons-tool-test-component[0;1m ---[m
[[1;34mINFO[m] Changes detected - recompiling the module!
[[1;34mINFO[m] Compiling 8 source files to /home/bdanglot/workspace/icst-2019/september-2018/dataset/xwiki-commons/xwiki-commons-tools/xwiki-commons-tool-test/xwiki-commons-tool-test-component/target/test-classes
[[1;34mINFO[m] 
[[1;34mINFO[m] [1m--- [0;32mmaven-surefire-plugin:2.22.0:test[m [1m(default-test)[m @ [36mxwiki-commons-tool-test-component[0;1m ---[m
[[1;34mINFO[m] 
[[1;34mINFO[m] -------------------------------------------------------
[[1;34mINFO[m]  T E S T S
[[1;34mINFO[m] -------------------------------------------------------
[[1;34mINFO[m] Running org.xwiki.test.junit5.mockito.[1mMockitoComponentManagerExtensionTest[m
[[1;34mINFO[m] [1;32mTests run: [0;1;32m6[m, Failures: 0, Errors: 0, Skipped: 0, Time elapsed: 0.727 s - in org.xwiki.test.junit5.mockito.[1mMockitoComponentManagerExtensionTest[m
[[1;34mINFO[m] 
[[1;34mINFO[m] Results:
[[1;34mINFO[m] 
[[1;34mINFO[m] [1;32mTests run: 6, Failures: 0, Errors: 0, Skipped: 0[m
[[1;34mINFO[m] 
[[1;34mINFO[m] [1m------------------------------------------------------------------------[m
[[1;34mINFO[m] [1;32mBUILD SUCCESS[m
[[1;34mINFO[m] [1m------------------------------------------------------------------------[m
[[1;34mINFO[m] Total time: 8.568 s
[[1;34mINFO[m] Finished at: 2018-09-20T14:15:06+02:00
[[1;34mINFO[m] [1m------------------------------------------------------------------------[m
Writing HTML report to '/home/bdanglot/workspace/icst-2019/september-2018/dataset/xwiki-commons/xwiki-commons-tools/xwiki-commons-tool-test/xwiki-commons-tool-test-component/target/clover/report'
Done. Processed 7 packages in 1717ms (245ms per package).
[[1;34mINFO[m] Saving result in /home/bdanglot/workspace/icst-2019/september-2018/dataset/xwiki-commons/testsThatExecuteTheChanges.csv ...
[[1;34mINFO[m] 
[[1;34mINFO[m] [1m------------------------------------------------------------------------[m
[[1;34mINFO[m] [1;32mBUILD SUCCESS[m
[[1;34mINFO[m] [1m------------------------------------------------------------------------[m
[[1;34mINFO[m] Total time: 16.629 s
[[1;34mINFO[m] Finished at: 2018-09-20T14:15:11+02:00
[[1;34mINFO[m] [1m------------------------------------------------------------------------[m
[WARN] 2018-09-20 14:15:11 ProjectJSONBuilder - No test execute the changes for bdc33d7
[INFO] 2018-09-20 14:15:11 RepositoriesSetterNoJSON - {september-2018/dataset/xwiki-commons} Cleaning local repository...
[INFO] 2018-09-20 14:15:11 RepositoriesSetterNoJSON - Checkout 6d0808f16ca2f6f8a4df41db0c9c914256ee3885 revision...
[INFO] 2018-09-20 14:15:11 RepositoriesSetterNoJSON - {september-2018/dataset/xwiki-commons_parent} Cleaning local repository...
[INFO] 2018-09-20 14:15:11 RepositoriesSetterNoJSON - Checkout c745c10dbbde003a71c743bdb96d00a73f586fe3 revision...
[INFO] 2018-09-20 14:15:11 TestSelectionAccordingDiff - diff --git a/xwiki-commons-core/xwiki-commons-collection/src/main/java/org/xwiki/collection/SoftCache.java b/xwiki-commons-core/xwiki-commons-collection/src/main/java/org/xwiki/collection/SoftCache.java
[INFO] 2018-09-20 14:15:11 TestSelectionAccordingDiff - index d08cad899..03ddf918a 100644
[INFO] 2018-09-20 14:15:11 TestSelectionAccordingDiff - --- a/xwiki-commons-core/xwiki-commons-collection/src/main/java/org/xwiki/collection/SoftCache.java
[INFO] 2018-09-20 14:15:11 TestSelectionAccordingDiff - +++ b/xwiki-commons-core/xwiki-commons-collection/src/main/java/org/xwiki/collection/SoftCache.java
[INFO] 2018-09-20 14:15:11 TestSelectionAccordingDiff - @@ -23,6 +23,8 @@
[INFO] 2018-09-20 14:15:11 TestSelectionAccordingDiff -  import java.util.WeakHashMap;
[INFO] 2018-09-20 14:15:11 TestSelectionAccordingDiff -  import java.util.concurrent.locks.ReentrantReadWriteLock;
[INFO] 2018-09-20 14:15:11 TestSelectionAccordingDiff -  
[INFO] 2018-09-20 14:15:11 TestSelectionAccordingDiff - +import org.xwiki.stability.Unstable;
[INFO] 2018-09-20 14:15:11 TestSelectionAccordingDiff - +
[INFO] 2018-09-20 14:15:11 TestSelectionAccordingDiff -  /**
[INFO] 2018-09-20 14:15:11 TestSelectionAccordingDiff -   * A concurrent version of {@link WeakHashMap} in which the values are soft references.
[INFO] 2018-09-20 14:15:11 TestSelectionAccordingDiff -   * 
[INFO] 2018-09-20 14:15:11 TestSelectionAccordingDiff - @@ -30,7 +32,9 @@
[INFO] 2018-09-20 14:15:11 TestSelectionAccordingDiff -   * @param <V> the type of mapped values
[INFO] 2018-09-20 14:15:11 TestSelectionAccordingDiff -   * @version $Id$
[INFO] 2018-09-20 14:15:11 TestSelectionAccordingDiff -   * @since 10.8RC1
[INFO] 2018-09-20 14:15:11 TestSelectionAccordingDiff - + * @since 9.11.8
[INFO] 2018-09-20 14:15:11 TestSelectionAccordingDiff -   */
[INFO] 2018-09-20 14:15:11 TestSelectionAccordingDiff - +@Unstable
[INFO] 2018-09-20 14:15:11 TestSelectionAccordingDiff -  public class SoftCache<K, V>
[INFO] 2018-09-20 14:15:11 TestSelectionAccordingDiff -  {
[INFO] 2018-09-20 14:15:11 TestSelectionAccordingDiff -      private WeakHashMap<K, SoftReference<V>> map = new WeakHashMap<>();
[INFO] 2018-09-20 14:15:11 TestSelectionAccordingDiff - Prepare for xwiki-commons
[INFO] 2018-09-20 14:15:11 TestSelectionAccordingDiff - Executing cmd python src/main/python/september-2018/preparation.py xwiki-commons
prepare xwiki-commons
[INFO] 2018-09-20 14:15:12 TestSelectionAccordingDiff - run maven clean install -DskipTests -Dcheckstyle.skip=true -Denforcer.skip=true --quiet
[WARN] Maven will be executed in interactive mode, but no input stream has been configured for this MavenInvoker instance.
[INFO] 2018-09-20 14:16:33 TestSelectionAccordingDiff - run maven clean eu.stamp-project:diff-test-selection:0.5-SNAPSHOT:list -DpathToDiff=/home/bdanglot/workspace/icst-2019/september-2018/dataset/xwiki-commons/patch.diff -DpathToOtherVersion=/home/bdanglot/workspace/icst-2019/september-2018/dataset/xwiki-commons_parent/xwiki-commons-core/xwiki-commons-collection -Dmodule=xwiki-commons-core/xwiki-commons-collection/ -DoutputPath=/home/bdanglot/workspace/icst-2019/september-2018/dataset/xwiki-commons/testsThatExecuteTheChanges.csv
[WARN] Maven will be executed in interactive mode, but no input stream has been configured for this MavenInvoker instance.
[[1;34mINFO[m] Scanning for projects...
[[1;33mWARNING[m] 
[[1;33mWARNING[m] Some problems were encountered while building the effective model for org.xwiki.commons:xwiki-commons-collection:jar:10.8-SNAPSHOT
[[1;33mWARNING[m] 'build.pluginManagement.plugins.plugin.(groupId:artifactId)' must be unique but found duplicate declaration of plugin org.codehaus.mojo:build-helper-maven-plugin @ org.xwiki.commons:xwiki-commons:10.8-SNAPSHOT, /home/bdanglot/workspace/icst-2019/september-2018/dataset/xwiki-commons/pom.xml, line 1839, column 17
[[1;33mWARNING[m] 
[[1;33mWARNING[m] It is highly recommended to fix these problems because they threaten the stability of your build.
[[1;33mWARNING[m] 
[[1;33mWARNING[m] For this reason, future Maven versions might no longer support building such malformed projects.
[[1;33mWARNING[m] 
[[1;34mINFO[m] 
[[1;34mINFO[m] [1m-------------< [0;36morg.xwiki.commons:xwiki-commons-collection[0;1m >-------------[m
[[1;34mINFO[m] [1mBuilding XWiki Commons - Collection 10.8-SNAPSHOT[m
[[1;34mINFO[m] [1m--------------------------------[ jar ]---------------------------------[m
[[1;34mINFO[m] 
[[1;34mINFO[m] [1m--- [0;32mmaven-clean-plugin:3.1.0:clean[m [1m(default-clean)[m @ [36mxwiki-commons-collection[0;1m ---[m
[[1;34mINFO[m] Deleting /home/bdanglot/workspace/icst-2019/september-2018/dataset/xwiki-commons/xwiki-commons-core/xwiki-commons-collection/target
[[1;34mINFO[m] 
[[1;34mINFO[m] [1m--- [0;32mdiff-test-selection:0.5-SNAPSHOT:list[m [1m(default-cli)[m @ [36mxwiki-commons-collection[0;1m ---[m
[[1;34mINFO[m] Computing coverage for /home/bdanglot/workspace/icst-2019/september-2018/dataset/xwiki-commons/xwiki-commons-core/xwiki-commons-collection
[WARN] Maven will be executed in interactive mode, but no input stream has been configured for this MavenInvoker instance.
[[1;34mINFO[m] Scanning for projects...
[[1;33mWARNING[m] 
[[1;33mWARNING[m] Some problems were encountered while building the effective model for org.xwiki.commons:xwiki-commons-collection:jar:10.8-SNAPSHOT
[[1;33mWARNING[m] 'build.pluginManagement.plugins.plugin.(groupId:artifactId)' must be unique but found duplicate declaration of plugin org.codehaus.mojo:build-helper-maven-plugin @ org.xwiki.commons:xwiki-commons:10.8-SNAPSHOT, /home/bdanglot/workspace/icst-2019/september-2018/dataset/xwiki-commons/pom.xml, line 1839, column 17
[[1;33mWARNING[m] 
[[1;33mWARNING[m] It is highly recommended to fix these problems because they threaten the stability of your build.
[[1;33mWARNING[m] 
[[1;33mWARNING[m] For this reason, future Maven versions might no longer support building such malformed projects.
[[1;33mWARNING[m] 
[[1;34mINFO[m] 
[[1;34mINFO[m] [1m-------------< [0;36morg.xwiki.commons:xwiki-commons-collection[0;1m >-------------[m
[[1;34mINFO[m] [1mBuilding XWiki Commons - Collection 10.8-SNAPSHOT[m
[[1;34mINFO[m] [1m--------------------------------[ jar ]---------------------------------[m
[[1;34mINFO[m] 
[[1;34mINFO[m] [1m--- [0;32mmaven-clean-plugin:3.1.0:clean[m [1m(default-clean)[m @ [36mxwiki-commons-collection[0;1m ---[m
[[1;34mINFO[m] 
[[1;34mINFO[m] [1m--- [0;32mclover-maven-plugin:4.2.0:setup[m [1m(default-cli)[m @ [36mxwiki-commons-collection[0;1m ---[m
[[1;34mINFO[m] No 'maven.clover.licenseLocation' configured. Using default license.
[[1;34mINFO[m] OpenClover Version 4.2.0, built on April 30 2017 (build-1000)
[[1;34mINFO[m] Loaded from: /home/bdanglot/.m2/repository/org/openclover/clover/4.2.0/clover-4.2.0.jar
[[1;34mINFO[m] Clover free edition.
[[1;34mINFO[m] Creating new database at '/home/bdanglot/workspace/icst-2019/september-2018/dataset/xwiki-commons/xwiki-commons-core/xwiki-commons-collection/target/clover/clover.db'.
[[1;34mINFO[m] Processing files at 1.8 source level.
[[1;34mINFO[m] Clover all over. Instrumented 1 file (1 package).
[[1;34mINFO[m] Elapsed time = 0.21 secs. (4.762 files/sec, 480.952 srclines/sec)
[[1;34mINFO[m] OpenClover Version 4.2.0, built on April 30 2017 (build-1000)
[[1;34mINFO[m] Loaded from: /home/bdanglot/.m2/repository/org/openclover/clover/4.2.0/clover-4.2.0.jar
[[1;34mINFO[m] Clover free edition.
[[1;34mINFO[m] Updating existing database at '/home/bdanglot/workspace/icst-2019/september-2018/dataset/xwiki-commons/xwiki-commons-core/xwiki-commons-collection/target/clover/clover.db'.
[[1;34mINFO[m] Processing files at 1.8 source level.
[[1;34mINFO[m] Clover all over. Instrumented 1 file (1 package).
[[1;34mINFO[m] 1 test method detected.
[[1;34mINFO[m] Elapsed time = 0.014 secs. (71.429 files/sec, 3,714.286 srclines/sec)
[[1;34mINFO[m] 
[[1;34mINFO[m] [1m--- [0;32mmaven-enforcer-plugin:1.4.1:enforce[m [1m(enforce-plugins)[m @ [36mxwiki-commons-collection[0;1m ---[m
[[1;34mINFO[m] Skipping Rule Enforcement.
[[1;34mINFO[m] 
[[1;34mINFO[m] [1m--- [0;32mmaven-enforcer-plugin:1.4.1:enforce[m [1m(enforce-jcl-log4j-isolation)[m @ [36mxwiki-commons-collection[0;1m ---[m
[[1;34mINFO[m] Skipping Rule Enforcement.
[[1;34mINFO[m] 
[[1;34mINFO[m] [1m--- [0;32mmaven-enforcer-plugin:1.4.1:enforce[m [1m(enforce-glasshfish-jaxb)[m @ [36mxwiki-commons-collection[0;1m ---[m
[[1;34mINFO[m] Skipping Rule Enforcement.
[[1;34mINFO[m] 
[[1;34mINFO[m] [1m--- [0;32mmaven-enforcer-plugin:1.4.1:enforce[m [1m(enforce-open-json)[m @ [36mxwiki-commons-collection[0;1m ---[m
[[1;34mINFO[m] Skipping Rule Enforcement.
[[1;34mINFO[m] 
[[1;34mINFO[m] [1m--- [0;32mmaven-enforcer-plugin:1.4.1:enforce[m [1m(enforce-glassfish-el)[m @ [36mxwiki-commons-collection[0;1m ---[m
[[1;34mINFO[m] Skipping Rule Enforcement.
[[1;34mINFO[m] 
[[1;34mINFO[m] [1m--- [0;32mmaven-enforcer-plugin:1.4.1:enforce[m [1m(enforce-commons-lang3)[m @ [36mxwiki-commons-collection[0;1m ---[m
[[1;34mINFO[m] Skipping Rule Enforcement.
[[1;34mINFO[m] 
[[1;34mINFO[m] [1m--- [0;32mmaven-enforcer-plugin:1.4.1:enforce[m [1m(enforce-commons-configuration2)[m @ [36mxwiki-commons-collection[0;1m ---[m
[[1;34mINFO[m] Skipping Rule Enforcement.
[[1;34mINFO[m] 
[[1;34mINFO[m] [1m--- [0;32mmaven-enforcer-plugin:1.4.1:enforce[m [1m(enforce-bouncycastle-ids)[m @ [36mxwiki-commons-collection[0;1m ---[m
[[1;34mINFO[m] Skipping Rule Enforcement.
[[1;34mINFO[m] 
[[1;34mINFO[m] [1m--- [0;32mmaven-enforcer-plugin:1.4.1:enforce[m [1m(enforce-javase-dependencies)[m @ [36mxwiki-commons-collection[0;1m ---[m
[[1;34mINFO[m] Skipping Rule Enforcement.
[[1;34mINFO[m] 
[[1;34mINFO[m] [1m--- [0;32mmaven-enforcer-plugin:1.4.1:enforce[m [1m(enforce-upper-bounds)[m @ [36mxwiki-commons-collection[0;1m ---[m
[[1;34mINFO[m] Skipping Rule Enforcement.
[[1;34mINFO[m] 
[[1;34mINFO[m] [1m--- [0;32mmaven-enforcer-plugin:1.4.1:enforce[m [1m(enforce-no-legacy-dependencies)[m @ [36mxwiki-commons-collection[0;1m ---[m
[[1;34mINFO[m] 
[[1;34mINFO[m] [1m--- [0;32mmaven-enforcer-plugin:1.4.1:enforce[m [1m(enforce-valid-poms)[m @ [36mxwiki-commons-collection[0;1m ---[m
[[1;34mINFO[m] Skipping Rule Enforcement.
[[1;34mINFO[m] 
[[1;34mINFO[m] [1m--- [0;32mmaven-enforcer-plugin:1.4.1:enforce[m [1m(enforce-platform-rendering-isolation)[m @ [36mxwiki-commons-collection[0;1m ---[m
[[1;34mINFO[m] Skipping Rule Enforcement.
[[1;34mINFO[m] 
[[1;34mINFO[m] [1m--- [0;32mmaven-enforcer-plugin:1.4.1:enforce[m [1m(check-dependency-version)[m @ [36mxwiki-commons-collection[0;1m ---[m
[[1;34mINFO[m] Skipping Rule Enforcement.
[[1;34mINFO[m] 
[[1;34mINFO[m] [1m--- [0;32mxwiki-commons-tool-remote-resource-plugin:10.8-SNAPSHOT:process[m [1m(xwiki-license-resources)[m @ [36mxwiki-commons-collection[0;1m ---[m
[[1;34mINFO[m] 
[[1;34mINFO[m] [1m--- [0;32mmaven-resources-plugin:3.1.0:resources[m [1m(default-resources)[m @ [36mxwiki-commons-collection[0;1m ---[m
[[1;34mINFO[m] Using 'UTF-8' encoding to copy filtered resources.
[[1;34mINFO[m] skip non existing resourceDirectory /home/bdanglot/workspace/icst-2019/september-2018/dataset/xwiki-commons/xwiki-commons-core/xwiki-commons-collection/src/main/resources
[[1;34mINFO[m] Copying 1 resource
[[1;34mINFO[m] Copying 2 resources
[[1;34mINFO[m] 
[[1;34mINFO[m] [1m--- [0;32mmaven-compiler-plugin:3.8.0:compile[m [1m(default-compile)[m @ [36mxwiki-commons-collection[0;1m ---[m
[[1;34mINFO[m] Changes detected - recompiling the module!
[[1;34mINFO[m] Compiling 1 source file to /home/bdanglot/workspace/icst-2019/september-2018/dataset/xwiki-commons/xwiki-commons-core/xwiki-commons-collection/target/classes
[[1;34mINFO[m] 
[[1;34mINFO[m] [1m--- [0;32mmaven-bundle-plugin:3.5.1:manifest[m [1m(bundle-manifest)[m @ [36mxwiki-commons-collection[0;1m ---[m
[[1;34mINFO[m] 
[[1;34mINFO[m] [1m--- [0;32mmaven-resources-plugin:3.1.0:testResources[m [1m(default-testResources)[m @ [36mxwiki-commons-collection[0;1m ---[m
[[1;34mINFO[m] Using 'UTF-8' encoding to copy filtered resources.
[[1;34mINFO[m] skip non existing resourceDirectory /home/bdanglot/workspace/icst-2019/september-2018/dataset/xwiki-commons/xwiki-commons-core/xwiki-commons-collection/src/test/resources
[[1;34mINFO[m] Copying 2 resources
[[1;34mINFO[m] 
[[1;34mINFO[m] [1m--- [0;32mmaven-compiler-plugin:3.8.0:testCompile[m [1m(default-testCompile)[m @ [36mxwiki-commons-collection[0;1m ---[m
[[1;34mINFO[m] Changes detected - recompiling the module!
[[1;34mINFO[m] Compiling 1 source file to /home/bdanglot/workspace/icst-2019/september-2018/dataset/xwiki-commons/xwiki-commons-core/xwiki-commons-collection/target/test-classes
[[1;34mINFO[m] 
[[1;34mINFO[m] [1m--- [0;32mmaven-surefire-plugin:2.22.0:test[m [1m(default-test)[m @ [36mxwiki-commons-collection[0;1m ---[m
[[1;34mINFO[m] 
[[1;34mINFO[m] -------------------------------------------------------
[[1;34mINFO[m]  T E S T S
[[1;34mINFO[m] -------------------------------------------------------
[[1;34mINFO[m] Running org.xwiki.collection.[1mSoftCacheTest[m
[[1;34mINFO[m] [1;32mTests run: [0;1;32m1[m, Failures: 0, Errors: 0, Skipped: 0, Time elapsed: 0.047 s - in org.xwiki.collection.[1mSoftCacheTest[m
[[1;34mINFO[m] 
[[1;34mINFO[m] Results:
[[1;34mINFO[m] 
[[1;34mINFO[m] [1;32mTests run: 1, Failures: 0, Errors: 0, Skipped: 0[m
[[1;34mINFO[m] 
[[1;34mINFO[m] [1m------------------------------------------------------------------------[m
[[1;34mINFO[m] [1;32mBUILD SUCCESS[m
[[1;34mINFO[m] [1m------------------------------------------------------------------------[m
[[1;34mINFO[m] Total time: 5.985 s
[[1;34mINFO[m] Finished at: 2018-09-20T14:16:43+02:00
[[1;34mINFO[m] [1m------------------------------------------------------------------------[m
Writing HTML report to '/home/bdanglot/workspace/icst-2019/september-2018/dataset/xwiki-commons/xwiki-commons-core/xwiki-commons-collection/target/clover/report'
Done. Processed 1 packages in 983ms (983ms per package).
[[1;34mINFO[m] Saving result in /home/bdanglot/workspace/icst-2019/september-2018/dataset/xwiki-commons/testsThatExecuteTheChanges.csv ...
[[1;34mINFO[m] 
[[1;34mINFO[m] [1m------------------------------------------------------------------------[m
[[1;34mINFO[m] [1;32mBUILD SUCCESS[m
[[1;34mINFO[m] [1m------------------------------------------------------------------------[m
[[1;34mINFO[m] Total time: 11.167 s
[[1;34mINFO[m] Finished at: 2018-09-20T14:16:46+02:00
[[1;34mINFO[m] [1m------------------------------------------------------------------------[m
[WARN] 2018-09-20 14:16:46 ProjectJSONBuilder - No test execute the changes for 6d0808f
[INFO] 2018-09-20 14:16:46 RepositoriesSetterNoJSON - {september-2018/dataset/xwiki-commons} Cleaning local repository...
[INFO] 2018-09-20 14:16:46 RepositoriesSetterNoJSON - Checkout c745c10dbbde003a71c743bdb96d00a73f586fe3 revision...
[INFO] 2018-09-20 14:16:46 RepositoriesSetterNoJSON - {september-2018/dataset/xwiki-commons_parent} Cleaning local repository...
[INFO] 2018-09-20 14:16:46 RepositoriesSetterNoJSON - Checkout 7300f1c84fd7ad84927f7c2e9d4a08b4a977b42f revision...
[INFO] 2018-09-20 14:16:46 TestSelectionAccordingDiff - diff --git a/xwiki-commons-core/pom.xml b/xwiki-commons-core/pom.xml
[INFO] 2018-09-20 14:16:46 TestSelectionAccordingDiff - index 09a2da9d4..cd1306c09 100644
[INFO] 2018-09-20 14:16:46 TestSelectionAccordingDiff - --- a/xwiki-commons-core/pom.xml
[INFO] 2018-09-20 14:16:46 TestSelectionAccordingDiff - +++ b/xwiki-commons-core/pom.xml
[INFO] 2018-09-20 14:16:46 TestSelectionAccordingDiff - @@ -41,6 +41,7 @@
[INFO] 2018-09-20 14:16:46 TestSelectionAccordingDiff -      <module>xwiki-commons-blame</module>
[INFO] 2018-09-20 14:16:46 TestSelectionAccordingDiff -      <module>xwiki-commons-cache</module>
[INFO] 2018-09-20 14:16:46 TestSelectionAccordingDiff -      <module>xwiki-commons-classloader</module>
[INFO] 2018-09-20 14:16:46 TestSelectionAccordingDiff - +    <module>xwiki-commons-collection</module>
[INFO] 2018-09-20 14:16:46 TestSelectionAccordingDiff -      <module>xwiki-commons-component</module>
[INFO] 2018-09-20 14:16:46 TestSelectionAccordingDiff -      <module>xwiki-commons-configuration</module>
[INFO] 2018-09-20 14:16:46 TestSelectionAccordingDiff -      <module>xwiki-commons-context</module>
[INFO] 2018-09-20 14:16:46 TestSelectionAccordingDiff - diff --git a/xwiki-commons-core/xwiki-commons-collection/pom.xml b/xwiki-commons-core/xwiki-commons-collection/pom.xml
[INFO] 2018-09-20 14:16:46 TestSelectionAccordingDiff - new file mode 100644
[INFO] 2018-09-20 14:16:46 TestSelectionAccordingDiff - index 000000000..787b90d78
[INFO] 2018-09-20 14:16:46 TestSelectionAccordingDiff - --- /dev/null
[INFO] 2018-09-20 14:16:46 TestSelectionAccordingDiff - +++ b/xwiki-commons-core/xwiki-commons-collection/pom.xml
[INFO] 2018-09-20 14:16:46 TestSelectionAccordingDiff - @@ -0,0 +1,53 @@
[INFO] 2018-09-20 14:16:46 TestSelectionAccordingDiff - +<?xml version="1.0" encoding="UTF-8"?>
[INFO] 2018-09-20 14:16:46 TestSelectionAccordingDiff - +
[INFO] 2018-09-20 14:16:46 TestSelectionAccordingDiff - +<!--
[INFO] 2018-09-20 14:16:46 TestSelectionAccordingDiff - + * See the NOTICE file distributed with this work for additional
[INFO] 2018-09-20 14:16:46 TestSelectionAccordingDiff - + * information regarding copyright ownership.
[INFO] 2018-09-20 14:16:46 TestSelectionAccordingDiff - + *
[INFO] 2018-09-20 14:16:46 TestSelectionAccordingDiff - + * This is free software; you can redistribute it and/or modify it
[INFO] 2018-09-20 14:16:46 TestSelectionAccordingDiff - + * under the terms of the GNU Lesser General Public License as
[INFO] 2018-09-20 14:16:46 TestSelectionAccordingDiff - + * published by the Free Software Foundation; either version 2.1 of
[INFO] 2018-09-20 14:16:46 TestSelectionAccordingDiff - + * the License, or (at your option) any later version.
[INFO] 2018-09-20 14:16:46 TestSelectionAccordingDiff - + *
[INFO] 2018-09-20 14:16:46 TestSelectionAccordingDiff - + * This software is distributed in the hope that it will be useful,
[INFO] 2018-09-20 14:16:46 TestSelectionAccordingDiff - + * but WITHOUT ANY WARRANTY; without even the implied warranty of
[INFO] 2018-09-20 14:16:46 TestSelectionAccordingDiff - + * MERCHANTABILITY or FITNESS FOR A PARTICULAR PURPOSE. See the GNU
[INFO] 2018-09-20 14:16:46 TestSelectionAccordingDiff - + * Lesser General Public License for more details.
[INFO] 2018-09-20 14:16:46 TestSelectionAccordingDiff - + *
[INFO] 2018-09-20 14:16:46 TestSelectionAccordingDiff - + * You should have received a copy of the GNU Lesser General Public
[INFO] 2018-09-20 14:16:46 TestSelectionAccordingDiff - + * License along with this software; if not, write to the Free
[INFO] 2018-09-20 14:16:46 TestSelectionAccordingDiff - + * Software Foundation, Inc., 51 Franklin St, Fifth Floor, Boston, MA
[INFO] 2018-09-20 14:16:46 TestSelectionAccordingDiff - + * 02110-1301 USA, or see the FSF site: http://www.fsf.org.
[INFO] 2018-09-20 14:16:46 TestSelectionAccordingDiff - +-->
[INFO] 2018-09-20 14:16:46 TestSelectionAccordingDiff - +
[INFO] 2018-09-20 14:16:46 TestSelectionAccordingDiff - +<project xmlns="http://maven.apache.org/POM/4.0.0" xmlns:xsi="http://www.w3.org/2001/XMLSchema-instance" xsi:schemaLocation="http://maven.apache.org/POM/4.0.0 http://maven.apache.org/maven-v4_0_0.xsd">
[INFO] 2018-09-20 14:16:46 TestSelectionAccordingDiff - +  <modelVersion>4.0.0</modelVersion>
[INFO] 2018-09-20 14:16:46 TestSelectionAccordingDiff - +  <parent>
[INFO] 2018-09-20 14:16:46 TestSelectionAccordingDiff - +    <groupId>org.xwiki.commons</groupId>
[INFO] 2018-09-20 14:16:46 TestSelectionAccordingDiff - +    <artifactId>xwiki-commons-core</artifactId>
[INFO] 2018-09-20 14:16:46 TestSelectionAccordingDiff - +    <version>10.8-SNAPSHOT</version>
[INFO] 2018-09-20 14:16:46 TestSelectionAccordingDiff - +  </parent>
[INFO] 2018-09-20 14:16:46 TestSelectionAccordingDiff - +  <artifactId>xwiki-commons-collection</artifactId>
[INFO] 2018-09-20 14:16:46 TestSelectionAccordingDiff - +  <name>XWiki Commons - Collection</name>
[INFO] 2018-09-20 14:16:46 TestSelectionAccordingDiff - +  <packaging>jar</packaging>
[INFO] 2018-09-20 14:16:46 TestSelectionAccordingDiff - +  <description>Offers collection-related APIs</description>
[INFO] 2018-09-20 14:16:46 TestSelectionAccordingDiff - +  <properties>
[INFO] 2018-09-20 14:16:46 TestSelectionAccordingDiff - +    <xwiki.jacoco.instructionRatio>1.00</xwiki.jacoco.instructionRatio>
[INFO] 2018-09-20 14:16:46 TestSelectionAccordingDiff - +    <xwiki.pitest.mutationThreshold>100</xwiki.pitest.mutationThreshold>
[INFO] 2018-09-20 14:16:46 TestSelectionAccordingDiff - +  </properties>
[INFO] 2018-09-20 14:16:46 TestSelectionAccordingDiff - +  <dependencies>
[INFO] 2018-09-20 14:16:46 TestSelectionAccordingDiff - +    <dependency>
[INFO] 2018-09-20 14:16:46 TestSelectionAccordingDiff - +      <groupId>org.xwiki.commons</groupId>
[INFO] 2018-09-20 14:16:46 TestSelectionAccordingDiff - +      <artifactId>xwiki-commons-stability</artifactId>
[INFO] 2018-09-20 14:16:46 TestSelectionAccordingDiff - +      <version>${project.version}</version>
[INFO] 2018-09-20 14:16:46 TestSelectionAccordingDiff - +    </dependency>
[INFO] 2018-09-20 14:16:46 TestSelectionAccordingDiff - +
[INFO] 2018-09-20 14:16:46 TestSelectionAccordingDiff - +    <!-- Testing dependencies -->
[INFO] 2018-09-20 14:16:46 TestSelectionAccordingDiff - +    <dependency>
[INFO] 2018-09-20 14:16:46 TestSelectionAccordingDiff - +      <groupId>org.xwiki.commons</groupId>
[INFO] 2018-09-20 14:16:46 TestSelectionAccordingDiff - +      <artifactId>xwiki-commons-tool-test-simple</artifactId>
[INFO] 2018-09-20 14:16:46 TestSelectionAccordingDiff - +      <version>${project.version}</version>
[INFO] 2018-09-20 14:16:46 TestSelectionAccordingDiff - +      <scope>test</scope>
[INFO] 2018-09-20 14:16:46 TestSelectionAccordingDiff - +    </dependency>
[INFO] 2018-09-20 14:16:46 TestSelectionAccordingDiff - +  </dependencies>
[INFO] 2018-09-20 14:16:46 TestSelectionAccordingDiff - +</project>
[INFO] 2018-09-20 14:16:46 TestSelectionAccordingDiff - diff --git a/xwiki-commons-core/xwiki-commons-extension/xwiki-commons-extension-api/src/main/java/org/xwiki/extension/internal/SoftCache.java b/xwiki-commons-core/xwiki-commons-collection/src/main/java/org/xwiki/collection/SoftCache.java
[INFO] 2018-09-20 14:16:46 TestSelectionAccordingDiff - similarity index 97%
[INFO] 2018-09-20 14:16:46 TestSelectionAccordingDiff - rename from xwiki-commons-core/xwiki-commons-extension/xwiki-commons-extension-api/src/main/java/org/xwiki/extension/internal/SoftCache.java
[INFO] 2018-09-20 14:16:46 TestSelectionAccordingDiff - rename to xwiki-commons-core/xwiki-commons-collection/src/main/java/org/xwiki/collection/SoftCache.java
[INFO] 2018-09-20 14:16:46 TestSelectionAccordingDiff - index eb71958de..d08cad899 100644
[INFO] 2018-09-20 14:16:46 TestSelectionAccordingDiff - --- a/xwiki-commons-core/xwiki-commons-extension/xwiki-commons-extension-api/src/main/java/org/xwiki/extension/internal/SoftCache.java
[INFO] 2018-09-20 14:16:46 TestSelectionAccordingDiff - +++ b/xwiki-commons-core/xwiki-commons-collection/src/main/java/org/xwiki/collection/SoftCache.java
[INFO] 2018-09-20 14:16:46 TestSelectionAccordingDiff - @@ -17,7 +17,7 @@
[INFO] 2018-09-20 14:16:46 TestSelectionAccordingDiff -   * Software Foundation, Inc., 51 Franklin St, Fifth Floor, Boston, MA
[INFO] 2018-09-20 14:16:46 TestSelectionAccordingDiff -   * 02110-1301 USA, or see the FSF site: http://www.fsf.org.
[INFO] 2018-09-20 14:16:46 TestSelectionAccordingDiff -   */
[INFO] 2018-09-20 14:16:46 TestSelectionAccordingDiff - -package org.xwiki.extension.internal;
[INFO] 2018-09-20 14:16:46 TestSelectionAccordingDiff - +package org.xwiki.collection;
[INFO] 2018-09-20 14:16:46 TestSelectionAccordingDiff -  
[INFO] 2018-09-20 14:16:46 TestSelectionAccordingDiff -  import java.lang.ref.SoftReference;
[INFO] 2018-09-20 14:16:46 TestSelectionAccordingDiff -  import java.util.WeakHashMap;
[INFO] 2018-09-20 14:16:46 TestSelectionAccordingDiff - @@ -29,8 +29,7 @@
[INFO] 2018-09-20 14:16:46 TestSelectionAccordingDiff -   * @param <K> the type of keys maintained by this map
[INFO] 2018-09-20 14:16:46 TestSelectionAccordingDiff -   * @param <V> the type of mapped values
[INFO] 2018-09-20 14:16:46 TestSelectionAccordingDiff -   * @version $Id$
[INFO] 2018-09-20 14:16:46 TestSelectionAccordingDiff - - * @since 9.1RC1
[INFO] 2018-09-20 14:16:46 TestSelectionAccordingDiff - - * @since 8.4.3
[INFO] 2018-09-20 14:16:46 TestSelectionAccordingDiff - + * @since 10.8RC1
[INFO] 2018-09-20 14:16:46 TestSelectionAccordingDiff -   */
[INFO] 2018-09-20 14:16:46 TestSelectionAccordingDiff -  public class SoftCache<K, V>
[INFO] 2018-09-20 14:16:46 TestSelectionAccordingDiff -  {
[INFO] 2018-09-20 14:16:46 TestSelectionAccordingDiff - diff --git a/xwiki-commons-core/xwiki-commons-collection/src/test/java/org/xwiki/collection/SoftCacheTest.java b/xwiki-commons-core/xwiki-commons-collection/src/test/java/org/xwiki/collection/SoftCacheTest.java
[INFO] 2018-09-20 14:16:46 TestSelectionAccordingDiff - new file mode 100644
[INFO] 2018-09-20 14:16:46 TestSelectionAccordingDiff - index 000000000..5b693df4c
[INFO] 2018-09-20 14:16:46 TestSelectionAccordingDiff - --- /dev/null
[INFO] 2018-09-20 14:16:46 TestSelectionAccordingDiff - +++ b/xwiki-commons-core/xwiki-commons-collection/src/test/java/org/xwiki/collection/SoftCacheTest.java
[INFO] 2018-09-20 14:16:46 TestSelectionAccordingDiff - @@ -0,0 +1,52 @@
[INFO] 2018-09-20 14:16:46 TestSelectionAccordingDiff - +/*
[INFO] 2018-09-20 14:16:46 TestSelectionAccordingDiff - + * See the NOTICE file distributed with this work for additional
[INFO] 2018-09-20 14:16:46 TestSelectionAccordingDiff - + * information regarding copyright ownership.
[INFO] 2018-09-20 14:16:46 TestSelectionAccordingDiff - + *
[INFO] 2018-09-20 14:16:46 TestSelectionAccordingDiff - + * This is free software; you can redistribute it and/or modify it
[INFO] 2018-09-20 14:16:46 TestSelectionAccordingDiff - + * under the terms of the GNU Lesser General Public License as
[INFO] 2018-09-20 14:16:46 TestSelectionAccordingDiff - + * published by the Free Software Foundation; either version 2.1 of
[INFO] 2018-09-20 14:16:46 TestSelectionAccordingDiff - + * the License, or (at your option) any later version.
[INFO] 2018-09-20 14:16:46 TestSelectionAccordingDiff - + *
[INFO] 2018-09-20 14:16:46 TestSelectionAccordingDiff - + * This software is distributed in the hope that it will be useful,
[INFO] 2018-09-20 14:16:46 TestSelectionAccordingDiff - + * but WITHOUT ANY WARRANTY; without even the implied warranty of
[INFO] 2018-09-20 14:16:46 TestSelectionAccordingDiff - + * MERCHANTABILITY or FITNESS FOR A PARTICULAR PURPOSE. See the GNU
[INFO] 2018-09-20 14:16:46 TestSelectionAccordingDiff - + * Lesser General Public License for more details.
[INFO] 2018-09-20 14:16:46 TestSelectionAccordingDiff - + *
[INFO] 2018-09-20 14:16:46 TestSelectionAccordingDiff - + * You should have received a copy of the GNU Lesser General Public
[INFO] 2018-09-20 14:16:46 TestSelectionAccordingDiff - + * License along with this software; if not, write to the Free
[INFO] 2018-09-20 14:16:46 TestSelectionAccordingDiff - + * Software Foundation, Inc., 51 Franklin St, Fifth Floor, Boston, MA
[INFO] 2018-09-20 14:16:46 TestSelectionAccordingDiff - + * 02110-1301 USA, or see the FSF site: http://www.fsf.org.
[INFO] 2018-09-20 14:16:46 TestSelectionAccordingDiff - + */
[INFO] 2018-09-20 14:16:46 TestSelectionAccordingDiff - +package org.xwiki.collection;
[INFO] 2018-09-20 14:16:46 TestSelectionAccordingDiff - +
[INFO] 2018-09-20 14:16:46 TestSelectionAccordingDiff - +import org.junit.jupiter.api.Test;
[INFO] 2018-09-20 14:16:46 TestSelectionAccordingDiff - +
[INFO] 2018-09-20 14:16:46 TestSelectionAccordingDiff - +import static org.junit.jupiter.api.Assertions.assertNull;
[INFO] 2018-09-20 14:16:46 TestSelectionAccordingDiff - +import static org.junit.jupiter.api.Assertions.assertSame;
[INFO] 2018-09-20 14:16:46 TestSelectionAccordingDiff - +
[INFO] 2018-09-20 14:16:46 TestSelectionAccordingDiff - +/**
[INFO] 2018-09-20 14:16:46 TestSelectionAccordingDiff - + * Validate {@link SoftCache}.
[INFO] 2018-09-20 14:16:46 TestSelectionAccordingDiff - + * 
[INFO] 2018-09-20 14:16:46 TestSelectionAccordingDiff - + * @version $Id$
[INFO] 2018-09-20 14:16:46 TestSelectionAccordingDiff - + */
[INFO] 2018-09-20 14:16:46 TestSelectionAccordingDiff - +public class SoftCacheTest
[INFO] 2018-09-20 14:16:46 TestSelectionAccordingDiff - +{
[INFO] 2018-09-20 14:16:46 TestSelectionAccordingDiff - +    private SoftCache<String, String> cache = new SoftCache<>();
[INFO] 2018-09-20 14:16:46 TestSelectionAccordingDiff - +
[INFO] 2018-09-20 14:16:46 TestSelectionAccordingDiff - +    @Test
[INFO] 2018-09-20 14:16:46 TestSelectionAccordingDiff - +    public void testWithStrongReferences()
[INFO] 2018-09-20 14:16:46 TestSelectionAccordingDiff - +    {
[INFO] 2018-09-20 14:16:46 TestSelectionAccordingDiff - +        String value = "value";
[INFO] 2018-09-20 14:16:46 TestSelectionAccordingDiff - +        String defaultValue = "default";
[INFO] 2018-09-20 14:16:46 TestSelectionAccordingDiff - +
[INFO] 2018-09-20 14:16:46 TestSelectionAccordingDiff - +        assertNull(this.cache.get(value));
[INFO] 2018-09-20 14:16:46 TestSelectionAccordingDiff - +        assertSame(defaultValue, this.cache.get(value, defaultValue));
[INFO] 2018-09-20 14:16:46 TestSelectionAccordingDiff - +
[INFO] 2018-09-20 14:16:46 TestSelectionAccordingDiff - +        this.cache.put(value, value);
[INFO] 2018-09-20 14:16:46 TestSelectionAccordingDiff - +
[INFO] 2018-09-20 14:16:46 TestSelectionAccordingDiff - +        assertSame(value, this.cache.get(value));
[INFO] 2018-09-20 14:16:46 TestSelectionAccordingDiff - +        assertSame(value, this.cache.get(value, defaultValue));
[INFO] 2018-09-20 14:16:46 TestSelectionAccordingDiff - +    }
[INFO] 2018-09-20 14:16:46 TestSelectionAccordingDiff - +
[INFO] 2018-09-20 14:16:46 TestSelectionAccordingDiff - +    // TODO: find a way to force the JVM to clear all weak and soft references
[INFO] 2018-09-20 14:16:46 TestSelectionAccordingDiff - +}
[INFO] 2018-09-20 14:16:46 TestSelectionAccordingDiff - diff --git a/xwiki-commons-core/xwiki-commons-extension/xwiki-commons-extension-api/src/main/java/org/xwiki/extension/internal/ExtensionFactory.java b/xwiki-commons-core/xwiki-commons-extension/xwiki-commons-extension-api/src/main/java/org/xwiki/extension/internal/ExtensionFactory.java
[INFO] 2018-09-20 14:16:46 TestSelectionAccordingDiff - index daf9a390e..711bb88e6 100644
[INFO] 2018-09-20 14:16:46 TestSelectionAccordingDiff - --- a/xwiki-commons-core/xwiki-commons-extension/xwiki-commons-extension-api/src/main/java/org/xwiki/extension/internal/ExtensionFactory.java
[INFO] 2018-09-20 14:16:46 TestSelectionAccordingDiff - +++ b/xwiki-commons-core/xwiki-commons-extension/xwiki-commons-extension-api/src/main/java/org/xwiki/extension/internal/ExtensionFactory.java
[INFO] 2018-09-20 14:16:46 TestSelectionAccordingDiff - @@ -24,6 +24,7 @@
[INFO] 2018-09-20 14:16:46 TestSelectionAccordingDiff -  
[INFO] 2018-09-20 14:16:46 TestSelectionAccordingDiff -  import javax.inject.Singleton;
[INFO] 2018-09-20 14:16:46 TestSelectionAccordingDiff -  
[INFO] 2018-09-20 14:16:46 TestSelectionAccordingDiff - +import org.xwiki.collection.SoftCache;
[INFO] 2018-09-20 14:16:46 TestSelectionAccordingDiff -  import org.xwiki.component.annotation.Component;
[INFO] 2018-09-20 14:16:46 TestSelectionAccordingDiff -  import org.xwiki.extension.DefaultExtensionAuthor;
[INFO] 2018-09-20 14:16:46 TestSelectionAccordingDiff -  import org.xwiki.extension.DefaultExtensionDependency;
[INFO] 2018-09-20 14:16:46 TestSelectionAccordingDiff - diff --git a/xwiki-commons-core/xwiki-commons-properties/pom.xml b/xwiki-commons-core/xwiki-commons-properties/pom.xml
[INFO] 2018-09-20 14:16:46 TestSelectionAccordingDiff - index 1649713b9..9ca90cbe0 100644
[INFO] 2018-09-20 14:16:46 TestSelectionAccordingDiff - --- a/xwiki-commons-core/xwiki-commons-properties/pom.xml
[INFO] 2018-09-20 14:16:46 TestSelectionAccordingDiff - +++ b/xwiki-commons-core/xwiki-commons-properties/pom.xml
[INFO] 2018-09-20 14:16:46 TestSelectionAccordingDiff - @@ -43,6 +43,11 @@
[INFO] 2018-09-20 14:16:46 TestSelectionAccordingDiff -        <artifactId>xwiki-commons-component-api</artifactId>
[INFO] 2018-09-20 14:16:46 TestSelectionAccordingDiff -        <version>${project.version}</version>
[INFO] 2018-09-20 14:16:46 TestSelectionAccordingDiff -      </dependency>
[INFO] 2018-09-20 14:16:46 TestSelectionAccordingDiff - +    <dependency>
[INFO] 2018-09-20 14:16:46 TestSelectionAccordingDiff - +      <groupId>org.xwiki.commons</groupId>
[INFO] 2018-09-20 14:16:46 TestSelectionAccordingDiff - +      <artifactId>xwiki-commons-collection</artifactId>
[INFO] 2018-09-20 14:16:46 TestSelectionAccordingDiff - +      <version>${project.version}</version>
[INFO] 2018-09-20 14:16:46 TestSelectionAccordingDiff - +    </dependency>
[INFO] 2018-09-20 14:16:46 TestSelectionAccordingDiff -      <dependency>
[INFO] 2018-09-20 14:16:46 TestSelectionAccordingDiff -        <groupId>javax.validation</groupId>
[INFO] 2018-09-20 14:16:46 TestSelectionAccordingDiff -        <artifactId>validation-api</artifactId>
[INFO] 2018-09-20 14:16:46 TestSelectionAccordingDiff - @@ -55,6 +60,7 @@
[INFO] 2018-09-20 14:16:46 TestSelectionAccordingDiff -        <groupId>org.apache.commons</groupId>
[INFO] 2018-09-20 14:16:46 TestSelectionAccordingDiff -        <artifactId>commons-lang3</artifactId>
[INFO] 2018-09-20 14:16:46 TestSelectionAccordingDiff -      </dependency>
[INFO] 2018-09-20 14:16:46 TestSelectionAccordingDiff - +
[INFO] 2018-09-20 14:16:46 TestSelectionAccordingDiff -      <!-- Tests dependencies -->
[INFO] 2018-09-20 14:16:46 TestSelectionAccordingDiff -      <dependency>
[INFO] 2018-09-20 14:16:46 TestSelectionAccordingDiff -        <groupId>org.xwiki.commons</groupId>
[INFO] 2018-09-20 14:16:46 TestSelectionAccordingDiff - diff --git a/xwiki-commons-core/xwiki-commons-properties/src/main/java/org/xwiki/properties/internal/DefaultBeanManager.java b/xwiki-commons-core/xwiki-commons-properties/src/main/java/org/xwiki/properties/internal/DefaultBeanManager.java
[INFO] 2018-09-20 14:16:46 TestSelectionAccordingDiff - index fb08c80cc..3a6fa880f 100644
[INFO] 2018-09-20 14:16:46 TestSelectionAccordingDiff - --- a/xwiki-commons-core/xwiki-commons-properties/src/main/java/org/xwiki/properties/internal/DefaultBeanManager.java
[INFO] 2018-09-20 14:16:46 TestSelectionAccordingDiff - +++ b/xwiki-commons-core/xwiki-commons-properties/src/main/java/org/xwiki/properties/internal/DefaultBeanManager.java
[INFO] 2018-09-20 14:16:46 TestSelectionAccordingDiff - @@ -25,8 +25,6 @@
[INFO] 2018-09-20 14:16:46 TestSelectionAccordingDiff -  import java.util.HashMap;
[INFO] 2018-09-20 14:16:46 TestSelectionAccordingDiff -  import java.util.Map;
[INFO] 2018-09-20 14:16:46 TestSelectionAccordingDiff -  import java.util.Set;
[INFO] 2018-09-20 14:16:46 TestSelectionAccordingDiff - -import java.util.WeakHashMap;
[INFO] 2018-09-20 14:16:46 TestSelectionAccordingDiff - -import java.util.concurrent.locks.ReentrantReadWriteLock;
[INFO] 2018-09-20 14:16:46 TestSelectionAccordingDiff -  
[INFO] 2018-09-20 14:16:46 TestSelectionAccordingDiff -  import javax.inject.Inject;
[INFO] 2018-09-20 14:16:46 TestSelectionAccordingDiff -  import javax.inject.Singleton;
[INFO] 2018-09-20 14:16:46 TestSelectionAccordingDiff - @@ -37,6 +35,7 @@
[INFO] 2018-09-20 14:16:46 TestSelectionAccordingDiff -  import javax.validation.ValidatorFactory;
[INFO] 2018-09-20 14:16:46 TestSelectionAccordingDiff -  
[INFO] 2018-09-20 14:16:46 TestSelectionAccordingDiff -  import org.slf4j.Logger;
[INFO] 2018-09-20 14:16:46 TestSelectionAccordingDiff - +import org.xwiki.collection.SoftCache;
[INFO] 2018-09-20 14:16:46 TestSelectionAccordingDiff -  import org.xwiki.component.annotation.Component;
[INFO] 2018-09-20 14:16:46 TestSelectionAccordingDiff -  import org.xwiki.properties.BeanDescriptor;
[INFO] 2018-09-20 14:16:46 TestSelectionAccordingDiff -  import org.xwiki.properties.BeanManager;
[INFO] 2018-09-20 14:16:46 TestSelectionAccordingDiff - @@ -63,12 +62,10 @@
[INFO] 2018-09-20 14:16:46 TestSelectionAccordingDiff -  public class DefaultBeanManager implements BeanManager
[INFO] 2018-09-20 14:16:46 TestSelectionAccordingDiff -  {
[INFO] 2018-09-20 14:16:46 TestSelectionAccordingDiff -      /**
[INFO] 2018-09-20 14:16:46 TestSelectionAccordingDiff - -     * Cache the already parsed classes. We store weak reference since the classes might come from extension later
[INFO] 2018-09-20 14:16:46 TestSelectionAccordingDiff - -     * uninstalled or reloaded.
[INFO] 2018-09-20 14:16:46 TestSelectionAccordingDiff - +     * Cache the already parsed classes. We store weak reference since the classes might come from extensions later
[INFO] 2018-09-20 14:16:46 TestSelectionAccordingDiff - +     * uninstalled/upgraded or from scripts.
[INFO] 2018-09-20 14:16:46 TestSelectionAccordingDiff -       */
[INFO] 2018-09-20 14:16:46 TestSelectionAccordingDiff - -    private Map<Class<?>, BeanDescriptor> beanDescriptorCache = new WeakHashMap<>();
[INFO] 2018-09-20 14:16:46 TestSelectionAccordingDiff - -
[INFO] 2018-09-20 14:16:46 TestSelectionAccordingDiff - -    private ReentrantReadWriteLock lock = new ReentrantReadWriteLock();
[INFO] 2018-09-20 14:16:46 TestSelectionAccordingDiff - +    private SoftCache<Class<?>, BeanDescriptor> beanDescriptorCache = new SoftCache<>();
[INFO] 2018-09-20 14:16:46 TestSelectionAccordingDiff -  
[INFO] 2018-09-20 14:16:46 TestSelectionAccordingDiff -      /**
[INFO] 2018-09-20 14:16:46 TestSelectionAccordingDiff -       * The logger to use for logging.
[INFO] 2018-09-20 14:16:46 TestSelectionAccordingDiff - @@ -223,25 +220,13 @@ public BeanDescriptor getBeanDescriptor(Class<?> beanClass)
[INFO] 2018-09-20 14:16:46 TestSelectionAccordingDiff -          BeanDescriptor beanDescriptor = null;
[INFO] 2018-09-20 14:16:46 TestSelectionAccordingDiff -  
[INFO] 2018-09-20 14:16:46 TestSelectionAccordingDiff -          if (beanClass != null) {
[INFO] 2018-09-20 14:16:46 TestSelectionAccordingDiff - -            this.lock.readLock().lock();
[INFO] 2018-09-20 14:16:46 TestSelectionAccordingDiff - -
[INFO] 2018-09-20 14:16:46 TestSelectionAccordingDiff -              // Get the bean descriptor from the cache
[INFO] 2018-09-20 14:16:46 TestSelectionAccordingDiff - -            try {
[INFO] 2018-09-20 14:16:46 TestSelectionAccordingDiff - -                beanDescriptor = this.beanDescriptorCache.get(beanClass);
[INFO] 2018-09-20 14:16:46 TestSelectionAccordingDiff - -            } finally {
[INFO] 2018-09-20 14:16:46 TestSelectionAccordingDiff - -                this.lock.readLock().unlock();
[INFO] 2018-09-20 14:16:46 TestSelectionAccordingDiff - -            }
[INFO] 2018-09-20 14:16:46 TestSelectionAccordingDiff - +            beanDescriptor = this.beanDescriptorCache.get(beanClass);
[INFO] 2018-09-20 14:16:46 TestSelectionAccordingDiff -  
[INFO] 2018-09-20 14:16:46 TestSelectionAccordingDiff -              // Create a new one if none could be found
[INFO] 2018-09-20 14:16:46 TestSelectionAccordingDiff -              if (beanDescriptor == null) {
[INFO] 2018-09-20 14:16:46 TestSelectionAccordingDiff - -                this.lock.writeLock().lock();
[INFO] 2018-09-20 14:16:46 TestSelectionAccordingDiff - -
[INFO] 2018-09-20 14:16:46 TestSelectionAccordingDiff - -                try {
[INFO] 2018-09-20 14:16:46 TestSelectionAccordingDiff - -                    beanDescriptor = new DefaultBeanDescriptor(beanClass);
[INFO] 2018-09-20 14:16:46 TestSelectionAccordingDiff - -                    this.beanDescriptorCache.put(beanClass, beanDescriptor);
[INFO] 2018-09-20 14:16:46 TestSelectionAccordingDiff - -                } finally {
[INFO] 2018-09-20 14:16:46 TestSelectionAccordingDiff - -                    this.lock.writeLock().unlock();
[INFO] 2018-09-20 14:16:46 TestSelectionAccordingDiff - -                }
[INFO] 2018-09-20 14:16:46 TestSelectionAccordingDiff - +                beanDescriptor = new DefaultBeanDescriptor(beanClass);
[INFO] 2018-09-20 14:16:46 TestSelectionAccordingDiff - +                this.beanDescriptorCache.put(beanClass, beanDescriptor);
[INFO] 2018-09-20 14:16:46 TestSelectionAccordingDiff -              }
[INFO] 2018-09-20 14:16:46 TestSelectionAccordingDiff -          }
[INFO] 2018-09-20 14:16:46 TestSelectionAccordingDiff -  
[INFO] 2018-09-20 14:16:46 TestSelectionAccordingDiff - Prepare for xwiki-commons
[INFO] 2018-09-20 14:16:46 TestSelectionAccordingDiff - Executing cmd python src/main/python/september-2018/preparation.py xwiki-commons
prepare xwiki-commons
[INFO] 2018-09-20 14:16:46 TestSelectionAccordingDiff - run maven clean install -DskipTests -Dcheckstyle.skip=true -Denforcer.skip=true --quiet
[WARN] Maven will be executed in interactive mode, but no input stream has been configured for this MavenInvoker instance.
[INFO] 2018-09-20 14:18:07 TestSelectionAccordingDiff - run maven clean eu.stamp-project:diff-test-selection:0.5-SNAPSHOT:list -DpathToDiff=/home/bdanglot/workspace/icst-2019/september-2018/dataset/xwiki-commons/patch.diff -DpathToOtherVersion=/home/bdanglot/workspace/icst-2019/september-2018/dataset/xwiki-commons_parent/xwiki-commons-core/xwiki-commons-properties -Dmodule=xwiki-commons-core/xwiki-commons-properties/ -DoutputPath=/home/bdanglot/workspace/icst-2019/september-2018/dataset/xwiki-commons/testsThatExecuteTheChanges.csv
[WARN] Maven will be executed in interactive mode, but no input stream has been configured for this MavenInvoker instance.
[[1;34mINFO[m] Scanning for projects...
[[1;33mWARNING[m] 
[[1;33mWARNING[m] Some problems were encountered while building the effective model for org.xwiki.commons:xwiki-commons-properties:jar:10.8-SNAPSHOT
[[1;33mWARNING[m] 'build.pluginManagement.plugins.plugin.(groupId:artifactId)' must be unique but found duplicate declaration of plugin org.codehaus.mojo:build-helper-maven-plugin @ org.xwiki.commons:xwiki-commons:10.8-SNAPSHOT, /home/bdanglot/workspace/icst-2019/september-2018/dataset/xwiki-commons/pom.xml, line 1839, column 17
[[1;33mWARNING[m] 
[[1;33mWARNING[m] It is highly recommended to fix these problems because they threaten the stability of your build.
[[1;33mWARNING[m] 
[[1;33mWARNING[m] For this reason, future Maven versions might no longer support building such malformed projects.
[[1;33mWARNING[m] 
[[1;34mINFO[m] 
[[1;34mINFO[m] [1m-------------< [0;36morg.xwiki.commons:xwiki-commons-properties[0;1m >-------------[m
[[1;34mINFO[m] [1mBuilding XWiki Commons - Properties 10.8-SNAPSHOT[m
[[1;34mINFO[m] [1m--------------------------------[ jar ]---------------------------------[m
[[1;34mINFO[m] 
[[1;34mINFO[m] [1m--- [0;32mmaven-clean-plugin:3.1.0:clean[m [1m(default-clean)[m @ [36mxwiki-commons-properties[0;1m ---[m
[[1;34mINFO[m] Deleting /home/bdanglot/workspace/icst-2019/september-2018/dataset/xwiki-commons/xwiki-commons-core/xwiki-commons-properties/target
[[1;34mINFO[m] 
[[1;34mINFO[m] [1m--- [0;32mdiff-test-selection:0.5-SNAPSHOT:list[m [1m(default-cli)[m @ [36mxwiki-commons-properties[0;1m ---[m
[[1;34mINFO[m] Computing coverage for /home/bdanglot/workspace/icst-2019/september-2018/dataset/xwiki-commons/xwiki-commons-core/xwiki-commons-properties
[WARN] Maven will be executed in interactive mode, but no input stream has been configured for this MavenInvoker instance.
[[1;34mINFO[m] Scanning for projects...
[[1;33mWARNING[m] 
[[1;33mWARNING[m] Some problems were encountered while building the effective model for org.xwiki.commons:xwiki-commons-properties:jar:10.8-SNAPSHOT
[[1;33mWARNING[m] 'build.pluginManagement.plugins.plugin.(groupId:artifactId)' must be unique but found duplicate declaration of plugin org.codehaus.mojo:build-helper-maven-plugin @ org.xwiki.commons:xwiki-commons:10.8-SNAPSHOT, /home/bdanglot/workspace/icst-2019/september-2018/dataset/xwiki-commons/pom.xml, line 1839, column 17
[[1;33mWARNING[m] 
[[1;33mWARNING[m] It is highly recommended to fix these problems because they threaten the stability of your build.
[[1;33mWARNING[m] 
[[1;33mWARNING[m] For this reason, future Maven versions might no longer support building such malformed projects.
[[1;33mWARNING[m] 
[[1;34mINFO[m] 
[[1;34mINFO[m] [1m-------------< [0;36morg.xwiki.commons:xwiki-commons-properties[0;1m >-------------[m
[[1;34mINFO[m] [1mBuilding XWiki Commons - Properties 10.8-SNAPSHOT[m
[[1;34mINFO[m] [1m--------------------------------[ jar ]---------------------------------[m
[[1;34mINFO[m] 
[[1;34mINFO[m] [1m--- [0;32mmaven-clean-plugin:3.1.0:clean[m [1m(default-clean)[m @ [36mxwiki-commons-properties[0;1m ---[m
[[1;34mINFO[m] 
[[1;34mINFO[m] [1m--- [0;32mclover-maven-plugin:4.2.0:setup[m [1m(default-cli)[m @ [36mxwiki-commons-properties[0;1m ---[m
[[1;34mINFO[m] No 'maven.clover.licenseLocation' configured. Using default license.
[[1;34mINFO[m] OpenClover Version 4.2.0, built on April 30 2017 (build-1000)
[[1;34mINFO[m] Loaded from: /home/bdanglot/.m2/repository/org/openclover/clover/4.2.0/clover-4.2.0.jar
[[1;34mINFO[m] Clover free edition.
[[1;34mINFO[m] Creating new database at '/home/bdanglot/workspace/icst-2019/september-2018/dataset/xwiki-commons/xwiki-commons-core/xwiki-commons-properties/target/clover/clover.db'.
[[1;34mINFO[m] Processing files at 1.8 source level.
[[1;34mINFO[m] Clover all over. Instrumented 34 files (6 packages).
[[1;34mINFO[m] Elapsed time = 0.469 secs. (72.495 files/sec, 6,398.721 srclines/sec)
[[1;34mINFO[m] OpenClover Version 4.2.0, built on April 30 2017 (build-1000)
[[1;34mINFO[m] Loaded from: /home/bdanglot/.m2/repository/org/openclover/clover/4.2.0/clover-4.2.0.jar
[[1;34mINFO[m] Clover free edition.
[[1;34mINFO[m] Updating existing database at '/home/bdanglot/workspace/icst-2019/september-2018/dataset/xwiki-commons/xwiki-commons-core/xwiki-commons-properties/target/clover/clover.db'.
[[1;34mINFO[m] Processing files at 1.8 source level.
[[1;34mINFO[m] Clover all over. Instrumented 20 files (3 packages).
[[1;34mINFO[m] 50 test methods detected.
[[1;34mINFO[m] Elapsed time = 0.167 secs. (119.76 files/sec, 9,413.174 srclines/sec)
[[1;34mINFO[m] 
[[1;34mINFO[m] [1m--- [0;32mmaven-enforcer-plugin:1.4.1:enforce[m [1m(enforce-plugins)[m @ [36mxwiki-commons-properties[0;1m ---[m
[[1;34mINFO[m] Skipping Rule Enforcement.
[[1;34mINFO[m] 
[[1;34mINFO[m] [1m--- [0;32mmaven-enforcer-plugin:1.4.1:enforce[m [1m(enforce-jcl-log4j-isolation)[m @ [36mxwiki-commons-properties[0;1m ---[m
[[1;34mINFO[m] Skipping Rule Enforcement.
[[1;34mINFO[m] 
[[1;34mINFO[m] [1m--- [0;32mmaven-enforcer-plugin:1.4.1:enforce[m [1m(enforce-glasshfish-jaxb)[m @ [36mxwiki-commons-properties[0;1m ---[m
[[1;34mINFO[m] Skipping Rule Enforcement.
[[1;34mINFO[m] 
[[1;34mINFO[m] [1m--- [0;32mmaven-enforcer-plugin:1.4.1:enforce[m [1m(enforce-open-json)[m @ [36mxwiki-commons-properties[0;1m ---[m
[[1;34mINFO[m] Skipping Rule Enforcement.
[[1;34mINFO[m] 
[[1;34mINFO[m] [1m--- [0;32mmaven-enforcer-plugin:1.4.1:enforce[m [1m(enforce-glassfish-el)[m @ [36mxwiki-commons-properties[0;1m ---[m
[[1;34mINFO[m] Skipping Rule Enforcement.
[[1;34mINFO[m] 
[[1;34mINFO[m] [1m--- [0;32mmaven-enforcer-plugin:1.4.1:enforce[m [1m(enforce-commons-lang3)[m @ [36mxwiki-commons-properties[0;1m ---[m
[[1;34mINFO[m] Skipping Rule Enforcement.
[[1;34mINFO[m] 
[[1;34mINFO[m] [1m--- [0;32mmaven-enforcer-plugin:1.4.1:enforce[m [1m(enforce-commons-configuration2)[m @ [36mxwiki-commons-properties[0;1m ---[m
[[1;34mINFO[m] Skipping Rule Enforcement.
[[1;34mINFO[m] 
[[1;34mINFO[m] [1m--- [0;32mmaven-enforcer-plugin:1.4.1:enforce[m [1m(enforce-bouncycastle-ids)[m @ [36mxwiki-commons-properties[0;1m ---[m
[[1;34mINFO[m] Skipping Rule Enforcement.
[[1;34mINFO[m] 
[[1;34mINFO[m] [1m--- [0;32mmaven-enforcer-plugin:1.4.1:enforce[m [1m(enforce-javase-dependencies)[m @ [36mxwiki-commons-properties[0;1m ---[m
[[1;34mINFO[m] Skipping Rule Enforcement.
[[1;34mINFO[m] 
[[1;34mINFO[m] [1m--- [0;32mmaven-enforcer-plugin:1.4.1:enforce[m [1m(enforce-upper-bounds)[m @ [36mxwiki-commons-properties[0;1m ---[m
[[1;34mINFO[m] Skipping Rule Enforcement.
[[1;34mINFO[m] 
[[1;34mINFO[m] [1m--- [0;32mmaven-enforcer-plugin:1.4.1:enforce[m [1m(enforce-no-legacy-dependencies)[m @ [36mxwiki-commons-properties[0;1m ---[m
[[1;34mINFO[m] 
[[1;34mINFO[m] [1m--- [0;32mmaven-enforcer-plugin:1.4.1:enforce[m [1m(enforce-valid-poms)[m @ [36mxwiki-commons-properties[0;1m ---[m
[[1;34mINFO[m] Skipping Rule Enforcement.
[[1;34mINFO[m] 
[[1;34mINFO[m] [1m--- [0;32mmaven-enforcer-plugin:1.4.1:enforce[m [1m(enforce-platform-rendering-isolation)[m @ [36mxwiki-commons-properties[0;1m ---[m
[[1;34mINFO[m] Skipping Rule Enforcement.
[[1;34mINFO[m] 
[[1;34mINFO[m] [1m--- [0;32mmaven-enforcer-plugin:1.4.1:enforce[m [1m(check-dependency-version)[m @ [36mxwiki-commons-properties[0;1m ---[m
[[1;34mINFO[m] Skipping Rule Enforcement.
[[1;34mINFO[m] 
[[1;34mINFO[m] [1m--- [0;32mxwiki-commons-tool-remote-resource-plugin:10.8-SNAPSHOT:process[m [1m(xwiki-license-resources)[m @ [36mxwiki-commons-properties[0;1m ---[m
[[1;34mINFO[m] 
[[1;34mINFO[m] [1m--- [0;32mmaven-resources-plugin:3.1.0:resources[m [1m(default-resources)[m @ [36mxwiki-commons-properties[0;1m ---[m
[[1;34mINFO[m] Using 'UTF-8' encoding to copy filtered resources.
[[1;34mINFO[m] Copying 1 resource
[[1;34mINFO[m] Copying 1 resource
[[1;34mINFO[m] Copying 2 resources
[[1;34mINFO[m] 
[[1;34mINFO[m] [1m--- [0;32mmaven-compiler-plugin:3.8.0:compile[m [1m(default-compile)[m @ [36mxwiki-commons-properties[0;1m ---[m
[[1;34mINFO[m] Changes detected - recompiling the module!
[[1;34mINFO[m] Compiling 34 source files to /home/bdanglot/workspace/icst-2019/september-2018/dataset/xwiki-commons/xwiki-commons-core/xwiki-commons-properties/target/classes
[[1;33mWARNING[m] /home/bdanglot/workspace/icst-2019/september-2018/dataset/xwiki-commons/xwiki-commons-core/xwiki-commons-properties/target/clover/src-instrumented/org/xwiki/properties/converter/AbstractConverter.java:[46,103] unchecked cast
  required: T
  found:    java.lang.Object
[[1;33mWARNING[m] /home/bdanglot/workspace/icst-2019/september-2018/dataset/xwiki-commons/xwiki-commons-core/xwiki-commons-properties/target/clover/src-instrumented/org/xwiki/properties/converter/AbstractConverter.java:[46,82] unchecked cast
  required: G
  found:    java.lang.Object
[[1;33mWARNING[m] /home/bdanglot/workspace/icst-2019/september-2018/dataset/xwiki-commons/xwiki-commons-core/xwiki-commons-properties/target/clover/src-instrumented/org/xwiki/properties/converter/AbstractConverter.java:[49,57] unchecked cast
  required: G
  found:    java.lang.Object
[[1;33mWARNING[m] /home/bdanglot/workspace/icst-2019/september-2018/dataset/xwiki-commons/xwiki-commons-core/xwiki-commons-properties/target/clover/src-instrumented/org/xwiki/properties/converter/AbstractConverter.java:[52,70] unchecked cast
  required: G
  found:    T
[[1;33mWARNING[m] /home/bdanglot/workspace/icst-2019/september-2018/dataset/xwiki-commons/xwiki-commons-core/xwiki-commons-properties/target/clover/src-instrumented/org/xwiki/properties/converter/AbstractConverter.java:[85,85] unchecked conversion
  required: java.lang.Class<G>
  found:    java.lang.Class
[[1;33mWARNING[m] /home/bdanglot/workspace/icst-2019/september-2018/dataset/xwiki-commons/xwiki-commons-core/xwiki-commons-properties/target/clover/src-instrumented/org/xwiki/properties/internal/converter/TypeConverter.java:[42,20] convertToType(java.lang.reflect.Type,java.lang.Object) in org.xwiki.properties.internal.converter.TypeConverter overrides <G>convertToType(java.lang.reflect.Type,java.lang.Object) in org.xwiki.properties.converter.AbstractConverter
  return type requires unchecked conversion from java.lang.reflect.Type to G
[[1;33mWARNING[m] /home/bdanglot/workspace/icst-2019/september-2018/dataset/xwiki-commons/xwiki-commons-core/xwiki-commons-properties/target/clover/src-instrumented/org/xwiki/properties/internal/converter/ConvertUtilsConverter.java:[46,47] found raw type: org.xwiki.properties.converter.Converter
  missing type arguments for generic class org.xwiki.properties.converter.Converter<T>
[[1;33mWARNING[m] /home/bdanglot/workspace/icst-2019/september-2018/dataset/xwiki-commons/xwiki-commons-core/xwiki-commons-properties/target/clover/src-instrumented/org/xwiki/properties/internal/converter/ConvertUtilsConverter.java:[73,80] unchecked cast
  required: T
  found:    java.lang.Object
[[1;33mWARNING[m] /home/bdanglot/workspace/icst-2019/september-2018/dataset/xwiki-commons/xwiki-commons-core/xwiki-commons-properties/target/clover/src-instrumented/org/xwiki/properties/converter/collection/AbstractCollectionConverter.java:[46,61] found raw type: java.util.Collection
  missing type arguments for generic class java.util.Collection<E>
[[1;33mWARNING[m] /home/bdanglot/workspace/icst-2019/september-2018/dataset/xwiki-commons/xwiki-commons-core/xwiki-commons-properties/target/clover/src-instrumented/org/xwiki/properties/converter/collection/AbstractCollectionConverter.java:[129,60] unchecked call to add(E) as a member of the raw type java.util.Collection
[[1;33mWARNING[m] /home/bdanglot/workspace/icst-2019/september-2018/dataset/xwiki-commons/xwiki-commons-core/xwiki-commons-properties/target/clover/src-instrumented/org/xwiki/properties/converter/collection/AbstractCollectionConverter.java:[132,54] unchecked cast
  required: G
  found:    T
[[1;33mWARNING[m] /home/bdanglot/workspace/icst-2019/september-2018/dataset/xwiki-commons/xwiki-commons-core/xwiki-commons-properties/target/clover/src-instrumented/org/xwiki/properties/converter/collection/AbstractCollectionConverter.java:[154,60] unchecked call to add(E) as a member of the raw type java.util.Collection
[[1;33mWARNING[m] /home/bdanglot/workspace/icst-2019/september-2018/dataset/xwiki-commons/xwiki-commons-core/xwiki-commons-properties/target/clover/src-instrumented/org/xwiki/properties/converter/collection/AbstractCollectionConverter.java:[157,54] unchecked cast
  required: G
  found:    T
[[1;33mWARNING[m] /home/bdanglot/workspace/icst-2019/september-2018/dataset/xwiki-commons/xwiki-commons-core/xwiki-commons-properties/target/clover/src-instrumented/org/xwiki/properties/converter/collection/AbstractCollectionConverter.java:[200,73] unchecked call to add(E) as a member of the raw type java.util.Collection
[[1;33mWARNING[m] /home/bdanglot/workspace/icst-2019/september-2018/dataset/xwiki-commons/xwiki-commons-core/xwiki-commons-properties/target/clover/src-instrumented/org/xwiki/properties/converter/collection/AbstractCollectionConverter.java:[210,58] unchecked cast
  required: G
  found:    T
[[1;33mWARNING[m] /home/bdanglot/workspace/icst-2019/september-2018/dataset/xwiki-commons/xwiki-commons-core/xwiki-commons-properties/target/clover/src-instrumented/org/xwiki/properties/converter/collection/AbstractCollectionConverter.java:[223,93] unchecked conversion
  required: java.lang.Class<G>
  found:    java.lang.Class
[[1;33mWARNING[m] /home/bdanglot/workspace/icst-2019/september-2018/dataset/xwiki-commons/xwiki-commons-core/xwiki-commons-properties/target/clover/src-instrumented/org/xwiki/properties/converter/collection/AbstractCollectionConverter.java:[225,62] found raw type: java.util.ArrayList
  missing type arguments for generic class java.util.ArrayList<E>
[[1;33mWARNING[m] /home/bdanglot/workspace/icst-2019/september-2018/dataset/xwiki-commons/xwiki-commons-core/xwiki-commons-properties/target/clover/src-instrumented/org/xwiki/properties/converter/collection/AbstractCollectionConverter.java:[225,58] unchecked cast
  required: G
  found:    java.util.ArrayList
[[1;33mWARNING[m] /home/bdanglot/workspace/icst-2019/september-2018/dataset/xwiki-commons/xwiki-commons-core/xwiki-commons-properties/target/clover/src-instrumented/org/xwiki/properties/converter/collection/AbstractSetConverter.java:[35,54] found raw type: java.util.Set
  missing type arguments for generic class java.util.Set<E>
[[1;33mWARNING[m] /home/bdanglot/workspace/icst-2019/september-2018/dataset/xwiki-commons/xwiki-commons-core/xwiki-commons-properties/target/clover/src-instrumented/org/xwiki/properties/converter/collection/AbstractSetConverter.java:[40,94] unchecked conversion
  required: java.lang.Class<G>
  found:    java.lang.Class
[[1;33mWARNING[m] /home/bdanglot/workspace/icst-2019/september-2018/dataset/xwiki-commons/xwiki-commons-core/xwiki-commons-properties/target/clover/src-instrumented/org/xwiki/properties/converter/collection/AbstractSetConverter.java:[42,62] found raw type: java.util.LinkedHashSet
  missing type arguments for generic class java.util.LinkedHashSet<E>
[[1;33mWARNING[m] /home/bdanglot/workspace/icst-2019/september-2018/dataset/xwiki-commons/xwiki-commons-core/xwiki-commons-properties/target/clover/src-instrumented/org/xwiki/properties/converter/collection/AbstractSetConverter.java:[42,58] unchecked cast
  required: G
  found:    java.util.LinkedHashSet
[[1;33mWARNING[m] /home/bdanglot/workspace/icst-2019/september-2018/dataset/xwiki-commons/xwiki-commons-core/xwiki-commons-properties/target/clover/src-instrumented/org/xwiki/properties/internal/converter/HashSetConverter.java:[36,60] found raw type: java.util.HashSet
  missing type arguments for generic class java.util.HashSet<E>
[[1;33mWARNING[m] /home/bdanglot/workspace/icst-2019/september-2018/dataset/xwiki-commons/xwiki-commons-core/xwiki-commons-properties/target/clover/src-instrumented/org/xwiki/properties/internal/converter/HashSetConverter.java:[39,15] found raw type: java.util.HashSet
  missing type arguments for generic class java.util.HashSet<E>
[[1;33mWARNING[m] /home/bdanglot/workspace/icst-2019/september-2018/dataset/xwiki-commons/xwiki-commons-core/xwiki-commons-properties/target/clover/src-instrumented/org/xwiki/properties/internal/converter/HashSetConverter.java:[41,54] found raw type: java.util.HashSet
  missing type arguments for generic class java.util.HashSet<E>
[[1;33mWARNING[m] /home/bdanglot/workspace/icst-2019/september-2018/dataset/xwiki-commons/xwiki-commons-core/xwiki-commons-properties/target/clover/src-instrumented/org/xwiki/properties/internal/converter/ListConverter.java:[35,64] found raw type: java.util.List
  missing type arguments for generic class java.util.List<E>
[[1;33mWARNING[m] /home/bdanglot/workspace/icst-2019/september-2018/dataset/xwiki-commons/xwiki-commons-core/xwiki-commons-properties/target/clover/src-instrumented/org/xwiki/properties/internal/converter/LocaleConverter.java:[42,22] convertToType(java.lang.reflect.Type,java.lang.Object) in org.xwiki.properties.internal.converter.LocaleConverter overrides <G>convertToType(java.lang.reflect.Type,java.lang.Object) in org.xwiki.properties.converter.AbstractConverter
  return type requires unchecked conversion from java.util.Locale to G
[[1;33mWARNING[m] /home/bdanglot/workspace/icst-2019/september-2018/dataset/xwiki-commons/xwiki-commons-core/xwiki-commons-properties/target/clover/src-instrumented/org/xwiki/properties/internal/converter/InputStreamConverter.java:[57,58] unchecked cast
  required: G
  found:    java.io.ByteArrayInputStream
[[1;33mWARNING[m] /home/bdanglot/workspace/icst-2019/september-2018/dataset/xwiki-commons/xwiki-commons-core/xwiki-commons-properties/target/clover/src-instrumented/org/xwiki/properties/internal/converter/CollectionConverter.java:[35,70] found raw type: java.util.Collection
  missing type arguments for generic class java.util.Collection<E>
[[1;33mWARNING[m] /home/bdanglot/workspace/icst-2019/september-2018/dataset/xwiki-commons/xwiki-commons-core/xwiki-commons-properties/target/clover/src-instrumented/org/xwiki/properties/internal/converter/ArrayListConverter.java:[36,69] found raw type: java.util.ArrayList
  missing type arguments for generic class java.util.ArrayList<E>
[[1;33mWARNING[m] /home/bdanglot/workspace/icst-2019/september-2018/dataset/xwiki-commons/xwiki-commons-core/xwiki-commons-properties/target/clover/src-instrumented/org/xwiki/properties/internal/converter/ArrayListConverter.java:[39,26] found raw type: java.util.ArrayList
  missing type arguments for generic class java.util.ArrayList<E>
[[1;33mWARNING[m] /home/bdanglot/workspace/icst-2019/september-2018/dataset/xwiki-commons/xwiki-commons-core/xwiki-commons-properties/target/clover/src-instrumented/org/xwiki/properties/internal/converter/ArrayListConverter.java:[42,58] unchecked cast
  required: G
  found:    java.lang.Object
[[1;33mWARNING[m] /home/bdanglot/workspace/icst-2019/september-2018/dataset/xwiki-commons/xwiki-commons-core/xwiki-commons-properties/target/clover/src-instrumented/org/xwiki/properties/internal/converter/LinkedHashSetConverter.java:[36,66] found raw type: java.util.LinkedHashSet
  missing type arguments for generic class java.util.LinkedHashSet<E>
[[1;33mWARNING[m] /home/bdanglot/workspace/icst-2019/september-2018/dataset/xwiki-commons/xwiki-commons-core/xwiki-commons-properties/target/clover/src-instrumented/org/xwiki/properties/internal/converter/LinkedHashSetConverter.java:[39,26] found raw type: java.util.LinkedHashSet
  missing type arguments for generic class java.util.LinkedHashSet<E>
[[1;33mWARNING[m] /home/bdanglot/workspace/icst-2019/september-2018/dataset/xwiki-commons/xwiki-commons-core/xwiki-commons-properties/target/clover/src-instrumented/org/xwiki/properties/internal/converter/LinkedHashSetConverter.java:[42,58] unchecked cast
  required: G
  found:    java.lang.Object
[[1;33mWARNING[m] /home/bdanglot/workspace/icst-2019/september-2018/dataset/xwiki-commons/xwiki-commons-core/xwiki-commons-properties/target/clover/src-instrumented/org/xwiki/properties/internal/converter/SetConverter.java:[36,56] found raw type: java.util.Set
  missing type arguments for generic class java.util.Set<E>
[[1;33mWARNING[m] /home/bdanglot/workspace/icst-2019/september-2018/dataset/xwiki-commons/xwiki-commons-core/xwiki-commons-properties/target/clover/src-instrumented/org/xwiki/properties/internal/converter/SetConverter.java:[39,26] found raw type: java.util.Set
  missing type arguments for generic class java.util.Set<E>
[[1;33mWARNING[m] /home/bdanglot/workspace/icst-2019/september-2018/dataset/xwiki-commons/xwiki-commons-core/xwiki-commons-properties/target/clover/src-instrumented/org/xwiki/properties/internal/converter/SetConverter.java:[42,58] unchecked cast
  required: G
  found:    java.lang.Object
[[1;33mWARNING[m] /home/bdanglot/workspace/icst-2019/september-2018/dataset/xwiki-commons/xwiki-commons-core/xwiki-commons-properties/target/clover/src-instrumented/org/xwiki/properties/internal/converter/EnumConverter.java:[38,54] found raw type: java.lang.Enum
  missing type arguments for generic class java.lang.Enum<E>
[[1;33mWARNING[m] /home/bdanglot/workspace/icst-2019/september-2018/dataset/xwiki-commons/xwiki-commons-core/xwiki-commons-properties/target/clover/src-instrumented/org/xwiki/properties/internal/converter/EnumConverter.java:[41,26] found raw type: java.lang.Enum
  missing type arguments for generic class java.lang.Enum<E>
[[1;33mWARNING[m] /home/bdanglot/workspace/icst-2019/september-2018/dataset/xwiki-commons/xwiki-commons-core/xwiki-commons-properties/target/clover/src-instrumented/org/xwiki/properties/internal/converter/EnumConverter.java:[50,66] unchecked cast
  required: E
  found:    java.lang.Object
[[1;33mWARNING[m] /home/bdanglot/workspace/icst-2019/september-2018/dataset/xwiki-commons/xwiki-commons-core/xwiki-commons-properties/target/clover/src-instrumented/org/xwiki/properties/internal/converter/NamespaceConverter.java:[42,25] convertToType(java.lang.reflect.Type,java.lang.Object) in org.xwiki.properties.internal.converter.NamespaceConverter overrides <G>convertToType(java.lang.reflect.Type,java.lang.Object) in org.xwiki.properties.converter.AbstractConverter
  return type requires unchecked conversion from org.xwiki.component.namespace.Namespace to G
[[1;33mWARNING[m] /home/bdanglot/workspace/icst-2019/september-2018/dataset/xwiki-commons/xwiki-commons-core/xwiki-commons-properties/target/clover/src-instrumented/org/xwiki/properties/internal/converter/ColorConverter.java:[49,21] convertToType(java.lang.reflect.Type,java.lang.Object) in org.xwiki.properties.internal.converter.ColorConverter overrides <G>convertToType(java.lang.reflect.Type,java.lang.Object) in org.xwiki.properties.converter.AbstractConverter
  return type requires unchecked conversion from java.awt.Color to G
[[1;33mWARNING[m] /home/bdanglot/workspace/icst-2019/september-2018/dataset/xwiki-commons/xwiki-commons-core/xwiki-commons-properties/target/clover/src-instrumented/org/xwiki/properties/internal/DefaultConverterManager.java:[70,23] found raw type: java.lang.Enum
  missing type arguments for generic class java.lang.Enum<E>
[[1;33mWARNING[m] /home/bdanglot/workspace/icst-2019/september-2018/dataset/xwiki-commons/xwiki-commons-core/xwiki-commons-properties/target/clover/src-instrumented/org/xwiki/properties/internal/DefaultConverterManager.java:[76,13] found raw type: org.xwiki.properties.converter.Converter
  missing type arguments for generic class org.xwiki.properties.converter.Converter<T>
[[1;33mWARNING[m] /home/bdanglot/workspace/icst-2019/september-2018/dataset/xwiki-commons/xwiki-commons-core/xwiki-commons-properties/target/clover/src-instrumented/org/xwiki/properties/internal/DefaultConverterManager.java:[89,58] unchecked cast
  required: T
  found:    java.lang.Object
[[1;33mWARNING[m] /home/bdanglot/workspace/icst-2019/september-2018/dataset/xwiki-commons/xwiki-commons-core/xwiki-commons-properties/target/clover/src-instrumented/org/xwiki/properties/internal/DefaultConverterManager.java:[98,62] unchecked cast
  required: T
  found:    java.lang.Object
[[1;33mWARNING[m] /home/bdanglot/workspace/icst-2019/september-2018/dataset/xwiki-commons/xwiki-commons-core/xwiki-commons-properties/target/clover/src-instrumented/org/xwiki/properties/internal/DefaultConverterManager.java:[142,82] unchecked cast
  required: org.xwiki.properties.converter.Converter<T>
  found:    org.xwiki.properties.converter.Converter<java.lang.Enum>
[[1;33mWARNING[m] /home/bdanglot/workspace/icst-2019/september-2018/dataset/xwiki-commons/xwiki-commons-core/xwiki-commons-properties/target/clover/src-instrumented/org/xwiki/properties/internal/DefaultConverterManager.java:[148,67] unchecked conversion
  required: org.xwiki.properties.converter.Converter<T>
  found:    org.xwiki.properties.converter.Converter
[[1;33mWARNING[m] /home/bdanglot/workspace/icst-2019/september-2018/dataset/xwiki-commons/xwiki-commons-core/xwiki-commons-properties/target/clover/src-instrumented/org/xwiki/properties/converter/ConversionException.java:[26,8] serializable class org.xwiki.properties.converter.ConversionException has no definition of serialVersionUID
[[1;34mINFO[m] 
[[1;34mINFO[m] [1m--- [0;32mmaven-bundle-plugin:3.5.1:manifest[m [1m(bundle-manifest)[m @ [36mxwiki-commons-properties[0;1m ---[m
[[1;34mINFO[m] 
[[1;34mINFO[m] [1m--- [0;32mmaven-resources-plugin:3.1.0:testResources[m [1m(default-testResources)[m @ [36mxwiki-commons-properties[0;1m ---[m
[[1;34mINFO[m] Using 'UTF-8' encoding to copy filtered resources.
[[1;34mINFO[m] Copying 1 resource
[[1;34mINFO[m] Copying 2 resources
[[1;34mINFO[m] 
[[1;34mINFO[m] [1m--- [0;32mmaven-compiler-plugin:3.8.0:testCompile[m [1m(default-testCompile)[m @ [36mxwiki-commons-properties[0;1m ---[m
[[1;34mINFO[m] Changes detected - recompiling the module!
[[1;34mINFO[m] Compiling 20 source files to /home/bdanglot/workspace/icst-2019/september-2018/dataset/xwiki-commons/xwiki-commons-core/xwiki-commons-properties/target/test-classes
[[1;33mWARNING[m] /home/bdanglot/workspace/icst-2019/september-2018/dataset/xwiki-commons/xwiki-commons-core/xwiki-commons-properties/target/clover/src-test-instrumented/org/xwiki/properties/internal/converter/LocaleConverterTest.java:[28,28] org.xwiki.test.jmock.AbstractComponentTestCase in org.xwiki.test.jmock has been deprecated
[[1;33mWARNING[m] /home/bdanglot/workspace/icst-2019/september-2018/dataset/xwiki-commons/xwiki-commons-core/xwiki-commons-properties/target/clover/src-test-instrumented/org/xwiki/properties/internal/converter/EnumConverterTest.java:[27,28] org.xwiki.test.jmock.AbstractComponentTestCase in org.xwiki.test.jmock has been deprecated
[[1;33mWARNING[m] /home/bdanglot/workspace/icst-2019/september-2018/dataset/xwiki-commons/xwiki-commons-core/xwiki-commons-properties/target/clover/src-test-instrumented/org/xwiki/properties/internal/converter/HashSetConverterTest.java:[30,28] org.xwiki.test.jmock.AbstractComponentTestCase in org.xwiki.test.jmock has been deprecated
[[1;33mWARNING[m] /home/bdanglot/workspace/icst-2019/september-2018/dataset/xwiki-commons/xwiki-commons-core/xwiki-commons-properties/target/clover/src-test-instrumented/org/xwiki/properties/internal/converter/SetConverterTest.java:[31,28] org.xwiki.test.jmock.AbstractComponentTestCase in org.xwiki.test.jmock has been deprecated
[[1;33mWARNING[m] /home/bdanglot/workspace/icst-2019/september-2018/dataset/xwiki-commons/xwiki-commons-core/xwiki-commons-properties/target/clover/src-test-instrumented/org/xwiki/properties/internal/converter/NamespaceConverterTest.java:[27,28] org.xwiki.test.jmock.AbstractComponentTestCase in org.xwiki.test.jmock has been deprecated
[[1;33mWARNING[m] /home/bdanglot/workspace/icst-2019/september-2018/dataset/xwiki-commons/xwiki-commons-core/xwiki-commons-properties/target/clover/src-test-instrumented/org/xwiki/properties/internal/converter/LinkedHashSetConverterTest.java:[30,28] org.xwiki.test.jmock.AbstractComponentTestCase in org.xwiki.test.jmock has been deprecated
[[1;33mWARNING[m] /home/bdanglot/workspace/icst-2019/september-2018/dataset/xwiki-commons/xwiki-commons-core/xwiki-commons-properties/target/clover/src-test-instrumented/org/xwiki/properties/internal/converter/InputStreamConverterTest.java:[31,28] org.xwiki.test.jmock.AbstractComponentTestCase in org.xwiki.test.jmock has been deprecated
[[1;33mWARNING[m] /home/bdanglot/workspace/icst-2019/september-2018/dataset/xwiki-commons/xwiki-commons-core/xwiki-commons-properties/target/clover/src-test-instrumented/org/xwiki/properties/internal/converter/ColorConverterTest.java:[29,28] org.xwiki.test.jmock.AbstractComponentTestCase in org.xwiki.test.jmock has been deprecated
[[1;33mWARNING[m] /home/bdanglot/workspace/icst-2019/september-2018/dataset/xwiki-commons/xwiki-commons-core/xwiki-commons-properties/target/clover/src-test-instrumented/org/xwiki/properties/internal/converter/TypeConverterTest.java:[30,28] org.xwiki.test.jmock.AbstractComponentTestCase in org.xwiki.test.jmock has been deprecated
[[1;33mWARNING[m] /home/bdanglot/workspace/icst-2019/september-2018/dataset/xwiki-commons/xwiki-commons-core/xwiki-commons-properties/target/clover/src-test-instrumented/org/xwiki/properties/internal/converter/ListConverterTest.java:[30,28] org.xwiki.test.jmock.AbstractComponentTestCase in org.xwiki.test.jmock has been deprecated
[[1;33mWARNING[m] /home/bdanglot/workspace/icst-2019/september-2018/dataset/xwiki-commons/xwiki-commons-core/xwiki-commons-properties/target/clover/src-test-instrumented/org/xwiki/properties/internal/converter/ArrayListConverterTest.java:[29,28] org.xwiki.test.jmock.AbstractComponentTestCase in org.xwiki.test.jmock has been deprecated
[[1;33mWARNING[m] /home/bdanglot/workspace/icst-2019/september-2018/dataset/xwiki-commons/xwiki-commons-core/xwiki-commons-properties/target/clover/src-test-instrumented/org/xwiki/properties/internal/converter/LocaleConverterTest.java:[35,42] org.xwiki.test.jmock.AbstractComponentTestCase in org.xwiki.test.jmock has been deprecated
[[1;33mWARNING[m] /home/bdanglot/workspace/icst-2019/september-2018/dataset/xwiki-commons/xwiki-commons-core/xwiki-commons-properties/target/clover/src-test-instrumented/org/xwiki/properties/internal/converter/EnumConverterTest.java:[34,40] org.xwiki.test.jmock.AbstractComponentTestCase in org.xwiki.test.jmock has been deprecated
[[1;33mWARNING[m] /home/bdanglot/workspace/icst-2019/september-2018/dataset/xwiki-commons/xwiki-commons-core/xwiki-commons-properties/target/clover/src-test-instrumented/org/xwiki/properties/internal/converter/HashSetConverterTest.java:[37,43] org.xwiki.test.jmock.AbstractComponentTestCase in org.xwiki.test.jmock has been deprecated
[[1;33mWARNING[m] /home/bdanglot/workspace/icst-2019/september-2018/dataset/xwiki-commons/xwiki-commons-core/xwiki-commons-properties/target/clover/src-test-instrumented/org/xwiki/properties/internal/converter/SetConverterTest.java:[38,39] org.xwiki.test.jmock.AbstractComponentTestCase in org.xwiki.test.jmock has been deprecated
[[1;33mWARNING[m] /home/bdanglot/workspace/icst-2019/september-2018/dataset/xwiki-commons/xwiki-commons-core/xwiki-commons-properties/target/clover/src-test-instrumented/org/xwiki/properties/internal/converter/NamespaceConverterTest.java:[34,45] org.xwiki.test.jmock.AbstractComponentTestCase in org.xwiki.test.jmock has been deprecated
[[1;33mWARNING[m] /home/bdanglot/workspace/icst-2019/september-2018/dataset/xwiki-commons/xwiki-commons-core/xwiki-commons-properties/target/clover/src-test-instrumented/org/xwiki/properties/test/DeprecatedTestConverter.java:[31,46] found raw type: org.xwiki.properties.converter.AbstractConverter
  missing type arguments for generic class org.xwiki.properties.converter.AbstractConverter<T>
[[1;33mWARNING[m] /home/bdanglot/workspace/icst-2019/september-2018/dataset/xwiki-commons/xwiki-commons-core/xwiki-commons-properties/target/clover/src-test-instrumented/org/xwiki/properties/test/DeprecatedTestConverter.java:[35,39] found raw type: java.lang.Class
  missing type arguments for generic class java.lang.Class<T>
[[1;33mWARNING[m] /home/bdanglot/workspace/icst-2019/september-2018/dataset/xwiki-commons/xwiki-commons-core/xwiki-commons-properties/target/clover/src-test-instrumented/org/xwiki/properties/test/TestClass.java:[22,8] Class org.xwiki.properties.test.TestClass overrides equals, but neither it nor any superclass overrides hashCode method
[[1;33mWARNING[m] /home/bdanglot/workspace/icst-2019/september-2018/dataset/xwiki-commons/xwiki-commons-core/xwiki-commons-properties/target/clover/src-test-instrumented/org/xwiki/properties/internal/converter/LinkedHashSetConverterTest.java:[37,49] org.xwiki.test.jmock.AbstractComponentTestCase in org.xwiki.test.jmock has been deprecated
[[1;33mWARNING[m] /home/bdanglot/workspace/icst-2019/september-2018/dataset/xwiki-commons/xwiki-commons-core/xwiki-commons-properties/target/clover/src-test-instrumented/org/xwiki/properties/internal/converter/InputStreamConverterTest.java:[38,47] org.xwiki.test.jmock.AbstractComponentTestCase in org.xwiki.test.jmock has been deprecated
[[1;33mWARNING[m] /home/bdanglot/workspace/icst-2019/september-2018/dataset/xwiki-commons/xwiki-commons-core/xwiki-commons-properties/target/clover/src-test-instrumented/org/xwiki/properties/internal/DefaultBeanDescriptorTest.java:[57,98] getPropertyClass() in org.xwiki.properties.PropertyDescriptor has been deprecated
[[1;33mWARNING[m] /home/bdanglot/workspace/icst-2019/september-2018/dataset/xwiki-commons/xwiki-commons-core/xwiki-commons-properties/target/clover/src-test-instrumented/org/xwiki/properties/internal/DefaultBeanDescriptorTest.java:[78,98] getPropertyClass() in org.xwiki.properties.PropertyDescriptor has been deprecated
[[1;33mWARNING[m] /home/bdanglot/workspace/icst-2019/september-2018/dataset/xwiki-commons/xwiki-commons-core/xwiki-commons-properties/target/clover/src-test-instrumented/org/xwiki/properties/internal/DefaultBeanDescriptorTest.java:[94,104] getPropertyClass() in org.xwiki.properties.PropertyDescriptor has been deprecated
[[1;33mWARNING[m] /home/bdanglot/workspace/icst-2019/september-2018/dataset/xwiki-commons/xwiki-commons-core/xwiki-commons-properties/target/clover/src-test-instrumented/org/xwiki/properties/internal/DefaultBeanDescriptorTest.java:[115,90] getPropertyClass() in org.xwiki.properties.PropertyDescriptor has been deprecated
[[1;33mWARNING[m] /home/bdanglot/workspace/icst-2019/september-2018/dataset/xwiki-commons/xwiki-commons-core/xwiki-commons-properties/target/clover/src-test-instrumented/org/xwiki/properties/internal/DefaultBeanDescriptorTest.java:[130,87] getPropertyClass() in org.xwiki.properties.PropertyDescriptor has been deprecated
[[1;33mWARNING[m] /home/bdanglot/workspace/icst-2019/september-2018/dataset/xwiki-commons/xwiki-commons-core/xwiki-commons-properties/target/clover/src-test-instrumented/org/xwiki/properties/internal/DefaultBeanDescriptorTest.java:[145,91] getPropertyClass() in org.xwiki.properties.PropertyDescriptor has been deprecated
[[1;33mWARNING[m] /home/bdanglot/workspace/icst-2019/september-2018/dataset/xwiki-commons/xwiki-commons-core/xwiki-commons-properties/target/clover/src-test-instrumented/org/xwiki/properties/internal/converter/ColorConverterTest.java:[36,41] org.xwiki.test.jmock.AbstractComponentTestCase in org.xwiki.test.jmock has been deprecated
[[1;33mWARNING[m] /home/bdanglot/workspace/icst-2019/september-2018/dataset/xwiki-commons/xwiki-commons-core/xwiki-commons-properties/target/clover/src-test-instrumented/org/xwiki/properties/internal/DefaultBeanManagerTest.java:[51,19] serializable class org.xwiki.properties.internal.DefaultBeanManagerTest.RawPropertiesTest has no definition of serialVersionUID
[[1;33mWARNING[m] /home/bdanglot/workspace/icst-2019/september-2018/dataset/xwiki-commons/xwiki-commons-core/xwiki-commons-properties/target/clover/src-test-instrumented/org/xwiki/properties/internal/converter/TypeConverterTest.java:[37,40] org.xwiki.test.jmock.AbstractComponentTestCase in org.xwiki.test.jmock has been deprecated
[[1;33mWARNING[m] /home/bdanglot/workspace/icst-2019/september-2018/dataset/xwiki-commons/xwiki-commons-core/xwiki-commons-properties/target/clover/src-test-instrumented/org/xwiki/properties/internal/converter/ListConverterTest.java:[41,40] org.xwiki.test.jmock.AbstractComponentTestCase in org.xwiki.test.jmock has been deprecated
[[1;33mWARNING[m] /home/bdanglot/workspace/icst-2019/september-2018/dataset/xwiki-commons/xwiki-commons-core/xwiki-commons-properties/target/clover/src-test-instrumented/org/xwiki/properties/internal/converter/ListConverterTest.java:[78,9] serializable class <anonymous org.xwiki.properties.internal.converter.ListConverterTest$1> has no definition of serialVersionUID
[[1;33mWARNING[m] /home/bdanglot/workspace/icst-2019/september-2018/dataset/xwiki-commons/xwiki-commons-core/xwiki-commons-properties/target/clover/src-test-instrumented/org/xwiki/properties/internal/converter/ListConverterTest.java:[82,9] serializable class <anonymous org.xwiki.properties.internal.converter.ListConverterTest$2> has no definition of serialVersionUID
[[1;33mWARNING[m] /home/bdanglot/workspace/icst-2019/september-2018/dataset/xwiki-commons/xwiki-commons-core/xwiki-commons-properties/target/clover/src-test-instrumented/org/xwiki/properties/internal/converter/ArrayListConverterTest.java:[36,45] org.xwiki.test.jmock.AbstractComponentTestCase in org.xwiki.test.jmock has been deprecated
[[1;34mINFO[m] 
[[1;34mINFO[m] [1m--- [0;32mmaven-surefire-plugin:2.22.0:test[m [1m(default-test)[m @ [36mxwiki-commons-properties[0;1m ---[m
[[1;34mINFO[m] 
[[1;34mINFO[m] -------------------------------------------------------
[[1;34mINFO[m]  T E S T S
[[1;34mINFO[m] -------------------------------------------------------
[[1;34mINFO[m] Running org.xwiki.properties.internal.[1mDefaultBeanDescriptorTest[m
[[1;34mINFO[m] [1;32mTests run: [0;1;32m11[m, Failures: 0, Errors: 0, Skipped: 0, Time elapsed: 0.2 s - in org.xwiki.properties.internal.[1mDefaultBeanDescriptorTest[m
[[1;34mINFO[m] Running org.xwiki.properties.internal.[1mDefaultBeanManagerTest[m
[[1;34mINFO[m] [1;32mTests run: [0;1;32m3[m, Failures: 0, Errors: 0, Skipped: 0, Time elapsed: 0.199 s - in org.xwiki.properties.internal.[1mDefaultBeanManagerTest[m
[[1;34mINFO[m] Running org.xwiki.properties.internal.converter.[1mInputStreamConverterTest[m
[[1;34mINFO[m] [1;32mTests run: [0;1;32m2[m, Failures: 0, Errors: 0, Skipped: 0, Time elapsed: 0.051 s - in org.xwiki.properties.internal.converter.[1mInputStreamConverterTest[m
[[1;34mINFO[m] Running org.xwiki.properties.internal.converter.[1mDeprecatedTestConverterTest[m
[[1;34mINFO[m] [1;32mTests run: [0;1;32m1[m, Failures: 0, Errors: 0, Skipped: 0, Time elapsed: 0.434 s - in org.xwiki.properties.internal.converter.[1mDeprecatedTestConverterTest[m
[[1;34mINFO[m] Running org.xwiki.properties.internal.converter.[1mLocaleConverterTest[m
[[1;34mINFO[m] [1;32mTests run: [0;1;32m2[m, Failures: 0, Errors: 0, Skipped: 0, Time elapsed: 0.014 s - in org.xwiki.properties.internal.converter.[1mLocaleConverterTest[m
[[1;34mINFO[m] Running org.xwiki.properties.internal.converter.[1mTypeConverterTest[m
[[1;34mINFO[m] [1;32mTests run: [0;1;32m2[m, Failures: 0, Errors: 0, Skipped: 0, Time elapsed: 0.02 s - in org.xwiki.properties.internal.converter.[1mTypeConverterTest[m
[[1;34mINFO[m] Running org.xwiki.properties.internal.converter.[1mConvertUtilsConverterTest[m
[[1;34mINFO[m] [1;32mTests run: [0;1;32m3[m, Failures: 0, Errors: 0, Skipped: 0, Time elapsed: 0.021 s - in org.xwiki.properties.internal.converter.[1mConvertUtilsConverterTest[m
[[1;34mINFO[m] Running org.xwiki.properties.internal.converter.[1mSetConverterTest[m
[[1;34mINFO[m] [1;32mTests run: [0;1;32m1[m, Failures: 0, Errors: 0, Skipped: 0, Time elapsed: 0.009 s - in org.xwiki.properties.internal.converter.[1mSetConverterTest[m
[[1;34mINFO[m] Running org.xwiki.properties.internal.converter.[1mHashSetConverterTest[m
[[1;34mINFO[m] [1;32mTests run: [0;1;32m1[m, Failures: 0, Errors: 0, Skipped: 0, Time elapsed: 0.003 s - in org.xwiki.properties.internal.converter.[1mHashSetConverterTest[m
[[1;34mINFO[m] Running org.xwiki.properties.internal.converter.[1mListConverterTest[m
[[1;34mINFO[m] [1;32mTests run: [0;1;32m4[m, Failures: 0, Errors: 0, Skipped: 0, Time elapsed: 0.028 s - in org.xwiki.properties.internal.converter.[1mListConverterTest[m
[[1;34mINFO[m] Running org.xwiki.properties.internal.converter.[1mLinkedHashSetConverterTest[m
[[1;34mINFO[m] [1;32mTests run: [0;1;32m2[m, Failures: 0, Errors: 0, Skipped: 0, Time elapsed: 0.008 s - in org.xwiki.properties.internal.converter.[1mLinkedHashSetConverterTest[m
[[1;34mINFO[m] Running org.xwiki.properties.internal.converter.[1mNamespaceConverterTest[m
[[1;34mINFO[m] [1;32mTests run: [0;1;32m2[m, Failures: 0, Errors: 0, Skipped: 0, Time elapsed: 0.009 s - in org.xwiki.properties.internal.converter.[1mNamespaceConverterTest[m
[[1;34mINFO[m] Running org.xwiki.properties.internal.converter.[1mArrayListConverterTest[m
[[1;34mINFO[m] [1;32mTests run: [0;1;32m2[m, Failures: 0, Errors: 0, Skipped: 0, Time elapsed: 0.006 s - in org.xwiki.properties.internal.converter.[1mArrayListConverterTest[m
[[1;34mINFO[m] Running org.xwiki.properties.internal.converter.[1mColorConverterTest[m
[[1;34mINFO[m] [1;32mTests run: [0;1;32m4[m, Failures: 0, Errors: 0, Skipped: 0, Time elapsed: 0.029 s - in org.xwiki.properties.internal.converter.[1mColorConverterTest[m
[[1;34mINFO[m] Running org.xwiki.properties.internal.converter.[1mEnumConverterTest[m
[[1;34mINFO[m] [1;32mTests run: [0;1;32m5[m, Failures: 0, Errors: 0, Skipped: 0, Time elapsed: 0.019 s - in org.xwiki.properties.internal.converter.[1mEnumConverterTest[m
[[1;34mINFO[m] Running org.xwiki.properties.internal.[1mDefaultConverterManagerTest[m
[[1;34mINFO[m] [1;32mTests run: [0;1;32m5[m, Failures: 0, Errors: 0, Skipped: 0, Time elapsed: 0.021 s - in org.xwiki.properties.internal.[1mDefaultConverterManagerTest[m
[[1;34mINFO[m] 
[[1;34mINFO[m] Results:
[[1;34mINFO[m] 
[[1;34mINFO[m] [1;32mTests run: 50, Failures: 0, Errors: 0, Skipped: 0[m
[[1;34mINFO[m] 
[[1;34mINFO[m] [1m------------------------------------------------------------------------[m
[[1;34mINFO[m] [1;32mBUILD SUCCESS[m
[[1;34mINFO[m] [1m------------------------------------------------------------------------[m
[[1;34mINFO[m] Total time: 9.133 s
[[1;34mINFO[m] Finished at: 2018-09-20T14:18:20+02:00
[[1;34mINFO[m] [1m------------------------------------------------------------------------[m
Writing HTML report to '/home/bdanglot/workspace/icst-2019/september-2018/dataset/xwiki-commons/xwiki-commons-core/xwiki-commons-properties/target/clover/report'
Done. Processed 7 packages in 1402ms (200ms per package).
[[1;33mWARNING[m] Could not match /xwiki-commons-core/xwiki-commons-extension/xwiki-commons-extension-api/src/main/java/org/xwiki/extension/internal/SoftCache.java and /xwiki-commons-core/xwiki-commons-collection/src/main/java/org/xwiki/collection/SoftCache.java
[[1;33mWARNING[m] Could not match /xwiki-commons-core/xwiki-commons-collection/src/test/java/org/xwiki/collection/SoftCacheTest.java and -0,0
java.io.FileNotFoundException: /home/bdanglot/workspace/icst-2019/september-2018/dataset/xwiki-commons/xwiki-commons-core/xwiki-commons-properties/../xwiki-commons-core/xwiki-commons-extension/xwiki-commons-extension-api/src/main/java/org/xwiki/extension/internal/ExtensionFactory.java does not exist
	at spoon.compiler.SpoonResourceHelper.createFolder(SpoonResourceHelper.java:91)
	at spoon.compiler.SpoonResourceHelper.createResource(SpoonResourceHelper.java:83)
	at gumtree.spoon.AstComparator.getCtType(AstComparator.java:95)
	at gumtree.spoon.AstComparator.compare(AstComparator.java:72)
	at eu.stamp_project.diff_test_selection.DiffTestSelectionMojo.getModifiedLinesPerQualifiedName(DiffTestSelectionMojo.java:148)
	at eu.stamp_project.diff_test_selection.DiffTestSelectionMojo.getTestThatExecuteChanges(DiffTestSelectionMojo.java:115)
	at eu.stamp_project.diff_test_selection.DiffTestSelectionMojo.execute(DiffTestSelectionMojo.java:88)
[[1;31mERROR[m] Error when trying to compare /home/bdanglot/workspace/icst-2019/september-2018/dataset/xwiki-commons/xwiki-commons-core/xwiki-commons-properties/../xwiki-commons-core/xwiki-commons-extension/xwiki-commons-extension-api/src/main/java/org/xwiki/extension/internal/ExtensionFactory.java and /home/bdanglot/workspace/icst-2019/september-2018/dataset/xwiki-commons_parent/xwiki-commons-core/xwiki-commons-properties/../xwiki-commons-core/xwiki-commons-extension/xwiki-commons-extension-api/src/main/java/org/xwiki/extension/internal/ExtensionFactory.java
	at org.apache.maven.plugin.DefaultBuildPluginManager.executeMojo(DefaultBuildPluginManager.java:137)
	at org.apache.maven.lifecycle.internal.MojoExecutor.execute(MojoExecutor.java:208)
	at org.apache.maven.lifecycle.internal.MojoExecutor.execute(MojoExecutor.java:154)
	at org.apache.maven.lifecycle.internal.MojoExecutor.execute(MojoExecutor.java:146)
	at org.apache.maven.lifecycle.internal.LifecycleModuleBuilder.buildProject(LifecycleModuleBuilder.java:117)
	at org.apache.maven.lifecycle.internal.LifecycleModuleBuilder.buildProject(LifecycleModuleBuilder.java:81)
	at org.apache.maven.lifecycle.internal.builder.singlethreaded.SingleThreadedBuilder.build(SingleThreadedBuilder.java:56)
	at org.apache.maven.lifecycle.internal.LifecycleStarter.execute(LifecycleStarter.java:128)
	at org.apache.maven.DefaultMaven.doExecute(DefaultMaven.java:305)
	at org.apache.maven.DefaultMaven.doExecute(DefaultMaven.java:192)
	at org.apache.maven.DefaultMaven.execute(DefaultMaven.java:105)
	at org.apache.maven.cli.MavenCli.execute(MavenCli.java:956)
	at org.apache.maven.cli.MavenCli.doMain(MavenCli.java:290)
	at org.apache.maven.cli.MavenCli.main(MavenCli.java:194)
	at sun.reflect.NativeMethodAccessorImpl.invoke0(Native Method)
	at sun.reflect.NativeMethodAccessorImpl.invoke(NativeMethodAccessorImpl.java:62)
	at sun.reflect.DelegatingMethodAccessorImpl.invoke(DelegatingMethodAccessorImpl.java:43)
	at java.lang.reflect.Method.invoke(Method.java:498)
	at org.codehaus.plexus.classworlds.launcher.Launcher.launchEnhanced(Launcher.java:289)
	at org.codehaus.plexus.classworlds.launcher.Launcher.launch(Launcher.java:229)
	at org.codehaus.plexus.classworlds.launcher.Launcher.mainWithExitCode(Launcher.java:415)
	at org.codehaus.plexus.classworlds.launcher.Launcher.main(Launcher.java:356)
[[1;34mINFO[m] Saving result in /home/bdanglot/workspace/icst-2019/september-2018/dataset/xwiki-commons/testsThatExecuteTheChanges.csv ...
[[1;34mINFO[m] org.xwiki.properties.internal.DefaultBeanManagerTest;testPopulate;testPopulateWhenMissingMandatoryProperty;testPopulateRawProperties
[[1;34mINFO[m] [1m------------------------------------------------------------------------[m
[[1;34mINFO[m] [1;32mBUILD SUCCESS[m
[[1;34mINFO[m] [1m------------------------------------------------------------------------[m
[[1;34mINFO[m] Total time: 15.021 s
[[1;34mINFO[m] Finished at: 2018-09-20T14:18:23+02:00
[[1;34mINFO[m] [1m------------------------------------------------------------------------[m
[INFO] 2018-09-20 14:18:23 ProjectJSONBuilder - could find test to be amplified for c745c10
[WARN] 2018-09-20 14:18:23 ProjectJSONBuilder - There is no java file modified for 7300f1c
[WARN] 2018-09-20 14:18:23 ProjectJSONBuilder - There is no java file modified for 5acbc9f
[INFO] 2018-09-20 14:18:23 RepositoriesSetterNoJSON - {september-2018/dataset/xwiki-commons} Cleaning local repository...
[INFO] 2018-09-20 14:18:23 RepositoriesSetterNoJSON - Checkout b0dc5bc4db7e0efde64bb5359a1d1772f8e555e7 revision...
[INFO] 2018-09-20 14:18:24 RepositoriesSetterNoJSON - {september-2018/dataset/xwiki-commons_parent} Cleaning local repository...
[INFO] 2018-09-20 14:18:24 RepositoriesSetterNoJSON - Checkout e8bdbca4d67006940d9eecd4c088e1151fbcde11 revision...
[INFO] 2018-09-20 14:18:24 TestSelectionAccordingDiff - diff --git a/xwiki-commons-core/xwiki-commons-cache/xwiki-commons-cache-infinispan/src/main/java/org/xwiki/cache/infinispan/internal/InfinispanCache.java b/xwiki-commons-core/xwiki-commons-cache/xwiki-commons-cache-infinispan/src/main/java/org/xwiki/cache/infinispan/internal/InfinispanCache.java
[INFO] 2018-09-20 14:18:24 TestSelectionAccordingDiff - index e9f1efdfa..d8af5bb0e 100644
[INFO] 2018-09-20 14:18:24 TestSelectionAccordingDiff - --- a/xwiki-commons-core/xwiki-commons-cache/xwiki-commons-cache-infinispan/src/main/java/org/xwiki/cache/infinispan/internal/InfinispanCache.java
[INFO] 2018-09-20 14:18:24 TestSelectionAccordingDiff - +++ b/xwiki-commons-core/xwiki-commons-cache/xwiki-commons-cache-infinispan/src/main/java/org/xwiki/cache/infinispan/internal/InfinispanCache.java
[INFO] 2018-09-20 14:18:24 TestSelectionAccordingDiff - @@ -153,17 +153,9 @@ public void nodeExpired(CacheEntryExpiredEvent<String, T> event)
[INFO] 2018-09-20 14:18:24 TestSelectionAccordingDiff -      @CacheEntryRemoved
[INFO] 2018-09-20 14:18:24 TestSelectionAccordingDiff -      public void nodeRemoved(CacheEntryRemovedEvent<String, T> event)
[INFO] 2018-09-20 14:18:24 TestSelectionAccordingDiff -      {
[INFO] 2018-09-20 14:18:24 TestSelectionAccordingDiff - -        String key = event.getKey();
[INFO] 2018-09-20 14:18:24 TestSelectionAccordingDiff - -        T value = event.getValue();
[INFO] 2018-09-20 14:18:24 TestSelectionAccordingDiff - -
[INFO] 2018-09-20 14:18:24 TestSelectionAccordingDiff - -        if (event.isPre()) {
[INFO] 2018-09-20 14:18:24 TestSelectionAccordingDiff - -            if (value != null) {
[INFO] 2018-09-20 14:18:24 TestSelectionAccordingDiff - -                this.preEventData.put(key, value);
[INFO] 2018-09-20 14:18:24 TestSelectionAccordingDiff - -            }
[INFO] 2018-09-20 14:18:24 TestSelectionAccordingDiff - -        } else {
[INFO] 2018-09-20 14:18:24 TestSelectionAccordingDiff - -            cacheEntryRemoved(event.getKey(), this.preEventData.get(key));
[INFO] 2018-09-20 14:18:24 TestSelectionAccordingDiff - -
[INFO] 2018-09-20 14:18:24 TestSelectionAccordingDiff - -            this.preEventData.remove(key);
[INFO] 2018-09-20 14:18:24 TestSelectionAccordingDiff - +        // TODO: remove != null when https://issues.jboss.org/browse/ISPN-9491 is fixed
[INFO] 2018-09-20 14:18:24 TestSelectionAccordingDiff - +        if (!event.isPre() && event.getOldValue() != null) {
[INFO] 2018-09-20 14:18:24 TestSelectionAccordingDiff - +            cacheEntryRemoved(event.getKey(), event.getOldValue());
[INFO] 2018-09-20 14:18:24 TestSelectionAccordingDiff -          }
[INFO] 2018-09-20 14:18:24 TestSelectionAccordingDiff -      }
[INFO] 2018-09-20 14:18:24 TestSelectionAccordingDiff -  
[INFO] 2018-09-20 14:18:24 TestSelectionAccordingDiff - diff --git a/xwiki-commons-core/xwiki-commons-cache/xwiki-commons-cache-tests/src/main/java/org/xwiki/cache/test/AbstractGenericTestCache.java b/xwiki-commons-core/xwiki-commons-cache/xwiki-commons-cache-tests/src/main/java/org/xwiki/cache/test/AbstractGenericTestCache.java
[INFO] 2018-09-20 14:18:24 TestSelectionAccordingDiff - index 1d2a6b216..7ee0fbbe1 100644
[INFO] 2018-09-20 14:18:24 TestSelectionAccordingDiff - --- a/xwiki-commons-core/xwiki-commons-cache/xwiki-commons-cache-tests/src/main/java/org/xwiki/cache/test/AbstractGenericTestCache.java
[INFO] 2018-09-20 14:18:24 TestSelectionAccordingDiff - +++ b/xwiki-commons-core/xwiki-commons-cache/xwiki-commons-cache-tests/src/main/java/org/xwiki/cache/test/AbstractGenericTestCache.java
[INFO] 2018-09-20 14:18:24 TestSelectionAccordingDiff - @@ -160,6 +160,11 @@ public void events() throws Exception
[INFO] 2018-09-20 14:18:24 TestSelectionAccordingDiff -          Assert.assertSame(cache, eventListener.getRemovedEvent().getCache());
[INFO] 2018-09-20 14:18:24 TestSelectionAccordingDiff -          Assert.assertEquals(KEY, eventListener.getRemovedEvent().getEntry().getKey());
[INFO] 2018-09-20 14:18:24 TestSelectionAccordingDiff -          Assert.assertEquals(VALUE2, eventListener.getRemovedEvent().getEntry().getValue());
[INFO] 2018-09-20 14:18:24 TestSelectionAccordingDiff - +
[INFO] 2018-09-20 14:18:24 TestSelectionAccordingDiff - +        eventListener.reinitRemovedEvent();
[INFO] 2018-09-20 14:18:24 TestSelectionAccordingDiff - +        cache.remove(KEY);
[INFO] 2018-09-20 14:18:24 TestSelectionAccordingDiff - +
[INFO] 2018-09-20 14:18:24 TestSelectionAccordingDiff - +        Assert.assertNull(eventListener.getRemovedEvent());
[INFO] 2018-09-20 14:18:24 TestSelectionAccordingDiff -      }
[INFO] 2018-09-20 14:18:24 TestSelectionAccordingDiff -  
[INFO] 2018-09-20 14:18:24 TestSelectionAccordingDiff -      /**
[INFO] 2018-09-20 14:18:24 TestSelectionAccordingDiff - Prepare for xwiki-commons
[INFO] 2018-09-20 14:18:24 TestSelectionAccordingDiff - Executing cmd python src/main/python/september-2018/preparation.py xwiki-commons
prepare xwiki-commons
[INFO] 2018-09-20 14:18:24 TestSelectionAccordingDiff - run maven clean install -DskipTests -Dcheckstyle.skip=true -Denforcer.skip=true --quiet
[WARN] Maven will be executed in interactive mode, but no input stream has been configured for this MavenInvoker instance.
[INFO] 2018-09-20 14:19:42 TestSelectionAccordingDiff - run maven clean eu.stamp-project:diff-test-selection:0.5-SNAPSHOT:list -DpathToDiff=/home/bdanglot/workspace/icst-2019/september-2018/dataset/xwiki-commons/patch.diff -DpathToOtherVersion=/home/bdanglot/workspace/icst-2019/september-2018/dataset/xwiki-commons_parent/xwiki-commons-core/xwiki-commons-cache/xwiki-commons-cache-infinispan -Dmodule=xwiki-commons-core/xwiki-commons-cache/xwiki-commons-cache-infinispan/ -DoutputPath=/home/bdanglot/workspace/icst-2019/september-2018/dataset/xwiki-commons/testsThatExecuteTheChanges.csv
[WARN] Maven will be executed in interactive mode, but no input stream has been configured for this MavenInvoker instance.
[[1;34mINFO[m] Scanning for projects...
[[1;33mWARNING[m] 
[[1;33mWARNING[m] Some problems were encountered while building the effective model for org.xwiki.commons:xwiki-commons-cache-infinispan:jar:10.8-SNAPSHOT
[[1;33mWARNING[m] 'build.pluginManagement.plugins.plugin.(groupId:artifactId)' must be unique but found duplicate declaration of plugin org.codehaus.mojo:build-helper-maven-plugin @ org.xwiki.commons:xwiki-commons:10.8-SNAPSHOT, /home/bdanglot/workspace/icst-2019/september-2018/dataset/xwiki-commons/pom.xml, line 1839, column 17
[[1;33mWARNING[m] 
[[1;33mWARNING[m] It is highly recommended to fix these problems because they threaten the stability of your build.
[[1;33mWARNING[m] 
[[1;33mWARNING[m] For this reason, future Maven versions might no longer support building such malformed projects.
[[1;33mWARNING[m] 
[[1;34mINFO[m] 
[[1;34mINFO[m] [1m----------< [0;36morg.xwiki.commons:xwiki-commons-cache-infinispan[0;1m >----------[m
[[1;34mINFO[m] [1mBuilding XWiki Commons - Cache - Infinispan 10.8-SNAPSHOT[m
[[1;34mINFO[m] [1m--------------------------------[ jar ]---------------------------------[m
[[1;34mINFO[m] 
[[1;34mINFO[m] [1m--- [0;32mmaven-clean-plugin:3.1.0:clean[m [1m(default-clean)[m @ [36mxwiki-commons-cache-infinispan[0;1m ---[m
[[1;34mINFO[m] Deleting /home/bdanglot/workspace/icst-2019/september-2018/dataset/xwiki-commons/xwiki-commons-core/xwiki-commons-cache/xwiki-commons-cache-infinispan/target
[[1;34mINFO[m] 
[[1;34mINFO[m] [1m--- [0;32mdiff-test-selection:0.5-SNAPSHOT:list[m [1m(default-cli)[m @ [36mxwiki-commons-cache-infinispan[0;1m ---[m
[[1;34mINFO[m] Computing coverage for /home/bdanglot/workspace/icst-2019/september-2018/dataset/xwiki-commons/xwiki-commons-core/xwiki-commons-cache/xwiki-commons-cache-infinispan
[WARN] Maven will be executed in interactive mode, but no input stream has been configured for this MavenInvoker instance.
[[1;34mINFO[m] Scanning for projects...
[[1;33mWARNING[m] 
[[1;33mWARNING[m] Some problems were encountered while building the effective model for org.xwiki.commons:xwiki-commons-cache-infinispan:jar:10.8-SNAPSHOT
[[1;33mWARNING[m] 'build.pluginManagement.plugins.plugin.(groupId:artifactId)' must be unique but found duplicate declaration of plugin org.codehaus.mojo:build-helper-maven-plugin @ org.xwiki.commons:xwiki-commons:10.8-SNAPSHOT, /home/bdanglot/workspace/icst-2019/september-2018/dataset/xwiki-commons/pom.xml, line 1839, column 17
[[1;33mWARNING[m] 
[[1;33mWARNING[m] It is highly recommended to fix these problems because they threaten the stability of your build.
[[1;33mWARNING[m] 
[[1;33mWARNING[m] For this reason, future Maven versions might no longer support building such malformed projects.
[[1;33mWARNING[m] 
[[1;34mINFO[m] 
[[1;34mINFO[m] [1m----------< [0;36morg.xwiki.commons:xwiki-commons-cache-infinispan[0;1m >----------[m
[[1;34mINFO[m] [1mBuilding XWiki Commons - Cache - Infinispan 10.8-SNAPSHOT[m
[[1;34mINFO[m] [1m--------------------------------[ jar ]---------------------------------[m
[[1;34mINFO[m] 
[[1;34mINFO[m] [1m--- [0;32mmaven-clean-plugin:3.1.0:clean[m [1m(default-clean)[m @ [36mxwiki-commons-cache-infinispan[0;1m ---[m
[[1;34mINFO[m] 
[[1;34mINFO[m] [1m--- [0;32mclover-maven-plugin:4.2.0:setup[m [1m(default-cli)[m @ [36mxwiki-commons-cache-infinispan[0;1m ---[m
[[1;34mINFO[m] No 'maven.clover.licenseLocation' configured. Using default license.
[[1;34mINFO[m] OpenClover Version 4.2.0, built on April 30 2017 (build-1000)
[[1;34mINFO[m] Loaded from: /home/bdanglot/.m2/repository/org/openclover/clover/4.2.0/clover-4.2.0.jar
[[1;34mINFO[m] Clover free edition.
[[1;34mINFO[m] Creating new database at '/home/bdanglot/workspace/icst-2019/september-2018/dataset/xwiki-commons/xwiki-commons-core/xwiki-commons-cache/xwiki-commons-cache-infinispan/target/clover/clover.db'.
[[1;34mINFO[m] Processing files at 1.8 source level.
[[1;34mINFO[m] Clover all over. Instrumented 8 files (2 packages).
[[1;34mINFO[m] Elapsed time = 0.308 secs. (25.974 files/sec, 3,181.818 srclines/sec)
[[1;34mINFO[m] OpenClover Version 4.2.0, built on April 30 2017 (build-1000)
[[1;34mINFO[m] Loaded from: /home/bdanglot/.m2/repository/org/openclover/clover/4.2.0/clover-4.2.0.jar
[[1;34mINFO[m] Clover free edition.
[[1;34mINFO[m] Updating existing database at '/home/bdanglot/workspace/icst-2019/september-2018/dataset/xwiki-commons/xwiki-commons-core/xwiki-commons-cache/xwiki-commons-cache-infinispan/target/clover/clover.db'.
[[1;34mINFO[m] Processing files at 1.8 source level.
[[1;34mINFO[m] Clover all over. Instrumented 2 files (1 package).
[[1;34mINFO[m] 1 test method detected.
[[1;34mINFO[m] Elapsed time = 0.017 secs. (117.647 files/sec, 6,941.176 srclines/sec)
[[1;34mINFO[m] 
[[1;34mINFO[m] [1m--- [0;32mmaven-enforcer-plugin:1.4.1:enforce[m [1m(enforce-plugins)[m @ [36mxwiki-commons-cache-infinispan[0;1m ---[m
[[1;34mINFO[m] Skipping Rule Enforcement.
[[1;34mINFO[m] 
[[1;34mINFO[m] [1m--- [0;32mmaven-enforcer-plugin:1.4.1:enforce[m [1m(enforce-jcl-log4j-isolation)[m @ [36mxwiki-commons-cache-infinispan[0;1m ---[m
[[1;34mINFO[m] Skipping Rule Enforcement.
[[1;34mINFO[m] 
[[1;34mINFO[m] [1m--- [0;32mmaven-enforcer-plugin:1.4.1:enforce[m [1m(enforce-glasshfish-jaxb)[m @ [36mxwiki-commons-cache-infinispan[0;1m ---[m
[[1;34mINFO[m] Skipping Rule Enforcement.
[[1;34mINFO[m] 
[[1;34mINFO[m] [1m--- [0;32mmaven-enforcer-plugin:1.4.1:enforce[m [1m(enforce-open-json)[m @ [36mxwiki-commons-cache-infinispan[0;1m ---[m
[[1;34mINFO[m] Skipping Rule Enforcement.
[[1;34mINFO[m] 
[[1;34mINFO[m] [1m--- [0;32mmaven-enforcer-plugin:1.4.1:enforce[m [1m(enforce-glassfish-el)[m @ [36mxwiki-commons-cache-infinispan[0;1m ---[m
[[1;34mINFO[m] Skipping Rule Enforcement.
[[1;34mINFO[m] 
[[1;34mINFO[m] [1m--- [0;32mmaven-enforcer-plugin:1.4.1:enforce[m [1m(enforce-commons-lang3)[m @ [36mxwiki-commons-cache-infinispan[0;1m ---[m
[[1;34mINFO[m] Skipping Rule Enforcement.
[[1;34mINFO[m] 
[[1;34mINFO[m] [1m--- [0;32mmaven-enforcer-plugin:1.4.1:enforce[m [1m(enforce-commons-configuration2)[m @ [36mxwiki-commons-cache-infinispan[0;1m ---[m
[[1;34mINFO[m] Skipping Rule Enforcement.
[[1;34mINFO[m] 
[[1;34mINFO[m] [1m--- [0;32mmaven-enforcer-plugin:1.4.1:enforce[m [1m(enforce-bouncycastle-ids)[m @ [36mxwiki-commons-cache-infinispan[0;1m ---[m
[[1;34mINFO[m] Skipping Rule Enforcement.
[[1;34mINFO[m] 
[[1;34mINFO[m] [1m--- [0;32mmaven-enforcer-plugin:1.4.1:enforce[m [1m(enforce-javase-dependencies)[m @ [36mxwiki-commons-cache-infinispan[0;1m ---[m
[[1;34mINFO[m] Skipping Rule Enforcement.
[[1;34mINFO[m] 
[[1;34mINFO[m] [1m--- [0;32mmaven-enforcer-plugin:1.4.1:enforce[m [1m(enforce-upper-bounds)[m @ [36mxwiki-commons-cache-infinispan[0;1m ---[m
[[1;34mINFO[m] Skipping Rule Enforcement.
[[1;34mINFO[m] 
[[1;34mINFO[m] [1m--- [0;32mmaven-enforcer-plugin:1.4.1:enforce[m [1m(enforce-no-legacy-dependencies)[m @ [36mxwiki-commons-cache-infinispan[0;1m ---[m
[[1;34mINFO[m] 
[[1;34mINFO[m] [1m--- [0;32mmaven-enforcer-plugin:1.4.1:enforce[m [1m(enforce-valid-poms)[m @ [36mxwiki-commons-cache-infinispan[0;1m ---[m
[[1;34mINFO[m] Skipping Rule Enforcement.
[[1;34mINFO[m] 
[[1;34mINFO[m] [1m--- [0;32mmaven-enforcer-plugin:1.4.1:enforce[m [1m(enforce-platform-rendering-isolation)[m @ [36mxwiki-commons-cache-infinispan[0;1m ---[m
[[1;34mINFO[m] Skipping Rule Enforcement.
[[1;34mINFO[m] 
[[1;34mINFO[m] [1m--- [0;32mmaven-enforcer-plugin:1.4.1:enforce[m [1m(check-dependency-version)[m @ [36mxwiki-commons-cache-infinispan[0;1m ---[m
[[1;34mINFO[m] Skipping Rule Enforcement.
[[1;34mINFO[m] 
[[1;34mINFO[m] [1m--- [0;32mxwiki-commons-tool-remote-resource-plugin:10.8-SNAPSHOT:process[m [1m(xwiki-license-resources)[m @ [36mxwiki-commons-cache-infinispan[0;1m ---[m
[[1;34mINFO[m] 
[[1;34mINFO[m] [1m--- [0;32mmaven-resources-plugin:3.1.0:resources[m [1m(default-resources)[m @ [36mxwiki-commons-cache-infinispan[0;1m ---[m
[[1;34mINFO[m] Using 'UTF-8' encoding to copy filtered resources.
[[1;34mINFO[m] Copying 1 resource
[[1;34mINFO[m] Copying 1 resource
[[1;34mINFO[m] Copying 2 resources
[[1;34mINFO[m] 
[[1;34mINFO[m] [1m--- [0;32mmaven-compiler-plugin:3.8.0:compile[m [1m(default-compile)[m @ [36mxwiki-commons-cache-infinispan[0;1m ---[m
[[1;34mINFO[m] Changes detected - recompiling the module!
[[1;34mINFO[m] Compiling 8 source files to /home/bdanglot/workspace/icst-2019/september-2018/dataset/xwiki-commons/xwiki-commons-core/xwiki-commons-cache/xwiki-commons-cache-infinispan/target/classes
[[1;33mWARNING[m] Cannot find annotation method 'value()' in type 'net.jcip.annotations.GuardedBy': class file for net.jcip.annotations.GuardedBy not found
[[1;33mWARNING[m] /home/bdanglot/workspace/icst-2019/september-2018/dataset/xwiki-commons/xwiki-commons-core/xwiki-commons-cache/xwiki-commons-cache-infinispan/target/clover/src-instrumented/org/xwiki/cache/infinispan/internal/InfinispanConfigurationLoader.java:[246,60] unchecked cast
  required: java.lang.Class<? extends org.infinispan.configuration.cache.StoreConfigurationBuilder<?,?>>
  found:    java.lang.Class<capture#1 of ? extends org.infinispan.commons.configuration.Builder<org.infinispan.configuration.cache.StoreConfiguration>>
[[1;33mWARNING[m] /home/bdanglot/workspace/icst-2019/september-2018/dataset/xwiki-commons/xwiki-commons-core/xwiki-commons-cache/xwiki-commons-cache-infinispan/target/clover/src-instrumented/org/xwiki/cache/infinispan/internal/InfinispanConfigurationLoader.java:[248,75] unchecked cast
  required: org.infinispan.commons.configuration.Builder<org.infinispan.configuration.cache.StoreConfiguration>
  found:    capture#2 of ? extends org.infinispan.configuration.cache.StoreConfigurationBuilder<?,?>
[[1;33mWARNING[m] /home/bdanglot/workspace/icst-2019/september-2018/dataset/xwiki-commons/xwiki-commons-core/xwiki-commons-cache/xwiki-commons-cache-infinispan/target/clover/src-instrumented/org/xwiki/cache/infinispan/internal/InfinispanCacheFactory.java:[107,57] closeQuietly(java.io.InputStream) in org.apache.commons.io.IOUtils has been deprecated
[[1;33mWARNING[m] /home/bdanglot/workspace/icst-2019/september-2018/dataset/xwiki-commons/xwiki-commons-core/xwiki-commons-cache/xwiki-commons-cache-infinispan/target/clover/src-instrumented/org/xwiki/cache/infinispan/internal/InfinispanCacheException.java:[30,8] serializable class org.xwiki.cache.infinispan.internal.InfinispanCacheException has no definition of serialVersionUID
[[1;34mINFO[m] 
[[1;34mINFO[m] [1m--- [0;32mmaven-bundle-plugin:3.5.1:manifest[m [1m(bundle-manifest)[m @ [36mxwiki-commons-cache-infinispan[0;1m ---[m
[[1;34mINFO[m] 
[[1;34mINFO[m] [1m--- [0;32mmaven-resources-plugin:3.1.0:testResources[m [1m(default-testResources)[m @ [36mxwiki-commons-cache-infinispan[0;1m ---[m
[[1;34mINFO[m] Using 'UTF-8' encoding to copy filtered resources.
[[1;34mINFO[m] skip non existing resourceDirectory /home/bdanglot/workspace/icst-2019/september-2018/dataset/xwiki-commons/xwiki-commons-core/xwiki-commons-cache/xwiki-commons-cache-infinispan/src/test/resources
[[1;34mINFO[m] Copying 2 resources
[[1;34mINFO[m] 
[[1;34mINFO[m] [1m--- [0;32mmaven-compiler-plugin:3.8.0:testCompile[m [1m(default-testCompile)[m @ [36mxwiki-commons-cache-infinispan[0;1m ---[m
[[1;34mINFO[m] Changes detected - recompiling the module!
[[1;34mINFO[m] Compiling 2 source files to /home/bdanglot/workspace/icst-2019/september-2018/dataset/xwiki-commons/xwiki-commons-core/xwiki-commons-cache/xwiki-commons-cache-infinispan/target/test-classes
[[1;34mINFO[m] 
[[1;34mINFO[m] [1m--- [0;32mmaven-surefire-plugin:2.22.0:test[m [1m(default-test)[m @ [36mxwiki-commons-cache-infinispan[0;1m ---[m
[[1;34mINFO[m] 
[[1;34mINFO[m] -------------------------------------------------------
[[1;34mINFO[m]  T E S T S
[[1;34mINFO[m] -------------------------------------------------------
[[1;34mINFO[m] Running org.xwiki.cache.infinispan.[1mInfinispanConfigTest[m
[[1;34mINFO[m] [1;32mTests run: [0;1;32m1[m, Failures: 0, Errors: 0, Skipped: 0, Time elapsed: 0.746 s - in org.xwiki.cache.infinispan.[1mInfinispanConfigTest[m
[[1;34mINFO[m] Running org.xwiki.cache.infinispan.[1mInfinispanCacheTest[m
[[1;34mINFO[m] [1;32mTests run: [0;1;32m11[m, Failures: 0, Errors: 0, Skipped: 0, Time elapsed: 4.759 s - in org.xwiki.cache.infinispan.[1mInfinispanCacheTest[m
[[1;34mINFO[m] 
[[1;34mINFO[m] Results:
[[1;34mINFO[m] 
[[1;34mINFO[m] [1;32mTests run: 12, Failures: 0, Errors: 0, Skipped: 0[m
[[1;34mINFO[m] 
[[1;34mINFO[m] [1m------------------------------------------------------------------------[m
[[1;34mINFO[m] [1;32mBUILD SUCCESS[m
[[1;34mINFO[m] [1m------------------------------------------------------------------------[m
[[1;34mINFO[m] Total time: 12.631 s
[[1;34mINFO[m] Finished at: 2018-09-20T14:19:59+02:00
[[1;34mINFO[m] [1m------------------------------------------------------------------------[m
Writing HTML report to '/home/bdanglot/workspace/icst-2019/september-2018/dataset/xwiki-commons/xwiki-commons-core/xwiki-commons-cache/xwiki-commons-cache-infinispan/target/clover/report'
Done. Processed 3 packages in 1082ms (360ms per package).
java.io.FileNotFoundException: /home/bdanglot/workspace/icst-2019/september-2018/dataset/xwiki-commons/xwiki-commons-core/xwiki-commons-cache/xwiki-commons-cache-infinispan/../xwiki-commons-core/xwiki-commons-cache/xwiki-commons-cache-tests/src/main/java/org/xwiki/cache/test/AbstractGenericTestCache.java does not exist
	at spoon.compiler.SpoonResourceHelper.createFolder(SpoonResourceHelper.java:91)
	at spoon.compiler.SpoonResourceHelper.createResource(SpoonResourceHelper.java:83)
	at gumtree.spoon.AstComparator.getCtType(AstComparator.java:95)
	at gumtree.spoon.AstComparator.compare(AstComparator.java:72)
	at eu.stamp_project.diff_test_selection.DiffTestSelectionMojo.getModifiedLinesPerQualifiedName(DiffTestSelectionMojo.java:148)
	at eu.stamp_project.diff_test_selection.DiffTestSelectionMojo.getTestThatExecuteChanges(DiffTestSelectionMojo.java:115)
	at eu.stamp_project.diff_test_selection.DiffTestSelectionMojo.execute(DiffTestSelectionMojo.java:88)
	at org.apache.maven.plugin.DefaultBuildPluginManager.executeMojo(DefaultBuildPluginManager.java:137)
	at org.apache.maven.lifecycle.internal.MojoExecutor.execute(MojoExecutor.java:208)
	at org.apache.maven.lifecycle.internal.MojoExecutor.execute(MojoExecutor.java:154)
	at org.apache.maven.lifecycle.internal.MojoExecutor.execute(MojoExecutor.java:146)
	at org.apache.maven.lifecycle.internal.LifecycleModuleBuilder.buildProject(LifecycleModuleBuilder.java:117)
	at org.apache.maven.lifecycle.internal.LifecycleModuleBuilder.buildProject(LifecycleModuleBuilder.java:81)
	at org.apache.maven.lifecycle.internal.builder.singlethreaded.SingleThreadedBuilder.build(SingleThreadedBuilder.java:56)
	at org.apache.maven.lifecycle.internal.LifecycleStarter.execute(LifecycleStarter.java:128)
	at org.apache.maven.DefaultMaven.doExecute(DefaultMaven.java:305)
	at org.apache.maven.DefaultMaven.doExecute(DefaultMaven.java:192)
	at org.apache.maven.DefaultMaven.execute(DefaultMaven.java:105)
	at org.apache.maven.cli.MavenCli.execute(MavenCli.java:956)
	at org.apache.maven.cli.MavenCli.doMain(MavenCli.java:290)
	at org.apache.maven.cli.MavenCli.main(MavenCli.java:194)
	at sun.reflect.NativeMethodAccessorImpl.invoke0(Native Method)
	at sun.reflect.NativeMethodAccessorImpl.invoke(NativeMethodAccessorImpl.java:62)
[[1;31mERROR[m] Error when trying to compare /home/bdanglot/workspace/icst-2019/september-2018/dataset/xwiki-commons/xwiki-commons-core/xwiki-commons-cache/xwiki-commons-cache-infinispan/../xwiki-commons-core/xwiki-commons-cache/xwiki-commons-cache-tests/src/main/java/org/xwiki/cache/test/AbstractGenericTestCache.java and /home/bdanglot/workspace/icst-2019/september-2018/dataset/xwiki-commons_parent/xwiki-commons-core/xwiki-commons-cache/xwiki-commons-cache-infinispan/../xwiki-commons-core/xwiki-commons-cache/xwiki-commons-cache-tests/src/main/java/org/xwiki/cache/test/AbstractGenericTestCache.java
[[1;34mINFO[m] Saving result in /home/bdanglot/workspace/icst-2019/september-2018/dataset/xwiki-commons/testsThatExecuteTheChanges.csv ...
	at sun.reflect.DelegatingMethodAccessorImpl.invoke(DelegatingMethodAccessorImpl.java:43)
	at java.lang.reflect.Method.invoke(Method.java:498)
	at org.codehaus.plexus.classworlds.launcher.Launcher.launchEnhanced(Launcher.java:289)
	at org.codehaus.plexus.classworlds.launcher.Launcher.launch(Launcher.java:229)
	at org.codehaus.plexus.classworlds.launcher.Launcher.mainWithExitCode(Launcher.java:415)
	at org.codehaus.plexus.classworlds.launcher.Launcher.main(Launcher.java:356)
[[1;34mINFO[m] 
[[1;34mINFO[m] [1m------------------------------------------------------------------------[m
[[1;34mINFO[m] [1;32mBUILD SUCCESS[m
[[1;34mINFO[m] [1m------------------------------------------------------------------------[m
[[1;34mINFO[m] Total time: 17.682 s
[[1;34mINFO[m] Finished at: 2018-09-20T14:20:01+02:00
[[1;34mINFO[m] [1m------------------------------------------------------------------------[m
[WARN] 2018-09-20 14:20:02 ProjectJSONBuilder - No test execute the changes for b0dc5bc
[WARN] 2018-09-20 14:20:02 ProjectJSONBuilder - There is no java file modified for e8bdbca
[WARN] 2018-09-20 14:20:02 ProjectJSONBuilder - There is no java file modified for 3d76789
[WARN] 2018-09-20 14:20:02 ProjectJSONBuilder - There is no java file modified for 0c9a578
[WARN] 2018-09-20 14:20:02 ProjectJSONBuilder - There is no java file modified for 780e40a
[WARN] 2018-09-20 14:20:02 ProjectJSONBuilder - There is no java file modified for f78d89d
[WARN] 2018-09-20 14:20:02 ProjectJSONBuilder - There is no java file modified for 5704303
[WARN] 2018-09-20 14:20:02 ProjectJSONBuilder - There is no java file modified for f78c2ff
[INFO] 2018-09-20 14:20:02 RepositoriesSetterNoJSON - {september-2018/dataset/xwiki-commons} Cleaning local repository...
[INFO] 2018-09-20 14:20:02 RepositoriesSetterNoJSON - Checkout c0b4a238a685fe280e23e137338712f79772d34b revision...
[INFO] 2018-09-20 14:20:02 RepositoriesSetterNoJSON - {september-2018/dataset/xwiki-commons_parent} Cleaning local repository...
[INFO] 2018-09-20 14:20:02 RepositoriesSetterNoJSON - Checkout 1add12e6117f79118ba2b6902e6a563f9ac753bc revision...
[INFO] 2018-09-20 14:20:02 TestSelectionAccordingDiff - diff --git a/xwiki-commons-tools/xwiki-commons-tool-xar/xwiki-commons-tool-xar-plugin/src/main/java/org/xwiki/tool/xar/internal/XWikiDocument.java b/xwiki-commons-tools/xwiki-commons-tool-xar/xwiki-commons-tool-xar-plugin/src/main/java/org/xwiki/tool/xar/internal/XWikiDocument.java
[INFO] 2018-09-20 14:20:02 TestSelectionAccordingDiff - index 2eba5cfed..a27bf8c52 100644
[INFO] 2018-09-20 14:20:02 TestSelectionAccordingDiff - --- a/xwiki-commons-tools/xwiki-commons-tool-xar/xwiki-commons-tool-xar-plugin/src/main/java/org/xwiki/tool/xar/internal/XWikiDocument.java
[INFO] 2018-09-20 14:20:02 TestSelectionAccordingDiff - +++ b/xwiki-commons-tools/xwiki-commons-tool-xar/xwiki-commons-tool-xar-plugin/src/main/java/org/xwiki/tool/xar/internal/XWikiDocument.java
[INFO] 2018-09-20 14:20:02 TestSelectionAccordingDiff - @@ -232,6 +232,7 @@ public void fromXML(Document domdoc) throws DocumentException
[INFO] 2018-09-20 14:20:02 TestSelectionAccordingDiff -       * @param domdoc the DOM document containing and XML wiki page
[INFO] 2018-09-20 14:20:02 TestSelectionAccordingDiff -       * @return the reference of the wiki page
[INFO] 2018-09-20 14:20:02 TestSelectionAccordingDiff -       * @throws DocumentException if it is not a valid XML wiki page
[INFO] 2018-09-20 14:20:02 TestSelectionAccordingDiff - +     * @since 10.8RC1
[INFO] 2018-09-20 14:20:02 TestSelectionAccordingDiff -       */
[INFO] 2018-09-20 14:20:02 TestSelectionAccordingDiff -      public static String readDocumentReference(Document domdoc) throws DocumentException
[INFO] 2018-09-20 14:20:02 TestSelectionAccordingDiff -      {
[INFO] 2018-09-20 14:20:02 TestSelectionAccordingDiff - @@ -259,6 +260,7 @@ public static String readDocumentReference(Document domdoc) throws DocumentExcep
[INFO] 2018-09-20 14:20:02 TestSelectionAccordingDiff -       * @param rootElement the root XML element under which to find the element
[INFO] 2018-09-20 14:20:02 TestSelectionAccordingDiff -       * @param elementName the name of the element to read
[INFO] 2018-09-20 14:20:02 TestSelectionAccordingDiff -       * @return {@code true} if the element is present; {@code false} otherwise
[INFO] 2018-09-20 14:20:02 TestSelectionAccordingDiff - +     * @since 10.8RC1
[INFO] 2018-09-20 14:20:02 TestSelectionAccordingDiff -       */
[INFO] 2018-09-20 14:20:02 TestSelectionAccordingDiff -      public static boolean isElementPresent(Element rootElement, String elementName)
[INFO] 2018-09-20 14:20:02 TestSelectionAccordingDiff -      {
[INFO] 2018-09-20 14:20:02 TestSelectionAccordingDiff - @@ -272,6 +274,7 @@ public static boolean isElementPresent(Element rootElement, String elementName)
[INFO] 2018-09-20 14:20:02 TestSelectionAccordingDiff -       * @param rootElement the root XML element under which to find the element
[INFO] 2018-09-20 14:20:02 TestSelectionAccordingDiff -       * @param elementName the name of the element to read
[INFO] 2018-09-20 14:20:02 TestSelectionAccordingDiff -       * @return null or the element value as a String
[INFO] 2018-09-20 14:20:02 TestSelectionAccordingDiff - +     * @since 10.8RC1
[INFO] 2018-09-20 14:20:02 TestSelectionAccordingDiff -       */
[INFO] 2018-09-20 14:20:02 TestSelectionAccordingDiff -      public static String readElement(Element rootElement, String elementName)
[INFO] 2018-09-20 14:20:02 TestSelectionAccordingDiff -      {
[INFO] 2018-09-20 14:20:02 TestSelectionAccordingDiff - @@ -286,6 +289,7 @@ public static String readElement(Element rootElement, String elementName)
[INFO] 2018-09-20 14:20:02 TestSelectionAccordingDiff -      /**
[INFO] 2018-09-20 14:20:02 TestSelectionAccordingDiff -       * @param rootElement the root element of the XML document
[INFO] 2018-09-20 14:20:02 TestSelectionAccordingDiff -       * @return the list of data for each attachment
[INFO] 2018-09-20 14:20:02 TestSelectionAccordingDiff - +     * @since 10.8RC1
[INFO] 2018-09-20 14:20:02 TestSelectionAccordingDiff -       */
[INFO] 2018-09-20 14:20:02 TestSelectionAccordingDiff -      public static List<Map<String, String>> readAttachmentData(Element rootElement)
[INFO] 2018-09-20 14:20:02 TestSelectionAccordingDiff -      {
[INFO] 2018-09-20 14:20:02 TestSelectionAccordingDiff - @@ -482,6 +486,7 @@ public String getSyntaxId()
[INFO] 2018-09-20 14:20:02 TestSelectionAccordingDiff -      /**
[INFO] 2018-09-20 14:20:02 TestSelectionAccordingDiff -       * @param name the name to escape
[INFO] 2018-09-20 14:20:02 TestSelectionAccordingDiff -       * @return the escaped name
[INFO] 2018-09-20 14:20:02 TestSelectionAccordingDiff - +     * @since 10.8RC1
[INFO] 2018-09-20 14:20:02 TestSelectionAccordingDiff -       */
[INFO] 2018-09-20 14:20:02 TestSelectionAccordingDiff -      public static String escapeSpaceOrPageName(String name)
[INFO] 2018-09-20 14:20:02 TestSelectionAccordingDiff -      {
[INFO] 2018-09-20 14:20:02 TestSelectionAccordingDiff - @@ -508,6 +513,7 @@ public static String getReference(File file)
[INFO] 2018-09-20 14:20:02 TestSelectionAccordingDiff -  
[INFO] 2018-09-20 14:20:02 TestSelectionAccordingDiff -      /**
[INFO] 2018-09-20 14:20:02 TestSelectionAccordingDiff -       * @return {@code true} if the date field is present; false otherwise
[INFO] 2018-09-20 14:20:02 TestSelectionAccordingDiff - +     * @since 10.8RC1
[INFO] 2018-09-20 14:20:02 TestSelectionAccordingDiff -       */
[INFO] 2018-09-20 14:20:02 TestSelectionAccordingDiff -      public boolean isDatePresent()
[INFO] 2018-09-20 14:20:02 TestSelectionAccordingDiff -      {
[INFO] 2018-09-20 14:20:02 TestSelectionAccordingDiff - @@ -516,6 +522,7 @@ public boolean isDatePresent()
[INFO] 2018-09-20 14:20:02 TestSelectionAccordingDiff -  
[INFO] 2018-09-20 14:20:02 TestSelectionAccordingDiff -      /**
[INFO] 2018-09-20 14:20:02 TestSelectionAccordingDiff -       * @return {@code true} if the contentUpdateDate field is present; false otherwise
[INFO] 2018-09-20 14:20:02 TestSelectionAccordingDiff - +     * @since 10.8RC1
[INFO] 2018-09-20 14:20:02 TestSelectionAccordingDiff -       */
[INFO] 2018-09-20 14:20:02 TestSelectionAccordingDiff -      public boolean isContentUpdateDatePresent()
[INFO] 2018-09-20 14:20:02 TestSelectionAccordingDiff -      {
[INFO] 2018-09-20 14:20:02 TestSelectionAccordingDiff - @@ -524,6 +531,7 @@ public boolean isContentUpdateDatePresent()
[INFO] 2018-09-20 14:20:02 TestSelectionAccordingDiff -  
[INFO] 2018-09-20 14:20:02 TestSelectionAccordingDiff -      /**
[INFO] 2018-09-20 14:20:02 TestSelectionAccordingDiff -       * @return {@code true} if the creationDate field is present; false otherwise
[INFO] 2018-09-20 14:20:02 TestSelectionAccordingDiff - +     * @since 10.8RC1
[INFO] 2018-09-20 14:20:02 TestSelectionAccordingDiff -       */
[INFO] 2018-09-20 14:20:02 TestSelectionAccordingDiff -      public boolean isCreationeDatePresent()
[INFO] 2018-09-20 14:20:02 TestSelectionAccordingDiff -      {
[INFO] 2018-09-20 14:20:02 TestSelectionAccordingDiff - @@ -532,6 +540,7 @@ public boolean isCreationeDatePresent()
[INFO] 2018-09-20 14:20:02 TestSelectionAccordingDiff -  
[INFO] 2018-09-20 14:20:02 TestSelectionAccordingDiff -      /**
[INFO] 2018-09-20 14:20:02 TestSelectionAccordingDiff -       * @return {@code true} if the date field is present for an attachment; false otherwise
[INFO] 2018-09-20 14:20:02 TestSelectionAccordingDiff - +     * @since 10.8RC1
[INFO] 2018-09-20 14:20:02 TestSelectionAccordingDiff -       */
[INFO] 2018-09-20 14:20:02 TestSelectionAccordingDiff -      public boolean isAttachmentDatePresent()
[INFO] 2018-09-20 14:20:02 TestSelectionAccordingDiff -      {
[INFO] 2018-09-20 14:20:02 TestSelectionAccordingDiff - Prepare for xwiki-commons
[INFO] 2018-09-20 14:20:02 TestSelectionAccordingDiff - Executing cmd python src/main/python/september-2018/preparation.py xwiki-commons
prepare xwiki-commons
[INFO] 2018-09-20 14:20:02 TestSelectionAccordingDiff - run maven clean install -DskipTests -Dcheckstyle.skip=true -Denforcer.skip=true --quiet
[WARN] Maven will be executed in interactive mode, but no input stream has been configured for this MavenInvoker instance.
[INFO] 2018-09-20 14:21:20 TestSelectionAccordingDiff - run maven clean eu.stamp-project:diff-test-selection:0.5-SNAPSHOT:list -DpathToDiff=/home/bdanglot/workspace/icst-2019/september-2018/dataset/xwiki-commons/patch.diff -DpathToOtherVersion=/home/bdanglot/workspace/icst-2019/september-2018/dataset/xwiki-commons_parent/xwiki-commons-tools/xwiki-commons-tool-xar/xwiki-commons-tool-xar-plugin -Dmodule=xwiki-commons-tools/xwiki-commons-tool-xar/xwiki-commons-tool-xar-plugin/ -DoutputPath=/home/bdanglot/workspace/icst-2019/september-2018/dataset/xwiki-commons/testsThatExecuteTheChanges.csv
[WARN] Maven will be executed in interactive mode, but no input stream has been configured for this MavenInvoker instance.
[[1;34mINFO[m] Scanning for projects...
[[1;34mINFO[m] 
[[1;34mINFO[m] [1m----------< [0;36morg.xwiki.commons:xwiki-commons-tool-xar-plugin[0;1m >-----------[m
[[1;34mINFO[m] [1mBuilding XWiki Commons - Tools - XAR Tools - XAR Plugin 10.8-SNAPSHOT[m
[[1;34mINFO[m] [1m----------------------------[ maven-plugin ]----------------------------[m
[[1;34mINFO[m] 
[[1;34mINFO[m] [1m--- [0;32mmaven-clean-plugin:3.1.0:clean[m [1m(default-clean)[m @ [36mxwiki-commons-tool-xar-plugin[0;1m ---[m
[[1;34mINFO[m] Deleting /home/bdanglot/workspace/icst-2019/september-2018/dataset/xwiki-commons/xwiki-commons-tools/xwiki-commons-tool-xar/xwiki-commons-tool-xar-plugin/target
[[1;34mINFO[m] 
[[1;34mINFO[m] [1m--- [0;32mdiff-test-selection:0.5-SNAPSHOT:list[m [1m(default-cli)[m @ [36mxwiki-commons-tool-xar-plugin[0;1m ---[m
[[1;34mINFO[m] Computing coverage for /home/bdanglot/workspace/icst-2019/september-2018/dataset/xwiki-commons/xwiki-commons-tools/xwiki-commons-tool-xar/xwiki-commons-tool-xar-plugin
[WARN] Maven will be executed in interactive mode, but no input stream has been configured for this MavenInvoker instance.
[[1;34mINFO[m] Scanning for projects...
[[1;34mINFO[m] 
[[1;34mINFO[m] [1m----------< [0;36morg.xwiki.commons:xwiki-commons-tool-xar-plugin[0;1m >-----------[m
[[1;34mINFO[m] [1mBuilding XWiki Commons - Tools - XAR Tools - XAR Plugin 10.8-SNAPSHOT[m
[[1;34mINFO[m] [1m----------------------------[ maven-plugin ]----------------------------[m
[[1;34mINFO[m] 
[[1;34mINFO[m] [1m--- [0;32mmaven-clean-plugin:3.1.0:clean[m [1m(default-clean)[m @ [36mxwiki-commons-tool-xar-plugin[0;1m ---[m
[[1;34mINFO[m] 
[[1;34mINFO[m] [1m--- [0;32mclover-maven-plugin:4.2.0:setup[m [1m(default-cli)[m @ [36mxwiki-commons-tool-xar-plugin[0;1m ---[m
[[1;34mINFO[m] No 'maven.clover.licenseLocation' configured. Using default license.
[[1;34mINFO[m] OpenClover Version 4.2.0, built on April 30 2017 (build-1000)
[[1;34mINFO[m] Loaded from: /home/bdanglot/.m2/repository/org/openclover/clover/4.2.0/clover-4.2.0.jar
[[1;34mINFO[m] Clover free edition.
[[1;34mINFO[m] Creating new database at '/home/bdanglot/workspace/icst-2019/september-2018/dataset/xwiki-commons/xwiki-commons-tools/xwiki-commons-tool-xar/xwiki-commons-tool-xar-plugin/target/clover/clover.db'.
[[1;34mINFO[m] Processing files at 1.8 source level.
[[1;34mINFO[m] Clover all over. Instrumented 10 files (2 packages).
[[1;34mINFO[m] Elapsed time = 0.496 secs. (20.161 files/sec, 5,713.71 srclines/sec)
[[1;34mINFO[m] OpenClover Version 4.2.0, built on April 30 2017 (build-1000)
[[1;34mINFO[m] Loaded from: /home/bdanglot/.m2/repository/org/openclover/clover/4.2.0/clover-4.2.0.jar
[[1;34mINFO[m] Clover free edition.
[[1;34mINFO[m] Updating existing database at '/home/bdanglot/workspace/icst-2019/september-2018/dataset/xwiki-commons/xwiki-commons-tools/xwiki-commons-tool-xar/xwiki-commons-tool-xar-plugin/target/clover/clover.db'.
[[1;34mINFO[m] Processing files at 1.8 source level.
[[1;34mINFO[m] Clover all over. Instrumented 2 files (1 package).
[[1;34mINFO[m] 5 test methods detected.
[[1;34mINFO[m] Elapsed time = 0.026 secs. (76.923 files/sec, 6,846.154 srclines/sec)
[[1;34mINFO[m] 
[[1;34mINFO[m] [1m--- [0;32mmaven-enforcer-plugin:1.4.1:enforce[m [1m(enforce-plugins)[m @ [36mxwiki-commons-tool-xar-plugin[0;1m ---[m
[[1;34mINFO[m] Skipping Rule Enforcement.
[[1;34mINFO[m] 
[[1;34mINFO[m] [1m--- [0;32mmaven-enforcer-plugin:1.4.1:enforce[m [1m(enforce-jcl-log4j-isolation)[m @ [36mxwiki-commons-tool-xar-plugin[0;1m ---[m
[[1;34mINFO[m] Skipping Rule Enforcement.
[[1;34mINFO[m] 
[[1;34mINFO[m] [1m--- [0;32mmaven-enforcer-plugin:1.4.1:enforce[m [1m(enforce-glasshfish-jaxb)[m @ [36mxwiki-commons-tool-xar-plugin[0;1m ---[m
[[1;34mINFO[m] Skipping Rule Enforcement.
[[1;34mINFO[m] 
[[1;34mINFO[m] [1m--- [0;32mmaven-enforcer-plugin:1.4.1:enforce[m [1m(enforce-open-json)[m @ [36mxwiki-commons-tool-xar-plugin[0;1m ---[m
[[1;34mINFO[m] Skipping Rule Enforcement.
[[1;34mINFO[m] 
[[1;34mINFO[m] [1m--- [0;32mmaven-enforcer-plugin:1.4.1:enforce[m [1m(enforce-glassfish-el)[m @ [36mxwiki-commons-tool-xar-plugin[0;1m ---[m
[[1;34mINFO[m] Skipping Rule Enforcement.
[[1;34mINFO[m] 
[[1;34mINFO[m] [1m--- [0;32mmaven-enforcer-plugin:1.4.1:enforce[m [1m(enforce-commons-lang3)[m @ [36mxwiki-commons-tool-xar-plugin[0;1m ---[m
[[1;34mINFO[m] Skipping Rule Enforcement.
[[1;34mINFO[m] 
[[1;34mINFO[m] [1m--- [0;32mmaven-enforcer-plugin:1.4.1:enforce[m [1m(enforce-commons-configuration2)[m @ [36mxwiki-commons-tool-xar-plugin[0;1m ---[m
[[1;34mINFO[m] Skipping Rule Enforcement.
[[1;34mINFO[m] 
[[1;34mINFO[m] [1m--- [0;32mmaven-enforcer-plugin:1.4.1:enforce[m [1m(enforce-bouncycastle-ids)[m @ [36mxwiki-commons-tool-xar-plugin[0;1m ---[m
[[1;34mINFO[m] Skipping Rule Enforcement.
[[1;34mINFO[m] 
[[1;34mINFO[m] [1m--- [0;32mmaven-enforcer-plugin:1.4.1:enforce[m [1m(enforce-javase-dependencies)[m @ [36mxwiki-commons-tool-xar-plugin[0;1m ---[m
[[1;34mINFO[m] Skipping Rule Enforcement.
[[1;34mINFO[m] 
[[1;34mINFO[m] [1m--- [0;32mmaven-enforcer-plugin:1.4.1:enforce[m [1m(enforce-upper-bounds)[m @ [36mxwiki-commons-tool-xar-plugin[0;1m ---[m
[[1;34mINFO[m] Skipping Rule Enforcement.
[[1;34mINFO[m] 
[[1;34mINFO[m] [1m--- [0;32mmaven-resources-plugin:3.1.0:resources[m [1m(default-resources)[m @ [36mxwiki-commons-tool-xar-plugin[0;1m ---[m
[[1;34mINFO[m] Using 'UTF-8' encoding to copy filtered resources.
[[1;34mINFO[m] skip non existing resourceDirectory /home/bdanglot/workspace/icst-2019/september-2018/dataset/xwiki-commons/xwiki-commons-tools/xwiki-commons-tool-xar/xwiki-commons-tool-xar-plugin/src/main/resources
[[1;34mINFO[m] Copying 1 resource
[[1;34mINFO[m] 
[[1;34mINFO[m] [1m--- [0;32mmaven-compiler-plugin:3.8.0:compile[m [1m(default-compile)[m @ [36mxwiki-commons-tool-xar-plugin[0;1m ---[m
[[1;34mINFO[m] Changes detected - recompiling the module!
[[1;34mINFO[m] Compiling 10 source files to /home/bdanglot/workspace/icst-2019/september-2018/dataset/xwiki-commons/xwiki-commons-tools/xwiki-commons-tool-xar/xwiki-commons-tool-xar-plugin/target/classes
[[1;34mINFO[m] /home/bdanglot/workspace/icst-2019/september-2018/dataset/xwiki-commons/xwiki-commons-tools/xwiki-commons-tool-xar/xwiki-commons-tool-xar-plugin/target/clover/src-instrumented/org/xwiki/tool/xar/AbstractXARMojo.java: Some input files use or override a deprecated API.
[[1;34mINFO[m] /home/bdanglot/workspace/icst-2019/september-2018/dataset/xwiki-commons/xwiki-commons-tools/xwiki-commons-tool-xar/xwiki-commons-tool-xar-plugin/target/clover/src-instrumented/org/xwiki/tool/xar/AbstractXARMojo.java: Recompile with -Xlint:deprecation for details.
[[1;34mINFO[m] 
[[1;34mINFO[m] [1m--- [0;32mmaven-plugin-plugin:3.5:descriptor[m [1m(default-descriptor)[m @ [36mxwiki-commons-tool-xar-plugin[0;1m ---[m
[[1;33mWARNING[m] 

Goal prefix is specified as: 'xar'. Maven currently expects it to be 'xwiki-commons-tool-xar'.

[[1;34mINFO[m] Using 'UTF-8' encoding to read mojo source files.
[[1;34mINFO[m] java-javadoc mojo extractor found 0 mojo descriptor.
[[1;34mINFO[m] java-annotations mojo extractor found 4 mojo descriptors.
[[1;34mINFO[m] 
[[1;34mINFO[m] [1m--- [0;32mmaven-resources-plugin:3.1.0:testResources[m [1m(default-testResources)[m @ [36mxwiki-commons-tool-xar-plugin[0;1m ---[m
[[1;34mINFO[m] Using 'UTF-8' encoding to copy filtered resources.
[[1;34mINFO[m] Copying 1 resource
[[1;34mINFO[m] 
[[1;34mINFO[m] [1m--- [0;32mmaven-compiler-plugin:3.8.0:testCompile[m [1m(default-testCompile)[m @ [36mxwiki-commons-tool-xar-plugin[0;1m ---[m
[[1;34mINFO[m] Changes detected - recompiling the module!
[[1;34mINFO[m] Compiling 2 source files to /home/bdanglot/workspace/icst-2019/september-2018/dataset/xwiki-commons/xwiki-commons-tools/xwiki-commons-tool-xar/xwiki-commons-tool-xar-plugin/target/test-classes
[[1;34mINFO[m] /home/bdanglot/workspace/icst-2019/september-2018/dataset/xwiki-commons/xwiki-commons-tools/xwiki-commons-tool-xar/xwiki-commons-tool-xar-plugin/target/clover/src-test-instrumented/org/xwiki/tool/xar/FormatMojoTest.java: /home/bdanglot/workspace/icst-2019/september-2018/dataset/xwiki-commons/xwiki-commons-tools/xwiki-commons-tool-xar/xwiki-commons-tool-xar-plugin/target/clover/src-test-instrumented/org/xwiki/tool/xar/FormatMojoTest.java uses unchecked or unsafe operations.
[[1;34mINFO[m] /home/bdanglot/workspace/icst-2019/september-2018/dataset/xwiki-commons/xwiki-commons-tools/xwiki-commons-tool-xar/xwiki-commons-tool-xar-plugin/target/clover/src-test-instrumented/org/xwiki/tool/xar/FormatMojoTest.java: Recompile with -Xlint:unchecked for details.
[[1;34mINFO[m] 
[[1;34mINFO[m] [1m--- [0;32mmaven-surefire-plugin:2.22.0:test[m [1m(default-test)[m @ [36mxwiki-commons-tool-xar-plugin[0;1m ---[m
[[1;34mINFO[m] 
[[1;34mINFO[m] -------------------------------------------------------
[[1;34mINFO[m]  T E S T S
[[1;34mINFO[m] -------------------------------------------------------
[[1;34mINFO[m] Running org.xwiki.tool.xar.[1mXWikiDocumentTest[m
[[1;34mINFO[m] [1;32mTests run: [0;1;32m1[m, Failures: 0, Errors: 0, Skipped: 0, Time elapsed: 0.237 s - in org.xwiki.tool.xar.[1mXWikiDocumentTest[m
[[1;34mINFO[m] Running org.xwiki.tool.xar.[1mFormatMojoTest[m
[[1;34mINFO[m] [1;32mTests run: [0;1;32m4[m, Failures: 0, Errors: 0, Skipped: 0, Time elapsed: 0.038 s - in org.xwiki.tool.xar.[1mFormatMojoTest[m
[[1;34mINFO[m] 
[[1;34mINFO[m] Results:
[[1;34mINFO[m] 
[[1;34mINFO[m] [1;32mTests run: 5, Failures: 0, Errors: 0, Skipped: 0[m
[[1;34mINFO[m] 
[[1;34mINFO[m] [1m------------------------------------------------------------------------[m
[[1;34mINFO[m] [1;32mBUILD SUCCESS[m
[[1;34mINFO[m] [1m------------------------------------------------------------------------[m
[[1;34mINFO[m] Total time: 7.673 s
[[1;34mINFO[m] Finished at: 2018-09-20T14:21:32+02:00
[[1;34mINFO[m] [1m------------------------------------------------------------------------[m
Writing HTML report to '/home/bdanglot/workspace/icst-2019/september-2018/dataset/xwiki-commons/xwiki-commons-tools/xwiki-commons-tool-xar/xwiki-commons-tool-xar-plugin/target/clover/report'
Done. Processed 2 packages in 1248ms (624ms per package).
[[1;34mINFO[m] Saving result in /home/bdanglot/workspace/icst-2019/september-2018/dataset/xwiki-commons/testsThatExecuteTheChanges.csv ...
[[1;34mINFO[m] 
[[1;34mINFO[m] [1m------------------------------------------------------------------------[m
[[1;34mINFO[m] [1;32mBUILD SUCCESS[m
[[1;34mINFO[m] [1m------------------------------------------------------------------------[m
[[1;34mINFO[m] Total time: 13.178 s
[[1;34mINFO[m] Finished at: 2018-09-20T14:21:35+02:00
[[1;34mINFO[m] [1m------------------------------------------------------------------------[m
[WARN] 2018-09-20 14:21:35 ProjectJSONBuilder - No test execute the changes for c0b4a23
[INFO] 2018-09-20 14:21:35 RepositoriesSetterNoJSON - {september-2018/dataset/xwiki-commons} Cleaning local repository...
[INFO] 2018-09-20 14:21:35 RepositoriesSetterNoJSON - Checkout 1add12e6117f79118ba2b6902e6a563f9ac753bc revision...
[INFO] 2018-09-20 14:21:35 RepositoriesSetterNoJSON - {september-2018/dataset/xwiki-commons_parent} Cleaning local repository...
[INFO] 2018-09-20 14:21:35 RepositoriesSetterNoJSON - Checkout 2da5bd9f2be89ea9a73153ded7584975166d108f revision...
[INFO] 2018-09-20 14:21:35 TestSelectionAccordingDiff - diff --git a/xwiki-commons-tools/xwiki-commons-tool-xar/xwiki-commons-tool-xar-plugin/src/main/java/org/xwiki/tool/xar/AbstractVerifyMojo.java b/xwiki-commons-tools/xwiki-commons-tool-xar/xwiki-commons-tool-xar-plugin/src/main/java/org/xwiki/tool/xar/AbstractVerifyMojo.java
[INFO] 2018-09-20 14:21:35 TestSelectionAccordingDiff - index c3912991a..597e3170f 100644
[INFO] 2018-09-20 14:21:35 TestSelectionAccordingDiff - --- a/xwiki-commons-tools/xwiki-commons-tool-xar/xwiki-commons-tool-xar-plugin/src/main/java/org/xwiki/tool/xar/AbstractVerifyMojo.java
[INFO] 2018-09-20 14:21:35 TestSelectionAccordingDiff - +++ b/xwiki-commons-tools/xwiki-commons-tool-xar/xwiki-commons-tool-xar-plugin/src/main/java/org/xwiki/tool/xar/AbstractVerifyMojo.java
[INFO] 2018-09-20 14:21:35 TestSelectionAccordingDiff - @@ -109,7 +109,7 @@
[INFO] 2018-09-20 14:21:35 TestSelectionAccordingDiff -      /**
[INFO] 2018-09-20 14:21:35 TestSelectionAccordingDiff -       * Disables the check for the existence of the date fields.
[INFO] 2018-09-20 14:21:35 TestSelectionAccordingDiff -       *
[INFO] 2018-09-20 14:21:35 TestSelectionAccordingDiff - -     * @since 10.7RC1
[INFO] 2018-09-20 14:21:35 TestSelectionAccordingDiff - +     * @since 10.8RC1
[INFO] 2018-09-20 14:21:35 TestSelectionAccordingDiff -       */
[INFO] 2018-09-20 14:21:35 TestSelectionAccordingDiff -      @Parameter(property = "xar.dates.skip", defaultValue = "false")
[INFO] 2018-09-20 14:21:35 TestSelectionAccordingDiff -      protected boolean skipDates;
[INFO] 2018-09-20 14:21:35 TestSelectionAccordingDiff - @@ -117,7 +117,7 @@
[INFO] 2018-09-20 14:21:35 TestSelectionAccordingDiff -      /**
[INFO] 2018-09-20 14:21:35 TestSelectionAccordingDiff -       * Disables the check for the existence of the date fields.
[INFO] 2018-09-20 14:21:35 TestSelectionAccordingDiff -       *
[INFO] 2018-09-20 14:21:35 TestSelectionAccordingDiff - -     * @since 10.7RC1
[INFO] 2018-09-20 14:21:35 TestSelectionAccordingDiff - +     * @since 10.8RC1
[INFO] 2018-09-20 14:21:35 TestSelectionAccordingDiff -       */
[INFO] 2018-09-20 14:21:35 TestSelectionAccordingDiff -      @Parameter(property = "xar.dates.skip.documentList")
[INFO] 2018-09-20 14:21:35 TestSelectionAccordingDiff -      protected Set<String> skipDatesDocumentList;
[INFO] 2018-09-20 14:21:35 TestSelectionAccordingDiff - Prepare for xwiki-commons
[INFO] 2018-09-20 14:21:35 TestSelectionAccordingDiff - Executing cmd python src/main/python/september-2018/preparation.py xwiki-commons
prepare xwiki-commons
[INFO] 2018-09-20 14:21:35 TestSelectionAccordingDiff - run maven clean install -DskipTests -Dcheckstyle.skip=true -Denforcer.skip=true --quiet
[WARN] Maven will be executed in interactive mode, but no input stream has been configured for this MavenInvoker instance.
[INFO] 2018-09-20 14:22:54 TestSelectionAccordingDiff - run maven clean eu.stamp-project:diff-test-selection:0.5-SNAPSHOT:list -DpathToDiff=/home/bdanglot/workspace/icst-2019/september-2018/dataset/xwiki-commons/patch.diff -DpathToOtherVersion=/home/bdanglot/workspace/icst-2019/september-2018/dataset/xwiki-commons_parent/xwiki-commons-tools/xwiki-commons-tool-xar/xwiki-commons-tool-xar-plugin -Dmodule=xwiki-commons-tools/xwiki-commons-tool-xar/xwiki-commons-tool-xar-plugin/ -DoutputPath=/home/bdanglot/workspace/icst-2019/september-2018/dataset/xwiki-commons/testsThatExecuteTheChanges.csv
[WARN] Maven will be executed in interactive mode, but no input stream has been configured for this MavenInvoker instance.
[[1;34mINFO[m] Scanning for projects...
[[1;34mINFO[m] 
[[1;34mINFO[m] [1m----------< [0;36morg.xwiki.commons:xwiki-commons-tool-xar-plugin[0;1m >-----------[m
[[1;34mINFO[m] [1mBuilding XWiki Commons - Tools - XAR Tools - XAR Plugin 10.8-SNAPSHOT[m
[[1;34mINFO[m] [1m----------------------------[ maven-plugin ]----------------------------[m
[[1;34mINFO[m] 
[[1;34mINFO[m] [1m--- [0;32mmaven-clean-plugin:3.1.0:clean[m [1m(default-clean)[m @ [36mxwiki-commons-tool-xar-plugin[0;1m ---[m
[[1;34mINFO[m] Deleting /home/bdanglot/workspace/icst-2019/september-2018/dataset/xwiki-commons/xwiki-commons-tools/xwiki-commons-tool-xar/xwiki-commons-tool-xar-plugin/target
[[1;34mINFO[m] 
[[1;34mINFO[m] [1m--- [0;32mdiff-test-selection:0.5-SNAPSHOT:list[m [1m(default-cli)[m @ [36mxwiki-commons-tool-xar-plugin[0;1m ---[m
[[1;34mINFO[m] Computing coverage for /home/bdanglot/workspace/icst-2019/september-2018/dataset/xwiki-commons/xwiki-commons-tools/xwiki-commons-tool-xar/xwiki-commons-tool-xar-plugin
[WARN] Maven will be executed in interactive mode, but no input stream has been configured for this MavenInvoker instance.
[[1;34mINFO[m] Scanning for projects...
[[1;34mINFO[m] 
[[1;34mINFO[m] [1m----------< [0;36morg.xwiki.commons:xwiki-commons-tool-xar-plugin[0;1m >-----------[m
[[1;34mINFO[m] [1mBuilding XWiki Commons - Tools - XAR Tools - XAR Plugin 10.8-SNAPSHOT[m
[[1;34mINFO[m] [1m----------------------------[ maven-plugin ]----------------------------[m
[[1;34mINFO[m] 
[[1;34mINFO[m] [1m--- [0;32mmaven-clean-plugin:3.1.0:clean[m [1m(default-clean)[m @ [36mxwiki-commons-tool-xar-plugin[0;1m ---[m
[[1;34mINFO[m] 
[[1;34mINFO[m] [1m--- [0;32mclover-maven-plugin:4.2.0:setup[m [1m(default-cli)[m @ [36mxwiki-commons-tool-xar-plugin[0;1m ---[m
[[1;34mINFO[m] No 'maven.clover.licenseLocation' configured. Using default license.
[[1;34mINFO[m] OpenClover Version 4.2.0, built on April 30 2017 (build-1000)
[[1;34mINFO[m] Loaded from: /home/bdanglot/.m2/repository/org/openclover/clover/4.2.0/clover-4.2.0.jar
[[1;34mINFO[m] Clover free edition.
[[1;34mINFO[m] Creating new database at '/home/bdanglot/workspace/icst-2019/september-2018/dataset/xwiki-commons/xwiki-commons-tools/xwiki-commons-tool-xar/xwiki-commons-tool-xar-plugin/target/clover/clover.db'.
[[1;34mINFO[m] Processing files at 1.8 source level.
[[1;34mINFO[m] Clover all over. Instrumented 10 files (2 packages).
[[1;34mINFO[m] Elapsed time = 0.501 secs. (19.96 files/sec, 5,638.723 srclines/sec)
[[1;34mINFO[m] OpenClover Version 4.2.0, built on April 30 2017 (build-1000)
[[1;34mINFO[m] Loaded from: /home/bdanglot/.m2/repository/org/openclover/clover/4.2.0/clover-4.2.0.jar
[[1;34mINFO[m] Clover free edition.
[[1;34mINFO[m] Updating existing database at '/home/bdanglot/workspace/icst-2019/september-2018/dataset/xwiki-commons/xwiki-commons-tools/xwiki-commons-tool-xar/xwiki-commons-tool-xar-plugin/target/clover/clover.db'.
[[1;34mINFO[m] Processing files at 1.8 source level.
[[1;34mINFO[m] Clover all over. Instrumented 2 files (1 package).
[[1;34mINFO[m] 5 test methods detected.
[[1;34mINFO[m] Elapsed time = 0.026 secs. (76.923 files/sec, 6,846.154 srclines/sec)
[[1;34mINFO[m] 
[[1;34mINFO[m] [1m--- [0;32mmaven-enforcer-plugin:1.4.1:enforce[m [1m(enforce-plugins)[m @ [36mxwiki-commons-tool-xar-plugin[0;1m ---[m
[[1;34mINFO[m] Skipping Rule Enforcement.
[[1;34mINFO[m] 
[[1;34mINFO[m] [1m--- [0;32mmaven-enforcer-plugin:1.4.1:enforce[m [1m(enforce-jcl-log4j-isolation)[m @ [36mxwiki-commons-tool-xar-plugin[0;1m ---[m
[[1;34mINFO[m] Skipping Rule Enforcement.
[[1;34mINFO[m] 
[[1;34mINFO[m] [1m--- [0;32mmaven-enforcer-plugin:1.4.1:enforce[m [1m(enforce-glasshfish-jaxb)[m @ [36mxwiki-commons-tool-xar-plugin[0;1m ---[m
[[1;34mINFO[m] Skipping Rule Enforcement.
[[1;34mINFO[m] 
[[1;34mINFO[m] [1m--- [0;32mmaven-enforcer-plugin:1.4.1:enforce[m [1m(enforce-open-json)[m @ [36mxwiki-commons-tool-xar-plugin[0;1m ---[m
[[1;34mINFO[m] Skipping Rule Enforcement.
[[1;34mINFO[m] 
[[1;34mINFO[m] [1m--- [0;32mmaven-enforcer-plugin:1.4.1:enforce[m [1m(enforce-glassfish-el)[m @ [36mxwiki-commons-tool-xar-plugin[0;1m ---[m
[[1;34mINFO[m] Skipping Rule Enforcement.
[[1;34mINFO[m] 
[[1;34mINFO[m] [1m--- [0;32mmaven-enforcer-plugin:1.4.1:enforce[m [1m(enforce-commons-lang3)[m @ [36mxwiki-commons-tool-xar-plugin[0;1m ---[m
[[1;34mINFO[m] Skipping Rule Enforcement.
[[1;34mINFO[m] 
[[1;34mINFO[m] [1m--- [0;32mmaven-enforcer-plugin:1.4.1:enforce[m [1m(enforce-commons-configuration2)[m @ [36mxwiki-commons-tool-xar-plugin[0;1m ---[m
[[1;34mINFO[m] Skipping Rule Enforcement.
[[1;34mINFO[m] 
[[1;34mINFO[m] [1m--- [0;32mmaven-enforcer-plugin:1.4.1:enforce[m [1m(enforce-bouncycastle-ids)[m @ [36mxwiki-commons-tool-xar-plugin[0;1m ---[m
[[1;34mINFO[m] Skipping Rule Enforcement.
[[1;34mINFO[m] 
[[1;34mINFO[m] [1m--- [0;32mmaven-enforcer-plugin:1.4.1:enforce[m [1m(enforce-javase-dependencies)[m @ [36mxwiki-commons-tool-xar-plugin[0;1m ---[m
[[1;34mINFO[m] Skipping Rule Enforcement.
[[1;34mINFO[m] 
[[1;34mINFO[m] [1m--- [0;32mmaven-enforcer-plugin:1.4.1:enforce[m [1m(enforce-upper-bounds)[m @ [36mxwiki-commons-tool-xar-plugin[0;1m ---[m
[[1;34mINFO[m] Skipping Rule Enforcement.
[[1;34mINFO[m] 
[[1;34mINFO[m] [1m--- [0;32mmaven-resources-plugin:3.1.0:resources[m [1m(default-resources)[m @ [36mxwiki-commons-tool-xar-plugin[0;1m ---[m
[[1;34mINFO[m] Using 'UTF-8' encoding to copy filtered resources.
[[1;34mINFO[m] skip non existing resourceDirectory /home/bdanglot/workspace/icst-2019/september-2018/dataset/xwiki-commons/xwiki-commons-tools/xwiki-commons-tool-xar/xwiki-commons-tool-xar-plugin/src/main/resources
[[1;34mINFO[m] Copying 1 resource
[[1;34mINFO[m] 
[[1;34mINFO[m] [1m--- [0;32mmaven-compiler-plugin:3.8.0:compile[m [1m(default-compile)[m @ [36mxwiki-commons-tool-xar-plugin[0;1m ---[m
[[1;34mINFO[m] Changes detected - recompiling the module!
[[1;34mINFO[m] Compiling 10 source files to /home/bdanglot/workspace/icst-2019/september-2018/dataset/xwiki-commons/xwiki-commons-tools/xwiki-commons-tool-xar/xwiki-commons-tool-xar-plugin/target/classes
[[1;34mINFO[m] /home/bdanglot/workspace/icst-2019/september-2018/dataset/xwiki-commons/xwiki-commons-tools/xwiki-commons-tool-xar/xwiki-commons-tool-xar-plugin/target/clover/src-instrumented/org/xwiki/tool/xar/AbstractXARMojo.java: Some input files use or override a deprecated API.
[[1;34mINFO[m] /home/bdanglot/workspace/icst-2019/september-2018/dataset/xwiki-commons/xwiki-commons-tools/xwiki-commons-tool-xar/xwiki-commons-tool-xar-plugin/target/clover/src-instrumented/org/xwiki/tool/xar/AbstractXARMojo.java: Recompile with -Xlint:deprecation for details.
[[1;34mINFO[m] 
[[1;34mINFO[m] [1m--- [0;32mmaven-plugin-plugin:3.5:descriptor[m [1m(default-descriptor)[m @ [36mxwiki-commons-tool-xar-plugin[0;1m ---[m
[[1;33mWARNING[m] 

Goal prefix is specified as: 'xar'. Maven currently expects it to be 'xwiki-commons-tool-xar'.

[[1;34mINFO[m] Using 'UTF-8' encoding to read mojo source files.
[[1;34mINFO[m] java-javadoc mojo extractor found 0 mojo descriptor.
[[1;34mINFO[m] java-annotations mojo extractor found 4 mojo descriptors.
[[1;34mINFO[m] 
[[1;34mINFO[m] [1m--- [0;32mmaven-resources-plugin:3.1.0:testResources[m [1m(default-testResources)[m @ [36mxwiki-commons-tool-xar-plugin[0;1m ---[m
[[1;34mINFO[m] Using 'UTF-8' encoding to copy filtered resources.
[[1;34mINFO[m] Copying 1 resource
[[1;34mINFO[m] 
[[1;34mINFO[m] [1m--- [0;32mmaven-compiler-plugin:3.8.0:testCompile[m [1m(default-testCompile)[m @ [36mxwiki-commons-tool-xar-plugin[0;1m ---[m
[[1;34mINFO[m] Changes detected - recompiling the module!
[[1;34mINFO[m] Compiling 2 source files to /home/bdanglot/workspace/icst-2019/september-2018/dataset/xwiki-commons/xwiki-commons-tools/xwiki-commons-tool-xar/xwiki-commons-tool-xar-plugin/target/test-classes
[[1;34mINFO[m] /home/bdanglot/workspace/icst-2019/september-2018/dataset/xwiki-commons/xwiki-commons-tools/xwiki-commons-tool-xar/xwiki-commons-tool-xar-plugin/target/clover/src-test-instrumented/org/xwiki/tool/xar/FormatMojoTest.java: /home/bdanglot/workspace/icst-2019/september-2018/dataset/xwiki-commons/xwiki-commons-tools/xwiki-commons-tool-xar/xwiki-commons-tool-xar-plugin/target/clover/src-test-instrumented/org/xwiki/tool/xar/FormatMojoTest.java uses unchecked or unsafe operations.
[[1;34mINFO[m] /home/bdanglot/workspace/icst-2019/september-2018/dataset/xwiki-commons/xwiki-commons-tools/xwiki-commons-tool-xar/xwiki-commons-tool-xar-plugin/target/clover/src-test-instrumented/org/xwiki/tool/xar/FormatMojoTest.java: Recompile with -Xlint:unchecked for details.
[[1;34mINFO[m] 
[[1;34mINFO[m] [1m--- [0;32mmaven-surefire-plugin:2.22.0:test[m [1m(default-test)[m @ [36mxwiki-commons-tool-xar-plugin[0;1m ---[m
[[1;34mINFO[m] 
[[1;34mINFO[m] -------------------------------------------------------
[[1;34mINFO[m]  T E S T S
[[1;34mINFO[m] -------------------------------------------------------
[[1;34mINFO[m] Running org.xwiki.tool.xar.[1mXWikiDocumentTest[m
[[1;34mINFO[m] [1;32mTests run: [0;1;32m1[m, Failures: 0, Errors: 0, Skipped: 0, Time elapsed: 0.171 s - in org.xwiki.tool.xar.[1mXWikiDocumentTest[m
[[1;34mINFO[m] Running org.xwiki.tool.xar.[1mFormatMojoTest[m
[[1;34mINFO[m] [1;32mTests run: [0;1;32m4[m, Failures: 0, Errors: 0, Skipped: 0, Time elapsed: 0.031 s - in org.xwiki.tool.xar.[1mFormatMojoTest[m
[[1;34mINFO[m] 
[[1;34mINFO[m] Results:
[[1;34mINFO[m] 
[[1;34mINFO[m] [1;32mTests run: 5, Failures: 0, Errors: 0, Skipped: 0[m
[[1;34mINFO[m] 
[[1;34mINFO[m] [1m------------------------------------------------------------------------[m
[[1;34mINFO[m] [1;32mBUILD SUCCESS[m
[[1;34mINFO[m] [1m------------------------------------------------------------------------[m
[[1;34mINFO[m] Total time: 7.446 s
[[1;34mINFO[m] Finished at: 2018-09-20T14:23:05+02:00
[[1;34mINFO[m] [1m------------------------------------------------------------------------[m
Writing HTML report to '/home/bdanglot/workspace/icst-2019/september-2018/dataset/xwiki-commons/xwiki-commons-tools/xwiki-commons-tool-xar/xwiki-commons-tool-xar-plugin/target/clover/report'
Done. Processed 2 packages in 1235ms (617ms per package).
[[1;34mINFO[m] Saving result in /home/bdanglot/workspace/icst-2019/september-2018/dataset/xwiki-commons/testsThatExecuteTheChanges.csv ...
[[1;34mINFO[m] 
[[1;34mINFO[m] [1m------------------------------------------------------------------------[m
[[1;34mINFO[m] [1;32mBUILD SUCCESS[m
[[1;34mINFO[m] [1m------------------------------------------------------------------------[m
[[1;34mINFO[m] Total time: 12.766 s
[[1;34mINFO[m] Finished at: 2018-09-20T14:23:08+02:00
[[1;34mINFO[m] [1m------------------------------------------------------------------------[m
[WARN] 2018-09-20 14:23:08 ProjectJSONBuilder - No test execute the changes for 1add12e
[INFO] 2018-09-20 14:23:08 RepositoriesSetterNoJSON - {september-2018/dataset/xwiki-commons} Cleaning local repository...
[INFO] 2018-09-20 14:23:08 RepositoriesSetterNoJSON - Checkout 2da5bd9f2be89ea9a73153ded7584975166d108f revision...
[INFO] 2018-09-20 14:23:08 RepositoriesSetterNoJSON - {september-2018/dataset/xwiki-commons_parent} Cleaning local repository...
[INFO] 2018-09-20 14:23:08 RepositoriesSetterNoJSON - Checkout 9854eae303e13ed9e4e8bb98d687f667c66d18d5 revision...
[INFO] 2018-09-20 14:23:08 TestSelectionAccordingDiff - diff --git a/xwiki-commons-tools/xwiki-commons-tool-xar/xwiki-commons-tool-xar-plugin/src/main/java/org/xwiki/tool/xar/FormatMojo.java b/xwiki-commons-tools/xwiki-commons-tool-xar/xwiki-commons-tool-xar-plugin/src/main/java/org/xwiki/tool/xar/FormatMojo.java
[INFO] 2018-09-20 14:23:08 TestSelectionAccordingDiff - index 3916ccec8..5f3edccd8 100644
[INFO] 2018-09-20 14:23:08 TestSelectionAccordingDiff - --- a/xwiki-commons-tools/xwiki-commons-tool-xar/xwiki-commons-tool-xar-plugin/src/main/java/org/xwiki/tool/xar/FormatMojo.java
[INFO] 2018-09-20 14:23:08 TestSelectionAccordingDiff - +++ b/xwiki-commons-tools/xwiki-commons-tool-xar/xwiki-commons-tool-xar-plugin/src/main/java/org/xwiki/tool/xar/FormatMojo.java
[INFO] 2018-09-20 14:23:08 TestSelectionAccordingDiff - @@ -23,6 +23,7 @@
[INFO] 2018-09-20 14:23:08 TestSelectionAccordingDiff -  import java.io.FileOutputStream;
[INFO] 2018-09-20 14:23:08 TestSelectionAccordingDiff -  import java.io.IOException;
[INFO] 2018-09-20 14:23:08 TestSelectionAccordingDiff -  import java.util.Collection;
[INFO] 2018-09-20 14:23:08 TestSelectionAccordingDiff - +import java.util.List;
[INFO] 2018-09-20 14:23:08 TestSelectionAccordingDiff -  
[INFO] 2018-09-20 14:23:08 TestSelectionAccordingDiff -  import org.apache.commons.lang3.StringUtils;
[INFO] 2018-09-20 14:23:08 TestSelectionAccordingDiff -  import org.apache.maven.plugin.MojoExecutionException;
[INFO] 2018-09-20 14:23:08 TestSelectionAccordingDiff - @@ -180,9 +181,10 @@ private void format(String fileName, Document domdoc, String defaultLanguage)
[INFO] 2018-09-20 14:23:08 TestSelectionAccordingDiff -              getLog().error("Failed to get the document reference", e);
[INFO] 2018-09-20 14:23:08 TestSelectionAccordingDiff -          }
[INFO] 2018-09-20 14:23:08 TestSelectionAccordingDiff -          if (!this.skipDates && !this.skipDatesDocumentList.contains(documentName)) {
[INFO] 2018-09-20 14:23:08 TestSelectionAccordingDiff - -            removeNode("xwikidoc/creationDate", domdoc);
[INFO] 2018-09-20 14:23:08 TestSelectionAccordingDiff - -            removeNode("xwikidoc/date", domdoc);
[INFO] 2018-09-20 14:23:08 TestSelectionAccordingDiff - -            removeNode("xwikidoc/contentUpdateDate", domdoc);
[INFO] 2018-09-20 14:23:08 TestSelectionAccordingDiff - +            removeNodes("xwikidoc/creationDate", domdoc);
[INFO] 2018-09-20 14:23:08 TestSelectionAccordingDiff - +            removeNodes("xwikidoc/date", domdoc);
[INFO] 2018-09-20 14:23:08 TestSelectionAccordingDiff - +            removeNodes("xwikidoc/contentUpdateDate", domdoc);
[INFO] 2018-09-20 14:23:08 TestSelectionAccordingDiff - +            removeNodes("xwikidoc//attachment/date", domdoc);
[INFO] 2018-09-20 14:23:08 TestSelectionAccordingDiff -          }
[INFO] 2018-09-20 14:23:08 TestSelectionAccordingDiff -      }
[INFO] 2018-09-20 14:23:08 TestSelectionAccordingDiff -  
[INFO] 2018-09-20 14:23:08 TestSelectionAccordingDiff - @@ -194,15 +196,15 @@ private void removeContent(Element element)
[INFO] 2018-09-20 14:23:08 TestSelectionAccordingDiff -      }
[INFO] 2018-09-20 14:23:08 TestSelectionAccordingDiff -  
[INFO] 2018-09-20 14:23:08 TestSelectionAccordingDiff -      /**
[INFO] 2018-09-20 14:23:08 TestSelectionAccordingDiff - -     * Remove the node if found with the xpath expression
[INFO] 2018-09-20 14:23:08 TestSelectionAccordingDiff - +     * Remove the nodes found with the xpath expression.
[INFO] 2018-09-20 14:23:08 TestSelectionAccordingDiff -       *
[INFO] 2018-09-20 14:23:08 TestSelectionAccordingDiff - -     * @param xpathExpression the xpath expression of the node
[INFO] 2018-09-20 14:23:08 TestSelectionAccordingDiff - -     * @param domdoc The dom document
[INFO] 2018-09-20 14:23:08 TestSelectionAccordingDiff - +     * @param xpathExpression the xpath expression of the nodes
[INFO] 2018-09-20 14:23:08 TestSelectionAccordingDiff - +     * @param domdoc The DOM document
[INFO] 2018-09-20 14:23:08 TestSelectionAccordingDiff -       */
[INFO] 2018-09-20 14:23:08 TestSelectionAccordingDiff - -    private void removeNode(String xpathExpression, Document domdoc)
[INFO] 2018-09-20 14:23:08 TestSelectionAccordingDiff - +    private void removeNodes(String xpathExpression, Document domdoc)
[INFO] 2018-09-20 14:23:08 TestSelectionAccordingDiff -      {
[INFO] 2018-09-20 14:23:08 TestSelectionAccordingDiff - -        Node node = domdoc.selectSingleNode(xpathExpression);
[INFO] 2018-09-20 14:23:08 TestSelectionAccordingDiff - -        if (node != null) {
[INFO] 2018-09-20 14:23:08 TestSelectionAccordingDiff - +        List<Node> nodes = domdoc.selectNodes(xpathExpression);
[INFO] 2018-09-20 14:23:08 TestSelectionAccordingDiff - +        for (Node node : nodes) {
[INFO] 2018-09-20 14:23:08 TestSelectionAccordingDiff -              node.detach();
[INFO] 2018-09-20 14:23:08 TestSelectionAccordingDiff -          }
[INFO] 2018-09-20 14:23:08 TestSelectionAccordingDiff -      }
[INFO] 2018-09-20 14:23:08 TestSelectionAccordingDiff - diff --git a/xwiki-commons-tools/xwiki-commons-tool-xar/xwiki-commons-tool-xar-plugin/src/main/java/org/xwiki/tool/xar/VerifyMojo.java b/xwiki-commons-tools/xwiki-commons-tool-xar/xwiki-commons-tool-xar-plugin/src/main/java/org/xwiki/tool/xar/VerifyMojo.java
[INFO] 2018-09-20 14:23:08 TestSelectionAccordingDiff - index 08f19d353..eb16eaf28 100644
[INFO] 2018-09-20 14:23:08 TestSelectionAccordingDiff - --- a/xwiki-commons-tools/xwiki-commons-tool-xar/xwiki-commons-tool-xar-plugin/src/main/java/org/xwiki/tool/xar/VerifyMojo.java
[INFO] 2018-09-20 14:23:08 TestSelectionAccordingDiff - +++ b/xwiki-commons-tools/xwiki-commons-tool-xar/xwiki-commons-tool-xar-plugin/src/main/java/org/xwiki/tool/xar/VerifyMojo.java
[INFO] 2018-09-20 14:23:08 TestSelectionAccordingDiff - @@ -218,6 +218,10 @@ private void verifyDateFields(List<String> errors, XWikiDocument xdoc)
[INFO] 2018-09-20 14:23:08 TestSelectionAccordingDiff -              if (xdoc.isCreationeDatePresent()) {
[INFO] 2018-09-20 14:23:08 TestSelectionAccordingDiff -                  errors.add("'creationDate' field is present");
[INFO] 2018-09-20 14:23:08 TestSelectionAccordingDiff -              }
[INFO] 2018-09-20 14:23:08 TestSelectionAccordingDiff - +
[INFO] 2018-09-20 14:23:08 TestSelectionAccordingDiff - +            if (xdoc.isAttachmentDatePresent()) {
[INFO] 2018-09-20 14:23:08 TestSelectionAccordingDiff - +                errors.add("'attachment/date' field is present");
[INFO] 2018-09-20 14:23:08 TestSelectionAccordingDiff - +            }
[INFO] 2018-09-20 14:23:08 TestSelectionAccordingDiff -          }
[INFO] 2018-09-20 14:23:08 TestSelectionAccordingDiff -      }
[INFO] 2018-09-20 14:23:08 TestSelectionAccordingDiff -  
[INFO] 2018-09-20 14:23:08 TestSelectionAccordingDiff - diff --git a/xwiki-commons-tools/xwiki-commons-tool-xar/xwiki-commons-tool-xar-plugin/src/main/java/org/xwiki/tool/xar/internal/XWikiDocument.java b/xwiki-commons-tools/xwiki-commons-tool-xar/xwiki-commons-tool-xar-plugin/src/main/java/org/xwiki/tool/xar/internal/XWikiDocument.java
[INFO] 2018-09-20 14:23:08 TestSelectionAccordingDiff - index 2460f307b..2eba5cfed 100644
[INFO] 2018-09-20 14:23:08 TestSelectionAccordingDiff - --- a/xwiki-commons-tools/xwiki-commons-tool-xar/xwiki-commons-tool-xar-plugin/src/main/java/org/xwiki/tool/xar/internal/XWikiDocument.java
[INFO] 2018-09-20 14:23:08 TestSelectionAccordingDiff - +++ b/xwiki-commons-tools/xwiki-commons-tool-xar/xwiki-commons-tool-xar-plugin/src/main/java/org/xwiki/tool/xar/internal/XWikiDocument.java
[INFO] 2018-09-20 14:23:08 TestSelectionAccordingDiff - @@ -148,6 +148,11 @@
[INFO] 2018-09-20 14:23:08 TestSelectionAccordingDiff -       */
[INFO] 2018-09-20 14:23:08 TestSelectionAccordingDiff -      private boolean creationDatePresent;
[INFO] 2018-09-20 14:23:08 TestSelectionAccordingDiff -  
[INFO] 2018-09-20 14:23:08 TestSelectionAccordingDiff - +    /**
[INFO] 2018-09-20 14:23:08 TestSelectionAccordingDiff - +     * @see #isAttachmentDatePresent()
[INFO] 2018-09-20 14:23:08 TestSelectionAccordingDiff - +     */
[INFO] 2018-09-20 14:23:08 TestSelectionAccordingDiff - +    private boolean attachmentDatePresent;
[INFO] 2018-09-20 14:23:08 TestSelectionAccordingDiff - +
[INFO] 2018-09-20 14:23:08 TestSelectionAccordingDiff -      /**
[INFO] 2018-09-20 14:23:08 TestSelectionAccordingDiff -       * Parse XML file to extract document information.
[INFO] 2018-09-20 14:23:08 TestSelectionAccordingDiff -       *
[INFO] 2018-09-20 14:23:08 TestSelectionAccordingDiff - @@ -209,6 +214,7 @@ public void fromXML(Document domdoc) throws DocumentException
[INFO] 2018-09-20 14:23:08 TestSelectionAccordingDiff -          this.datePresent = isElementPresent(rootElement, "date");
[INFO] 2018-09-20 14:23:08 TestSelectionAccordingDiff -          this.contentUpdateDatePresent = isElementPresent(rootElement, "contentUpdateDate");
[INFO] 2018-09-20 14:23:08 TestSelectionAccordingDiff -          this.creationDatePresent = isElementPresent(rootElement, "creationDate");
[INFO] 2018-09-20 14:23:08 TestSelectionAccordingDiff - +        this.attachmentDatePresent = rootElement.selectSingleNode("//attachment/date") != null;
[INFO] 2018-09-20 14:23:08 TestSelectionAccordingDiff -  
[INFO] 2018-09-20 14:23:08 TestSelectionAccordingDiff -          // Does this document contain a XWiki.TranslationDocumentClass xobject?
[INFO] 2018-09-20 14:23:08 TestSelectionAccordingDiff -          if (rootElement.selectNodes("//object/className[text() = 'XWiki.TranslationDocumentClass']").size() > 0) {
[INFO] 2018-09-20 14:23:08 TestSelectionAccordingDiff - @@ -523,4 +529,12 @@ public boolean isCreationeDatePresent()
[INFO] 2018-09-20 14:23:08 TestSelectionAccordingDiff -      {
[INFO] 2018-09-20 14:23:08 TestSelectionAccordingDiff -          return creationDatePresent;
[INFO] 2018-09-20 14:23:08 TestSelectionAccordingDiff -      }
[INFO] 2018-09-20 14:23:08 TestSelectionAccordingDiff - +
[INFO] 2018-09-20 14:23:08 TestSelectionAccordingDiff - +    /**
[INFO] 2018-09-20 14:23:08 TestSelectionAccordingDiff - +     * @return {@code true} if the date field is present for an attachment; false otherwise
[INFO] 2018-09-20 14:23:08 TestSelectionAccordingDiff - +     */
[INFO] 2018-09-20 14:23:08 TestSelectionAccordingDiff - +    public boolean isAttachmentDatePresent()
[INFO] 2018-09-20 14:23:08 TestSelectionAccordingDiff - +    {
[INFO] 2018-09-20 14:23:08 TestSelectionAccordingDiff - +        return attachmentDatePresent;
[INFO] 2018-09-20 14:23:08 TestSelectionAccordingDiff - +    }
[INFO] 2018-09-20 14:23:08 TestSelectionAccordingDiff -  }
[INFO] 2018-09-20 14:23:08 TestSelectionAccordingDiff - Prepare for xwiki-commons
[INFO] 2018-09-20 14:23:08 TestSelectionAccordingDiff - Executing cmd python src/main/python/september-2018/preparation.py xwiki-commons
prepare xwiki-commons
[INFO] 2018-09-20 14:23:09 TestSelectionAccordingDiff - run maven clean install -DskipTests -Dcheckstyle.skip=true -Denforcer.skip=true --quiet
[WARN] Maven will be executed in interactive mode, but no input stream has been configured for this MavenInvoker instance.
[INFO] 2018-09-20 14:24:41 TestSelectionAccordingDiff - run maven clean eu.stamp-project:diff-test-selection:0.5-SNAPSHOT:list -DpathToDiff=/home/bdanglot/workspace/icst-2019/september-2018/dataset/xwiki-commons/patch.diff -DpathToOtherVersion=/home/bdanglot/workspace/icst-2019/september-2018/dataset/xwiki-commons_parent/xwiki-commons-tools/xwiki-commons-tool-xar/xwiki-commons-tool-xar-plugin -Dmodule=xwiki-commons-tools/xwiki-commons-tool-xar/xwiki-commons-tool-xar-plugin/ -DoutputPath=/home/bdanglot/workspace/icst-2019/september-2018/dataset/xwiki-commons/testsThatExecuteTheChanges.csv
[WARN] Maven will be executed in interactive mode, but no input stream has been configured for this MavenInvoker instance.
[[1;34mINFO[m] Scanning for projects...
[[1;34mINFO[m] 
[[1;34mINFO[m] [1m----------< [0;36morg.xwiki.commons:xwiki-commons-tool-xar-plugin[0;1m >-----------[m
[[1;34mINFO[m] [1mBuilding XWiki Commons - Tools - XAR Tools - XAR Plugin 10.8-SNAPSHOT[m
[[1;34mINFO[m] [1m----------------------------[ maven-plugin ]----------------------------[m
[[1;34mINFO[m] 
[[1;34mINFO[m] [1m--- [0;32mmaven-clean-plugin:3.1.0:clean[m [1m(default-clean)[m @ [36mxwiki-commons-tool-xar-plugin[0;1m ---[m
[[1;34mINFO[m] Deleting /home/bdanglot/workspace/icst-2019/september-2018/dataset/xwiki-commons/xwiki-commons-tools/xwiki-commons-tool-xar/xwiki-commons-tool-xar-plugin/target
[[1;34mINFO[m] 
[[1;34mINFO[m] [1m--- [0;32mdiff-test-selection:0.5-SNAPSHOT:list[m [1m(default-cli)[m @ [36mxwiki-commons-tool-xar-plugin[0;1m ---[m
[[1;34mINFO[m] Computing coverage for /home/bdanglot/workspace/icst-2019/september-2018/dataset/xwiki-commons/xwiki-commons-tools/xwiki-commons-tool-xar/xwiki-commons-tool-xar-plugin
[WARN] Maven will be executed in interactive mode, but no input stream has been configured for this MavenInvoker instance.
[[1;34mINFO[m] Scanning for projects...
[[1;34mINFO[m] 
[[1;34mINFO[m] [1m----------< [0;36morg.xwiki.commons:xwiki-commons-tool-xar-plugin[0;1m >-----------[m
[[1;34mINFO[m] [1mBuilding XWiki Commons - Tools - XAR Tools - XAR Plugin 10.8-SNAPSHOT[m
[[1;34mINFO[m] [1m----------------------------[ maven-plugin ]----------------------------[m
[[1;34mINFO[m] 
[[1;34mINFO[m] [1m--- [0;32mmaven-clean-plugin:3.1.0:clean[m [1m(default-clean)[m @ [36mxwiki-commons-tool-xar-plugin[0;1m ---[m
[[1;34mINFO[m] 
[[1;34mINFO[m] [1m--- [0;32mclover-maven-plugin:4.2.0:setup[m [1m(default-cli)[m @ [36mxwiki-commons-tool-xar-plugin[0;1m ---[m
[[1;34mINFO[m] No 'maven.clover.licenseLocation' configured. Using default license.
[[1;34mINFO[m] OpenClover Version 4.2.0, built on April 30 2017 (build-1000)
[[1;34mINFO[m] Loaded from: /home/bdanglot/.m2/repository/org/openclover/clover/4.2.0/clover-4.2.0.jar
[[1;34mINFO[m] Clover free edition.
[[1;34mINFO[m] Creating new database at '/home/bdanglot/workspace/icst-2019/september-2018/dataset/xwiki-commons/xwiki-commons-tools/xwiki-commons-tool-xar/xwiki-commons-tool-xar-plugin/target/clover/clover.db'.
[[1;34mINFO[m] Processing files at 1.8 source level.
[[1;34mINFO[m] Clover all over. Instrumented 10 files (2 packages).
[[1;34mINFO[m] Elapsed time = 0.521 secs. (19.194 files/sec, 5,422.265 srclines/sec)
[[1;34mINFO[m] OpenClover Version 4.2.0, built on April 30 2017 (build-1000)
[[1;34mINFO[m] Loaded from: /home/bdanglot/.m2/repository/org/openclover/clover/4.2.0/clover-4.2.0.jar
[[1;34mINFO[m] Clover free edition.
[[1;34mINFO[m] Updating existing database at '/home/bdanglot/workspace/icst-2019/september-2018/dataset/xwiki-commons/xwiki-commons-tools/xwiki-commons-tool-xar/xwiki-commons-tool-xar-plugin/target/clover/clover.db'.
[[1;34mINFO[m] Processing files at 1.8 source level.
[[1;34mINFO[m] Clover all over. Instrumented 2 files (1 package).
[[1;34mINFO[m] 5 test methods detected.
[[1;34mINFO[m] Elapsed time = 0.022 secs. (90.909 files/sec, 8,090.909 srclines/sec)
[[1;34mINFO[m] 
[[1;34mINFO[m] [1m--- [0;32mmaven-enforcer-plugin:1.4.1:enforce[m [1m(enforce-plugins)[m @ [36mxwiki-commons-tool-xar-plugin[0;1m ---[m
[[1;34mINFO[m] Skipping Rule Enforcement.
[[1;34mINFO[m] 
[[1;34mINFO[m] [1m--- [0;32mmaven-enforcer-plugin:1.4.1:enforce[m [1m(enforce-jcl-log4j-isolation)[m @ [36mxwiki-commons-tool-xar-plugin[0;1m ---[m
[[1;34mINFO[m] Skipping Rule Enforcement.
[[1;34mINFO[m] 
[[1;34mINFO[m] [1m--- [0;32mmaven-enforcer-plugin:1.4.1:enforce[m [1m(enforce-glasshfish-jaxb)[m @ [36mxwiki-commons-tool-xar-plugin[0;1m ---[m
[[1;34mINFO[m] Skipping Rule Enforcement.
[[1;34mINFO[m] 
[[1;34mINFO[m] [1m--- [0;32mmaven-enforcer-plugin:1.4.1:enforce[m [1m(enforce-open-json)[m @ [36mxwiki-commons-tool-xar-plugin[0;1m ---[m
[[1;34mINFO[m] Skipping Rule Enforcement.
[[1;34mINFO[m] 
[[1;34mINFO[m] [1m--- [0;32mmaven-enforcer-plugin:1.4.1:enforce[m [1m(enforce-glassfish-el)[m @ [36mxwiki-commons-tool-xar-plugin[0;1m ---[m
[[1;34mINFO[m] Skipping Rule Enforcement.
[[1;34mINFO[m] 
[[1;34mINFO[m] [1m--- [0;32mmaven-enforcer-plugin:1.4.1:enforce[m [1m(enforce-commons-lang3)[m @ [36mxwiki-commons-tool-xar-plugin[0;1m ---[m
[[1;34mINFO[m] Skipping Rule Enforcement.
[[1;34mINFO[m] 
[[1;34mINFO[m] [1m--- [0;32mmaven-enforcer-plugin:1.4.1:enforce[m [1m(enforce-commons-configuration2)[m @ [36mxwiki-commons-tool-xar-plugin[0;1m ---[m
[[1;34mINFO[m] Skipping Rule Enforcement.
[[1;34mINFO[m] 
[[1;34mINFO[m] [1m--- [0;32mmaven-enforcer-plugin:1.4.1:enforce[m [1m(enforce-bouncycastle-ids)[m @ [36mxwiki-commons-tool-xar-plugin[0;1m ---[m
[[1;34mINFO[m] Skipping Rule Enforcement.
[[1;34mINFO[m] 
[[1;34mINFO[m] [1m--- [0;32mmaven-enforcer-plugin:1.4.1:enforce[m [1m(enforce-javase-dependencies)[m @ [36mxwiki-commons-tool-xar-plugin[0;1m ---[m
[[1;34mINFO[m] Skipping Rule Enforcement.
[[1;34mINFO[m] 
[[1;34mINFO[m] [1m--- [0;32mmaven-enforcer-plugin:1.4.1:enforce[m [1m(enforce-upper-bounds)[m @ [36mxwiki-commons-tool-xar-plugin[0;1m ---[m
[[1;34mINFO[m] Skipping Rule Enforcement.
[[1;34mINFO[m] 
[[1;34mINFO[m] [1m--- [0;32mmaven-resources-plugin:3.1.0:resources[m [1m(default-resources)[m @ [36mxwiki-commons-tool-xar-plugin[0;1m ---[m
[[1;34mINFO[m] Using 'UTF-8' encoding to copy filtered resources.
[[1;34mINFO[m] skip non existing resourceDirectory /home/bdanglot/workspace/icst-2019/september-2018/dataset/xwiki-commons/xwiki-commons-tools/xwiki-commons-tool-xar/xwiki-commons-tool-xar-plugin/src/main/resources
[[1;34mINFO[m] Copying 1 resource
[[1;34mINFO[m] 
[[1;34mINFO[m] [1m--- [0;32mmaven-compiler-plugin:3.8.0:compile[m [1m(default-compile)[m @ [36mxwiki-commons-tool-xar-plugin[0;1m ---[m
[[1;34mINFO[m] Changes detected - recompiling the module!
[[1;34mINFO[m] Compiling 10 source files to /home/bdanglot/workspace/icst-2019/september-2018/dataset/xwiki-commons/xwiki-commons-tools/xwiki-commons-tool-xar/xwiki-commons-tool-xar-plugin/target/classes
[[1;34mINFO[m] /home/bdanglot/workspace/icst-2019/september-2018/dataset/xwiki-commons/xwiki-commons-tools/xwiki-commons-tool-xar/xwiki-commons-tool-xar-plugin/target/clover/src-instrumented/org/xwiki/tool/xar/AbstractXARMojo.java: Some input files use or override a deprecated API.
[[1;34mINFO[m] /home/bdanglot/workspace/icst-2019/september-2018/dataset/xwiki-commons/xwiki-commons-tools/xwiki-commons-tool-xar/xwiki-commons-tool-xar-plugin/target/clover/src-instrumented/org/xwiki/tool/xar/AbstractXARMojo.java: Recompile with -Xlint:deprecation for details.
[[1;34mINFO[m] 
[[1;34mINFO[m] [1m--- [0;32mmaven-plugin-plugin:3.5:descriptor[m [1m(default-descriptor)[m @ [36mxwiki-commons-tool-xar-plugin[0;1m ---[m
[[1;33mWARNING[m] 

Goal prefix is specified as: 'xar'. Maven currently expects it to be 'xwiki-commons-tool-xar'.

[[1;34mINFO[m] Using 'UTF-8' encoding to read mojo source files.
[[1;34mINFO[m] java-javadoc mojo extractor found 0 mojo descriptor.
[[1;34mINFO[m] java-annotations mojo extractor found 4 mojo descriptors.
[[1;34mINFO[m] 
[[1;34mINFO[m] [1m--- [0;32mmaven-resources-plugin:3.1.0:testResources[m [1m(default-testResources)[m @ [36mxwiki-commons-tool-xar-plugin[0;1m ---[m
[[1;34mINFO[m] Using 'UTF-8' encoding to copy filtered resources.
[[1;34mINFO[m] Copying 1 resource
[[1;34mINFO[m] 
[[1;34mINFO[m] [1m--- [0;32mmaven-compiler-plugin:3.8.0:testCompile[m [1m(default-testCompile)[m @ [36mxwiki-commons-tool-xar-plugin[0;1m ---[m
[[1;34mINFO[m] Changes detected - recompiling the module!
[[1;34mINFO[m] Compiling 2 source files to /home/bdanglot/workspace/icst-2019/september-2018/dataset/xwiki-commons/xwiki-commons-tools/xwiki-commons-tool-xar/xwiki-commons-tool-xar-plugin/target/test-classes
[[1;34mINFO[m] /home/bdanglot/workspace/icst-2019/september-2018/dataset/xwiki-commons/xwiki-commons-tools/xwiki-commons-tool-xar/xwiki-commons-tool-xar-plugin/target/clover/src-test-instrumented/org/xwiki/tool/xar/FormatMojoTest.java: /home/bdanglot/workspace/icst-2019/september-2018/dataset/xwiki-commons/xwiki-commons-tools/xwiki-commons-tool-xar/xwiki-commons-tool-xar-plugin/target/clover/src-test-instrumented/org/xwiki/tool/xar/FormatMojoTest.java uses unchecked or unsafe operations.
[[1;34mINFO[m] /home/bdanglot/workspace/icst-2019/september-2018/dataset/xwiki-commons/xwiki-commons-tools/xwiki-commons-tool-xar/xwiki-commons-tool-xar-plugin/target/clover/src-test-instrumented/org/xwiki/tool/xar/FormatMojoTest.java: Recompile with -Xlint:unchecked for details.
[[1;34mINFO[m] 
[[1;34mINFO[m] [1m--- [0;32mmaven-surefire-plugin:2.22.0:test[m [1m(default-test)[m @ [36mxwiki-commons-tool-xar-plugin[0;1m ---[m
[[1;34mINFO[m] 
[[1;34mINFO[m] -------------------------------------------------------
[[1;34mINFO[m]  T E S T S
[[1;34mINFO[m] -------------------------------------------------------
[[1;34mINFO[m] Running org.xwiki.tool.xar.[1mXWikiDocumentTest[m
[[1;34mINFO[m] [1;32mTests run: [0;1;32m1[m, Failures: 0, Errors: 0, Skipped: 0, Time elapsed: 0.245 s - in org.xwiki.tool.xar.[1mXWikiDocumentTest[m
[[1;34mINFO[m] Running org.xwiki.tool.xar.[1mFormatMojoTest[m
[[1;34mINFO[m] [1;32mTests run: [0;1;32m4[m, Failures: 0, Errors: 0, Skipped: 0, Time elapsed: 0.035 s - in org.xwiki.tool.xar.[1mFormatMojoTest[m
[[1;34mINFO[m] 
[[1;34mINFO[m] Results:
[[1;34mINFO[m] 
[[1;34mINFO[m] [1;32mTests run: 5, Failures: 0, Errors: 0, Skipped: 0[m
[[1;34mINFO[m] 
[[1;34mINFO[m] [1m------------------------------------------------------------------------[m
[[1;34mINFO[m] [1;32mBUILD SUCCESS[m
[[1;34mINFO[m] [1m------------------------------------------------------------------------[m
[[1;34mINFO[m] Total time: 8.147 s
[[1;34mINFO[m] Finished at: 2018-09-20T14:24:53+02:00
[[1;34mINFO[m] [1m------------------------------------------------------------------------[m
Writing HTML report to '/home/bdanglot/workspace/icst-2019/september-2018/dataset/xwiki-commons/xwiki-commons-tools/xwiki-commons-tool-xar/xwiki-commons-tool-xar-plugin/target/clover/report'
Done. Processed 2 packages in 1452ms (726ms per package).
[[1;34mINFO[m] Saving result in /home/bdanglot/workspace/icst-2019/september-2018/dataset/xwiki-commons/testsThatExecuteTheChanges.csv ...
[[1;34mINFO[m] org.xwiki.tool.xar.XWikiDocumentTest;createReference
[[1;34mINFO[m] [1m------------------------------------------------------------------------[m
[[1;34mINFO[m] [1;32mBUILD SUCCESS[m
[[1;34mINFO[m] [1m------------------------------------------------------------------------[m
[[1;34mINFO[m] Total time: 14.614 s
[[1;34mINFO[m] Finished at: 2018-09-20T14:24:57+02:00
[[1;34mINFO[m] [1m------------------------------------------------------------------------[m
[INFO] 2018-09-20 14:24:57 ProjectJSONBuilder - could find test to be amplified for 2da5bd9
